---------------------------------------------------------------
[ 2017-08-20T23:58:57+08:00 ] 127.0.0.1 127.0.0.1 POST /admin/login/login.html
[ info ] www.blog.com/admin/login/login.html [运行时间：0.067249s][吞吐率：14.87req/s] [内存消耗：2,486.60kb] [文件加载：53]
[ info ] [ LANG ] C:\Users\starwork\Desktop\20170818\blog\thinkphp\lang\zh-cn.php
[ info ] [ ROUTE ] array (
  'type' => 'module',
  'module' => 
  array (
    0 => 'admin',
    1 => 'login',
    2 => 'login',
  ),
)
[ info ] [ HEADER ] array (
  'host' => 'www.blog.com',
  'connection' => 'keep-alive',
  'content-length' => '27',
  'accept' => 'application/json, text/javascript, */*; q=0.01',
  'origin' => 'http://www.blog.com',
  'x-requested-with' => 'XMLHttpRequest',
  'user-agent' => 'Mozilla/5.0 (Windows NT 10.0; WOW64) AppleWebKit/537.36 (KHTML, like Gecko) Chrome/45.0.2454.101 Safari/537.36',
  'content-type' => 'application/x-www-form-urlencoded; charset=UTF-8',
  'referer' => 'http://www.blog.com/admin/login/login.html',
  'accept-encoding' => 'gzip, deflate',
  'accept-language' => 'zh-CN,zh;q=0.8',
  'cookie' => 'UM_distinctid=15e0056054b83-030b3a342-3b664008-100200-15e00560550104; CNZZDATA1262804087=228083693-1503244190-%7C1503244190; PHPSESSID=0288quaruefqq39u0krco3ssp7',
)
[ info ] [ PARAM ] array (
  'user' => 'admin',
  'pass' => 'laozhang520',
)
[ info ] [ RUN ] app\admin\controller\Login->login[ C:\Users\starwork\Desktop\20170818\blog\application\admin\controller\Login.php ]
[ info ] [ DB ] INIT mysql
[ info ] [ SESSION ] INIT array (
  'id' => '',
  'var_session_id' => '',
  'prefix' => 'think',
  'type' => '',
  'auto_start' => true,
)
[ info ] [ LOG ] INIT File
[ sql ] [ DB ] CONNECT:[ UseTime:0.001746s ] mysql:dbname=blog;host=127.0.0.1;port=3306;charset=utf8
[ sql ] [ SQL ] SHOW COLUMNS FROM `laozhang_admin` [ RunTime:0.019275s ]
[ sql ] [ SQL ] SELECT * FROM `laozhang_admin` WHERE  `user` = 'admin'  AND `pass` = '5dbbc1b6ceee3e7847d2e101d6c8bd85914b8353' LIMIT 1 [ RunTime:0.000612s ]
---------------------------------------------------------------
[ 2017-08-20T23:58:59+08:00 ] 127.0.0.1 127.0.0.1 GET /admin/index/index.html
[ info ] www.blog.com/admin/index/index.html [运行时间：0.092670s][吞吐率：10.79req/s] [内存消耗：3,034.36kb] [文件加载：59]
[ info ] [ LANG ] C:\Users\starwork\Desktop\20170818\blog\thinkphp\lang\zh-cn.php
[ info ] [ ROUTE ] array (
  'type' => 'module',
  'module' => 
  array (
    0 => 'admin',
    1 => 'index',
    2 => 'index',
  ),
)
[ info ] [ HEADER ] array (
  'host' => 'www.blog.com',
  'connection' => 'keep-alive',
  'accept' => 'text/html,application/xhtml+xml,application/xml;q=0.9,image/webp,*/*;q=0.8',
  'upgrade-insecure-requests' => '1',
  'user-agent' => 'Mozilla/5.0 (Windows NT 10.0; WOW64) AppleWebKit/537.36 (KHTML, like Gecko) Chrome/45.0.2454.101 Safari/537.36',
  'referer' => 'http://www.blog.com/admin/login/login.html',
  'accept-encoding' => 'gzip, deflate, sdch',
  'accept-language' => 'zh-CN,zh;q=0.8',
  'cookie' => 'UM_distinctid=15e0056054b83-030b3a342-3b664008-100200-15e00560550104; CNZZDATA1262804087=228083693-1503244190-%7C1503244190; PHPSESSID=0288quaruefqq39u0krco3ssp7',
)
[ info ] [ PARAM ] array (
)
[ info ] [ SESSION ] INIT array (
  'id' => '',
  'var_session_id' => '',
  'prefix' => 'think',
  'type' => '',
  'auto_start' => true,
)
[ info ] [ DB ] INIT mysql
[ info ] [ RUN ] app\admin\controller\Index->index[ C:\Users\starwork\Desktop\20170818\blog\application\admin\controller\Index.php ]
[ info ] [ VIEW ] C:\Users\starwork\Desktop\20170818\blog\public/../application/admin\view\index.html [ array (
  0 => 'admin_nickname',
  1 => 'menu',
) ]
[ info ] [ LOG ] INIT File
[ sql ] [ DB ] CONNECT:[ UseTime:0.001316s ] mysql:dbname=blog;host=127.0.0.1;port=3306;charset=utf8
[ sql ] [ SQL ] SHOW COLUMNS FROM `laozhang_admin_nav` [ RunTime:0.017885s ]
[ sql ] [ SQL ] SELECT * FROM `laozhang_admin_nav` ORDER BY `sort` [ RunTime:0.000619s ]
---------------------------------------------------------------
[ 2017-08-20T23:58:59+08:00 ] 127.0.0.1 127.0.0.1 GET /admin/index/home.html
[ info ] www.blog.com/admin/index/home.html [运行时间：0.156099s][吞吐率：6.41req/s] [内存消耗：3,027.05kb] [文件加载：60]
[ info ] [ LANG ] C:\Users\starwork\Desktop\20170818\blog\thinkphp\lang\zh-cn.php
[ info ] [ ROUTE ] array (
  'type' => 'module',
  'module' => 
  array (
    0 => 'admin',
    1 => 'index',
    2 => 'home',
  ),
)
[ info ] [ HEADER ] array (
  'host' => 'www.blog.com',
  'connection' => 'keep-alive',
  'accept' => 'text/html,application/xhtml+xml,application/xml;q=0.9,image/webp,*/*;q=0.8',
  'upgrade-insecure-requests' => '1',
  'user-agent' => 'Mozilla/5.0 (Windows NT 10.0; WOW64) AppleWebKit/537.36 (KHTML, like Gecko) Chrome/45.0.2454.101 Safari/537.36',
  'referer' => 'http://www.blog.com/admin/index/index.html',
  'accept-encoding' => 'gzip, deflate, sdch',
  'accept-language' => 'zh-CN,zh;q=0.8',
  'cookie' => 'UM_distinctid=15e0056054b83-030b3a342-3b664008-100200-15e00560550104; CNZZDATA1262804087=228083693-1503244190-%7C1503244190; PHPSESSID=0288quaruefqq39u0krco3ssp7',
)
[ info ] [ PARAM ] array (
)
[ info ] [ SESSION ] INIT array (
  'id' => '',
  'var_session_id' => '',
  'prefix' => 'think',
  'type' => '',
  'auto_start' => true,
)
[ info ] [ DB ] INIT mysql
[ info ] [ RUN ] app\admin\controller\Index->home[ C:\Users\starwork\Desktop\20170818\blog\application\admin\controller\Index.php ]
[ info ] [ VIEW ] C:\Users\starwork\Desktop\20170818\blog\public/../application/admin\view\index\home.html [ array (
  0 => 'admin_nickname',
  1 => 'menu',
  2 => 'NewMessage',
) ]
[ info ] [ LOG ] INIT File
[ sql ] [ DB ] CONNECT:[ UseTime:0.001644s ] mysql:dbname=blog;host=127.0.0.1;port=3306;charset=utf8
[ sql ] [ SQL ] SHOW COLUMNS FROM `laozhang_admin_nav` [ RunTime:0.015154s ]
[ sql ] [ SQL ] SELECT * FROM `laozhang_admin_nav` ORDER BY `sort` [ RunTime:0.000629s ]
[ sql ] [ SQL ] SHOW COLUMNS FROM `laozhang_words` [ RunTime:0.036235s ]
[ sql ] [ SQL ] SELECT `content`,`ip`,`update_time`,`id`,`nick_name` FROM `laozhang_words` ORDER BY id desc [ RunTime:0.000386s ]
---------------------------------------------------------------
[ 2017-08-20T23:59:03+08:00 ] 127.0.0.1 127.0.0.1 GET /admin/nav/list_nav?v=4.0
[ info ] www.blog.com/admin/nav/list_nav?v=4.0 [运行时间：0.146312s][吞吐率：6.83req/s] [内存消耗：3,153.40kb] [文件加载：60]
[ info ] [ LANG ] C:\Users\starwork\Desktop\20170818\blog\thinkphp\lang\zh-cn.php
[ info ] [ ROUTE ] array (
  'type' => 'module',
  'module' => 
  array (
    0 => 'admin',
    1 => 'nav',
    2 => 'list_nav',
  ),
)
[ info ] [ HEADER ] array (
  'host' => 'www.blog.com',
  'connection' => 'keep-alive',
  'accept' => 'text/html,application/xhtml+xml,application/xml;q=0.9,image/webp,*/*;q=0.8',
  'upgrade-insecure-requests' => '1',
  'user-agent' => 'Mozilla/5.0 (Windows NT 10.0; WOW64) AppleWebKit/537.36 (KHTML, like Gecko) Chrome/45.0.2454.101 Safari/537.36',
  'referer' => 'http://www.blog.com/admin/index/index.html',
  'accept-encoding' => 'gzip, deflate, sdch',
  'accept-language' => 'zh-CN,zh;q=0.8',
  'cookie' => 'UM_distinctid=15e0056054b83-030b3a342-3b664008-100200-15e00560550104; CNZZDATA1262804087=228083693-1503244190-%7C1503244190; PHPSESSID=0288quaruefqq39u0krco3ssp7',
)
[ info ] [ PARAM ] array (
  'v' => '4.0',
)
[ info ] [ SESSION ] INIT array (
  'id' => '',
  'var_session_id' => '',
  'prefix' => 'think',
  'type' => '',
  'auto_start' => true,
)
[ info ] [ DB ] INIT mysql
[ info ] [ RUN ] app\admin\controller\Nav->list_nav[ C:\Users\starwork\Desktop\20170818\blog\application\admin\controller\Nav.php ]
[ info ] [ VIEW ] C:\Users\starwork\Desktop\20170818\blog\public/../application/admin\view\nav\list_nav.html [ array (
  0 => 'admin_nickname',
  1 => 'menu',
  2 => 'list',
) ]
[ info ] [ LOG ] INIT File
[ sql ] [ DB ] CONNECT:[ UseTime:0.001719s ] mysql:dbname=blog;host=127.0.0.1;port=3306;charset=utf8
[ sql ] [ SQL ] SHOW COLUMNS FROM `laozhang_admin_nav` [ RunTime:0.018439s ]
[ sql ] [ SQL ] SELECT * FROM `laozhang_admin_nav` ORDER BY `sort` [ RunTime:0.000622s ]
[ sql ] [ SQL ] SHOW COLUMNS FROM `laozhang_nav_cate` [ RunTime:0.017471s ]
[ sql ] [ SQL ] SELECT `id`,`cate_name`,`status`,`order`,`p_id`,`create_time`,`update_time`,`content`,`is_page`,`link` FROM `laozhang_nav_cate` [ RunTime:0.000541s ]
---------------------------------------------------------------
[ 2017-08-20T23:59:04+08:00 ] 127.0.0.1 127.0.0.1 GET /admin/menu/list_menu?v=4.0
[ info ] www.blog.com/admin/menu/list_menu?v=4.0 [运行时间：0.155744s][吞吐率：6.42req/s] [内存消耗：3,142.87kb] [文件加载：59]
[ info ] [ LANG ] C:\Users\starwork\Desktop\20170818\blog\thinkphp\lang\zh-cn.php
[ info ] [ ROUTE ] array (
  'type' => 'module',
  'module' => 
  array (
    0 => 'admin',
    1 => 'menu',
    2 => 'list_menu',
  ),
)
[ info ] [ HEADER ] array (
  'host' => 'www.blog.com',
  'connection' => 'keep-alive',
  'accept' => 'text/html,application/xhtml+xml,application/xml;q=0.9,image/webp,*/*;q=0.8',
  'upgrade-insecure-requests' => '1',
  'user-agent' => 'Mozilla/5.0 (Windows NT 10.0; WOW64) AppleWebKit/537.36 (KHTML, like Gecko) Chrome/45.0.2454.101 Safari/537.36',
  'referer' => 'http://www.blog.com/admin/index/index.html',
  'accept-encoding' => 'gzip, deflate, sdch',
  'accept-language' => 'zh-CN,zh;q=0.8',
  'cookie' => 'UM_distinctid=15e0056054b83-030b3a342-3b664008-100200-15e00560550104; CNZZDATA1262804087=228083693-1503244190-%7C1503244190; PHPSESSID=0288quaruefqq39u0krco3ssp7',
)
[ info ] [ PARAM ] array (
  'v' => '4.0',
)
[ info ] [ SESSION ] INIT array (
  'id' => '',
  'var_session_id' => '',
  'prefix' => 'think',
  'type' => '',
  'auto_start' => true,
)
[ info ] [ DB ] INIT mysql
[ info ] [ RUN ] app\admin\controller\Menu->list_menu[ C:\Users\starwork\Desktop\20170818\blog\application\admin\controller\Menu.php ]
[ info ] [ VIEW ] C:\Users\starwork\Desktop\20170818\blog\public/../application/admin\view\menu\list_menu.html [ array (
  0 => 'admin_nickname',
  1 => 'menu',
  2 => 'listRule',
  3 => 'list',
) ]
[ info ] [ LOG ] INIT File
[ sql ] [ DB ] CONNECT:[ UseTime:0.001772s ] mysql:dbname=blog;host=127.0.0.1;port=3306;charset=utf8
[ sql ] [ SQL ] SHOW COLUMNS FROM `laozhang_admin_nav` [ RunTime:0.018212s ]
[ sql ] [ SQL ] SELECT * FROM `laozhang_admin_nav` ORDER BY `sort` [ RunTime:0.000612s ]
[ sql ] [ SQL ] SELECT * FROM `laozhang_admin_nav` ORDER BY `sort` [ RunTime:0.000530s ]
---------------------------------------------------------------
[ 2017-08-20T23:59:10+08:00 ] 127.0.0.1 127.0.0.1 GET /admin/index/index.html
[ info ] www.blog.com/admin/index/index.html [运行时间：0.096259s][吞吐率：10.39req/s] [内存消耗：2,875.10kb] [文件加载：57]
[ info ] [ LANG ] C:\Users\starwork\Desktop\20170818\blog\thinkphp\lang\zh-cn.php
[ info ] [ ROUTE ] array (
  'type' => 'module',
  'module' => 
  array (
    0 => 'admin',
    1 => 'index',
    2 => 'index',
  ),
)
[ info ] [ HEADER ] array (
  'host' => 'www.blog.com',
  'connection' => 'keep-alive',
  'cache-control' => 'max-age=0',
  'accept' => 'text/html,application/xhtml+xml,application/xml;q=0.9,image/webp,*/*;q=0.8',
  'upgrade-insecure-requests' => '1',
  'user-agent' => 'Mozilla/5.0 (Windows NT 10.0; WOW64) AppleWebKit/537.36 (KHTML, like Gecko) Chrome/45.0.2454.101 Safari/537.36',
  'referer' => 'http://www.blog.com/admin/login/login.html',
  'accept-encoding' => 'gzip, deflate, sdch',
  'accept-language' => 'zh-CN,zh;q=0.8',
  'cookie' => 'UM_distinctid=15e0056054b83-030b3a342-3b664008-100200-15e00560550104; CNZZDATA1262804087=228083693-1503244190-%7C1503244190; PHPSESSID=0288quaruefqq39u0krco3ssp7',
)
[ info ] [ PARAM ] array (
)
[ info ] [ SESSION ] INIT array (
  'id' => '',
  'var_session_id' => '',
  'prefix' => 'think',
  'type' => '',
  'auto_start' => true,
)
[ info ] [ DB ] INIT mysql
[ info ] [ RUN ] app\admin\controller\Index->index[ C:\Users\starwork\Desktop\20170818\blog\application\admin\controller\Index.php ]
[ info ] [ VIEW ] C:\Users\starwork\Desktop\20170818\blog\public/../application/admin\view\index.html [ array (
  0 => 'admin_nickname',
  1 => 'menu',
) ]
[ info ] [ LOG ] INIT File
[ sql ] [ DB ] CONNECT:[ UseTime:0.001405s ] mysql:dbname=blog;host=127.0.0.1;port=3306;charset=utf8
[ sql ] [ SQL ] SHOW COLUMNS FROM `laozhang_admin_nav` [ RunTime:0.037521s ]
[ sql ] [ SQL ] SELECT * FROM `laozhang_admin_nav` ORDER BY `sort` [ RunTime:0.000592s ]
---------------------------------------------------------------
[ 2017-08-20T23:59:10+08:00 ] 127.0.0.1 127.0.0.1 GET /admin/index/home.html
[ info ] www.blog.com/admin/index/home.html [运行时间：0.103979s][吞吐率：9.62req/s] [内存消耗：2,863.07kb] [文件加载：58]
[ info ] [ LANG ] C:\Users\starwork\Desktop\20170818\blog\thinkphp\lang\zh-cn.php
[ info ] [ ROUTE ] array (
  'type' => 'module',
  'module' => 
  array (
    0 => 'admin',
    1 => 'index',
    2 => 'home',
  ),
)
[ info ] [ HEADER ] array (
  'host' => 'www.blog.com',
  'connection' => 'keep-alive',
  'cache-control' => 'max-age=0',
  'accept' => 'text/html,application/xhtml+xml,application/xml;q=0.9,image/webp,*/*;q=0.8',
  'upgrade-insecure-requests' => '1',
  'user-agent' => 'Mozilla/5.0 (Windows NT 10.0; WOW64) AppleWebKit/537.36 (KHTML, like Gecko) Chrome/45.0.2454.101 Safari/537.36',
  'referer' => 'http://www.blog.com/admin/index/index.html',
  'accept-encoding' => 'gzip, deflate, sdch',
  'accept-language' => 'zh-CN,zh;q=0.8',
  'cookie' => 'UM_distinctid=15e0056054b83-030b3a342-3b664008-100200-15e00560550104; CNZZDATA1262804087=228083693-1503244190-%7C1503244190; PHPSESSID=0288quaruefqq39u0krco3ssp7',
)
[ info ] [ PARAM ] array (
)
[ info ] [ SESSION ] INIT array (
  'id' => '',
  'var_session_id' => '',
  'prefix' => 'think',
  'type' => '',
  'auto_start' => true,
)
[ info ] [ DB ] INIT mysql
[ info ] [ RUN ] app\admin\controller\Index->home[ C:\Users\starwork\Desktop\20170818\blog\application\admin\controller\Index.php ]
[ info ] [ VIEW ] C:\Users\starwork\Desktop\20170818\blog\public/../application/admin\view\index\home.html [ array (
  0 => 'admin_nickname',
  1 => 'menu',
  2 => 'NewMessage',
) ]
[ info ] [ LOG ] INIT File
[ sql ] [ DB ] CONNECT:[ UseTime:0.001600s ] mysql:dbname=blog;host=127.0.0.1;port=3306;charset=utf8
[ sql ] [ SQL ] SHOW COLUMNS FROM `laozhang_admin_nav` [ RunTime:0.015096s ]
[ sql ] [ SQL ] SELECT * FROM `laozhang_admin_nav` ORDER BY `sort` [ RunTime:0.000674s ]
[ sql ] [ SQL ] SHOW COLUMNS FROM `laozhang_words` [ RunTime:0.015422s ]
[ sql ] [ SQL ] SELECT `content`,`ip`,`update_time`,`id`,`nick_name` FROM `laozhang_words` ORDER BY id desc [ RunTime:0.000298s ]
---------------------------------------------------------------
[ 2017-08-20T23:59:11+08:00 ] 127.0.0.1 127.0.0.1 GET /favicon.ico
[ info ] www.blog.com/favicon.ico [运行时间：0.036966s][吞吐率：27.05req/s] [内存消耗：1,430.78kb] [文件加载：40]
[ info ] [ LANG ] C:\Users\starwork\Desktop\20170818\blog\thinkphp\lang\zh-cn.php
[ info ] [ ROUTE ] array (
  'type' => 'module',
  'module' => 
  array (
    0 => 'favicon.ico',
    1 => NULL,
    2 => NULL,
  ),
)
[ info ] [ HEADER ] array (
  'host' => 'www.blog.com',
  'connection' => 'keep-alive',
  'pragma' => 'no-cache',
  'cache-control' => 'no-cache',
  'user-agent' => 'Mozilla/5.0 (Windows NT 10.0; WOW64) AppleWebKit/537.36 (KHTML, like Gecko) Chrome/45.0.2454.101 Safari/537.36',
  'accept' => '*/*',
  'referer' => 'http://www.blog.com/admin/index/index.html',
  'accept-encoding' => 'gzip, deflate, sdch',
  'accept-language' => 'zh-CN,zh;q=0.8',
  'cookie' => 'UM_distinctid=15e0056054b83-030b3a342-3b664008-100200-15e00560550104; CNZZDATA1262804087=228083693-1503244190-%7C1503244190; PHPSESSID=0288quaruefqq39u0krco3ssp7',
)
[ info ] [ PARAM ] array (
)
[ info ] [ LOG ] INIT File
---------------------------------------------------------------
[ 2017-08-20T23:59:15+08:00 ] 127.0.0.1 127.0.0.1 GET /admin/index/index.html
[ info ] www.blog.com/admin/index/index.html [运行时间：0.066791s][吞吐率：14.97req/s] [内存消耗：2,875.14kb] [文件加载：57]
[ info ] [ LANG ] C:\Users\starwork\Desktop\20170818\blog\thinkphp\lang\zh-cn.php
[ info ] [ ROUTE ] array (
  'type' => 'module',
  'module' => 
  array (
    0 => 'admin',
    1 => 'index',
    2 => 'index',
  ),
)
[ info ] [ HEADER ] array (
  'host' => 'www.blog.com',
  'connection' => 'keep-alive',
  'cache-control' => 'max-age=0',
  'accept' => 'text/html,application/xhtml+xml,application/xml;q=0.9,image/webp,*/*;q=0.8',
  'upgrade-insecure-requests' => '1',
  'user-agent' => 'Mozilla/5.0 (Windows NT 10.0; WOW64) AppleWebKit/537.36 (KHTML, like Gecko) Chrome/45.0.2454.101 Safari/537.36',
  'referer' => 'http://www.blog.com/admin/login/login.html',
  'accept-encoding' => 'gzip, deflate, sdch',
  'accept-language' => 'zh-CN,zh;q=0.8',
  'cookie' => 'UM_distinctid=15e0056054b83-030b3a342-3b664008-100200-15e00560550104; CNZZDATA1262804087=228083693-1503244190-%7C1503244190; PHPSESSID=0288quaruefqq39u0krco3ssp7',
)
[ info ] [ PARAM ] array (
)
[ info ] [ SESSION ] INIT array (
  'id' => '',
  'var_session_id' => '',
  'prefix' => 'think',
  'type' => '',
  'auto_start' => true,
)
[ info ] [ DB ] INIT mysql
[ info ] [ RUN ] app\admin\controller\Index->index[ C:\Users\starwork\Desktop\20170818\blog\application\admin\controller\Index.php ]
[ info ] [ VIEW ] C:\Users\starwork\Desktop\20170818\blog\public/../application/admin\view\index.html [ array (
  0 => 'admin_nickname',
  1 => 'menu',
) ]
[ info ] [ LOG ] INIT File
[ sql ] [ DB ] CONNECT:[ UseTime:0.001297s ] mysql:dbname=blog;host=127.0.0.1;port=3306;charset=utf8
[ sql ] [ SQL ] SHOW COLUMNS FROM `laozhang_admin_nav` [ RunTime:0.016396s ]
[ sql ] [ SQL ] SELECT * FROM `laozhang_admin_nav` ORDER BY `sort` [ RunTime:0.000618s ]
---------------------------------------------------------------
[ 2017-08-20T23:59:15+08:00 ] 127.0.0.1 127.0.0.1 GET /admin/index/home.html
[ info ] www.blog.com/admin/index/home.html [运行时间：0.107279s][吞吐率：9.32req/s] [内存消耗：2,863.07kb] [文件加载：58]
[ info ] [ LANG ] C:\Users\starwork\Desktop\20170818\blog\thinkphp\lang\zh-cn.php
[ info ] [ ROUTE ] array (
  'type' => 'module',
  'module' => 
  array (
    0 => 'admin',
    1 => 'index',
    2 => 'home',
  ),
)
[ info ] [ HEADER ] array (
  'host' => 'www.blog.com',
  'connection' => 'keep-alive',
  'cache-control' => 'max-age=0',
  'accept' => 'text/html,application/xhtml+xml,application/xml;q=0.9,image/webp,*/*;q=0.8',
  'upgrade-insecure-requests' => '1',
  'user-agent' => 'Mozilla/5.0 (Windows NT 10.0; WOW64) AppleWebKit/537.36 (KHTML, like Gecko) Chrome/45.0.2454.101 Safari/537.36',
  'referer' => 'http://www.blog.com/admin/index/index.html',
  'accept-encoding' => 'gzip, deflate, sdch',
  'accept-language' => 'zh-CN,zh;q=0.8',
  'cookie' => 'UM_distinctid=15e0056054b83-030b3a342-3b664008-100200-15e00560550104; CNZZDATA1262804087=228083693-1503244190-%7C1503244190; PHPSESSID=0288quaruefqq39u0krco3ssp7',
)
[ info ] [ PARAM ] array (
)
[ info ] [ SESSION ] INIT array (
  'id' => '',
  'var_session_id' => '',
  'prefix' => 'think',
  'type' => '',
  'auto_start' => true,
)
[ info ] [ DB ] INIT mysql
[ info ] [ RUN ] app\admin\controller\Index->home[ C:\Users\starwork\Desktop\20170818\blog\application\admin\controller\Index.php ]
[ info ] [ VIEW ] C:\Users\starwork\Desktop\20170818\blog\public/../application/admin\view\index\home.html [ array (
  0 => 'admin_nickname',
  1 => 'menu',
  2 => 'NewMessage',
) ]
[ info ] [ LOG ] INIT File
[ sql ] [ DB ] CONNECT:[ UseTime:0.001611s ] mysql:dbname=blog;host=127.0.0.1;port=3306;charset=utf8
[ sql ] [ SQL ] SHOW COLUMNS FROM `laozhang_admin_nav` [ RunTime:0.015835s ]
[ sql ] [ SQL ] SELECT * FROM `laozhang_admin_nav` ORDER BY `sort` [ RunTime:0.000575s ]
[ sql ] [ SQL ] SHOW COLUMNS FROM `laozhang_words` [ RunTime:0.015279s ]
[ sql ] [ SQL ] SELECT `content`,`ip`,`update_time`,`id`,`nick_name` FROM `laozhang_words` ORDER BY id desc [ RunTime:0.000363s ]
---------------------------------------------------------------
[ 2017-08-20T23:59:27+08:00 ] 127.0.0.1 127.0.0.1 GET /admin/auth/list_menu?v=4.0
[ info ] www.blog.com/admin/auth/list_menu?v=4.0 [运行时间：0.167445s][吞吐率：5.97req/s] [内存消耗：3,417.40kb] [文件加载：60]
[ info ] [ LANG ] C:\Users\starwork\Desktop\20170818\blog\thinkphp\lang\zh-cn.php
[ info ] [ ROUTE ] array (
  'type' => 'module',
  'module' => 
  array (
    0 => 'admin',
    1 => 'auth',
    2 => 'list_menu',
  ),
)
[ info ] [ HEADER ] array (
  'host' => 'www.blog.com',
  'connection' => 'keep-alive',
  'accept' => 'text/html,application/xhtml+xml,application/xml;q=0.9,image/webp,*/*;q=0.8',
  'upgrade-insecure-requests' => '1',
  'user-agent' => 'Mozilla/5.0 (Windows NT 10.0; WOW64) AppleWebKit/537.36 (KHTML, like Gecko) Chrome/45.0.2454.101 Safari/537.36',
  'referer' => 'http://www.blog.com/admin/index/index.html',
  'accept-encoding' => 'gzip, deflate, sdch',
  'accept-language' => 'zh-CN,zh;q=0.8',
  'cookie' => 'UM_distinctid=15e0056054b83-030b3a342-3b664008-100200-15e00560550104; CNZZDATA1262804087=228083693-1503244190-%7C1503244190; PHPSESSID=0288quaruefqq39u0krco3ssp7',
)
[ info ] [ PARAM ] array (
  'v' => '4.0',
)
[ info ] [ SESSION ] INIT array (
  'id' => '',
  'var_session_id' => '',
  'prefix' => 'think',
  'type' => '',
  'auto_start' => true,
)
[ info ] [ DB ] INIT mysql
[ info ] [ RUN ] app\admin\controller\Auth->list_menu[ C:\Users\starwork\Desktop\20170818\blog\application\admin\controller\Auth.php ]
[ info ] [ VIEW ] C:\Users\starwork\Desktop\20170818\blog\public/../application/admin\view\auth\list_menu.html [ array (
  0 => 'admin_nickname',
  1 => 'menu',
  2 => 'listRule',
  3 => 'list',
) ]
[ info ] [ LOG ] INIT File
[ sql ] [ DB ] CONNECT:[ UseTime:0.001628s ] mysql:dbname=blog;host=127.0.0.1;port=3306;charset=utf8
[ sql ] [ SQL ] SHOW COLUMNS FROM `laozhang_admin_nav` [ RunTime:0.017267s ]
[ sql ] [ SQL ] SELECT * FROM `laozhang_admin_nav` ORDER BY `sort` [ RunTime:0.000628s ]
[ sql ] [ SQL ] SHOW COLUMNS FROM `laozhang_auth_rule` [ RunTime:0.016893s ]
[ sql ] [ SQL ] SELECT * FROM `laozhang_auth_rule` ORDER BY sort desc [ RunTime:0.000784s ]
---------------------------------------------------------------
[ 2017-08-20T23:59:37+08:00 ] 127.0.0.1 127.0.0.1 GET /admin/auth/list_user?v=4.0
[ info ] www.blog.com/admin/auth/list_user?v=4.0 [运行时间：0.169063s][吞吐率：5.91req/s] [内存消耗：3,175.96kb] [文件加载：61]
[ info ] [ LANG ] C:\Users\starwork\Desktop\20170818\blog\thinkphp\lang\zh-cn.php
[ info ] [ ROUTE ] array (
  'type' => 'module',
  'module' => 
  array (
    0 => 'admin',
    1 => 'auth',
    2 => 'list_user',
  ),
)
[ info ] [ HEADER ] array (
  'host' => 'www.blog.com',
  'connection' => 'keep-alive',
  'accept' => 'text/html,application/xhtml+xml,application/xml;q=0.9,image/webp,*/*;q=0.8',
  'upgrade-insecure-requests' => '1',
  'user-agent' => 'Mozilla/5.0 (Windows NT 10.0; WOW64) AppleWebKit/537.36 (KHTML, like Gecko) Chrome/45.0.2454.101 Safari/537.36',
  'referer' => 'http://www.blog.com/admin/index/index.html',
  'accept-encoding' => 'gzip, deflate, sdch',
  'accept-language' => 'zh-CN,zh;q=0.8',
  'cookie' => 'UM_distinctid=15e0056054b83-030b3a342-3b664008-100200-15e00560550104; CNZZDATA1262804087=228083693-1503244190-%7C1503244190; PHPSESSID=0288quaruefqq39u0krco3ssp7',
)
[ info ] [ PARAM ] array (
  'v' => '4.0',
)
[ info ] [ SESSION ] INIT array (
  'id' => '',
  'var_session_id' => '',
  'prefix' => 'think',
  'type' => '',
  'auto_start' => true,
)
[ info ] [ DB ] INIT mysql
[ info ] [ RUN ] app\admin\controller\Auth->list_user[ C:\Users\starwork\Desktop\20170818\blog\application\admin\controller\Auth.php ]
[ info ] [ VIEW ] C:\Users\starwork\Desktop\20170818\blog\public/../application/admin\view\auth\list_user.html [ array (
  0 => 'admin_nickname',
  1 => 'menu',
  2 => 'list',
  3 => 'group',
) ]
[ info ] [ LOG ] INIT File
[ sql ] [ DB ] CONNECT:[ UseTime:0.001295s ] mysql:dbname=blog;host=127.0.0.1;port=3306;charset=utf8
[ sql ] [ SQL ] SHOW COLUMNS FROM `laozhang_admin_nav` [ RunTime:0.017457s ]
[ sql ] [ SQL ] SELECT * FROM `laozhang_admin_nav` ORDER BY `sort` [ RunTime:0.000666s ]
[ sql ] [ SQL ] SHOW COLUMNS FROM `laozhang_admin` [ RunTime:0.015113s ]
[ sql ] [ SQL ] SELECT `a`.*,`c`.`title` FROM `laozhang_admin` `a` LEFT JOIN `laozhang_auth_group_access` `b` ON `a`.`id`=`b`.`uid` LEFT JOIN `laozhang_auth_group` `c` ON `b`.`group_id`=`c`.`id` [ RunTime:0.001147s ]
[ sql ] [ SQL ] SHOW COLUMNS FROM `laozhang_auth_group` [ RunTime:0.023310s ]
[ sql ] [ SQL ] SELECT * FROM `laozhang_auth_group` ORDER BY create_time desc [ RunTime:0.000652s ]
---------------------------------------------------------------
[ 2017-08-20T23:59:38+08:00 ] 127.0.0.1 127.0.0.1 GET /admin/auth/list_group?v=4.0
[ info ] www.blog.com/admin/auth/list_group?v=4.0 [运行时间：0.132976s][吞吐率：7.52req/s] [内存消耗：3,107.62kb] [文件加载：60]
[ info ] [ LANG ] C:\Users\starwork\Desktop\20170818\blog\thinkphp\lang\zh-cn.php
[ info ] [ ROUTE ] array (
  'type' => 'module',
  'module' => 
  array (
    0 => 'admin',
    1 => 'auth',
    2 => 'list_group',
  ),
)
[ info ] [ HEADER ] array (
  'host' => 'www.blog.com',
  'connection' => 'keep-alive',
  'accept' => 'text/html,application/xhtml+xml,application/xml;q=0.9,image/webp,*/*;q=0.8',
  'upgrade-insecure-requests' => '1',
  'user-agent' => 'Mozilla/5.0 (Windows NT 10.0; WOW64) AppleWebKit/537.36 (KHTML, like Gecko) Chrome/45.0.2454.101 Safari/537.36',
  'referer' => 'http://www.blog.com/admin/index/index.html',
  'accept-encoding' => 'gzip, deflate, sdch',
  'accept-language' => 'zh-CN,zh;q=0.8',
  'cookie' => 'UM_distinctid=15e0056054b83-030b3a342-3b664008-100200-15e00560550104; CNZZDATA1262804087=228083693-1503244190-%7C1503244190; PHPSESSID=0288quaruefqq39u0krco3ssp7',
)
[ info ] [ PARAM ] array (
  'v' => '4.0',
)
[ info ] [ SESSION ] INIT array (
  'id' => '',
  'var_session_id' => '',
  'prefix' => 'think',
  'type' => '',
  'auto_start' => true,
)
[ info ] [ DB ] INIT mysql
[ info ] [ RUN ] app\admin\controller\Auth->list_group[ C:\Users\starwork\Desktop\20170818\blog\application\admin\controller\Auth.php ]
[ info ] [ VIEW ] C:\Users\starwork\Desktop\20170818\blog\public/../application/admin\view\auth\list_group.html [ array (
  0 => 'admin_nickname',
  1 => 'menu',
  2 => 'list',
) ]
[ info ] [ LOG ] INIT File
[ sql ] [ DB ] CONNECT:[ UseTime:0.001439s ] mysql:dbname=blog;host=127.0.0.1;port=3306;charset=utf8
[ sql ] [ SQL ] SHOW COLUMNS FROM `laozhang_admin_nav` [ RunTime:0.015467s ]
[ sql ] [ SQL ] SELECT * FROM `laozhang_admin_nav` ORDER BY `sort` [ RunTime:0.000634s ]
[ sql ] [ SQL ] SHOW COLUMNS FROM `laozhang_auth_group` [ RunTime:0.011802s ]
[ sql ] [ SQL ] SELECT * FROM `laozhang_auth_group` ORDER BY create_time desc [ RunTime:0.000491s ]
---------------------------------------------------------------
[ 2017-08-20T23:59:40+08:00 ] 127.0.0.1 127.0.0.1 GET /admin/config/user?v=4.0
[ info ] www.blog.com/admin/config/user?v=4.0 [运行时间：0.081480s][吞吐率：12.27req/s] [内存消耗：2,834.95kb] [文件加载：58]
[ info ] [ LANG ] C:\Users\starwork\Desktop\20170818\blog\thinkphp\lang\zh-cn.php
[ info ] [ ROUTE ] array (
  'type' => 'module',
  'module' => 
  array (
    0 => 'admin',
    1 => 'config',
    2 => 'user',
  ),
)
[ info ] [ HEADER ] array (
  'host' => 'www.blog.com',
  'connection' => 'keep-alive',
  'accept' => 'text/html,application/xhtml+xml,application/xml;q=0.9,image/webp,*/*;q=0.8',
  'upgrade-insecure-requests' => '1',
  'user-agent' => 'Mozilla/5.0 (Windows NT 10.0; WOW64) AppleWebKit/537.36 (KHTML, like Gecko) Chrome/45.0.2454.101 Safari/537.36',
  'referer' => 'http://www.blog.com/admin/index/index.html',
  'accept-encoding' => 'gzip, deflate, sdch',
  'accept-language' => 'zh-CN,zh;q=0.8',
  'cookie' => 'UM_distinctid=15e0056054b83-030b3a342-3b664008-100200-15e00560550104; CNZZDATA1262804087=228083693-1503244190-%7C1503244190; PHPSESSID=0288quaruefqq39u0krco3ssp7',
)
[ info ] [ PARAM ] array (
  'v' => '4.0',
)
[ info ] [ SESSION ] INIT array (
  'id' => '',
  'var_session_id' => '',
  'prefix' => 'think',
  'type' => '',
  'auto_start' => true,
)
[ info ] [ DB ] INIT mysql
[ info ] [ LOG ] INIT File
[ sql ] [ DB ] CONNECT:[ UseTime:0.001319s ] mysql:dbname=blog;host=127.0.0.1;port=3306;charset=utf8
[ sql ] [ SQL ] SHOW COLUMNS FROM `laozhang_admin_nav` [ RunTime:0.018153s ]
[ sql ] [ SQL ] SELECT * FROM `laozhang_admin_nav` ORDER BY `sort` [ RunTime:0.000619s ]
---------------------------------------------------------------
[ 2017-08-20T23:59:40+08:00 ] 127.0.0.1 127.0.0.1 GET /admin/config/email?v=4.0
[ info ] www.blog.com/admin/config/email?v=4.0 [运行时间：0.072310s][吞吐率：13.83req/s] [内存消耗：2,834.97kb] [文件加载：58]
[ info ] [ LANG ] C:\Users\starwork\Desktop\20170818\blog\thinkphp\lang\zh-cn.php
[ info ] [ ROUTE ] array (
  'type' => 'module',
  'module' => 
  array (
    0 => 'admin',
    1 => 'config',
    2 => 'email',
  ),
)
[ info ] [ HEADER ] array (
  'host' => 'www.blog.com',
  'connection' => 'keep-alive',
  'accept' => 'text/html,application/xhtml+xml,application/xml;q=0.9,image/webp,*/*;q=0.8',
  'upgrade-insecure-requests' => '1',
  'user-agent' => 'Mozilla/5.0 (Windows NT 10.0; WOW64) AppleWebKit/537.36 (KHTML, like Gecko) Chrome/45.0.2454.101 Safari/537.36',
  'referer' => 'http://www.blog.com/admin/index/index.html',
  'accept-encoding' => 'gzip, deflate, sdch',
  'accept-language' => 'zh-CN,zh;q=0.8',
  'cookie' => 'UM_distinctid=15e0056054b83-030b3a342-3b664008-100200-15e00560550104; CNZZDATA1262804087=228083693-1503244190-%7C1503244190; PHPSESSID=0288quaruefqq39u0krco3ssp7',
)
[ info ] [ PARAM ] array (
  'v' => '4.0',
)
[ info ] [ SESSION ] INIT array (
  'id' => '',
  'var_session_id' => '',
  'prefix' => 'think',
  'type' => '',
  'auto_start' => true,
)
[ info ] [ DB ] INIT mysql
[ info ] [ LOG ] INIT File
[ sql ] [ DB ] CONNECT:[ UseTime:0.001419s ] mysql:dbname=blog;host=127.0.0.1;port=3306;charset=utf8
[ sql ] [ SQL ] SHOW COLUMNS FROM `laozhang_admin_nav` [ RunTime:0.011623s ]
[ sql ] [ SQL ] SELECT * FROM `laozhang_admin_nav` ORDER BY `sort` [ RunTime:0.000672s ]
---------------------------------------------------------------
[ 2017-08-20T23:59:41+08:00 ] 127.0.0.1 127.0.0.1 GET /admin/config/sms?v=4.0
[ info ] www.blog.com/admin/config/sms?v=4.0 [运行时间：0.086229s][吞吐率：11.60req/s] [内存消耗：2,834.96kb] [文件加载：58]
[ info ] [ LANG ] C:\Users\starwork\Desktop\20170818\blog\thinkphp\lang\zh-cn.php
[ info ] [ ROUTE ] array (
  'type' => 'module',
  'module' => 
  array (
    0 => 'admin',
    1 => 'config',
    2 => 'sms',
  ),
)
[ info ] [ HEADER ] array (
  'host' => 'www.blog.com',
  'connection' => 'keep-alive',
  'accept' => 'text/html,application/xhtml+xml,application/xml;q=0.9,image/webp,*/*;q=0.8',
  'upgrade-insecure-requests' => '1',
  'user-agent' => 'Mozilla/5.0 (Windows NT 10.0; WOW64) AppleWebKit/537.36 (KHTML, like Gecko) Chrome/45.0.2454.101 Safari/537.36',
  'referer' => 'http://www.blog.com/admin/index/index.html',
  'accept-encoding' => 'gzip, deflate, sdch',
  'accept-language' => 'zh-CN,zh;q=0.8',
  'cookie' => 'UM_distinctid=15e0056054b83-030b3a342-3b664008-100200-15e00560550104; CNZZDATA1262804087=228083693-1503244190-%7C1503244190; PHPSESSID=0288quaruefqq39u0krco3ssp7',
)
[ info ] [ PARAM ] array (
  'v' => '4.0',
)
[ info ] [ SESSION ] INIT array (
  'id' => '',
  'var_session_id' => '',
  'prefix' => 'think',
  'type' => '',
  'auto_start' => true,
)
[ info ] [ DB ] INIT mysql
[ info ] [ LOG ] INIT File
[ sql ] [ DB ] CONNECT:[ UseTime:0.001383s ] mysql:dbname=blog;host=127.0.0.1;port=3306;charset=utf8
[ sql ] [ SQL ] SHOW COLUMNS FROM `laozhang_admin_nav` [ RunTime:0.017189s ]
[ sql ] [ SQL ] SELECT * FROM `laozhang_admin_nav` ORDER BY `sort` [ RunTime:0.000590s ]
---------------------------------------------------------------
[ 2017-08-20T23:59:41+08:00 ] 127.0.0.1 127.0.0.1 GET /admin/config/seo?v=4.0
[ info ] www.blog.com/admin/config/seo?v=4.0 [运行时间：0.072147s][吞吐率：13.86req/s] [内存消耗：2,834.96kb] [文件加载：58]
[ info ] [ LANG ] C:\Users\starwork\Desktop\20170818\blog\thinkphp\lang\zh-cn.php
[ info ] [ ROUTE ] array (
  'type' => 'module',
  'module' => 
  array (
    0 => 'admin',
    1 => 'config',
    2 => 'seo',
  ),
)
[ info ] [ HEADER ] array (
  'host' => 'www.blog.com',
  'connection' => 'keep-alive',
  'accept' => 'text/html,application/xhtml+xml,application/xml;q=0.9,image/webp,*/*;q=0.8',
  'upgrade-insecure-requests' => '1',
  'user-agent' => 'Mozilla/5.0 (Windows NT 10.0; WOW64) AppleWebKit/537.36 (KHTML, like Gecko) Chrome/45.0.2454.101 Safari/537.36',
  'referer' => 'http://www.blog.com/admin/index/index.html',
  'accept-encoding' => 'gzip, deflate, sdch',
  'accept-language' => 'zh-CN,zh;q=0.8',
  'cookie' => 'UM_distinctid=15e0056054b83-030b3a342-3b664008-100200-15e00560550104; CNZZDATA1262804087=228083693-1503244190-%7C1503244190; PHPSESSID=0288quaruefqq39u0krco3ssp7',
)
[ info ] [ PARAM ] array (
  'v' => '4.0',
)
[ info ] [ SESSION ] INIT array (
  'id' => '',
  'var_session_id' => '',
  'prefix' => 'think',
  'type' => '',
  'auto_start' => true,
)
[ info ] [ DB ] INIT mysql
[ info ] [ LOG ] INIT File
[ sql ] [ DB ] CONNECT:[ UseTime:0.001349s ] mysql:dbname=blog;host=127.0.0.1;port=3306;charset=utf8
[ sql ] [ SQL ] SHOW COLUMNS FROM `laozhang_admin_nav` [ RunTime:0.012495s ]
[ sql ] [ SQL ] SELECT * FROM `laozhang_admin_nav` ORDER BY `sort` [ RunTime:0.000692s ]
---------------------------------------------------------------
[ 2017-08-20T23:59:43+08:00 ] 127.0.0.1 127.0.0.1 GET /admin/index/index.html
[ info ] www.blog.com/admin/index/index.html [运行时间：0.073320s][吞吐率：13.64req/s] [内存消耗：2,875.14kb] [文件加载：57]
[ info ] [ LANG ] C:\Users\starwork\Desktop\20170818\blog\thinkphp\lang\zh-cn.php
[ info ] [ ROUTE ] array (
  'type' => 'module',
  'module' => 
  array (
    0 => 'admin',
    1 => 'index',
    2 => 'index',
  ),
)
[ info ] [ HEADER ] array (
  'host' => 'www.blog.com',
  'connection' => 'keep-alive',
  'cache-control' => 'max-age=0',
  'accept' => 'text/html,application/xhtml+xml,application/xml;q=0.9,image/webp,*/*;q=0.8',
  'upgrade-insecure-requests' => '1',
  'user-agent' => 'Mozilla/5.0 (Windows NT 10.0; WOW64) AppleWebKit/537.36 (KHTML, like Gecko) Chrome/45.0.2454.101 Safari/537.36',
  'referer' => 'http://www.blog.com/admin/login/login.html',
  'accept-encoding' => 'gzip, deflate, sdch',
  'accept-language' => 'zh-CN,zh;q=0.8',
  'cookie' => 'UM_distinctid=15e0056054b83-030b3a342-3b664008-100200-15e00560550104; CNZZDATA1262804087=228083693-1503244190-%7C1503244190; PHPSESSID=0288quaruefqq39u0krco3ssp7',
)
[ info ] [ PARAM ] array (
)
[ info ] [ SESSION ] INIT array (
  'id' => '',
  'var_session_id' => '',
  'prefix' => 'think',
  'type' => '',
  'auto_start' => true,
)
[ info ] [ DB ] INIT mysql
[ info ] [ RUN ] app\admin\controller\Index->index[ C:\Users\starwork\Desktop\20170818\blog\application\admin\controller\Index.php ]
[ info ] [ VIEW ] C:\Users\starwork\Desktop\20170818\blog\public/../application/admin\view\index.html [ array (
  0 => 'admin_nickname',
  1 => 'menu',
) ]
[ info ] [ LOG ] INIT File
[ sql ] [ DB ] CONNECT:[ UseTime:0.001377s ] mysql:dbname=blog;host=127.0.0.1;port=3306;charset=utf8
[ sql ] [ SQL ] SHOW COLUMNS FROM `laozhang_admin_nav` [ RunTime:0.017914s ]
[ sql ] [ SQL ] SELECT * FROM `laozhang_admin_nav` ORDER BY `sort` [ RunTime:0.000647s ]
---------------------------------------------------------------
[ 2017-08-20T23:59:44+08:00 ] 127.0.0.1 127.0.0.1 GET /admin/index/home.html
[ info ] www.blog.com/admin/index/home.html [运行时间：0.117268s][吞吐率：8.53req/s] [内存消耗：2,863.07kb] [文件加载：58]
[ info ] [ LANG ] C:\Users\starwork\Desktop\20170818\blog\thinkphp\lang\zh-cn.php
[ info ] [ ROUTE ] array (
  'type' => 'module',
  'module' => 
  array (
    0 => 'admin',
    1 => 'index',
    2 => 'home',
  ),
)
[ info ] [ HEADER ] array (
  'host' => 'www.blog.com',
  'connection' => 'keep-alive',
  'cache-control' => 'max-age=0',
  'accept' => 'text/html,application/xhtml+xml,application/xml;q=0.9,image/webp,*/*;q=0.8',
  'upgrade-insecure-requests' => '1',
  'user-agent' => 'Mozilla/5.0 (Windows NT 10.0; WOW64) AppleWebKit/537.36 (KHTML, like Gecko) Chrome/45.0.2454.101 Safari/537.36',
  'referer' => 'http://www.blog.com/admin/index/index.html',
  'accept-encoding' => 'gzip, deflate, sdch',
  'accept-language' => 'zh-CN,zh;q=0.8',
  'cookie' => 'UM_distinctid=15e0056054b83-030b3a342-3b664008-100200-15e00560550104; CNZZDATA1262804087=228083693-1503244190-%7C1503244190; PHPSESSID=0288quaruefqq39u0krco3ssp7',
)
[ info ] [ PARAM ] array (
)
[ info ] [ SESSION ] INIT array (
  'id' => '',
  'var_session_id' => '',
  'prefix' => 'think',
  'type' => '',
  'auto_start' => true,
)
[ info ] [ DB ] INIT mysql
[ info ] [ RUN ] app\admin\controller\Index->home[ C:\Users\starwork\Desktop\20170818\blog\application\admin\controller\Index.php ]
[ info ] [ VIEW ] C:\Users\starwork\Desktop\20170818\blog\public/../application/admin\view\index\home.html [ array (
  0 => 'admin_nickname',
  1 => 'menu',
  2 => 'NewMessage',
) ]
[ info ] [ LOG ] INIT File
[ sql ] [ DB ] CONNECT:[ UseTime:0.001352s ] mysql:dbname=blog;host=127.0.0.1;port=3306;charset=utf8
[ sql ] [ SQL ] SHOW COLUMNS FROM `laozhang_admin_nav` [ RunTime:0.023515s ]
[ sql ] [ SQL ] SELECT * FROM `laozhang_admin_nav` ORDER BY `sort` [ RunTime:0.000491s ]
[ sql ] [ SQL ] SHOW COLUMNS FROM `laozhang_words` [ RunTime:0.012373s ]
[ sql ] [ SQL ] SELECT `content`,`ip`,`update_time`,`id`,`nick_name` FROM `laozhang_words` ORDER BY id desc [ RunTime:0.000419s ]
---------------------------------------------------------------
[ 2017-08-20T23:59:45+08:00 ] 127.0.0.1 127.0.0.1 GET /admin/article/list_cate?v=4.0
[ info ] www.blog.com/admin/article/list_cate?v=4.0 [运行时间：0.143233s][吞吐率：6.98req/s] [内存消耗：3,203.38kb] [文件加载：63]
[ info ] [ LANG ] C:\Users\starwork\Desktop\20170818\blog\thinkphp\lang\zh-cn.php
[ info ] [ ROUTE ] array (
  'type' => 'module',
  'module' => 
  array (
    0 => 'admin',
    1 => 'article',
    2 => 'list_cate',
  ),
)
[ info ] [ HEADER ] array (
  'host' => 'www.blog.com',
  'connection' => 'keep-alive',
  'accept' => 'text/html,application/xhtml+xml,application/xml;q=0.9,image/webp,*/*;q=0.8',
  'upgrade-insecure-requests' => '1',
  'user-agent' => 'Mozilla/5.0 (Windows NT 10.0; WOW64) AppleWebKit/537.36 (KHTML, like Gecko) Chrome/45.0.2454.101 Safari/537.36',
  'referer' => 'http://www.blog.com/admin/index/index.html',
  'accept-encoding' => 'gzip, deflate, sdch',
  'accept-language' => 'zh-CN,zh;q=0.8',
  'cookie' => 'UM_distinctid=15e0056054b83-030b3a342-3b664008-100200-15e00560550104; CNZZDATA1262804087=228083693-1503244190-%7C1503244190; PHPSESSID=0288quaruefqq39u0krco3ssp7',
)
[ info ] [ PARAM ] array (
  'v' => '4.0',
)
[ info ] [ SESSION ] INIT array (
  'id' => '',
  'var_session_id' => '',
  'prefix' => 'think',
  'type' => '',
  'auto_start' => true,
)
[ info ] [ DB ] INIT mysql
[ info ] [ RUN ] app\admin\controller\Article->list_cate[ C:\Users\starwork\Desktop\20170818\blog\application\admin\controller\Article.php ]
[ info ] [ VIEW ] C:\Users\starwork\Desktop\20170818\blog\public/../application/admin\view\article\list_cate.html [ array (
  0 => 'admin_nickname',
  1 => 'menu',
  2 => 'list',
  3 => 'page',
) ]
[ info ] [ LOG ] INIT File
[ sql ] [ DB ] CONNECT:[ UseTime:0.001386s ] mysql:dbname=blog;host=127.0.0.1;port=3306;charset=utf8
[ sql ] [ SQL ] SHOW COLUMNS FROM `laozhang_admin_nav` [ RunTime:0.012665s ]
[ sql ] [ SQL ] SELECT * FROM `laozhang_admin_nav` ORDER BY `sort` [ RunTime:0.000732s ]
[ sql ] [ SQL ] SHOW COLUMNS FROM `laozhang_article_cate` [ RunTime:0.018180s ]
[ sql ] [ SQL ] SELECT COUNT(*) AS tp_count FROM `laozhang_article_cate` LIMIT 1 [ RunTime:0.000336s ]
[ sql ] [ SQL ] SELECT `id`,`cate_name`,`create_time`,`update_time`,`status`,`order` FROM `laozhang_article_cate` ORDER BY id desc LIMIT 0,10 [ RunTime:0.000489s ]
---------------------------------------------------------------
[ 2017-08-20T23:59:45+08:00 ] 127.0.0.1 127.0.0.1 GET /admin/article/list_article?v=4.0
[ info ] www.blog.com/admin/article/list_article?v=4.0 [运行时间：0.147899s][吞吐率：6.76req/s] [内存消耗：3,462.88kb] [文件加载：63]
[ info ] [ LANG ] C:\Users\starwork\Desktop\20170818\blog\thinkphp\lang\zh-cn.php
[ info ] [ ROUTE ] array (
  'type' => 'module',
  'module' => 
  array (
    0 => 'admin',
    1 => 'article',
    2 => 'list_article',
  ),
)
[ info ] [ HEADER ] array (
  'host' => 'www.blog.com',
  'connection' => 'keep-alive',
  'accept' => 'text/html,application/xhtml+xml,application/xml;q=0.9,image/webp,*/*;q=0.8',
  'upgrade-insecure-requests' => '1',
  'user-agent' => 'Mozilla/5.0 (Windows NT 10.0; WOW64) AppleWebKit/537.36 (KHTML, like Gecko) Chrome/45.0.2454.101 Safari/537.36',
  'referer' => 'http://www.blog.com/admin/index/index.html',
  'accept-encoding' => 'gzip, deflate, sdch',
  'accept-language' => 'zh-CN,zh;q=0.8',
  'cookie' => 'UM_distinctid=15e0056054b83-030b3a342-3b664008-100200-15e00560550104; CNZZDATA1262804087=228083693-1503244190-%7C1503244190; PHPSESSID=0288quaruefqq39u0krco3ssp7',
)
[ info ] [ PARAM ] array (
  'v' => '4.0',
)
[ info ] [ SESSION ] INIT array (
  'id' => '',
  'var_session_id' => '',
  'prefix' => 'think',
  'type' => '',
  'auto_start' => true,
)
[ info ] [ DB ] INIT mysql
[ info ] [ RUN ] app\admin\controller\Article->list_article[ C:\Users\starwork\Desktop\20170818\blog\application\admin\controller\Article.php ]
[ info ] [ VIEW ] C:\Users\starwork\Desktop\20170818\blog\public/../application/admin\view\article\list_article.html [ array (
  0 => 'admin_nickname',
  1 => 'menu',
  2 => 'list',
  3 => 'page',
) ]
[ info ] [ LOG ] INIT File
[ sql ] [ DB ] CONNECT:[ UseTime:0.001482s ] mysql:dbname=blog;host=127.0.0.1;port=3306;charset=utf8
[ sql ] [ SQL ] SHOW COLUMNS FROM `laozhang_admin_nav` [ RunTime:0.018421s ]
[ sql ] [ SQL ] SELECT * FROM `laozhang_admin_nav` ORDER BY `sort` [ RunTime:0.000653s ]
[ sql ] [ SQL ] SHOW COLUMNS FROM `laozhang_article` [ RunTime:0.014597s ]
[ sql ] [ SQL ] SELECT COUNT(*) AS tp_count FROM `laozhang_article` `a` INNER JOIN `laozhang_article_cate` `b` ON `a`.`cate_id`=`b`.`id` LIMIT 1 [ RunTime:0.000461s ]
[ sql ] [ SQL ] SELECT `a`.*,`b`.`cate_name` FROM `laozhang_article` `a` INNER JOIN `laozhang_article_cate` `b` ON `a`.`cate_id`=`b`.`id` ORDER BY a.id desc LIMIT 0,10 [ RunTime:0.000988s ]
---------------------------------------------------------------
[ 2017-08-20T23:59:46+08:00 ] 127.0.0.1 127.0.0.1 GET /admin/index/index.html
[ info ] www.blog.com/admin/index/index.html [运行时间：0.067308s][吞吐率：14.86req/s] [内存消耗：2,875.14kb] [文件加载：57]
[ info ] [ LANG ] C:\Users\starwork\Desktop\20170818\blog\thinkphp\lang\zh-cn.php
[ info ] [ ROUTE ] array (
  'type' => 'module',
  'module' => 
  array (
    0 => 'admin',
    1 => 'index',
    2 => 'index',
  ),
)
[ info ] [ HEADER ] array (
  'host' => 'www.blog.com',
  'connection' => 'keep-alive',
  'cache-control' => 'max-age=0',
  'accept' => 'text/html,application/xhtml+xml,application/xml;q=0.9,image/webp,*/*;q=0.8',
  'upgrade-insecure-requests' => '1',
  'user-agent' => 'Mozilla/5.0 (Windows NT 10.0; WOW64) AppleWebKit/537.36 (KHTML, like Gecko) Chrome/45.0.2454.101 Safari/537.36',
  'referer' => 'http://www.blog.com/admin/login/login.html',
  'accept-encoding' => 'gzip, deflate, sdch',
  'accept-language' => 'zh-CN,zh;q=0.8',
  'cookie' => 'UM_distinctid=15e0056054b83-030b3a342-3b664008-100200-15e00560550104; CNZZDATA1262804087=228083693-1503244190-%7C1503244190; PHPSESSID=0288quaruefqq39u0krco3ssp7',
)
[ info ] [ PARAM ] array (
)
[ info ] [ SESSION ] INIT array (
  'id' => '',
  'var_session_id' => '',
  'prefix' => 'think',
  'type' => '',
  'auto_start' => true,
)
[ info ] [ DB ] INIT mysql
[ info ] [ RUN ] app\admin\controller\Index->index[ C:\Users\starwork\Desktop\20170818\blog\application\admin\controller\Index.php ]
[ info ] [ VIEW ] C:\Users\starwork\Desktop\20170818\blog\public/../application/admin\view\index.html [ array (
  0 => 'admin_nickname',
  1 => 'menu',
) ]
[ info ] [ LOG ] INIT File
[ sql ] [ DB ] CONNECT:[ UseTime:0.001329s ] mysql:dbname=blog;host=127.0.0.1;port=3306;charset=utf8
[ sql ] [ SQL ] SHOW COLUMNS FROM `laozhang_admin_nav` [ RunTime:0.015856s ]
[ sql ] [ SQL ] SELECT * FROM `laozhang_admin_nav` ORDER BY `sort` [ RunTime:0.000624s ]
---------------------------------------------------------------
[ 2017-08-20T23:59:47+08:00 ] 127.0.0.1 127.0.0.1 GET /admin/index/home.html
[ info ] www.blog.com/admin/index/home.html [运行时间：0.126014s][吞吐率：7.94req/s] [内存消耗：2,863.11kb] [文件加载：58]
[ info ] [ LANG ] C:\Users\starwork\Desktop\20170818\blog\thinkphp\lang\zh-cn.php
[ info ] [ ROUTE ] array (
  'type' => 'module',
  'module' => 
  array (
    0 => 'admin',
    1 => 'index',
    2 => 'home',
  ),
)
[ info ] [ HEADER ] array (
  'host' => 'www.blog.com',
  'connection' => 'keep-alive',
  'cache-control' => 'max-age=0',
  'accept' => 'text/html,application/xhtml+xml,application/xml;q=0.9,image/webp,*/*;q=0.8',
  'upgrade-insecure-requests' => '1',
  'user-agent' => 'Mozilla/5.0 (Windows NT 10.0; WOW64) AppleWebKit/537.36 (KHTML, like Gecko) Chrome/45.0.2454.101 Safari/537.36',
  'referer' => 'http://www.blog.com/admin/index/index.html',
  'accept-encoding' => 'gzip, deflate, sdch',
  'accept-language' => 'zh-CN,zh;q=0.8',
  'cookie' => 'UM_distinctid=15e0056054b83-030b3a342-3b664008-100200-15e00560550104; CNZZDATA1262804087=228083693-1503244190-%7C1503244190; PHPSESSID=0288quaruefqq39u0krco3ssp7',
)
[ info ] [ PARAM ] array (
)
[ info ] [ SESSION ] INIT array (
  'id' => '',
  'var_session_id' => '',
  'prefix' => 'think',
  'type' => '',
  'auto_start' => true,
)
[ info ] [ DB ] INIT mysql
[ info ] [ RUN ] app\admin\controller\Index->home[ C:\Users\starwork\Desktop\20170818\blog\application\admin\controller\Index.php ]
[ info ] [ VIEW ] C:\Users\starwork\Desktop\20170818\blog\public/../application/admin\view\index\home.html [ array (
  0 => 'admin_nickname',
  1 => 'menu',
  2 => 'NewMessage',
) ]
[ info ] [ LOG ] INIT File
[ sql ] [ DB ] CONNECT:[ UseTime:0.001320s ] mysql:dbname=blog;host=127.0.0.1;port=3306;charset=utf8
[ sql ] [ SQL ] SHOW COLUMNS FROM `laozhang_admin_nav` [ RunTime:0.022369s ]
[ sql ] [ SQL ] SELECT * FROM `laozhang_admin_nav` ORDER BY `sort` [ RunTime:0.000558s ]
[ sql ] [ SQL ] SHOW COLUMNS FROM `laozhang_words` [ RunTime:0.025963s ]
[ sql ] [ SQL ] SELECT `content`,`ip`,`update_time`,`id`,`nick_name` FROM `laozhang_words` ORDER BY id desc [ RunTime:0.000288s ]
---------------------------------------------------------------
[ 2017-08-20T23:59:49+08:00 ] 127.0.0.1 127.0.0.1 GET /admin/advert/list_advert?v=4.0
[ info ] www.blog.com/admin/advert/list_advert?v=4.0 [运行时间：0.148602s][吞吐率：6.73req/s] [内存消耗：3,185.55kb] [文件加载：63]
[ info ] [ LANG ] C:\Users\starwork\Desktop\20170818\blog\thinkphp\lang\zh-cn.php
[ info ] [ ROUTE ] array (
  'type' => 'module',
  'module' => 
  array (
    0 => 'admin',
    1 => 'advert',
    2 => 'list_advert',
  ),
)
[ info ] [ HEADER ] array (
  'host' => 'www.blog.com',
  'connection' => 'keep-alive',
  'accept' => 'text/html,application/xhtml+xml,application/xml;q=0.9,image/webp,*/*;q=0.8',
  'upgrade-insecure-requests' => '1',
  'user-agent' => 'Mozilla/5.0 (Windows NT 10.0; WOW64) AppleWebKit/537.36 (KHTML, like Gecko) Chrome/45.0.2454.101 Safari/537.36',
  'referer' => 'http://www.blog.com/admin/index/index.html',
  'accept-encoding' => 'gzip, deflate, sdch',
  'accept-language' => 'zh-CN,zh;q=0.8',
  'cookie' => 'UM_distinctid=15e0056054b83-030b3a342-3b664008-100200-15e00560550104; CNZZDATA1262804087=228083693-1503244190-%7C1503244190; PHPSESSID=0288quaruefqq39u0krco3ssp7',
)
[ info ] [ PARAM ] array (
  'v' => '4.0',
)
[ info ] [ SESSION ] INIT array (
  'id' => '',
  'var_session_id' => '',
  'prefix' => 'think',
  'type' => '',
  'auto_start' => true,
)
[ info ] [ DB ] INIT mysql
[ info ] [ RUN ] app\admin\controller\Advert->list_advert[ C:\Users\starwork\Desktop\20170818\blog\application\admin\controller\Advert.php ]
[ info ] [ VIEW ] C:\Users\starwork\Desktop\20170818\blog\public/../application/admin\view\advert\list_advert.html [ array (
  0 => 'admin_nickname',
  1 => 'menu',
  2 => 'list',
  3 => 'page',
) ]
[ info ] [ LOG ] INIT File
[ sql ] [ DB ] CONNECT:[ UseTime:0.001277s ] mysql:dbname=blog;host=127.0.0.1;port=3306;charset=utf8
[ sql ] [ SQL ] SHOW COLUMNS FROM `laozhang_admin_nav` [ RunTime:0.018050s ]
[ sql ] [ SQL ] SELECT * FROM `laozhang_admin_nav` ORDER BY `sort` [ RunTime:0.000586s ]
[ sql ] [ SQL ] SHOW COLUMNS FROM `laozhang_advert` [ RunTime:0.017176s ]
[ sql ] [ SQL ] SELECT COUNT(*) AS tp_count FROM `laozhang_advert` `a` INNER JOIN `laozhang_advert_cate` `b` ON `a`.`cate_id`=`b`.`id` LIMIT 1 [ RunTime:0.000782s ]
[ sql ] [ SQL ] SELECT `a`.*,`b`.`cate_name` FROM `laozhang_advert` `a` INNER JOIN `laozhang_advert_cate` `b` ON `a`.`cate_id`=`b`.`id` ORDER BY a.id desc LIMIT 0,10 [ RunTime:0.000481s ]
---------------------------------------------------------------
[ 2017-08-20T23:59:50+08:00 ] 127.0.0.1 127.0.0.1 GET /admin/advert/list_cate?v=4.0
[ info ] www.blog.com/admin/advert/list_cate?v=4.0 [运行时间：0.149304s][吞吐率：6.70req/s] [内存消耗：3,180.16kb] [文件加载：63]
[ info ] [ LANG ] C:\Users\starwork\Desktop\20170818\blog\thinkphp\lang\zh-cn.php
[ info ] [ ROUTE ] array (
  'type' => 'module',
  'module' => 
  array (
    0 => 'admin',
    1 => 'advert',
    2 => 'list_cate',
  ),
)
[ info ] [ HEADER ] array (
  'host' => 'www.blog.com',
  'connection' => 'keep-alive',
  'accept' => 'text/html,application/xhtml+xml,application/xml;q=0.9,image/webp,*/*;q=0.8',
  'upgrade-insecure-requests' => '1',
  'user-agent' => 'Mozilla/5.0 (Windows NT 10.0; WOW64) AppleWebKit/537.36 (KHTML, like Gecko) Chrome/45.0.2454.101 Safari/537.36',
  'referer' => 'http://www.blog.com/admin/index/index.html',
  'accept-encoding' => 'gzip, deflate, sdch',
  'accept-language' => 'zh-CN,zh;q=0.8',
  'cookie' => 'UM_distinctid=15e0056054b83-030b3a342-3b664008-100200-15e00560550104; CNZZDATA1262804087=228083693-1503244190-%7C1503244190; PHPSESSID=0288quaruefqq39u0krco3ssp7',
)
[ info ] [ PARAM ] array (
  'v' => '4.0',
)
[ info ] [ SESSION ] INIT array (
  'id' => '',
  'var_session_id' => '',
  'prefix' => 'think',
  'type' => '',
  'auto_start' => true,
)
[ info ] [ DB ] INIT mysql
[ info ] [ RUN ] app\admin\controller\Advert->list_cate[ C:\Users\starwork\Desktop\20170818\blog\application\admin\controller\Advert.php ]
[ info ] [ VIEW ] C:\Users\starwork\Desktop\20170818\blog\public/../application/admin\view\advert\list_cate.html [ array (
  0 => 'admin_nickname',
  1 => 'menu',
  2 => 'list',
  3 => 'page',
) ]
[ info ] [ LOG ] INIT File
[ sql ] [ DB ] CONNECT:[ UseTime:0.001311s ] mysql:dbname=blog;host=127.0.0.1;port=3306;charset=utf8
[ sql ] [ SQL ] SHOW COLUMNS FROM `laozhang_admin_nav` [ RunTime:0.018161s ]
[ sql ] [ SQL ] SELECT * FROM `laozhang_admin_nav` ORDER BY `sort` [ RunTime:0.000521s ]
[ sql ] [ SQL ] SHOW COLUMNS FROM `laozhang_advert_cate` [ RunTime:0.018907s ]
[ sql ] [ SQL ] SELECT COUNT(*) AS tp_count FROM `laozhang_advert_cate` LIMIT 1 [ RunTime:0.000239s ]
[ sql ] [ SQL ] SELECT `id`,`cate_name`,`create_time`,`update_time`,`status`,`order` FROM `laozhang_advert_cate` ORDER BY id desc LIMIT 0,10 [ RunTime:0.000299s ]
---------------------------------------------------------------
[ 2017-08-20T23:59:51+08:00 ] 127.0.0.1 127.0.0.1 GET /admin/index/index.html
[ info ] www.blog.com/admin/index/index.html [运行时间：0.073384s][吞吐率：13.63req/s] [内存消耗：2,875.14kb] [文件加载：57]
[ info ] [ LANG ] C:\Users\starwork\Desktop\20170818\blog\thinkphp\lang\zh-cn.php
[ info ] [ ROUTE ] array (
  'type' => 'module',
  'module' => 
  array (
    0 => 'admin',
    1 => 'index',
    2 => 'index',
  ),
)
[ info ] [ HEADER ] array (
  'host' => 'www.blog.com',
  'connection' => 'keep-alive',
  'cache-control' => 'max-age=0',
  'accept' => 'text/html,application/xhtml+xml,application/xml;q=0.9,image/webp,*/*;q=0.8',
  'upgrade-insecure-requests' => '1',
  'user-agent' => 'Mozilla/5.0 (Windows NT 10.0; WOW64) AppleWebKit/537.36 (KHTML, like Gecko) Chrome/45.0.2454.101 Safari/537.36',
  'referer' => 'http://www.blog.com/admin/login/login.html',
  'accept-encoding' => 'gzip, deflate, sdch',
  'accept-language' => 'zh-CN,zh;q=0.8',
  'cookie' => 'UM_distinctid=15e0056054b83-030b3a342-3b664008-100200-15e00560550104; CNZZDATA1262804087=228083693-1503244190-%7C1503244190; PHPSESSID=0288quaruefqq39u0krco3ssp7',
)
[ info ] [ PARAM ] array (
)
[ info ] [ SESSION ] INIT array (
  'id' => '',
  'var_session_id' => '',
  'prefix' => 'think',
  'type' => '',
  'auto_start' => true,
)
[ info ] [ DB ] INIT mysql
[ info ] [ RUN ] app\admin\controller\Index->index[ C:\Users\starwork\Desktop\20170818\blog\application\admin\controller\Index.php ]
[ info ] [ VIEW ] C:\Users\starwork\Desktop\20170818\blog\public/../application/admin\view\index.html [ array (
  0 => 'admin_nickname',
  1 => 'menu',
) ]
[ info ] [ LOG ] INIT File
[ sql ] [ DB ] CONNECT:[ UseTime:0.001333s ] mysql:dbname=blog;host=127.0.0.1;port=3306;charset=utf8
[ sql ] [ SQL ] SHOW COLUMNS FROM `laozhang_admin_nav` [ RunTime:0.015930s ]
[ sql ] [ SQL ] SELECT * FROM `laozhang_admin_nav` ORDER BY `sort` [ RunTime:0.000669s ]
---------------------------------------------------------------
[ 2017-08-20T23:59:51+08:00 ] 127.0.0.1 127.0.0.1 GET /admin/index/home.html
[ info ] www.blog.com/admin/index/home.html [运行时间：0.095959s][吞吐率：10.42req/s] [内存消耗：2,863.11kb] [文件加载：58]
[ info ] [ LANG ] C:\Users\starwork\Desktop\20170818\blog\thinkphp\lang\zh-cn.php
[ info ] [ ROUTE ] array (
  'type' => 'module',
  'module' => 
  array (
    0 => 'admin',
    1 => 'index',
    2 => 'home',
  ),
)
[ info ] [ HEADER ] array (
  'host' => 'www.blog.com',
  'connection' => 'keep-alive',
  'cache-control' => 'max-age=0',
  'accept' => 'text/html,application/xhtml+xml,application/xml;q=0.9,image/webp,*/*;q=0.8',
  'upgrade-insecure-requests' => '1',
  'user-agent' => 'Mozilla/5.0 (Windows NT 10.0; WOW64) AppleWebKit/537.36 (KHTML, like Gecko) Chrome/45.0.2454.101 Safari/537.36',
  'referer' => 'http://www.blog.com/admin/index/index.html',
  'accept-encoding' => 'gzip, deflate, sdch',
  'accept-language' => 'zh-CN,zh;q=0.8',
  'cookie' => 'UM_distinctid=15e0056054b83-030b3a342-3b664008-100200-15e00560550104; CNZZDATA1262804087=228083693-1503244190-%7C1503244190; PHPSESSID=0288quaruefqq39u0krco3ssp7',
)
[ info ] [ PARAM ] array (
)
[ info ] [ SESSION ] INIT array (
  'id' => '',
  'var_session_id' => '',
  'prefix' => 'think',
  'type' => '',
  'auto_start' => true,
)
[ info ] [ DB ] INIT mysql
[ info ] [ RUN ] app\admin\controller\Index->home[ C:\Users\starwork\Desktop\20170818\blog\application\admin\controller\Index.php ]
[ info ] [ VIEW ] C:\Users\starwork\Desktop\20170818\blog\public/../application/admin\view\index\home.html [ array (
  0 => 'admin_nickname',
  1 => 'menu',
  2 => 'NewMessage',
) ]
[ info ] [ LOG ] INIT File
[ sql ] [ DB ] CONNECT:[ UseTime:0.001443s ] mysql:dbname=blog;host=127.0.0.1;port=3306;charset=utf8
[ sql ] [ SQL ] SHOW COLUMNS FROM `laozhang_admin_nav` [ RunTime:0.012216s ]
[ sql ] [ SQL ] SELECT * FROM `laozhang_admin_nav` ORDER BY `sort` [ RunTime:0.000724s ]
[ sql ] [ SQL ] SHOW COLUMNS FROM `laozhang_words` [ RunTime:0.018062s ]
[ sql ] [ SQL ] SELECT `content`,`ip`,`update_time`,`id`,`nick_name` FROM `laozhang_words` ORDER BY id desc [ RunTime:0.000458s ]
---------------------------------------------------------------
[ 2017-08-20T23:59:52+08:00 ] 127.0.0.1 127.0.0.1 GET /admin/nav/list_nav?v=4.0
[ info ] www.blog.com/admin/nav/list_nav?v=4.0 [运行时间：0.103615s][吞吐率：9.65req/s] [内存消耗：2,987.68kb] [文件加载：58]
[ info ] [ LANG ] C:\Users\starwork\Desktop\20170818\blog\thinkphp\lang\zh-cn.php
[ info ] [ ROUTE ] array (
  'type' => 'module',
  'module' => 
  array (
    0 => 'admin',
    1 => 'nav',
    2 => 'list_nav',
  ),
)
[ info ] [ HEADER ] array (
  'host' => 'www.blog.com',
  'connection' => 'keep-alive',
  'accept' => 'text/html,application/xhtml+xml,application/xml;q=0.9,image/webp,*/*;q=0.8',
  'upgrade-insecure-requests' => '1',
  'user-agent' => 'Mozilla/5.0 (Windows NT 10.0; WOW64) AppleWebKit/537.36 (KHTML, like Gecko) Chrome/45.0.2454.101 Safari/537.36',
  'referer' => 'http://www.blog.com/admin/index/index.html',
  'accept-encoding' => 'gzip, deflate, sdch',
  'accept-language' => 'zh-CN,zh;q=0.8',
  'cookie' => 'UM_distinctid=15e0056054b83-030b3a342-3b664008-100200-15e00560550104; CNZZDATA1262804087=228083693-1503244190-%7C1503244190; PHPSESSID=0288quaruefqq39u0krco3ssp7',
)
[ info ] [ PARAM ] array (
  'v' => '4.0',
)
[ info ] [ SESSION ] INIT array (
  'id' => '',
  'var_session_id' => '',
  'prefix' => 'think',
  'type' => '',
  'auto_start' => true,
)
[ info ] [ DB ] INIT mysql
[ info ] [ RUN ] app\admin\controller\Nav->list_nav[ C:\Users\starwork\Desktop\20170818\blog\application\admin\controller\Nav.php ]
[ info ] [ VIEW ] C:\Users\starwork\Desktop\20170818\blog\public/../application/admin\view\nav\list_nav.html [ array (
  0 => 'admin_nickname',
  1 => 'menu',
  2 => 'list',
) ]
[ info ] [ LOG ] INIT File
[ sql ] [ DB ] CONNECT:[ UseTime:0.001182s ] mysql:dbname=blog;host=127.0.0.1;port=3306;charset=utf8
[ sql ] [ SQL ] SHOW COLUMNS FROM `laozhang_admin_nav` [ RunTime:0.017802s ]
[ sql ] [ SQL ] SELECT * FROM `laozhang_admin_nav` ORDER BY `sort` [ RunTime:0.000660s ]
[ sql ] [ SQL ] SHOW COLUMNS FROM `laozhang_nav_cate` [ RunTime:0.015146s ]
[ sql ] [ SQL ] SELECT `id`,`cate_name`,`status`,`order`,`p_id`,`create_time`,`update_time`,`content`,`is_page`,`link` FROM `laozhang_nav_cate` [ RunTime:0.000576s ]
---------------------------------------------------------------
[ 2017-08-20T23:59:53+08:00 ] 127.0.0.1 127.0.0.1 GET /admin/menu/list_menu?v=4.0
[ info ] www.blog.com/admin/menu/list_menu?v=4.0 [运行时间：0.085726s][吞吐率：11.67req/s] [内存消耗：2,961.34kb] [文件加载：57]
[ info ] [ LANG ] C:\Users\starwork\Desktop\20170818\blog\thinkphp\lang\zh-cn.php
[ info ] [ ROUTE ] array (
  'type' => 'module',
  'module' => 
  array (
    0 => 'admin',
    1 => 'menu',
    2 => 'list_menu',
  ),
)
[ info ] [ HEADER ] array (
  'host' => 'www.blog.com',
  'connection' => 'keep-alive',
  'accept' => 'text/html,application/xhtml+xml,application/xml;q=0.9,image/webp,*/*;q=0.8',
  'upgrade-insecure-requests' => '1',
  'user-agent' => 'Mozilla/5.0 (Windows NT 10.0; WOW64) AppleWebKit/537.36 (KHTML, like Gecko) Chrome/45.0.2454.101 Safari/537.36',
  'referer' => 'http://www.blog.com/admin/index/index.html',
  'accept-encoding' => 'gzip, deflate, sdch',
  'accept-language' => 'zh-CN,zh;q=0.8',
  'cookie' => 'UM_distinctid=15e0056054b83-030b3a342-3b664008-100200-15e00560550104; CNZZDATA1262804087=228083693-1503244190-%7C1503244190; PHPSESSID=0288quaruefqq39u0krco3ssp7',
)
[ info ] [ PARAM ] array (
  'v' => '4.0',
)
[ info ] [ SESSION ] INIT array (
  'id' => '',
  'var_session_id' => '',
  'prefix' => 'think',
  'type' => '',
  'auto_start' => true,
)
[ info ] [ DB ] INIT mysql
[ info ] [ RUN ] app\admin\controller\Menu->list_menu[ C:\Users\starwork\Desktop\20170818\blog\application\admin\controller\Menu.php ]
[ info ] [ VIEW ] C:\Users\starwork\Desktop\20170818\blog\public/../application/admin\view\menu\list_menu.html [ array (
  0 => 'admin_nickname',
  1 => 'menu',
  2 => 'listRule',
  3 => 'list',
) ]
[ info ] [ LOG ] INIT File
[ sql ] [ DB ] CONNECT:[ UseTime:0.001763s ] mysql:dbname=blog;host=127.0.0.1;port=3306;charset=utf8
[ sql ] [ SQL ] SHOW COLUMNS FROM `laozhang_admin_nav` [ RunTime:0.017177s ]
[ sql ] [ SQL ] SELECT * FROM `laozhang_admin_nav` ORDER BY `sort` [ RunTime:0.000629s ]
[ sql ] [ SQL ] SELECT * FROM `laozhang_admin_nav` ORDER BY `sort` [ RunTime:0.000624s ]
---------------------------------------------------------------
[ 2017-08-20T23:59:54+08:00 ] 127.0.0.1 127.0.0.1 GET /admin/index/index.html
[ info ] www.blog.com/admin/index/index.html [运行时间：0.071989s][吞吐率：13.89req/s] [内存消耗：2,875.14kb] [文件加载：57]
[ info ] [ LANG ] C:\Users\starwork\Desktop\20170818\blog\thinkphp\lang\zh-cn.php
[ info ] [ ROUTE ] array (
  'type' => 'module',
  'module' => 
  array (
    0 => 'admin',
    1 => 'index',
    2 => 'index',
  ),
)
[ info ] [ HEADER ] array (
  'host' => 'www.blog.com',
  'connection' => 'keep-alive',
  'cache-control' => 'max-age=0',
  'accept' => 'text/html,application/xhtml+xml,application/xml;q=0.9,image/webp,*/*;q=0.8',
  'upgrade-insecure-requests' => '1',
  'user-agent' => 'Mozilla/5.0 (Windows NT 10.0; WOW64) AppleWebKit/537.36 (KHTML, like Gecko) Chrome/45.0.2454.101 Safari/537.36',
  'referer' => 'http://www.blog.com/admin/login/login.html',
  'accept-encoding' => 'gzip, deflate, sdch',
  'accept-language' => 'zh-CN,zh;q=0.8',
  'cookie' => 'UM_distinctid=15e0056054b83-030b3a342-3b664008-100200-15e00560550104; CNZZDATA1262804087=228083693-1503244190-%7C1503244190; PHPSESSID=0288quaruefqq39u0krco3ssp7',
)
[ info ] [ PARAM ] array (
)
[ info ] [ SESSION ] INIT array (
  'id' => '',
  'var_session_id' => '',
  'prefix' => 'think',
  'type' => '',
  'auto_start' => true,
)
[ info ] [ DB ] INIT mysql
[ info ] [ RUN ] app\admin\controller\Index->index[ C:\Users\starwork\Desktop\20170818\blog\application\admin\controller\Index.php ]
[ info ] [ VIEW ] C:\Users\starwork\Desktop\20170818\blog\public/../application/admin\view\index.html [ array (
  0 => 'admin_nickname',
  1 => 'menu',
) ]
[ info ] [ LOG ] INIT File
[ sql ] [ DB ] CONNECT:[ UseTime:0.001243s ] mysql:dbname=blog;host=127.0.0.1;port=3306;charset=utf8
[ sql ] [ SQL ] SHOW COLUMNS FROM `laozhang_admin_nav` [ RunTime:0.016770s ]
[ sql ] [ SQL ] SELECT * FROM `laozhang_admin_nav` ORDER BY `sort` [ RunTime:0.000607s ]
---------------------------------------------------------------
[ 2017-08-20T23:59:54+08:00 ] 127.0.0.1 127.0.0.1 GET /admin/index/home.html
[ info ] www.blog.com/admin/index/home.html [运行时间：0.095935s][吞吐率：10.42req/s] [内存消耗：2,863.11kb] [文件加载：58]
[ info ] [ LANG ] C:\Users\starwork\Desktop\20170818\blog\thinkphp\lang\zh-cn.php
[ info ] [ ROUTE ] array (
  'type' => 'module',
  'module' => 
  array (
    0 => 'admin',
    1 => 'index',
    2 => 'home',
  ),
)
[ info ] [ HEADER ] array (
  'host' => 'www.blog.com',
  'connection' => 'keep-alive',
  'cache-control' => 'max-age=0',
  'accept' => 'text/html,application/xhtml+xml,application/xml;q=0.9,image/webp,*/*;q=0.8',
  'upgrade-insecure-requests' => '1',
  'user-agent' => 'Mozilla/5.0 (Windows NT 10.0; WOW64) AppleWebKit/537.36 (KHTML, like Gecko) Chrome/45.0.2454.101 Safari/537.36',
  'referer' => 'http://www.blog.com/admin/index/index.html',
  'accept-encoding' => 'gzip, deflate, sdch',
  'accept-language' => 'zh-CN,zh;q=0.8',
  'cookie' => 'UM_distinctid=15e0056054b83-030b3a342-3b664008-100200-15e00560550104; CNZZDATA1262804087=228083693-1503244190-%7C1503244190; PHPSESSID=0288quaruefqq39u0krco3ssp7',
)
[ info ] [ PARAM ] array (
)
[ info ] [ SESSION ] INIT array (
  'id' => '',
  'var_session_id' => '',
  'prefix' => 'think',
  'type' => '',
  'auto_start' => true,
)
[ info ] [ DB ] INIT mysql
[ info ] [ RUN ] app\admin\controller\Index->home[ C:\Users\starwork\Desktop\20170818\blog\application\admin\controller\Index.php ]
[ info ] [ VIEW ] C:\Users\starwork\Desktop\20170818\blog\public/../application/admin\view\index\home.html [ array (
  0 => 'admin_nickname',
  1 => 'menu',
  2 => 'NewMessage',
) ]
[ info ] [ LOG ] INIT File
[ sql ] [ DB ] CONNECT:[ UseTime:0.001997s ] mysql:dbname=blog;host=127.0.0.1;port=3306;charset=utf8
[ sql ] [ SQL ] SHOW COLUMNS FROM `laozhang_admin_nav` [ RunTime:0.013148s ]
[ sql ] [ SQL ] SELECT * FROM `laozhang_admin_nav` ORDER BY `sort` [ RunTime:0.000635s ]
[ sql ] [ SQL ] SHOW COLUMNS FROM `laozhang_words` [ RunTime:0.019792s ]
[ sql ] [ SQL ] SELECT `content`,`ip`,`update_time`,`id`,`nick_name` FROM `laozhang_words` ORDER BY id desc [ RunTime:0.000368s ]
---------------------------------------------------------------
[ 2017-08-20T23:59:55+08:00 ] 127.0.0.1 127.0.0.1 GET /admin/message/list_message?v=4.0
[ info ] www.blog.com/admin/message/list_message?v=4.0 [运行时间：0.146285s][吞吐率：6.84req/s] [内存消耗：3,189.07kb] [文件加载：64]
[ info ] [ LANG ] C:\Users\starwork\Desktop\20170818\blog\thinkphp\lang\zh-cn.php
[ info ] [ ROUTE ] array (
  'type' => 'module',
  'module' => 
  array (
    0 => 'admin',
    1 => 'message',
    2 => 'list_message',
  ),
)
[ info ] [ HEADER ] array (
  'host' => 'www.blog.com',
  'connection' => 'keep-alive',
  'accept' => 'text/html,application/xhtml+xml,application/xml;q=0.9,image/webp,*/*;q=0.8',
  'upgrade-insecure-requests' => '1',
  'user-agent' => 'Mozilla/5.0 (Windows NT 10.0; WOW64) AppleWebKit/537.36 (KHTML, like Gecko) Chrome/45.0.2454.101 Safari/537.36',
  'referer' => 'http://www.blog.com/admin/index/index.html',
  'accept-encoding' => 'gzip, deflate, sdch',
  'accept-language' => 'zh-CN,zh;q=0.8',
  'cookie' => 'UM_distinctid=15e0056054b83-030b3a342-3b664008-100200-15e00560550104; CNZZDATA1262804087=228083693-1503244190-%7C1503244190; PHPSESSID=0288quaruefqq39u0krco3ssp7',
)
[ info ] [ PARAM ] array (
  'v' => '4.0',
)
[ info ] [ SESSION ] INIT array (
  'id' => '',
  'var_session_id' => '',
  'prefix' => 'think',
  'type' => '',
  'auto_start' => true,
)
[ info ] [ DB ] INIT mysql
[ info ] [ RUN ] app\admin\controller\Message->list_message[ C:\Users\starwork\Desktop\20170818\blog\application\admin\controller\Message.php ]
[ info ] [ VIEW ] C:\Users\starwork\Desktop\20170818\blog\public/../application/admin\view\message\list_message.html [ array (
  0 => 'admin_nickname',
  1 => 'menu',
  2 => 'page',
  3 => 'list',
) ]
[ info ] [ LOG ] INIT File
[ sql ] [ DB ] CONNECT:[ UseTime:0.001385s ] mysql:dbname=blog;host=127.0.0.1;port=3306;charset=utf8
[ sql ] [ SQL ] SHOW COLUMNS FROM `laozhang_admin_nav` [ RunTime:0.017439s ]
[ sql ] [ SQL ] SELECT * FROM `laozhang_admin_nav` ORDER BY `sort` [ RunTime:0.000730s ]
[ sql ] [ SQL ] SHOW COLUMNS FROM `laozhang_words` [ RunTime:0.015249s ]
[ sql ] [ SQL ] SELECT COUNT(*) AS tp_count FROM `laozhang_words` LIMIT 1 [ RunTime:0.000235s ]
[ sql ] [ SQL ] SELECT *,`id` FROM `laozhang_words` ORDER BY id desc LIMIT 0,10 [ RunTime:0.000459s ]
---------------------------------------------------------------
[ 2017-08-20T23:59:57+08:00 ] 127.0.0.1 127.0.0.1 GET /admin/index/index.html
[ info ] www.blog.com/admin/index/index.html [运行时间：0.068296s][吞吐率：14.64req/s] [内存消耗：2,875.14kb] [文件加载：57]
[ info ] [ LANG ] C:\Users\starwork\Desktop\20170818\blog\thinkphp\lang\zh-cn.php
[ info ] [ ROUTE ] array (
  'type' => 'module',
  'module' => 
  array (
    0 => 'admin',
    1 => 'index',
    2 => 'index',
  ),
)
[ info ] [ HEADER ] array (
  'host' => 'www.blog.com',
  'connection' => 'keep-alive',
  'cache-control' => 'max-age=0',
  'accept' => 'text/html,application/xhtml+xml,application/xml;q=0.9,image/webp,*/*;q=0.8',
  'upgrade-insecure-requests' => '1',
  'user-agent' => 'Mozilla/5.0 (Windows NT 10.0; WOW64) AppleWebKit/537.36 (KHTML, like Gecko) Chrome/45.0.2454.101 Safari/537.36',
  'referer' => 'http://www.blog.com/admin/login/login.html',
  'accept-encoding' => 'gzip, deflate, sdch',
  'accept-language' => 'zh-CN,zh;q=0.8',
  'cookie' => 'UM_distinctid=15e0056054b83-030b3a342-3b664008-100200-15e00560550104; CNZZDATA1262804087=228083693-1503244190-%7C1503244190; PHPSESSID=0288quaruefqq39u0krco3ssp7',
)
[ info ] [ PARAM ] array (
)
[ info ] [ SESSION ] INIT array (
  'id' => '',
  'var_session_id' => '',
  'prefix' => 'think',
  'type' => '',
  'auto_start' => true,
)
[ info ] [ DB ] INIT mysql
[ info ] [ RUN ] app\admin\controller\Index->index[ C:\Users\starwork\Desktop\20170818\blog\application\admin\controller\Index.php ]
[ info ] [ VIEW ] C:\Users\starwork\Desktop\20170818\blog\public/../application/admin\view\index.html [ array (
  0 => 'admin_nickname',
  1 => 'menu',
) ]
[ info ] [ LOG ] INIT File
[ sql ] [ DB ] CONNECT:[ UseTime:0.001311s ] mysql:dbname=blog;host=127.0.0.1;port=3306;charset=utf8
[ sql ] [ SQL ] SHOW COLUMNS FROM `laozhang_admin_nav` [ RunTime:0.016496s ]
[ sql ] [ SQL ] SELECT * FROM `laozhang_admin_nav` ORDER BY `sort` [ RunTime:0.000602s ]
---------------------------------------------------------------
[ 2017-08-20T23:59:57+08:00 ] 127.0.0.1 127.0.0.1 GET /admin/index/home.html
[ info ] www.blog.com/admin/index/home.html [运行时间：0.098776s][吞吐率：10.12req/s] [内存消耗：2,863.11kb] [文件加载：58]
[ info ] [ LANG ] C:\Users\starwork\Desktop\20170818\blog\thinkphp\lang\zh-cn.php
[ info ] [ ROUTE ] array (
  'type' => 'module',
  'module' => 
  array (
    0 => 'admin',
    1 => 'index',
    2 => 'home',
  ),
)
[ info ] [ HEADER ] array (
  'host' => 'www.blog.com',
  'connection' => 'keep-alive',
  'cache-control' => 'max-age=0',
  'accept' => 'text/html,application/xhtml+xml,application/xml;q=0.9,image/webp,*/*;q=0.8',
  'upgrade-insecure-requests' => '1',
  'user-agent' => 'Mozilla/5.0 (Windows NT 10.0; WOW64) AppleWebKit/537.36 (KHTML, like Gecko) Chrome/45.0.2454.101 Safari/537.36',
  'referer' => 'http://www.blog.com/admin/index/index.html',
  'accept-encoding' => 'gzip, deflate, sdch',
  'accept-language' => 'zh-CN,zh;q=0.8',
  'cookie' => 'UM_distinctid=15e0056054b83-030b3a342-3b664008-100200-15e00560550104; CNZZDATA1262804087=228083693-1503244190-%7C1503244190; PHPSESSID=0288quaruefqq39u0krco3ssp7',
)
[ info ] [ PARAM ] array (
)
[ info ] [ SESSION ] INIT array (
  'id' => '',
  'var_session_id' => '',
  'prefix' => 'think',
  'type' => '',
  'auto_start' => true,
)
[ info ] [ DB ] INIT mysql
[ info ] [ RUN ] app\admin\controller\Index->home[ C:\Users\starwork\Desktop\20170818\blog\application\admin\controller\Index.php ]
[ info ] [ VIEW ] C:\Users\starwork\Desktop\20170818\blog\public/../application/admin\view\index\home.html [ array (
  0 => 'admin_nickname',
  1 => 'menu',
  2 => 'NewMessage',
) ]
[ info ] [ LOG ] INIT File
[ sql ] [ DB ] CONNECT:[ UseTime:0.001466s ] mysql:dbname=blog;host=127.0.0.1;port=3306;charset=utf8
[ sql ] [ SQL ] SHOW COLUMNS FROM `laozhang_admin_nav` [ RunTime:0.013985s ]
[ sql ] [ SQL ] SELECT * FROM `laozhang_admin_nav` ORDER BY `sort` [ RunTime:0.000511s ]
[ sql ] [ SQL ] SHOW COLUMNS FROM `laozhang_words` [ RunTime:0.015696s ]
[ sql ] [ SQL ] SELECT `content`,`ip`,`update_time`,`id`,`nick_name` FROM `laozhang_words` ORDER BY id desc [ RunTime:0.000366s ]
