---------------------------------------------------------------
[ 2018-01-19T12:46:32+08:00 ] 127.0.0.1 127.0.0.1 GET /
[ info ] www.boot-test.com/ [运行时间：0.577033s][吞吐率：1.73req/s] [内存消耗：2,835.61kb] [文件加载：56]
[ info ] [ LANG ] C:\Users\Administrator\Desktop\Project\boot-cms-test\thinkphp\lang\zh-cn.php
[ info ] [ ROUTE ] array (
  'type' => 'module',
  'module' => 
  array (
    0 => '',
    1 => NULL,
    2 => NULL,
  ),
)
[ info ] [ HEADER ] array (
  'host' => 'www.boot-test.com',
  'connection' => 'keep-alive',
  'upgrade-insecure-requests' => '1',
  'user-agent' => 'Mozilla/5.0 (Windows NT 6.1; WOW64) AppleWebKit/537.36 (KHTML, like Gecko) Chrome/55.0.2883.87 Safari/537.36',
  'accept' => 'text/html,application/xhtml+xml,application/xml;q=0.9,image/webp,*/*;q=0.8',
  'accept-encoding' => 'gzip, deflate, sdch',
  'accept-language' => 'zh-CN,zh;q=0.8',
)
[ info ] [ PARAM ] array (
)
[ info ] [ DB ] INIT mysql
[ info ] [ RUN ] app\index\controller\Index->index[ C:\Users\Administrator\Desktop\Project\boot-cms-test\application\index\controller\Index.php ]
[ info ] [ VIEW ] C:\Users\Administrator\Desktop\Project\boot-cms-test\public/../application/index\view\index\index.html [ array (
  0 => 'Menu',
  1 => 'config',
) ]
[ info ] [ LOG ] INIT File
[ sql ] [ DB ] CONNECT:[ UseTime:0.018001s ] mysql:dbname=boot-cms-test;host=127.0.0.1;port=3306;charset=utf8
[ sql ] [ SQL ] SHOW COLUMNS FROM `boot_menu_home` [ RunTime:0.058003s ]
[ sql ] [ SQL ] SELECT `id`,`name`,`status`,`order`,`p_id`,`template_link`,`template_cate` FROM `boot_menu_home` WHERE  `status` = 1 [ RunTime:0.000000s ]
[ sql ] [ SQL ] SHOW COLUMNS FROM `boot_config` [ RunTime:0.042002s ]
[ sql ] [ SQL ] SELECT * FROM `boot_config` [ RunTime:0.004001s ]
---------------------------------------------------------------
[ 2018-01-19T12:46:56+08:00 ] 127.0.0.1 127.0.0.1 GET /favicon.ico
[ info ] www.boot-test.com/favicon.ico [运行时间：0.082004s][吞吐率：12.19req/s] [内存消耗：1,444.84kb] [文件加载：40]
[ info ] [ LANG ] C:\Users\Administrator\Desktop\Project\boot-cms-test\thinkphp\lang\zh-cn.php
[ info ] [ ROUTE ] array (
  'type' => 'module',
  'module' => 
  array (
    0 => 'favicon.ico',
    1 => NULL,
    2 => NULL,
  ),
)
[ info ] [ HEADER ] array (
  'host' => 'www.boot-test.com',
  'connection' => 'keep-alive',
  'user-agent' => 'Mozilla/5.0 (Windows NT 6.1; WOW64) AppleWebKit/537.36 (KHTML, like Gecko) Chrome/55.0.2883.87 Safari/537.36',
  'accept' => 'image/webp,image/*,*/*;q=0.8',
  'referer' => 'http://www.boot-test.com/',
  'accept-encoding' => 'gzip, deflate, sdch',
  'accept-language' => 'zh-CN,zh;q=0.8',
)
[ info ] [ PARAM ] array (
)
[ info ] [ LOG ] INIT File
---------------------------------------------------------------
[ 2018-01-19T12:46:58+08:00 ] 127.0.0.1 127.0.0.1 GET /index/lists/article/page/105
[ info ] www.boot-test.com/index/lists/article/page/105 [运行时间：0.187011s][吞吐率：5.35req/s] [内存消耗：2,977.23kb] [文件加载：60]
[ info ] [ LANG ] C:\Users\Administrator\Desktop\Project\boot-cms-test\thinkphp\lang\zh-cn.php
[ info ] [ ROUTE ] array (
  'type' => 'module',
  'module' => 
  array (
    0 => 'index',
    1 => 'lists',
    2 => 'article',
  ),
)
[ info ] [ HEADER ] array (
  'host' => 'www.boot-test.com',
  'connection' => 'keep-alive',
  'upgrade-insecure-requests' => '1',
  'user-agent' => 'Mozilla/5.0 (Windows NT 6.1; WOW64) AppleWebKit/537.36 (KHTML, like Gecko) Chrome/55.0.2883.87 Safari/537.36',
  'accept' => 'text/html,application/xhtml+xml,application/xml;q=0.9,image/webp,*/*;q=0.8',
  'referer' => 'http://www.boot-test.com/',
  'accept-encoding' => 'gzip, deflate, sdch',
  'accept-language' => 'zh-CN,zh;q=0.8',
)
[ info ] [ PARAM ] array (
  'page' => '105',
)
[ info ] [ DB ] INIT mysql
[ info ] [ RUN ] app\index\controller\Lists->article[ C:\Users\Administrator\Desktop\Project\boot-cms-test\application\index\controller\Lists.php ]
[ info ] [ VIEW ] C:\Users\Administrator\Desktop\Project\boot-cms-test\public/../application/index\view\lists\article.html [ array (
  0 => 'Menu',
  1 => 'config',
  2 => 'SeoConfig',
  3 => 'list',
  4 => 'page',
) ]
[ info ] [ LOG ] INIT File
[ sql ] [ DB ] CONNECT:[ UseTime:0.010000s ] mysql:dbname=boot-cms-test;host=127.0.0.1;port=3306;charset=utf8
[ sql ] [ SQL ] SHOW COLUMNS FROM `boot_menu_home` [ RunTime:0.010001s ]
[ sql ] [ SQL ] SELECT `id`,`name`,`status`,`order`,`p_id`,`template_link`,`template_cate` FROM `boot_menu_home` WHERE  `status` = 1 [ RunTime:0.001000s ]
[ sql ] [ SQL ] SHOW COLUMNS FROM `boot_config` [ RunTime:0.005000s ]
[ sql ] [ SQL ] SELECT * FROM `boot_config` [ RunTime:0.000000s ]
[ sql ] [ SQL ] SELECT `name`,`keywords`,`description` FROM `boot_menu_home` WHERE  `id` = 105 LIMIT 1 [ RunTime:0.000000s ]
[ sql ] [ SQL ] SHOW COLUMNS FROM `boot_article` [ RunTime:0.035002s ]
[ sql ] [ SQL ] SELECT COUNT(*) AS tp_count FROM `boot_article` WHERE  `cate_id` = 105 LIMIT 1 [ RunTime:0.000000s ]
[ sql ] [ SQL ] SELECT `id`,`title`,`description`,`views`,`update_time`,`photo`,`author` FROM `boot_article` WHERE  `cate_id` = 105 LIMIT 0,6 [ RunTime:0.000000s ]
---------------------------------------------------------------
[ 2018-01-19T12:47:02+08:00 ] 127.0.0.1 127.0.0.1 GET /index/page/index/page/110
[ info ] www.boot-test.com/index/page/index/page/110 [运行时间：0.074005s][吞吐率：13.51req/s] [内存消耗：2,824.09kb] [文件加载：56]
[ info ] [ LANG ] C:\Users\Administrator\Desktop\Project\boot-cms-test\thinkphp\lang\zh-cn.php
[ info ] [ ROUTE ] array (
  'type' => 'module',
  'module' => 
  array (
    0 => 'index',
    1 => 'page',
    2 => 'index',
  ),
)
[ info ] [ HEADER ] array (
  'host' => 'www.boot-test.com',
  'connection' => 'keep-alive',
  'upgrade-insecure-requests' => '1',
  'user-agent' => 'Mozilla/5.0 (Windows NT 6.1; WOW64) AppleWebKit/537.36 (KHTML, like Gecko) Chrome/55.0.2883.87 Safari/537.36',
  'accept' => 'text/html,application/xhtml+xml,application/xml;q=0.9,image/webp,*/*;q=0.8',
  'referer' => 'http://www.boot-test.com/index/lists/article/page/105',
  'accept-encoding' => 'gzip, deflate, sdch',
  'accept-language' => 'zh-CN,zh;q=0.8',
)
[ info ] [ PARAM ] array (
  'page' => '110',
)
[ info ] [ DB ] INIT mysql
[ info ] [ RUN ] app\index\controller\Page->index[ C:\Users\Administrator\Desktop\Project\boot-cms-test\application\index\controller\Page.php ]
[ info ] [ VIEW ] C:\Users\Administrator\Desktop\Project\boot-cms-test\public/../application/index\view\page\index.html [ array (
  0 => 'Menu',
  1 => 'config',
  2 => 'MenuInfo',
) ]
[ info ] [ LOG ] INIT File
[ sql ] [ DB ] CONNECT:[ UseTime:0.010001s ] mysql:dbname=boot-cms-test;host=127.0.0.1;port=3306;charset=utf8
[ sql ] [ SQL ] SHOW COLUMNS FROM `boot_menu_home` [ RunTime:0.003000s ]
[ sql ] [ SQL ] SELECT `id`,`name`,`status`,`order`,`p_id`,`template_link`,`template_cate` FROM `boot_menu_home` WHERE  `status` = 1 [ RunTime:0.000000s ]
[ sql ] [ SQL ] SHOW COLUMNS FROM `boot_config` [ RunTime:0.002000s ]
[ sql ] [ SQL ] SELECT * FROM `boot_config` [ RunTime:0.001000s ]
[ sql ] [ SQL ] SELECT `name`,`keywords`,`description`,`content` FROM `boot_menu_home` WHERE  `id` = 110 LIMIT 1 [ RunTime:0.000000s ]
---------------------------------------------------------------
[ 2018-01-19T12:47:04+08:00 ] 127.0.0.1 127.0.0.1 GET /index/page/index/page/111
[ info ] www.boot-test.com/index/page/index/page/111 [运行时间：0.068004s][吞吐率：14.71req/s] [内存消耗：2,824.05kb] [文件加载：56]
[ info ] [ LANG ] C:\Users\Administrator\Desktop\Project\boot-cms-test\thinkphp\lang\zh-cn.php
[ info ] [ ROUTE ] array (
  'type' => 'module',
  'module' => 
  array (
    0 => 'index',
    1 => 'page',
    2 => 'index',
  ),
)
[ info ] [ HEADER ] array (
  'host' => 'www.boot-test.com',
  'connection' => 'keep-alive',
  'upgrade-insecure-requests' => '1',
  'user-agent' => 'Mozilla/5.0 (Windows NT 6.1; WOW64) AppleWebKit/537.36 (KHTML, like Gecko) Chrome/55.0.2883.87 Safari/537.36',
  'accept' => 'text/html,application/xhtml+xml,application/xml;q=0.9,image/webp,*/*;q=0.8',
  'referer' => 'http://www.boot-test.com/index/page/index/page/110',
  'accept-encoding' => 'gzip, deflate, sdch',
  'accept-language' => 'zh-CN,zh;q=0.8',
)
[ info ] [ PARAM ] array (
  'page' => '111',
)
[ info ] [ DB ] INIT mysql
[ info ] [ RUN ] app\index\controller\Page->index[ C:\Users\Administrator\Desktop\Project\boot-cms-test\application\index\controller\Page.php ]
[ info ] [ VIEW ] C:\Users\Administrator\Desktop\Project\boot-cms-test\public/../application/index\view\page\index.html [ array (
  0 => 'Menu',
  1 => 'config',
  2 => 'MenuInfo',
) ]
[ info ] [ LOG ] INIT File
[ sql ] [ DB ] CONNECT:[ UseTime:0.010000s ] mysql:dbname=boot-cms-test;host=127.0.0.1;port=3306;charset=utf8
[ sql ] [ SQL ] SHOW COLUMNS FROM `boot_menu_home` [ RunTime:0.003000s ]
[ sql ] [ SQL ] SELECT `id`,`name`,`status`,`order`,`p_id`,`template_link`,`template_cate` FROM `boot_menu_home` WHERE  `status` = 1 [ RunTime:0.000000s ]
[ sql ] [ SQL ] SHOW COLUMNS FROM `boot_config` [ RunTime:0.002000s ]
[ sql ] [ SQL ] SELECT * FROM `boot_config` [ RunTime:0.000000s ]
[ sql ] [ SQL ] SELECT `name`,`keywords`,`description`,`content` FROM `boot_menu_home` WHERE  `id` = 111 LIMIT 1 [ RunTime:0.000000s ]
---------------------------------------------------------------
[ 2018-01-19T15:39:44+08:00 ] 127.0.0.1 127.0.0.1 GET /
[ info ] www.boot-test.com/ [运行时间：0.091005s][吞吐率：10.99req/s] [内存消耗：2,835.82kb] [文件加载：56]
[ info ] [ LANG ] C:\Users\Administrator\Desktop\Project\boot-cms-test\thinkphp\lang\zh-cn.php
[ info ] [ ROUTE ] array (
  'type' => 'module',
  'module' => 
  array (
    0 => '',
    1 => NULL,
    2 => NULL,
  ),
)
[ info ] [ HEADER ] array (
  'host' => 'www.boot-test.com',
  'user-agent' => 'Mozilla/5.0 (Windows NT 6.1; WOW64) AppleWebKit/537.36 (KHTML, like Gecko) Chrome/55.0.2883.87 Safari/537.36',
  'accept' => 'text/html,application/xhtml+xml,application/xml;q=0.9,image/webp,*/*;q=0.8',
  'accept-encoding' => 'gzip, deflate, sdch',
  'accept-language' => 'zh-CN,zh;q=0.8',
  'proxy-connection' => 'keep-alive',
  'upgrade-insecure-requests' => '1',
  'x-lantern-version' => '4.4.2',
)
[ info ] [ PARAM ] array (
)
[ info ] [ DB ] INIT mysql
[ info ] [ RUN ] app\index\controller\Index->index[ C:\Users\Administrator\Desktop\Project\boot-cms-test\application\index\controller\Index.php ]
[ info ] [ VIEW ] C:\Users\Administrator\Desktop\Project\boot-cms-test\public/../application/index\view\index\index.html [ array (
  0 => 'Menu',
  1 => 'config',
) ]
[ info ] [ LOG ] INIT File
[ sql ] [ DB ] CONNECT:[ UseTime:0.000000s ] mysql:dbname=boot-cms-test;host=127.0.0.1;port=3306;charset=utf8
[ sql ] [ SQL ] SHOW COLUMNS FROM `boot_menu_home` [ RunTime:0.014001s ]
[ sql ] [ SQL ] SELECT `id`,`name`,`status`,`order`,`p_id`,`template_link`,`template_cate` FROM `boot_menu_home` WHERE  `status` = 1 [ RunTime:0.001000s ]
[ sql ] [ SQL ] SHOW COLUMNS FROM `boot_config` [ RunTime:0.013001s ]
[ sql ] [ SQL ] SELECT * FROM `boot_config` [ RunTime:0.000000s ]
---------------------------------------------------------------
[ 2018-01-19T15:40:24+08:00 ] 127.0.0.1 127.0.0.1 GET /index/page/index/page/110
[ info ] www.boot-test.com/index/page/index/page/110 [运行时间：0.107006s][吞吐率：9.35req/s] [内存消耗：2,824.28kb] [文件加载：56]
[ info ] [ LANG ] C:\Users\Administrator\Desktop\Project\boot-cms-test\thinkphp\lang\zh-cn.php
[ info ] [ ROUTE ] array (
  'type' => 'module',
  'module' => 
  array (
    0 => 'index',
    1 => 'page',
    2 => 'index',
  ),
)
[ info ] [ HEADER ] array (
  'host' => 'www.boot-test.com',
  'user-agent' => 'Mozilla/5.0 (Windows NT 6.1; WOW64) AppleWebKit/537.36 (KHTML, like Gecko) Chrome/55.0.2883.87 Safari/537.36',
  'accept' => 'text/html,application/xhtml+xml,application/xml;q=0.9,image/webp,*/*;q=0.8',
  'accept-encoding' => 'gzip, deflate, sdch',
  'accept-language' => 'zh-CN,zh;q=0.8',
  'proxy-connection' => 'keep-alive',
  'referer' => 'http://www.boot-test.com/',
  'upgrade-insecure-requests' => '1',
  'x-lantern-version' => '4.4.2',
)
[ info ] [ PARAM ] array (
  'page' => '110',
)
[ info ] [ DB ] INIT mysql
[ info ] [ RUN ] app\index\controller\Page->index[ C:\Users\Administrator\Desktop\Project\boot-cms-test\application\index\controller\Page.php ]
[ info ] [ VIEW ] C:\Users\Administrator\Desktop\Project\boot-cms-test\public/../application/index\view\page\index.html [ array (
  0 => 'Menu',
  1 => 'config',
  2 => 'MenuInfo',
) ]
[ info ] [ LOG ] INIT File
[ sql ] [ DB ] CONNECT:[ UseTime:0.010001s ] mysql:dbname=boot-cms-test;host=127.0.0.1;port=3306;charset=utf8
[ sql ] [ SQL ] SHOW COLUMNS FROM `boot_menu_home` [ RunTime:0.014000s ]
[ sql ] [ SQL ] SELECT `id`,`name`,`status`,`order`,`p_id`,`template_link`,`template_cate` FROM `boot_menu_home` WHERE  `status` = 1 [ RunTime:0.001000s ]
[ sql ] [ SQL ] SHOW COLUMNS FROM `boot_config` [ RunTime:0.013000s ]
[ sql ] [ SQL ] SELECT * FROM `boot_config` [ RunTime:0.000000s ]
[ sql ] [ SQL ] SELECT `name`,`keywords`,`description`,`content` FROM `boot_menu_home` WHERE  `id` = 110 LIMIT 1 [ RunTime:0.001000s ]
---------------------------------------------------------------
[ 2018-01-19T15:40:24+08:00 ] 127.0.0.1 127.0.0.1 GET /favicon.ico
[ info ] www.boot-test.com/favicon.ico [运行时间：0.036002s][吞吐率：27.78req/s] [内存消耗：1,445.06kb] [文件加载：40]
[ info ] [ LANG ] C:\Users\Administrator\Desktop\Project\boot-cms-test\thinkphp\lang\zh-cn.php
[ info ] [ ROUTE ] array (
  'type' => 'module',
  'module' => 
  array (
    0 => 'favicon.ico',
    1 => NULL,
    2 => NULL,
  ),
)
[ info ] [ HEADER ] array (
  'host' => 'www.boot-test.com',
  'user-agent' => 'Mozilla/5.0 (Windows NT 6.1; WOW64) AppleWebKit/537.36 (KHTML, like Gecko) Chrome/55.0.2883.87 Safari/537.36',
  'accept' => 'image/webp,image/*,*/*;q=0.8',
  'accept-encoding' => 'gzip, deflate, sdch',
  'accept-language' => 'zh-CN,zh;q=0.8',
  'proxy-connection' => 'keep-alive',
  'referer' => 'http://www.boot-test.com/index/page/index/page/110',
  'x-lantern-version' => '4.4.2',
)
[ info ] [ PARAM ] array (
)
[ info ] [ LOG ] INIT File
