---------------------------------------------------------------
[ 2017-11-10T14:26:44+08:00 ] 127.0.0.1 127.0.0.1 GET /admin
[ info ] www.boot.com/admin [运行时间：0.466027s][吞吐率：2.15req/s] [内存消耗：1,774.98kb] [文件加载：48]
[ info ] [ LANG ] C:\Users\Administrator\Desktop\Project\boot_cms\thinkphp\lang\zh-cn.php
[ info ] [ ROUTE ] array (
  'type' => 'module',
  'module' => 
  array (
    0 => 'admin',
    1 => NULL,
    2 => NULL,
  ),
)
[ info ] [ HEADER ] array (
  'host' => 'www.boot.com',
  'connection' => 'keep-alive',
  'cache-control' => 'max-age=0',
  'upgrade-insecure-requests' => '1',
  'user-agent' => 'Mozilla/5.0 (Windows NT 6.1; WOW64) AppleWebKit/537.36 (KHTML, like Gecko) Chrome/55.0.2883.87 Safari/537.36',
  'accept' => 'text/html,application/xhtml+xml,application/xml;q=0.9,image/webp,*/*;q=0.8',
  'accept-encoding' => 'gzip, deflate, sdch',
  'accept-language' => 'zh-CN,zh;q=0.8',
  'cookie' => '__guid=173887013.2726377210244230000.1510121365413.1064; monitor_count=274',
)
[ info ] [ PARAM ] array (
)
[ info ] [ SESSION ] INIT array (
  'id' => '',
  'var_session_id' => '',
  'prefix' => 'think',
  'type' => '',
  'auto_start' => true,
)
[ info ] [ LOG ] INIT File
---------------------------------------------------------------
[ 2017-11-10T14:26:45+08:00 ] 127.0.0.1 127.0.0.1 GET /admin/login/login.html
[ info ] www.boot.com/admin/login/login.html [运行时间：0.089005s][吞吐率：11.24req/s] [内存消耗：1,750.08kb] [文件加载：46]
[ info ] [ LANG ] C:\Users\Administrator\Desktop\Project\boot_cms\thinkphp\lang\zh-cn.php
[ info ] [ ROUTE ] array (
  'type' => 'module',
  'module' => 
  array (
    0 => 'admin',
    1 => 'login',
    2 => 'login',
  ),
)
[ info ] [ HEADER ] array (
  'host' => 'www.boot.com',
  'connection' => 'keep-alive',
  'cache-control' => 'max-age=0',
  'upgrade-insecure-requests' => '1',
  'user-agent' => 'Mozilla/5.0 (Windows NT 6.1; WOW64) AppleWebKit/537.36 (KHTML, like Gecko) Chrome/55.0.2883.87 Safari/537.36',
  'accept' => 'text/html,application/xhtml+xml,application/xml;q=0.9,image/webp,*/*;q=0.8',
  'accept-encoding' => 'gzip, deflate, sdch',
  'accept-language' => 'zh-CN,zh;q=0.8',
  'cookie' => '__guid=173887013.2726377210244230000.1510121365413.1064; monitor_count=274; PHPSESSID=nujong23mkptjsocd1cduld1l2',
)
[ info ] [ PARAM ] array (
)
[ info ] [ RUN ] app\admin\controller\Login->login[ C:\Users\Administrator\Desktop\Project\boot_cms\application\admin\controller\Login.php ]
[ info ] [ VIEW ] C:\Users\Administrator\Desktop\Project\boot_cms\public/../application/admin\view\login.html [ array (
) ]
[ info ] [ LOG ] INIT File
---------------------------------------------------------------
[ 2017-11-10T14:26:49+08:00 ] 127.0.0.1 127.0.0.1 POST /admin/login/login.html
[ info ] www.boot.com/admin/login/login.html [运行时间：0.200011s][吞吐率：5.00req/s] [内存消耗：2,496.23kb] [文件加载：53]
[ info ] [ LANG ] C:\Users\Administrator\Desktop\Project\boot_cms\thinkphp\lang\zh-cn.php
[ info ] [ ROUTE ] array (
  'type' => 'module',
  'module' => 
  array (
    0 => 'admin',
    1 => 'login',
    2 => 'login',
  ),
)
[ info ] [ HEADER ] array (
  'host' => 'www.boot.com',
  'connection' => 'keep-alive',
  'content-length' => '21',
  'accept' => 'application/json, text/javascript, */*; q=0.01',
  'origin' => 'http://www.boot.com',
  'x-requested-with' => 'XMLHttpRequest',
  'user-agent' => 'Mozilla/5.0 (Windows NT 6.1; WOW64) AppleWebKit/537.36 (KHTML, like Gecko) Chrome/55.0.2883.87 Safari/537.36',
  'content-type' => 'application/x-www-form-urlencoded; charset=UTF-8',
  'referer' => 'http://www.boot.com/admin/login/login.html',
  'accept-encoding' => 'gzip, deflate',
  'accept-language' => 'zh-CN,zh;q=0.8',
  'cookie' => '__guid=173887013.2726377210244230000.1510121365413.1064; PHPSESSID=nujong23mkptjsocd1cduld1l2; monitor_count=275',
)
[ info ] [ PARAM ] array (
  'user' => 'admin',
  'pass' => 'admin',
)
[ info ] [ RUN ] app\admin\controller\Login->login[ C:\Users\Administrator\Desktop\Project\boot_cms\application\admin\controller\Login.php ]
[ info ] [ DB ] INIT mysql
[ info ] [ SESSION ] INIT array (
  'id' => '',
  'var_session_id' => '',
  'prefix' => 'think',
  'type' => '',
  'auto_start' => true,
)
[ info ] [ LOG ] INIT File
[ sql ] [ DB ] CONNECT:[ UseTime:0.000000s ] mysql:dbname=boot-cms;host=127.0.0.1;port=3306;charset=utf8
[ sql ] [ SQL ] SHOW COLUMNS FROM `boot_admin` [ RunTime:0.031001s ]
[ sql ] [ SQL ] SELECT * FROM `boot_admin` WHERE  `user` = 'admin'  AND `pass` = '59b1a6e5c491fac9e6bbe9ee127cf64088728601' LIMIT 1 [ RunTime:0.001000s ]
---------------------------------------------------------------
[ 2017-11-10T14:26:51+08:00 ] 127.0.0.1 127.0.0.1 GET /admin/index/index.html
[ info ] www.boot.com/admin/index/index.html [运行时间：0.149008s][吞吐率：6.71req/s] [内存消耗：2,889.00kb] [文件加载：57]
[ info ] [ LANG ] C:\Users\Administrator\Desktop\Project\boot_cms\thinkphp\lang\zh-cn.php
[ info ] [ ROUTE ] array (
  'type' => 'module',
  'module' => 
  array (
    0 => 'admin',
    1 => 'index',
    2 => 'index',
  ),
)
[ info ] [ HEADER ] array (
  'host' => 'www.boot.com',
  'connection' => 'keep-alive',
  'upgrade-insecure-requests' => '1',
  'user-agent' => 'Mozilla/5.0 (Windows NT 6.1; WOW64) AppleWebKit/537.36 (KHTML, like Gecko) Chrome/55.0.2883.87 Safari/537.36',
  'accept' => 'text/html,application/xhtml+xml,application/xml;q=0.9,image/webp,*/*;q=0.8',
  'referer' => 'http://www.boot.com/admin/login/login.html',
  'accept-encoding' => 'gzip, deflate, sdch',
  'accept-language' => 'zh-CN,zh;q=0.8',
  'cookie' => '__guid=173887013.2726377210244230000.1510121365413.1064; PHPSESSID=nujong23mkptjsocd1cduld1l2; monitor_count=275',
)
[ info ] [ PARAM ] array (
)
[ info ] [ SESSION ] INIT array (
  'id' => '',
  'var_session_id' => '',
  'prefix' => 'think',
  'type' => '',
  'auto_start' => true,
)
[ info ] [ DB ] INIT mysql
[ info ] [ RUN ] app\admin\controller\Index->index[ C:\Users\Administrator\Desktop\Project\boot_cms\application\admin\controller\Index.php ]
[ info ] [ VIEW ] C:\Users\Administrator\Desktop\Project\boot_cms\public/../application/admin\view\index.html [ array (
  0 => 'admin_nickname',
  1 => 'menu',
) ]
[ info ] [ LOG ] INIT File
[ sql ] [ DB ] CONNECT:[ UseTime:0.011000s ] mysql:dbname=boot-cms;host=127.0.0.1;port=3306;charset=utf8
[ sql ] [ SQL ] SHOW COLUMNS FROM `boot_menu_admin` [ RunTime:0.029002s ]
[ sql ] [ SQL ] SELECT * FROM `boot_menu_admin` ORDER BY `sort` [ RunTime:0.001000s ]
---------------------------------------------------------------
[ 2017-11-10T14:26:51+08:00 ] 127.0.0.1 127.0.0.1 GET /admin/index/home.html
[ info ] www.boot.com/admin/index/home.html [运行时间：0.140008s][吞吐率：7.14req/s] [内存消耗：2,870.91kb] [文件加载：58]
[ info ] [ LANG ] C:\Users\Administrator\Desktop\Project\boot_cms\thinkphp\lang\zh-cn.php
[ info ] [ ROUTE ] array (
  'type' => 'module',
  'module' => 
  array (
    0 => 'admin',
    1 => 'index',
    2 => 'home',
  ),
)
[ info ] [ HEADER ] array (
  'host' => 'www.boot.com',
  'connection' => 'keep-alive',
  'upgrade-insecure-requests' => '1',
  'user-agent' => 'Mozilla/5.0 (Windows NT 6.1; WOW64) AppleWebKit/537.36 (KHTML, like Gecko) Chrome/55.0.2883.87 Safari/537.36',
  'accept' => 'text/html,application/xhtml+xml,application/xml;q=0.9,image/webp,*/*;q=0.8',
  'referer' => 'http://www.boot.com/admin/index/index.html',
  'accept-encoding' => 'gzip, deflate, sdch',
  'accept-language' => 'zh-CN,zh;q=0.8',
  'cookie' => '__guid=173887013.2726377210244230000.1510121365413.1064; PHPSESSID=nujong23mkptjsocd1cduld1l2; monitor_count=276',
)
[ info ] [ PARAM ] array (
)
[ info ] [ SESSION ] INIT array (
  'id' => '',
  'var_session_id' => '',
  'prefix' => 'think',
  'type' => '',
  'auto_start' => true,
)
[ info ] [ DB ] INIT mysql
[ info ] [ RUN ] app\admin\controller\Index->home[ C:\Users\Administrator\Desktop\Project\boot_cms\application\admin\controller\Index.php ]
[ info ] [ VIEW ] C:\Users\Administrator\Desktop\Project\boot_cms\public/../application/admin\view\index\home.html [ array (
  0 => 'admin_nickname',
  1 => 'menu',
  2 => 'NewMessage',
) ]
[ info ] [ LOG ] INIT File
[ sql ] [ DB ] CONNECT:[ UseTime:0.000000s ] mysql:dbname=boot-cms;host=127.0.0.1;port=3306;charset=utf8
[ sql ] [ SQL ] SHOW COLUMNS FROM `boot_menu_admin` [ RunTime:0.002000s ]
[ sql ] [ SQL ] SELECT * FROM `boot_menu_admin` ORDER BY `sort` [ RunTime:0.001000s ]
[ sql ] [ SQL ] SHOW COLUMNS FROM `boot_message` [ RunTime:0.032002s ]
[ sql ] [ SQL ] SELECT `content`,`ip`,`update_time`,`id`,`nick_name` FROM `boot_message` ORDER BY id desc [ RunTime:0.000000s ]
---------------------------------------------------------------
[ 2017-11-10T14:39:46+08:00 ] 127.0.0.1 127.0.0.1 GET /favicon.ico
[ info ] www.boot.com/favicon.ico [运行时间：0.073004s][吞吐率：13.70req/s] [内存消耗：1,435.52kb] [文件加载：40]
[ info ] [ LANG ] C:\Users\Administrator\Desktop\Project\boot_cms\thinkphp\lang\zh-cn.php
[ info ] [ ROUTE ] array (
  'type' => 'module',
  'module' => 
  array (
    0 => 'favicon.ico',
    1 => NULL,
    2 => NULL,
  ),
)
[ info ] [ HEADER ] array (
  'host' => 'www.boot.com',
  'connection' => 'keep-alive',
  'user-agent' => 'Mozilla/5.0 (Windows NT 6.1; WOW64) AppleWebKit/537.36 (KHTML, like Gecko) Chrome/55.0.2883.87 Safari/537.36',
  'accept-encoding' => 'gzip, deflate, sdch',
  'accept-language' => 'zh-CN,zh;q=0.8',
  'cookie' => '__guid=173887013.2726377210244230000.1510121365413.1064; PHPSESSID=nujong23mkptjsocd1cduld1l2; monitor_count=276',
)
[ info ] [ PARAM ] array (
)
[ info ] [ LOG ] INIT File
---------------------------------------------------------------
[ 2017-11-10T14:39:52+08:00 ] 127.0.0.1 127.0.0.1 GET /admin
[ info ] www.boot.com/admin [运行时间：0.048003s][吞吐率：20.83req/s] [内存消耗：2,888.72kb] [文件加载：57]
[ info ] [ LANG ] C:\Users\Administrator\Desktop\Project\boot_cms\thinkphp\lang\zh-cn.php
[ info ] [ ROUTE ] array (
  'type' => 'module',
  'module' => 
  array (
    0 => 'admin',
    1 => NULL,
    2 => NULL,
  ),
)
[ info ] [ HEADER ] array (
  'host' => 'www.boot.com',
  'connection' => 'keep-alive',
  'upgrade-insecure-requests' => '1',
  'user-agent' => 'Mozilla/5.0 (Windows NT 6.1; WOW64) AppleWebKit/537.36 (KHTML, like Gecko) Chrome/55.0.2883.87 Safari/537.36',
  'accept' => 'text/html,application/xhtml+xml,application/xml;q=0.9,image/webp,*/*;q=0.8',
  'accept-encoding' => 'gzip, deflate, sdch',
  'accept-language' => 'zh-CN,zh;q=0.8',
  'cookie' => '__guid=173887013.2726377210244230000.1510121365413.1064; PHPSESSID=nujong23mkptjsocd1cduld1l2; monitor_count=276',
)
[ info ] [ PARAM ] array (
)
[ info ] [ SESSION ] INIT array (
  'id' => '',
  'var_session_id' => '',
  'prefix' => 'think',
  'type' => '',
  'auto_start' => true,
)
[ info ] [ DB ] INIT mysql
[ info ] [ RUN ] app\admin\controller\Index->index[ C:\Users\Administrator\Desktop\Project\boot_cms\application\admin\controller\Index.php ]
[ info ] [ VIEW ] C:\Users\Administrator\Desktop\Project\boot_cms\public/../application/admin\view\index.html [ array (
  0 => 'admin_nickname',
  1 => 'menu',
) ]
[ info ] [ LOG ] INIT File
[ sql ] [ DB ] CONNECT:[ UseTime:0.000000s ] mysql:dbname=boot-cms;host=127.0.0.1;port=3306;charset=utf8
[ sql ] [ SQL ] SHOW COLUMNS FROM `boot_menu_admin` [ RunTime:0.002000s ]
[ sql ] [ SQL ] SELECT * FROM `boot_menu_admin` ORDER BY `sort` [ RunTime:0.000000s ]
---------------------------------------------------------------
[ 2017-11-10T14:39:52+08:00 ] 127.0.0.1 127.0.0.1 GET /admin/index/home.html
[ info ] www.boot.com/admin/index/home.html [运行时间：0.049003s][吞吐率：20.41req/s] [内存消耗：2,870.93kb] [文件加载：58]
[ info ] [ LANG ] C:\Users\Administrator\Desktop\Project\boot_cms\thinkphp\lang\zh-cn.php
[ info ] [ ROUTE ] array (
  'type' => 'module',
  'module' => 
  array (
    0 => 'admin',
    1 => 'index',
    2 => 'home',
  ),
)
[ info ] [ HEADER ] array (
  'host' => 'www.boot.com',
  'connection' => 'keep-alive',
  'upgrade-insecure-requests' => '1',
  'user-agent' => 'Mozilla/5.0 (Windows NT 6.1; WOW64) AppleWebKit/537.36 (KHTML, like Gecko) Chrome/55.0.2883.87 Safari/537.36',
  'accept' => 'text/html,application/xhtml+xml,application/xml;q=0.9,image/webp,*/*;q=0.8',
  'referer' => 'http://www.boot.com/admin',
  'accept-encoding' => 'gzip, deflate, sdch',
  'accept-language' => 'zh-CN,zh;q=0.8',
  'cookie' => '__guid=173887013.2726377210244230000.1510121365413.1064; PHPSESSID=nujong23mkptjsocd1cduld1l2; monitor_count=277',
)
[ info ] [ PARAM ] array (
)
[ info ] [ SESSION ] INIT array (
  'id' => '',
  'var_session_id' => '',
  'prefix' => 'think',
  'type' => '',
  'auto_start' => true,
)
[ info ] [ DB ] INIT mysql
[ info ] [ RUN ] app\admin\controller\Index->home[ C:\Users\Administrator\Desktop\Project\boot_cms\application\admin\controller\Index.php ]
[ info ] [ VIEW ] C:\Users\Administrator\Desktop\Project\boot_cms\public/../application/admin\view\index\home.html [ array (
  0 => 'admin_nickname',
  1 => 'menu',
  2 => 'NewMessage',
) ]
[ info ] [ LOG ] INIT File
[ sql ] [ DB ] CONNECT:[ UseTime:0.001001s ] mysql:dbname=boot-cms;host=127.0.0.1;port=3306;charset=utf8
[ sql ] [ SQL ] SHOW COLUMNS FROM `boot_menu_admin` [ RunTime:0.002000s ]
[ sql ] [ SQL ] SELECT * FROM `boot_menu_admin` ORDER BY `sort` [ RunTime:0.001000s ]
[ sql ] [ SQL ] SHOW COLUMNS FROM `boot_message` [ RunTime:0.002000s ]
[ sql ] [ SQL ] SELECT `content`,`ip`,`update_time`,`id`,`nick_name` FROM `boot_message` ORDER BY id desc [ RunTime:0.000000s ]
---------------------------------------------------------------
[ 2017-11-10T14:39:54+08:00 ] 127.0.0.1 127.0.0.1 GET /
[ info ] www.boot.com/ [运行时间：0.146008s][吞吐率：6.85req/s] [内存消耗：2,779.61kb] [文件加载：55]
[ info ] [ LANG ] C:\Users\Administrator\Desktop\Project\boot_cms\thinkphp\lang\zh-cn.php
[ info ] [ ROUTE ] array (
  'type' => 'module',
  'module' => 
  array (
    0 => '',
    1 => NULL,
    2 => NULL,
  ),
)
[ info ] [ HEADER ] array (
  'host' => 'www.boot.com',
  'connection' => 'keep-alive',
  'upgrade-insecure-requests' => '1',
  'user-agent' => 'Mozilla/5.0 (Windows NT 6.1; WOW64) AppleWebKit/537.36 (KHTML, like Gecko) Chrome/55.0.2883.87 Safari/537.36',
  'accept' => 'text/html,application/xhtml+xml,application/xml;q=0.9,image/webp,*/*;q=0.8',
  'accept-encoding' => 'gzip, deflate, sdch',
  'accept-language' => 'zh-CN,zh;q=0.8',
  'cookie' => '__guid=173887013.2726377210244230000.1510121365413.1064; PHPSESSID=nujong23mkptjsocd1cduld1l2; monitor_count=277',
)
[ info ] [ PARAM ] array (
)
[ info ] [ DB ] INIT mysql
[ info ] [ RUN ] app\index\controller\Index->index[ C:\Users\Administrator\Desktop\Project\boot_cms\application\index\controller\Index.php ]
[ info ] [ VIEW ] C:\Users\Administrator\Desktop\Project\boot_cms\public/../application/index\view\index\index.html [ array (
  0 => 'Menu',
) ]
[ info ] [ LOG ] INIT File
[ sql ] [ DB ] CONNECT:[ UseTime:0.001000s ] mysql:dbname=boot-cms;host=127.0.0.1;port=3306;charset=utf8
[ sql ] [ SQL ] SHOW COLUMNS FROM `boot_menu_home` [ RunTime:0.024001s ]
[ sql ] [ SQL ] SELECT `id`,`name`,`status`,`order`,`p_id`,`template_link`,`template_cate` FROM `boot_menu_home` WHERE  `status` = 1 [ RunTime:0.000000s ]
---------------------------------------------------------------
[ 2017-11-10T14:44:38+08:00 ] 127.0.0.1 127.0.0.1 GET /admin/menu_admin/list_menu?v=4.0
[ info ] www.boot.com/admin/menu_admin/list_menu?v=4.0 [运行时间：0.120007s][吞吐率：8.33req/s] [内存消耗：3,004.25kb] [文件加载：57]
[ info ] [ LANG ] C:\Users\Administrator\Desktop\Project\boot_cms\thinkphp\lang\zh-cn.php
[ info ] [ ROUTE ] array (
  'type' => 'module',
  'module' => 
  array (
    0 => 'admin',
    1 => 'menu_admin',
    2 => 'list_menu',
  ),
)
[ info ] [ HEADER ] array (
  'host' => 'www.boot.com',
  'connection' => 'keep-alive',
  'upgrade-insecure-requests' => '1',
  'user-agent' => 'Mozilla/5.0 (Windows NT 6.1; WOW64) AppleWebKit/537.36 (KHTML, like Gecko) Chrome/55.0.2883.87 Safari/537.36',
  'accept' => 'text/html,application/xhtml+xml,application/xml;q=0.9,image/webp,*/*;q=0.8',
  'referer' => 'http://www.boot.com/admin/index/index.html',
  'accept-encoding' => 'gzip, deflate, sdch',
  'accept-language' => 'zh-CN,zh;q=0.8',
  'cookie' => '__guid=173887013.2726377210244230000.1510121365413.1064; PHPSESSID=nujong23mkptjsocd1cduld1l2; monitor_count=278',
)
[ info ] [ PARAM ] array (
  'v' => '4.0',
)
[ info ] [ SESSION ] INIT array (
  'id' => '',
  'var_session_id' => '',
  'prefix' => 'think',
  'type' => '',
  'auto_start' => true,
)
[ info ] [ DB ] INIT mysql
[ info ] [ RUN ] app\admin\controller\MenuAdmin->list_menu[ C:\Users\Administrator\Desktop\Project\boot_cms\application\admin\controller\MenuAdmin.php ]
[ info ] [ VIEW ] C:\Users\Administrator\Desktop\Project\boot_cms\public/../application/admin\view\menu_admin\list_menu.html [ array (
  0 => 'admin_nickname',
  1 => 'menu',
  2 => 'listRule',
  3 => 'list',
) ]
[ info ] [ LOG ] INIT File
[ sql ] [ DB ] CONNECT:[ UseTime:0.010001s ] mysql:dbname=boot-cms;host=127.0.0.1;port=3306;charset=utf8
[ sql ] [ SQL ] SHOW COLUMNS FROM `boot_menu_admin` [ RunTime:0.003000s ]
[ sql ] [ SQL ] SELECT * FROM `boot_menu_admin` ORDER BY `sort` [ RunTime:0.001000s ]
[ sql ] [ SQL ] SELECT * FROM `boot_menu_admin` ORDER BY `sort` [ RunTime:0.001000s ]
---------------------------------------------------------------
[ 2017-11-10T14:44:39+08:00 ] 127.0.0.1 127.0.0.1 GET /admin/menu_home/list_menu?v=4.0
[ info ] www.boot.com/admin/menu_home/list_menu?v=4.0 [运行时间：0.203012s][吞吐率：4.93req/s] [内存消耗：3,019.57kb] [文件加载：58]
[ info ] [ LANG ] C:\Users\Administrator\Desktop\Project\boot_cms\thinkphp\lang\zh-cn.php
[ info ] [ ROUTE ] array (
  'type' => 'module',
  'module' => 
  array (
    0 => 'admin',
    1 => 'menu_home',
    2 => 'list_menu',
  ),
)
[ info ] [ HEADER ] array (
  'host' => 'www.boot.com',
  'connection' => 'keep-alive',
  'upgrade-insecure-requests' => '1',
  'user-agent' => 'Mozilla/5.0 (Windows NT 6.1; WOW64) AppleWebKit/537.36 (KHTML, like Gecko) Chrome/55.0.2883.87 Safari/537.36',
  'accept' => 'text/html,application/xhtml+xml,application/xml;q=0.9,image/webp,*/*;q=0.8',
  'referer' => 'http://www.boot.com/admin/index/index.html',
  'accept-encoding' => 'gzip, deflate, sdch',
  'accept-language' => 'zh-CN,zh;q=0.8',
  'cookie' => '__guid=173887013.2726377210244230000.1510121365413.1064; PHPSESSID=nujong23mkptjsocd1cduld1l2; monitor_count=278',
)
[ info ] [ PARAM ] array (
  'v' => '4.0',
)
[ info ] [ SESSION ] INIT array (
  'id' => '',
  'var_session_id' => '',
  'prefix' => 'think',
  'type' => '',
  'auto_start' => true,
)
[ info ] [ DB ] INIT mysql
[ info ] [ RUN ] app\admin\controller\Menuhome->list_menu[ C:\Users\Administrator\Desktop\Project\boot_cms\application\admin\controller\MenuHome.php ]
[ info ] [ VIEW ] C:\Users\Administrator\Desktop\Project\boot_cms\public/../application/admin\view\menu_home\list_menu.html [ array (
  0 => 'admin_nickname',
  1 => 'menu',
  2 => 'list',
) ]
[ info ] [ LOG ] INIT File
[ sql ] [ DB ] CONNECT:[ UseTime:0.000000s ] mysql:dbname=boot-cms;host=127.0.0.1;port=3306;charset=utf8
[ sql ] [ SQL ] SHOW COLUMNS FROM `boot_menu_admin` [ RunTime:0.003000s ]
[ sql ] [ SQL ] SELECT * FROM `boot_menu_admin` ORDER BY `sort` [ RunTime:0.000000s ]
[ sql ] [ SQL ] SHOW COLUMNS FROM `boot_menu_home` [ RunTime:0.003000s ]
[ sql ] [ SQL ] SELECT `a`.*,b.name as cate_name FROM `boot_menu_home` `a` INNER JOIN `boot_template_cate` `b` ON `a`.`template_cate`=`b`.`id` [ RunTime:0.029002s ]
---------------------------------------------------------------
[ 2017-11-10T14:44:50+08:00 ] 127.0.0.1 127.0.0.1 GET /index.php
[ info ] www.boot.com/index.php [运行时间：0.042003s][吞吐率：23.81req/s] [内存消耗：2,778.41kb] [文件加载：55]
[ info ] [ LANG ] C:\Users\Administrator\Desktop\Project\boot_cms\thinkphp\lang\zh-cn.php
[ info ] [ ROUTE ] array (
  'type' => 'module',
  'module' => 
  array (
    0 => '',
    1 => NULL,
    2 => NULL,
  ),
)
[ info ] [ HEADER ] array (
  'host' => 'www.boot.com',
  'accept-encoding' => 'compress,gzip',
  'connection' => 'Close',
)
[ info ] [ PARAM ] array (
)
[ info ] [ DB ] INIT mysql
[ info ] [ RUN ] app\index\controller\Index->index[ C:\Users\Administrator\Desktop\Project\boot_cms\application\index\controller\Index.php ]
[ info ] [ VIEW ] C:\Users\Administrator\Desktop\Project\boot_cms\public/../application/index\view\index\index.html [ array (
  0 => 'Menu',
) ]
[ info ] [ LOG ] INIT File
[ sql ] [ DB ] CONNECT:[ UseTime:0.001000s ] mysql:dbname=boot-cms;host=127.0.0.1;port=3306;charset=utf8
[ sql ] [ SQL ] SHOW COLUMNS FROM `boot_menu_home` [ RunTime:0.003000s ]
[ sql ] [ SQL ] SELECT `id`,`name`,`status`,`order`,`p_id`,`template_link`,`template_cate` FROM `boot_menu_home` WHERE  `status` = 1 [ RunTime:0.001000s ]
---------------------------------------------------------------
[ 2017-11-10T15:40:25+08:00 ] 127.0.0.1 127.0.0.1 GET /favicon.ico
[ info ] www.boot.com/favicon.ico [运行时间：0.032002s][吞吐率：31.25req/s] [内存消耗：1,435.52kb] [文件加载：40]
[ info ] [ LANG ] C:\Users\Administrator\Desktop\Project\boot_cms\thinkphp\lang\zh-cn.php
[ info ] [ ROUTE ] array (
  'type' => 'module',
  'module' => 
  array (
    0 => 'favicon.ico',
    1 => NULL,
    2 => NULL,
  ),
)
[ info ] [ HEADER ] array (
  'host' => 'www.boot.com',
  'connection' => 'keep-alive',
  'user-agent' => 'Mozilla/5.0 (Windows NT 6.1; WOW64) AppleWebKit/537.36 (KHTML, like Gecko) Chrome/55.0.2883.87 Safari/537.36',
  'accept-encoding' => 'gzip, deflate, sdch',
  'accept-language' => 'zh-CN,zh;q=0.8',
  'cookie' => '__guid=173887013.2726377210244230000.1510121365413.1064; PHPSESSID=nujong23mkptjsocd1cduld1l2; monitor_count=278',
)
[ info ] [ PARAM ] array (
)
[ info ] [ LOG ] INIT File
---------------------------------------------------------------
[ 2017-11-10T15:40:26+08:00 ] 127.0.0.1 127.0.0.1 GET /admin
[ info ] www.boot.com/admin [运行时间：0.042002s][吞吐率：23.81req/s] [内存消耗：2,888.72kb] [文件加载：57]
[ info ] [ LANG ] C:\Users\Administrator\Desktop\Project\boot_cms\thinkphp\lang\zh-cn.php
[ info ] [ ROUTE ] array (
  'type' => 'module',
  'module' => 
  array (
    0 => 'admin',
    1 => NULL,
    2 => NULL,
  ),
)
[ info ] [ HEADER ] array (
  'host' => 'www.boot.com',
  'connection' => 'keep-alive',
  'upgrade-insecure-requests' => '1',
  'user-agent' => 'Mozilla/5.0 (Windows NT 6.1; WOW64) AppleWebKit/537.36 (KHTML, like Gecko) Chrome/55.0.2883.87 Safari/537.36',
  'accept' => 'text/html,application/xhtml+xml,application/xml;q=0.9,image/webp,*/*;q=0.8',
  'accept-encoding' => 'gzip, deflate, sdch',
  'accept-language' => 'zh-CN,zh;q=0.8',
  'cookie' => '__guid=173887013.2726377210244230000.1510121365413.1064; PHPSESSID=nujong23mkptjsocd1cduld1l2; monitor_count=278',
)
[ info ] [ PARAM ] array (
)
[ info ] [ SESSION ] INIT array (
  'id' => '',
  'var_session_id' => '',
  'prefix' => 'think',
  'type' => '',
  'auto_start' => true,
)
[ info ] [ DB ] INIT mysql
[ info ] [ RUN ] app\admin\controller\Index->index[ C:\Users\Administrator\Desktop\Project\boot_cms\application\admin\controller\Index.php ]
[ info ] [ VIEW ] C:\Users\Administrator\Desktop\Project\boot_cms\public/../application/admin\view\index.html [ array (
  0 => 'admin_nickname',
  1 => 'menu',
) ]
[ info ] [ LOG ] INIT File
[ sql ] [ DB ] CONNECT:[ UseTime:0.001000s ] mysql:dbname=boot-cms;host=127.0.0.1;port=3306;charset=utf8
[ sql ] [ SQL ] SHOW COLUMNS FROM `boot_menu_admin` [ RunTime:0.003000s ]
[ sql ] [ SQL ] SELECT * FROM `boot_menu_admin` ORDER BY `sort` [ RunTime:0.000000s ]
---------------------------------------------------------------
[ 2017-11-10T15:40:26+08:00 ] 127.0.0.1 127.0.0.1 GET /admin/index/home.html
[ info ] www.boot.com/admin/index/home.html [运行时间：0.046003s][吞吐率：21.74req/s] [内存消耗：2,870.93kb] [文件加载：58]
[ info ] [ LANG ] C:\Users\Administrator\Desktop\Project\boot_cms\thinkphp\lang\zh-cn.php
[ info ] [ ROUTE ] array (
  'type' => 'module',
  'module' => 
  array (
    0 => 'admin',
    1 => 'index',
    2 => 'home',
  ),
)
[ info ] [ HEADER ] array (
  'host' => 'www.boot.com',
  'connection' => 'keep-alive',
  'upgrade-insecure-requests' => '1',
  'user-agent' => 'Mozilla/5.0 (Windows NT 6.1; WOW64) AppleWebKit/537.36 (KHTML, like Gecko) Chrome/55.0.2883.87 Safari/537.36',
  'accept' => 'text/html,application/xhtml+xml,application/xml;q=0.9,image/webp,*/*;q=0.8',
  'referer' => 'http://www.boot.com/admin',
  'accept-encoding' => 'gzip, deflate, sdch',
  'accept-language' => 'zh-CN,zh;q=0.8',
  'cookie' => '__guid=173887013.2726377210244230000.1510121365413.1064; PHPSESSID=nujong23mkptjsocd1cduld1l2; monitor_count=279',
)
[ info ] [ PARAM ] array (
)
[ info ] [ SESSION ] INIT array (
  'id' => '',
  'var_session_id' => '',
  'prefix' => 'think',
  'type' => '',
  'auto_start' => true,
)
[ info ] [ DB ] INIT mysql
[ info ] [ RUN ] app\admin\controller\Index->home[ C:\Users\Administrator\Desktop\Project\boot_cms\application\admin\controller\Index.php ]
[ info ] [ VIEW ] C:\Users\Administrator\Desktop\Project\boot_cms\public/../application/admin\view\index\home.html [ array (
  0 => 'admin_nickname',
  1 => 'menu',
  2 => 'NewMessage',
) ]
[ info ] [ LOG ] INIT File
[ sql ] [ DB ] CONNECT:[ UseTime:0.001000s ] mysql:dbname=boot-cms;host=127.0.0.1;port=3306;charset=utf8
[ sql ] [ SQL ] SHOW COLUMNS FROM `boot_menu_admin` [ RunTime:0.003001s ]
[ sql ] [ SQL ] SELECT * FROM `boot_menu_admin` ORDER BY `sort` [ RunTime:0.000000s ]
[ sql ] [ SQL ] SHOW COLUMNS FROM `boot_message` [ RunTime:0.003000s ]
[ sql ] [ SQL ] SELECT `content`,`ip`,`update_time`,`id`,`nick_name` FROM `boot_message` ORDER BY id desc [ RunTime:0.001000s ]
---------------------------------------------------------------
[ 2017-11-10T15:40:29+08:00 ] 127.0.0.1 127.0.0.1 GET /admin/config/sms?v=4.0
[ info ] www.boot.com/admin/config/sms?v=4.0 [运行时间：0.144008s][吞吐率：6.94req/s] [内存消耗：2,914.72kb] [文件加载：58]
[ info ] [ LANG ] C:\Users\Administrator\Desktop\Project\boot_cms\thinkphp\lang\zh-cn.php
[ info ] [ ROUTE ] array (
  'type' => 'module',
  'module' => 
  array (
    0 => 'admin',
    1 => 'config',
    2 => 'sms',
  ),
)
[ info ] [ HEADER ] array (
  'host' => 'www.boot.com',
  'connection' => 'keep-alive',
  'upgrade-insecure-requests' => '1',
  'user-agent' => 'Mozilla/5.0 (Windows NT 6.1; WOW64) AppleWebKit/537.36 (KHTML, like Gecko) Chrome/55.0.2883.87 Safari/537.36',
  'accept' => 'text/html,application/xhtml+xml,application/xml;q=0.9,image/webp,*/*;q=0.8',
  'referer' => 'http://www.boot.com/admin',
  'accept-encoding' => 'gzip, deflate, sdch',
  'accept-language' => 'zh-CN,zh;q=0.8',
  'cookie' => '__guid=173887013.2726377210244230000.1510121365413.1064; PHPSESSID=nujong23mkptjsocd1cduld1l2; monitor_count=279',
)
[ info ] [ PARAM ] array (
  'v' => '4.0',
)
[ info ] [ SESSION ] INIT array (
  'id' => '',
  'var_session_id' => '',
  'prefix' => 'think',
  'type' => '',
  'auto_start' => true,
)
[ info ] [ DB ] INIT mysql
[ info ] [ RUN ] app\admin\controller\Config->sms[ C:\Users\Administrator\Desktop\Project\boot_cms\application\admin\controller\Config.php ]
[ info ] [ VIEW ] C:\Users\Administrator\Desktop\Project\boot_cms\public/../application/admin\view\config\sms.html [ array (
  0 => 'admin_nickname',
  1 => 'menu',
  2 => 'config',
) ]
[ info ] [ LOG ] INIT File
[ sql ] [ DB ] CONNECT:[ UseTime:0.010001s ] mysql:dbname=boot-cms;host=127.0.0.1;port=3306;charset=utf8
[ sql ] [ SQL ] SHOW COLUMNS FROM `boot_menu_admin` [ RunTime:0.002000s ]
[ sql ] [ SQL ] SELECT * FROM `boot_menu_admin` ORDER BY `sort` [ RunTime:0.000000s ]
[ sql ] [ SQL ] SHOW COLUMNS FROM `boot_config` [ RunTime:0.030002s ]
[ sql ] [ SQL ] SELECT * FROM `boot_config` [ RunTime:0.007000s ]
---------------------------------------------------------------
[ 2017-11-10T15:40:31+08:00 ] 127.0.0.1 127.0.0.1 GET /admin/config/seo?v=4.0
[ info ] www.boot.com/admin/config/seo?v=4.0 [运行时间：0.219013s][吞吐率：4.57req/s] [内存消耗：2,914.71kb] [文件加载：58]
[ info ] [ LANG ] C:\Users\Administrator\Desktop\Project\boot_cms\thinkphp\lang\zh-cn.php
[ info ] [ ROUTE ] array (
  'type' => 'module',
  'module' => 
  array (
    0 => 'admin',
    1 => 'config',
    2 => 'seo',
  ),
)
[ info ] [ HEADER ] array (
  'host' => 'www.boot.com',
  'connection' => 'keep-alive',
  'upgrade-insecure-requests' => '1',
  'user-agent' => 'Mozilla/5.0 (Windows NT 6.1; WOW64) AppleWebKit/537.36 (KHTML, like Gecko) Chrome/55.0.2883.87 Safari/537.36',
  'accept' => 'text/html,application/xhtml+xml,application/xml;q=0.9,image/webp,*/*;q=0.8',
  'referer' => 'http://www.boot.com/admin',
  'accept-encoding' => 'gzip, deflate, sdch',
  'accept-language' => 'zh-CN,zh;q=0.8',
  'cookie' => '__guid=173887013.2726377210244230000.1510121365413.1064; PHPSESSID=nujong23mkptjsocd1cduld1l2; monitor_count=279',
)
[ info ] [ PARAM ] array (
  'v' => '4.0',
)
[ info ] [ SESSION ] INIT array (
  'id' => '',
  'var_session_id' => '',
  'prefix' => 'think',
  'type' => '',
  'auto_start' => true,
)
[ info ] [ DB ] INIT mysql
[ info ] [ RUN ] app\admin\controller\Config->seo[ C:\Users\Administrator\Desktop\Project\boot_cms\application\admin\controller\Config.php ]
[ info ] [ VIEW ] C:\Users\Administrator\Desktop\Project\boot_cms\public/../application/admin\view\config\seo.html [ array (
  0 => 'admin_nickname',
  1 => 'menu',
  2 => 'config',
) ]
[ info ] [ LOG ] INIT File
[ sql ] [ DB ] CONNECT:[ UseTime:0.010000s ] mysql:dbname=boot-cms;host=127.0.0.1;port=3306;charset=utf8
[ sql ] [ SQL ] SHOW COLUMNS FROM `boot_menu_admin` [ RunTime:0.003001s ]
[ sql ] [ SQL ] SELECT * FROM `boot_menu_admin` ORDER BY `sort` [ RunTime:0.000000s ]
[ sql ] [ SQL ] SHOW COLUMNS FROM `boot_config` [ RunTime:0.002000s ]
[ sql ] [ SQL ] SELECT * FROM `boot_config` [ RunTime:0.000000s ]
---------------------------------------------------------------
[ 2017-11-10T15:43:39+08:00 ] 127.0.0.1 127.0.0.1 GET /index/index/index
[ info ] www.boot.com/index/index/index [运行时间：0.067004s][吞吐率：14.92req/s] [内存消耗：2,780.00kb] [文件加载：55]
[ info ] [ LANG ] C:\Users\Administrator\Desktop\Project\boot_cms\thinkphp\lang\zh-cn.php
[ info ] [ ROUTE ] array (
  'type' => 'module',
  'module' => 
  array (
    0 => 'index',
    1 => 'index',
    2 => 'index',
  ),
)
[ info ] [ HEADER ] array (
  'host' => 'www.boot.com',
  'connection' => 'keep-alive',
  'upgrade-insecure-requests' => '1',
  'user-agent' => 'Mozilla/5.0 (Windows NT 6.1; WOW64) AppleWebKit/537.36 (KHTML, like Gecko) Chrome/55.0.2883.87 Safari/537.36',
  'accept' => 'text/html,application/xhtml+xml,application/xml;q=0.9,image/webp,*/*;q=0.8',
  'referer' => 'http://www.boot.com/',
  'accept-encoding' => 'gzip, deflate, sdch',
  'accept-language' => 'zh-CN,zh;q=0.8',
  'cookie' => '__guid=173887013.2726377210244230000.1510121365413.1064; PHPSESSID=nujong23mkptjsocd1cduld1l2; monitor_count=279',
)
[ info ] [ PARAM ] array (
)
[ info ] [ DB ] INIT mysql
[ info ] [ RUN ] app\index\controller\Index->index[ C:\Users\Administrator\Desktop\Project\boot_cms\application\index\controller\Index.php ]
[ info ] [ VIEW ] C:\Users\Administrator\Desktop\Project\boot_cms\public/../application/index\view\index\index.html [ array (
  0 => 'Menu',
) ]
[ info ] [ LOG ] INIT File
[ sql ] [ DB ] CONNECT:[ UseTime:0.010001s ] mysql:dbname=boot-cms;host=127.0.0.1;port=3306;charset=utf8
[ sql ] [ SQL ] SHOW COLUMNS FROM `boot_menu_home` [ RunTime:0.004000s ]
[ sql ] [ SQL ] SELECT `id`,`name`,`status`,`order`,`p_id`,`template_link`,`template_cate` FROM `boot_menu_home` WHERE  `status` = 1 [ RunTime:0.000000s ]
---------------------------------------------------------------
[ 2017-11-10T15:46:59+08:00 ] 127.0.0.1 127.0.0.1 GET /index/index/index
[ info ] www.boot.com/index/index/index [运行时间：0.052003s][吞吐率：19.23req/s] [内存消耗：2,780.16kb] [文件加载：55]
[ info ] [ LANG ] C:\Users\Administrator\Desktop\Project\boot_cms\thinkphp\lang\zh-cn.php
[ info ] [ ROUTE ] array (
  'type' => 'module',
  'module' => 
  array (
    0 => 'index',
    1 => 'index',
    2 => 'index',
  ),
)
[ info ] [ HEADER ] array (
  'host' => 'www.boot.com',
  'connection' => 'keep-alive',
  'cache-control' => 'max-age=0',
  'upgrade-insecure-requests' => '1',
  'user-agent' => 'Mozilla/5.0 (Windows NT 6.1; WOW64) AppleWebKit/537.36 (KHTML, like Gecko) Chrome/55.0.2883.87 Safari/537.36',
  'accept' => 'text/html,application/xhtml+xml,application/xml;q=0.9,image/webp,*/*;q=0.8',
  'referer' => 'http://www.boot.com/',
  'accept-encoding' => 'gzip, deflate, sdch',
  'accept-language' => 'zh-CN,zh;q=0.8',
  'cookie' => '__guid=173887013.2726377210244230000.1510121365413.1064; PHPSESSID=nujong23mkptjsocd1cduld1l2; monitor_count=280',
)
[ info ] [ PARAM ] array (
)
[ info ] [ DB ] INIT mysql
[ info ] [ RUN ] app\index\controller\Index->index[ C:\Users\Administrator\Desktop\Project\boot_cms\application\index\controller\Index.php ]
[ info ] [ VIEW ] C:\Users\Administrator\Desktop\Project\boot_cms\public/../application/index\view\index\index.html [ array (
  0 => 'Menu',
) ]
[ info ] [ LOG ] INIT File
[ sql ] [ DB ] CONNECT:[ UseTime:0.001000s ] mysql:dbname=boot-cms;host=127.0.0.1;port=3306;charset=utf8
[ sql ] [ SQL ] SHOW COLUMNS FROM `boot_menu_home` [ RunTime:0.003000s ]
[ sql ] [ SQL ] SELECT `id`,`name`,`status`,`order`,`p_id`,`template_link`,`template_cate` FROM `boot_menu_home` WHERE  `status` = 1 [ RunTime:0.000000s ]
---------------------------------------------------------------
[ 2017-11-10T15:47:05+08:00 ] 127.0.0.1 127.0.0.1 GET /index/index/index
[ info ] www.boot.com/index/index/index [运行时间：0.072004s][吞吐率：13.89req/s] [内存消耗：2,780.16kb] [文件加载：55]
[ info ] [ LANG ] C:\Users\Administrator\Desktop\Project\boot_cms\thinkphp\lang\zh-cn.php
[ info ] [ ROUTE ] array (
  'type' => 'module',
  'module' => 
  array (
    0 => 'index',
    1 => 'index',
    2 => 'index',
  ),
)
[ info ] [ HEADER ] array (
  'host' => 'www.boot.com',
  'connection' => 'keep-alive',
  'cache-control' => 'max-age=0',
  'upgrade-insecure-requests' => '1',
  'user-agent' => 'Mozilla/5.0 (Windows NT 6.1; WOW64) AppleWebKit/537.36 (KHTML, like Gecko) Chrome/55.0.2883.87 Safari/537.36',
  'accept' => 'text/html,application/xhtml+xml,application/xml;q=0.9,image/webp,*/*;q=0.8',
  'referer' => 'http://www.boot.com/',
  'accept-encoding' => 'gzip, deflate, sdch',
  'accept-language' => 'zh-CN,zh;q=0.8',
  'cookie' => '__guid=173887013.2726377210244230000.1510121365413.1064; PHPSESSID=nujong23mkptjsocd1cduld1l2; monitor_count=281',
)
[ info ] [ PARAM ] array (
)
[ info ] [ DB ] INIT mysql
[ info ] [ RUN ] app\index\controller\Index->index[ C:\Users\Administrator\Desktop\Project\boot_cms\application\index\controller\Index.php ]
[ info ] [ VIEW ] C:\Users\Administrator\Desktop\Project\boot_cms\public/../application/index\view\index\index.html [ array (
  0 => 'Menu',
) ]
[ info ] [ LOG ] INIT File
[ sql ] [ DB ] CONNECT:[ UseTime:0.010001s ] mysql:dbname=boot-cms;host=127.0.0.1;port=3306;charset=utf8
[ sql ] [ SQL ] SHOW COLUMNS FROM `boot_menu_home` [ RunTime:0.003000s ]
[ sql ] [ SQL ] SELECT `id`,`name`,`status`,`order`,`p_id`,`template_link`,`template_cate` FROM `boot_menu_home` WHERE  `status` = 1 [ RunTime:0.000000s ]
---------------------------------------------------------------
[ 2017-11-10T15:47:10+08:00 ] 127.0.0.1 127.0.0.1 GET /index/index/index
[ info ] www.boot.com/index/index/index [运行时间：0.074004s][吞吐率：13.51req/s] [内存消耗：2,780.16kb] [文件加载：55]
[ info ] [ LANG ] C:\Users\Administrator\Desktop\Project\boot_cms\thinkphp\lang\zh-cn.php
[ info ] [ ROUTE ] array (
  'type' => 'module',
  'module' => 
  array (
    0 => 'index',
    1 => 'index',
    2 => 'index',
  ),
)
[ info ] [ HEADER ] array (
  'host' => 'www.boot.com',
  'connection' => 'keep-alive',
  'cache-control' => 'max-age=0',
  'upgrade-insecure-requests' => '1',
  'user-agent' => 'Mozilla/5.0 (Windows NT 6.1; WOW64) AppleWebKit/537.36 (KHTML, like Gecko) Chrome/55.0.2883.87 Safari/537.36',
  'accept' => 'text/html,application/xhtml+xml,application/xml;q=0.9,image/webp,*/*;q=0.8',
  'referer' => 'http://www.boot.com/',
  'accept-encoding' => 'gzip, deflate, sdch',
  'accept-language' => 'zh-CN,zh;q=0.8',
  'cookie' => '__guid=173887013.2726377210244230000.1510121365413.1064; PHPSESSID=nujong23mkptjsocd1cduld1l2; monitor_count=282',
)
[ info ] [ PARAM ] array (
)
[ info ] [ DB ] INIT mysql
[ info ] [ RUN ] app\index\controller\Index->index[ C:\Users\Administrator\Desktop\Project\boot_cms\application\index\controller\Index.php ]
[ info ] [ VIEW ] C:\Users\Administrator\Desktop\Project\boot_cms\public/../application/index\view\index\index.html [ array (
  0 => 'Menu',
) ]
[ info ] [ LOG ] INIT File
[ sql ] [ DB ] CONNECT:[ UseTime:0.010001s ] mysql:dbname=boot-cms;host=127.0.0.1;port=3306;charset=utf8
[ sql ] [ SQL ] SHOW COLUMNS FROM `boot_menu_home` [ RunTime:0.020001s ]
[ sql ] [ SQL ] SELECT `id`,`name`,`status`,`order`,`p_id`,`template_link`,`template_cate` FROM `boot_menu_home` WHERE  `status` = 1 [ RunTime:0.000000s ]
---------------------------------------------------------------
[ 2017-11-10T15:47:46+08:00 ] 127.0.0.1 127.0.0.1 GET /index/index/index
[ info ] www.boot.com/index/index/index [运行时间：0.156009s][吞吐率：6.41req/s] [内存消耗：2,961.74kb] [文件加载：57]
[ info ] [ LANG ] C:\Users\Administrator\Desktop\Project\boot_cms\thinkphp\lang\zh-cn.php
[ info ] [ ROUTE ] array (
  'type' => 'module',
  'module' => 
  array (
    0 => 'index',
    1 => 'index',
    2 => 'index',
  ),
)
[ info ] [ HEADER ] array (
  'host' => 'www.boot.com',
  'connection' => 'keep-alive',
  'cache-control' => 'max-age=0',
  'upgrade-insecure-requests' => '1',
  'user-agent' => 'Mozilla/5.0 (Windows NT 6.1; WOW64) AppleWebKit/537.36 (KHTML, like Gecko) Chrome/55.0.2883.87 Safari/537.36',
  'accept' => 'text/html,application/xhtml+xml,application/xml;q=0.9,image/webp,*/*;q=0.8',
  'referer' => 'http://www.boot.com/',
  'accept-encoding' => 'gzip, deflate, sdch',
  'accept-language' => 'zh-CN,zh;q=0.8',
  'cookie' => '__guid=173887013.2726377210244230000.1510121365413.1064; PHPSESSID=nujong23mkptjsocd1cduld1l2; monitor_count=283',
)
[ info ] [ PARAM ] array (
)
[ info ] [ DB ] INIT mysql
[ info ] [ RUN ] app\index\controller\Index->index[ C:\Users\Administrator\Desktop\Project\boot_cms\application\index\controller\Index.php ]
[ info ] [ VIEW ] C:\Users\Administrator\Desktop\Project\boot_cms\public/../application/index\view\index\index.html [ array (
  0 => 'Menu',
) ]
[ info ] [ LOG ] INIT File
[ sql ] [ DB ] CONNECT:[ UseTime:0.001000s ] mysql:dbname=boot-cms;host=127.0.0.1;port=3306;charset=utf8
[ sql ] [ SQL ] SHOW COLUMNS FROM `boot_menu_home` [ RunTime:0.015001s ]
[ sql ] [ SQL ] SELECT `id`,`name`,`status`,`order`,`p_id`,`template_link`,`template_cate` FROM `boot_menu_home` WHERE  `status` = 1 [ RunTime:0.000000s ]
---------------------------------------------------------------
[ 2017-11-10T15:48:00+08:00 ] 127.0.0.1 127.0.0.1 GET /index/index/index
[ info ] www.boot.com/index/index/index [运行时间：0.078005s][吞吐率：12.82req/s] [内存消耗：2,780.23kb] [文件加载：55]
[ info ] [ LANG ] C:\Users\Administrator\Desktop\Project\boot_cms\thinkphp\lang\zh-cn.php
[ info ] [ ROUTE ] array (
  'type' => 'module',
  'module' => 
  array (
    0 => 'index',
    1 => 'index',
    2 => 'index',
  ),
)
[ info ] [ HEADER ] array (
  'host' => 'www.boot.com',
  'connection' => 'keep-alive',
  'cache-control' => 'max-age=0',
  'upgrade-insecure-requests' => '1',
  'user-agent' => 'Mozilla/5.0 (Windows NT 6.1; WOW64) AppleWebKit/537.36 (KHTML, like Gecko) Chrome/55.0.2883.87 Safari/537.36',
  'accept' => 'text/html,application/xhtml+xml,application/xml;q=0.9,image/webp,*/*;q=0.8',
  'referer' => 'http://www.boot.com/',
  'accept-encoding' => 'gzip, deflate, sdch',
  'accept-language' => 'zh-CN,zh;q=0.8',
  'cookie' => '__guid=173887013.2726377210244230000.1510121365413.1064; PHPSESSID=nujong23mkptjsocd1cduld1l2; monitor_count=284',
)
[ info ] [ PARAM ] array (
)
[ info ] [ DB ] INIT mysql
[ info ] [ RUN ] app\index\controller\Index->index[ C:\Users\Administrator\Desktop\Project\boot_cms\application\index\controller\Index.php ]
[ info ] [ VIEW ] C:\Users\Administrator\Desktop\Project\boot_cms\public/../application/index\view\index\index.html [ array (
  0 => 'Menu',
) ]
[ info ] [ LOG ] INIT File
[ sql ] [ DB ] CONNECT:[ UseTime:0.011001s ] mysql:dbname=boot-cms;host=127.0.0.1;port=3306;charset=utf8
[ sql ] [ SQL ] SHOW COLUMNS FROM `boot_menu_home` [ RunTime:0.014001s ]
[ sql ] [ SQL ] SELECT `id`,`name`,`status`,`order`,`p_id`,`template_link`,`template_cate` FROM `boot_menu_home` WHERE  `status` = 1 [ RunTime:0.001000s ]
---------------------------------------------------------------
[ 2017-11-10T16:06:29+08:00 ] 127.0.0.1 127.0.0.1 GET /index/index/index
[ info ] www.boot.com/index/index/index [运行时间：0.103006s][吞吐率：9.71req/s] [内存消耗：3,004.20kb] [文件加载：61]
[ info ] [ LANG ] C:\Users\Administrator\Desktop\Project\boot_cms\thinkphp\lang\zh-cn.php
[ info ] [ ROUTE ] array (
  'type' => 'module',
  'module' => 
  array (
    0 => 'index',
    1 => 'index',
    2 => 'index',
  ),
)
[ info ] [ HEADER ] array (
  'host' => 'www.boot.com',
  'connection' => 'keep-alive',
  'cache-control' => 'max-age=0',
  'upgrade-insecure-requests' => '1',
  'user-agent' => 'Mozilla/5.0 (Windows NT 6.1; WOW64) AppleWebKit/537.36 (KHTML, like Gecko) Chrome/55.0.2883.87 Safari/537.36',
  'accept' => 'text/html,application/xhtml+xml,application/xml;q=0.9,image/webp,*/*;q=0.8',
  'referer' => 'http://www.boot.com/',
  'accept-encoding' => 'gzip, deflate, sdch',
  'accept-language' => 'zh-CN,zh;q=0.8',
  'cookie' => '__guid=173887013.2726377210244230000.1510121365413.1064; PHPSESSID=nujong23mkptjsocd1cduld1l2; monitor_count=285',
)
[ info ] [ PARAM ] array (
)
[ info ] [ DB ] INIT mysql
[ info ] [ RUN ] app\index\controller\Index->index[ C:\Users\Administrator\Desktop\Project\boot_cms\application\index\controller\Index.php ]
[ info ] [ VIEW ] C:\Users\Administrator\Desktop\Project\boot_cms\public/../application/index\view\index\index.html [ array (
  0 => 'Menu',
) ]
[ info ] [ LOG ] INIT File
[ sql ] [ DB ] CONNECT:[ UseTime:0.001000s ] mysql:dbname=boot-cms;host=127.0.0.1;port=3306;charset=utf8
[ sql ] [ SQL ] SHOW COLUMNS FROM `boot_menu_home` [ RunTime:0.014001s ]
[ sql ] [ SQL ] SELECT `id`,`name`,`status`,`order`,`p_id`,`template_link`,`template_cate` FROM `boot_menu_home` WHERE  `status` = 1 [ RunTime:0.000000s ]
[ error ] [8]未定义变量: id[C:\Users\Administrator\Desktop\Project\boot_cms\runtime\temp\0bb7a5a81499b969e2cfafc90c759f9a.php:97]
---------------------------------------------------------------
[ 2017-11-10T16:07:00+08:00 ] 127.0.0.1 127.0.0.1 GET /index/index/index
[ info ] www.boot.com/index/index/index [运行时间：0.078005s][吞吐率：12.82req/s] [内存消耗：2,822.24kb] [文件加载：59]
[ info ] [ LANG ] C:\Users\Administrator\Desktop\Project\boot_cms\thinkphp\lang\zh-cn.php
[ info ] [ ROUTE ] array (
  'type' => 'module',
  'module' => 
  array (
    0 => 'index',
    1 => 'index',
    2 => 'index',
  ),
)
[ info ] [ HEADER ] array (
  'host' => 'www.boot.com',
  'connection' => 'keep-alive',
  'cache-control' => 'max-age=0',
  'upgrade-insecure-requests' => '1',
  'user-agent' => 'Mozilla/5.0 (Windows NT 6.1; WOW64) AppleWebKit/537.36 (KHTML, like Gecko) Chrome/55.0.2883.87 Safari/537.36',
  'accept' => 'text/html,application/xhtml+xml,application/xml;q=0.9,image/webp,*/*;q=0.8',
  'referer' => 'http://www.boot.com/',
  'accept-encoding' => 'gzip, deflate, sdch',
  'accept-language' => 'zh-CN,zh;q=0.8',
  'cookie' => '__guid=173887013.2726377210244230000.1510121365413.1064; PHPSESSID=nujong23mkptjsocd1cduld1l2; monitor_count=286',
)
[ info ] [ PARAM ] array (
)
[ info ] [ DB ] INIT mysql
[ info ] [ RUN ] app\index\controller\Index->index[ C:\Users\Administrator\Desktop\Project\boot_cms\application\index\controller\Index.php ]
[ info ] [ VIEW ] C:\Users\Administrator\Desktop\Project\boot_cms\public/../application/index\view\index\index.html [ array (
  0 => 'Menu',
) ]
[ info ] [ LOG ] INIT File
[ sql ] [ DB ] CONNECT:[ UseTime:0.011000s ] mysql:dbname=boot-cms;host=127.0.0.1;port=3306;charset=utf8
[ sql ] [ SQL ] SHOW COLUMNS FROM `boot_menu_home` [ RunTime:0.014001s ]
[ sql ] [ SQL ] SELECT `id`,`name`,`status`,`order`,`p_id`,`template_link`,`template_cate` FROM `boot_menu_home` WHERE  `status` = 1 [ RunTime:0.001000s ]
[ error ] [8]未定义变量: id[C:\Users\Administrator\Desktop\Project\boot_cms\runtime\temp\0bb7a5a81499b969e2cfafc90c759f9a.php:97]
---------------------------------------------------------------
[ 2017-11-10T16:11:52+08:00 ] 127.0.0.1 127.0.0.1 GET /index/index/index
[ info ] www.boot.com/index/index/index [运行时间：0.086005s][吞吐率：11.63req/s] [内存消耗：2,961.74kb] [文件加载：57]
[ info ] [ LANG ] C:\Users\Administrator\Desktop\Project\boot_cms\thinkphp\lang\zh-cn.php
[ info ] [ ROUTE ] array (
  'type' => 'module',
  'module' => 
  array (
    0 => 'index',
    1 => 'index',
    2 => 'index',
  ),
)
[ info ] [ HEADER ] array (
  'host' => 'www.boot.com',
  'connection' => 'keep-alive',
  'cache-control' => 'max-age=0',
  'upgrade-insecure-requests' => '1',
  'user-agent' => 'Mozilla/5.0 (Windows NT 6.1; WOW64) AppleWebKit/537.36 (KHTML, like Gecko) Chrome/55.0.2883.87 Safari/537.36',
  'accept' => 'text/html,application/xhtml+xml,application/xml;q=0.9,image/webp,*/*;q=0.8',
  'referer' => 'http://www.boot.com/',
  'accept-encoding' => 'gzip, deflate, sdch',
  'accept-language' => 'zh-CN,zh;q=0.8',
  'cookie' => '__guid=173887013.2726377210244230000.1510121365413.1064; PHPSESSID=nujong23mkptjsocd1cduld1l2; monitor_count=287',
)
[ info ] [ PARAM ] array (
)
[ info ] [ DB ] INIT mysql
[ info ] [ RUN ] app\index\controller\Index->index[ C:\Users\Administrator\Desktop\Project\boot_cms\application\index\controller\Index.php ]
[ info ] [ VIEW ] C:\Users\Administrator\Desktop\Project\boot_cms\public/../application/index\view\index\index.html [ array (
  0 => 'Menu',
) ]
[ info ] [ LOG ] INIT File
[ sql ] [ DB ] CONNECT:[ UseTime:0.013001s ] mysql:dbname=boot-cms;host=127.0.0.1;port=3306;charset=utf8
[ sql ] [ SQL ] SHOW COLUMNS FROM `boot_menu_home` [ RunTime:0.012001s ]
[ sql ] [ SQL ] SELECT `id`,`name`,`status`,`order`,`p_id`,`template_link`,`template_cate` FROM `boot_menu_home` WHERE  `status` = 1 [ RunTime:0.000000s ]
---------------------------------------------------------------
[ 2017-11-10T16:14:57+08:00 ] 127.0.0.1 127.0.0.1 GET /favicon.ico
[ info ] www.boot.com/favicon.ico [运行时间：0.026001s][吞吐率：38.46req/s] [内存消耗：1,435.52kb] [文件加载：40]
[ info ] [ LANG ] C:\Users\Administrator\Desktop\Project\boot_cms\thinkphp\lang\zh-cn.php
[ info ] [ ROUTE ] array (
  'type' => 'module',
  'module' => 
  array (
    0 => 'favicon.ico',
    1 => NULL,
    2 => NULL,
  ),
)
[ info ] [ HEADER ] array (
  'host' => 'www.boot.com',
  'connection' => 'keep-alive',
  'user-agent' => 'Mozilla/5.0 (Windows NT 6.1; WOW64) AppleWebKit/537.36 (KHTML, like Gecko) Chrome/55.0.2883.87 Safari/537.36',
  'accept-encoding' => 'gzip, deflate, sdch',
  'accept-language' => 'zh-CN,zh;q=0.8',
  'cookie' => '__guid=173887013.2726377210244230000.1510121365413.1064; PHPSESSID=nujong23mkptjsocd1cduld1l2; monitor_count=288',
)
[ info ] [ PARAM ] array (
)
[ info ] [ LOG ] INIT File
