---------------------------------------------------------------
[ 2017-09-26T13:36:42+08:00 ] 127.0.0.1 127.0.0.1 GET /favicon.ico
[ info ] www.boot.com/favicon.ico [运行时间：0.403023s][吞吐率：2.48req/s] [内存消耗：1,434.51kb] [文件加载：40]
[ info ] [ LANG ] C:\Users\Administrator\Desktop\Project\boot_cms\thinkphp\lang\zh-cn.php
[ info ] [ ROUTE ] array (
  'type' => 'module',
  'module' => 
  array (
    0 => 'favicon.ico',
    1 => NULL,
    2 => NULL,
  ),
)
[ info ] [ HEADER ] array (
  'host' => 'www.boot.com',
  'connection' => 'keep-alive',
  'user-agent' => 'Mozilla/5.0 (Windows NT 6.1; WOW64) AppleWebKit/537.36 (KHTML, like Gecko) Chrome/55.0.2883.87 Safari/537.36',
  'accept-encoding' => 'gzip, deflate, sdch',
  'accept-language' => 'zh-CN,zh;q=0.8',
  'cookie' => '__guid=173887013.1074288555656657000.1506328667434.6614; monitor_count=5',
)
[ info ] [ PARAM ] array (
)
[ info ] [ LOG ] INIT File
---------------------------------------------------------------
[ 2017-09-26T14:16:32+08:00 ] 127.0.0.1 127.0.0.1 GET /favicon.ico
[ info ] www.boot.com/favicon.ico [运行时间：0.404023s][吞吐率：2.48req/s] [内存消耗：1,434.54kb] [文件加载：40]
[ info ] [ LANG ] C:\Users\Administrator\Desktop\Project\boot_cms\thinkphp\lang\zh-cn.php
[ info ] [ ROUTE ] array (
  'type' => 'module',
  'module' => 
  array (
    0 => 'favicon.ico',
    1 => NULL,
    2 => NULL,
  ),
)
[ info ] [ HEADER ] array (
  'host' => 'www.boot.com',
  'connection' => 'keep-alive',
  'user-agent' => 'Mozilla/5.0 (Windows NT 6.1; WOW64) AppleWebKit/537.36 (KHTML, like Gecko) Chrome/55.0.2883.87 Safari/537.36',
  'accept-encoding' => 'gzip, deflate, sdch',
  'accept-language' => 'zh-CN,zh;q=0.8',
  'cookie' => '__guid=173887013.1074288555656657000.1506328667434.6614; monitor_count=5',
)
[ info ] [ PARAM ] array (
)
[ info ] [ LOG ] INIT File
---------------------------------------------------------------
[ 2017-09-26T15:19:07+08:00 ] 127.0.0.1 127.0.0.1 GET /favicon.ico
[ info ] www.boot.com/favicon.ico [运行时间：0.023001s][吞吐率：43.48req/s] [内存消耗：1,434.38kb] [文件加载：40]
[ info ] [ LANG ] C:\Users\Administrator\Desktop\Project\boot_cms\thinkphp\lang\zh-cn.php
[ info ] [ ROUTE ] array (
  'type' => 'module',
  'module' => 
  array (
    0 => 'favicon.ico',
    1 => NULL,
    2 => NULL,
  ),
)
[ info ] [ HEADER ] array (
  'host' => 'www.boot.com',
  'connection' => 'keep-alive',
  'user-agent' => 'Mozilla/5.0 (Windows NT 6.1; WOW64) AppleWebKit/537.36 (KHTML, like Gecko) Chrome/55.0.2883.87 Safari/537.36',
  'accept-encoding' => 'gzip, deflate, sdch',
  'accept-language' => 'zh-CN,zh;q=0.8',
  'cookie' => '__guid=173887013.1074288555656657000.1506328667434.6614; monitor_count=5',
)
[ info ] [ PARAM ] array (
)
[ info ] [ LOG ] INIT File
---------------------------------------------------------------
[ 2017-09-26T15:19:10+08:00 ] 127.0.0.1 127.0.0.1 GET /index.php
[ info ] www.boot.com/index.php [运行时间：0.271016s][吞吐率：3.69req/s] [内存消耗：2,769.51kb] [文件加载：59]
[ info ] [ LANG ] C:\Users\Administrator\Desktop\Project\boot_cms\thinkphp\lang\zh-cn.php
[ info ] [ ROUTE ] array (
  'type' => 'module',
  'module' => 
  array (
    0 => '',
    1 => NULL,
    2 => NULL,
  ),
)
[ info ] [ HEADER ] array (
  'host' => 'www.boot.com',
  'accept-encoding' => 'compress,gzip',
  'connection' => 'Close',
)
[ info ] [ PARAM ] array (
)
[ info ] [ DB ] INIT mysql
[ info ] [ LOG ] INIT File
[ sql ] [ DB ] CONNECT:[ UseTime:0.001000s ] mysql:dbname=boot-cms;host=127.0.0.1;port=3306;charset=utf8
[ sql ] [ SQL ] SHOW COLUMNS FROM `boot_nav_cate` [ RunTime:0.038002s ]
[ error ] [10501]SQLSTATE[42S22]: Column not found: 1054 Unknown column 'cate_name' in 'field list'[C:\Users\Administrator\Desktop\Project\boot_cms\thinkphp\library\think\db\Connection.php:388]
---------------------------------------------------------------
[ 2017-09-26T16:08:44+08:00 ] 127.0.0.1 127.0.0.1 GET /favicon.ico
[ info ] www.boot.com/favicon.ico [运行时间：0.026002s][吞吐率：38.46req/s] [内存消耗：1,434.54kb] [文件加载：40]
[ info ] [ LANG ] C:\Users\Administrator\Desktop\Project\boot_cms\thinkphp\lang\zh-cn.php
[ info ] [ ROUTE ] array (
  'type' => 'module',
  'module' => 
  array (
    0 => 'favicon.ico',
    1 => NULL,
    2 => NULL,
  ),
)
[ info ] [ HEADER ] array (
  'host' => 'www.boot.com',
  'connection' => 'keep-alive',
  'user-agent' => 'Mozilla/5.0 (Windows NT 6.1; WOW64) AppleWebKit/537.36 (KHTML, like Gecko) Chrome/55.0.2883.87 Safari/537.36',
  'accept-encoding' => 'gzip, deflate, sdch',
  'accept-language' => 'zh-CN,zh;q=0.8',
  'cookie' => '__guid=173887013.1074288555656657000.1506328667434.6614; monitor_count=5',
)
[ info ] [ PARAM ] array (
)
[ info ] [ LOG ] INIT File
---------------------------------------------------------------
[ 2017-09-26T16:19:48+08:00 ] 127.0.0.1 127.0.0.1 GET /favicon.ico
[ info ] www.boot.com/favicon.ico [运行时间：0.027001s][吞吐率：37.04req/s] [内存消耗：1,434.52kb] [文件加载：40]
[ info ] [ LANG ] C:\Users\Administrator\Desktop\Project\boot_cms\thinkphp\lang\zh-cn.php
[ info ] [ ROUTE ] array (
  'type' => 'module',
  'module' => 
  array (
    0 => 'favicon.ico',
    1 => NULL,
    2 => NULL,
  ),
)
[ info ] [ HEADER ] array (
  'host' => 'www.boot.com',
  'connection' => 'keep-alive',
  'user-agent' => 'Mozilla/5.0 (Windows NT 6.1; WOW64) AppleWebKit/537.36 (KHTML, like Gecko) Chrome/55.0.2883.87 Safari/537.36',
  'accept-encoding' => 'gzip, deflate, sdch',
  'accept-language' => 'zh-CN,zh;q=0.8',
  'cookie' => '__guid=173887013.1074288555656657000.1506328667434.6614; monitor_count=5',
)
[ info ] [ PARAM ] array (
)
[ info ] [ LOG ] INIT File
