---------------------------------------------------------------
[ 2017-10-11T16:34:24+08:00 ] 127.0.0.1 127.0.0.1 GET /favicon.ico
[ info ] www.boot.com/favicon.ico [运行时间：0.456026s][吞吐率：2.19req/s] [内存消耗：1,434.06kb] [文件加载：40]
[ info ] [ LANG ] C:\Users\Administrator\Desktop\Project\boot_cms\thinkphp\lang\zh-cn.php
[ info ] [ ROUTE ] array (
  'type' => 'module',
  'module' => 
  array (
    0 => 'favicon.ico',
    1 => NULL,
    2 => NULL,
  ),
)
[ info ] [ HEADER ] array (
  'host' => 'www.boot.com',
  'connection' => 'keep-alive',
  'user-agent' => 'Mozilla/5.0 (Windows NT 6.1; WOW64) AppleWebKit/537.36 (KHTML, like Gecko) Chrome/55.0.2883.87 Safari/537.36',
  'accept-encoding' => 'gzip, deflate, sdch',
  'accept-language' => 'zh-CN,zh;q=0.8',
)
[ info ] [ PARAM ] array (
)
[ info ] [ LOG ] INIT File
---------------------------------------------------------------
[ 2017-10-11T16:34:25+08:00 ] 127.0.0.1 127.0.0.1 GET /
[ info ] www.boot.com/ [运行时间：0.409024s][吞吐率：2.44req/s] [内存消耗：2,771.56kb] [文件加载：59]
[ info ] [ LANG ] C:\Users\Administrator\Desktop\Project\boot_cms\thinkphp\lang\zh-cn.php
[ info ] [ ROUTE ] array (
  'type' => 'module',
  'module' => 
  array (
    0 => '',
    1 => NULL,
    2 => NULL,
  ),
)
[ info ] [ HEADER ] array (
  'host' => 'www.boot.com',
  'connection' => 'keep-alive',
  'upgrade-insecure-requests' => '1',
  'user-agent' => 'Mozilla/5.0 (Windows NT 6.1; WOW64) AppleWebKit/537.36 (KHTML, like Gecko) Chrome/55.0.2883.87 Safari/537.36',
  'accept' => 'text/html,application/xhtml+xml,application/xml;q=0.9,image/webp,*/*;q=0.8',
  'accept-encoding' => 'gzip, deflate, sdch',
  'accept-language' => 'zh-CN,zh;q=0.8',
)
[ info ] [ PARAM ] array (
)
[ info ] [ DB ] INIT mysql
[ info ] [ LOG ] INIT File
[ sql ] [ DB ] CONNECT:[ UseTime:0.002001s ] mysql:dbname=boot-cms;host=127.0.0.1;port=3306;charset=utf8
[ sql ] [ SQL ] SHOW COLUMNS FROM `boot_nav_cate` [ RunTime:0.107006s ]
[ error ] [10501]SQLSTATE[42S22]: Column not found: 1054 Unknown column 'cate_name' in 'field list'[C:\Users\Administrator\Desktop\Project\boot_cms\thinkphp\library\think\db\Connection.php:388]
---------------------------------------------------------------
[ 2017-10-11T16:34:26+08:00 ] 127.0.0.1 127.0.0.1 GET /favicon.ico
[ info ] www.boot.com/favicon.ico [运行时间：0.019001s][吞吐率：52.63req/s] [内存消耗：1,434.94kb] [文件加载：40]
[ info ] [ LANG ] C:\Users\Administrator\Desktop\Project\boot_cms\thinkphp\lang\zh-cn.php
[ info ] [ ROUTE ] array (
  'type' => 'module',
  'module' => 
  array (
    0 => 'favicon.ico',
    1 => NULL,
    2 => NULL,
  ),
)
[ info ] [ HEADER ] array (
  'host' => 'www.boot.com',
  'connection' => 'keep-alive',
  'user-agent' => 'Mozilla/5.0 (Windows NT 6.1; WOW64) AppleWebKit/537.36 (KHTML, like Gecko) Chrome/55.0.2883.87 Safari/537.36',
  'accept' => 'image/webp,image/*,*/*;q=0.8',
  'referer' => 'http://www.boot.com/',
  'accept-encoding' => 'gzip, deflate, sdch',
  'accept-language' => 'zh-CN,zh;q=0.8',
  'cookie' => '__guid=173887013.170161160317234850.1507710865047.4536; monitor_count=1',
)
[ info ] [ PARAM ] array (
)
[ info ] [ LOG ] INIT File
---------------------------------------------------------------
[ 2017-10-11T16:34:29+08:00 ] 127.0.0.1 127.0.0.1 GET /admin
[ info ] www.boot.com/admin [运行时间：0.117007s][吞吐率：8.55req/s] [内存消耗：1,773.54kb] [文件加载：48]
[ info ] [ LANG ] C:\Users\Administrator\Desktop\Project\boot_cms\thinkphp\lang\zh-cn.php
[ info ] [ ROUTE ] array (
  'type' => 'module',
  'module' => 
  array (
    0 => 'admin',
    1 => NULL,
    2 => NULL,
  ),
)
[ info ] [ HEADER ] array (
  'host' => 'www.boot.com',
  'connection' => 'keep-alive',
  'upgrade-insecure-requests' => '1',
  'user-agent' => 'Mozilla/5.0 (Windows NT 6.1; WOW64) AppleWebKit/537.36 (KHTML, like Gecko) Chrome/55.0.2883.87 Safari/537.36',
  'accept' => 'text/html,application/xhtml+xml,application/xml;q=0.9,image/webp,*/*;q=0.8',
  'accept-encoding' => 'gzip, deflate, sdch',
  'accept-language' => 'zh-CN,zh;q=0.8',
  'cookie' => '__guid=173887013.170161160317234850.1507710865047.4536; monitor_count=1',
)
[ info ] [ PARAM ] array (
)
[ info ] [ SESSION ] INIT array (
  'id' => '',
  'var_session_id' => '',
  'prefix' => 'think',
  'type' => '',
  'auto_start' => true,
)
[ info ] [ LOG ] INIT File
---------------------------------------------------------------
[ 2017-10-11T16:34:29+08:00 ] 127.0.0.1 127.0.0.1 GET /admin/login/login.html
[ info ] www.boot.com/admin/login/login.html [运行时间：0.046003s][吞吐率：21.74req/s] [内存消耗：1,749.02kb] [文件加载：46]
[ info ] [ LANG ] C:\Users\Administrator\Desktop\Project\boot_cms\thinkphp\lang\zh-cn.php
[ info ] [ ROUTE ] array (
  'type' => 'module',
  'module' => 
  array (
    0 => 'admin',
    1 => 'login',
    2 => 'login',
  ),
)
[ info ] [ HEADER ] array (
  'host' => 'www.boot.com',
  'connection' => 'keep-alive',
  'upgrade-insecure-requests' => '1',
  'user-agent' => 'Mozilla/5.0 (Windows NT 6.1; WOW64) AppleWebKit/537.36 (KHTML, like Gecko) Chrome/55.0.2883.87 Safari/537.36',
  'accept' => 'text/html,application/xhtml+xml,application/xml;q=0.9,image/webp,*/*;q=0.8',
  'accept-encoding' => 'gzip, deflate, sdch',
  'accept-language' => 'zh-CN,zh;q=0.8',
  'cookie' => '__guid=173887013.170161160317234850.1507710865047.4536; monitor_count=1; PHPSESSID=3m62bcpahs0n3qt2j5e3mc3112',
)
[ info ] [ PARAM ] array (
)
[ info ] [ RUN ] app\admin\controller\Login->login[ C:\Users\Administrator\Desktop\Project\boot_cms\application\admin\controller\Login.php ]
[ info ] [ VIEW ] C:\Users\Administrator\Desktop\Project\boot_cms\public/../application/admin\view\login.html [ array (
) ]
[ info ] [ LOG ] INIT File
---------------------------------------------------------------
[ 2017-10-11T16:34:33+08:00 ] 127.0.0.1 127.0.0.1 POST /admin/login/login.html
[ info ] www.boot.com/admin/login/login.html [运行时间：0.229013s][吞吐率：4.37req/s] [内存消耗：2,495.28kb] [文件加载：53]
[ info ] [ LANG ] C:\Users\Administrator\Desktop\Project\boot_cms\thinkphp\lang\zh-cn.php
[ info ] [ ROUTE ] array (
  'type' => 'module',
  'module' => 
  array (
    0 => 'admin',
    1 => 'login',
    2 => 'login',
  ),
)
[ info ] [ HEADER ] array (
  'host' => 'www.boot.com',
  'connection' => 'keep-alive',
  'content-length' => '21',
  'accept' => 'application/json, text/javascript, */*; q=0.01',
  'origin' => 'http://www.boot.com',
  'x-requested-with' => 'XMLHttpRequest',
  'user-agent' => 'Mozilla/5.0 (Windows NT 6.1; WOW64) AppleWebKit/537.36 (KHTML, like Gecko) Chrome/55.0.2883.87 Safari/537.36',
  'content-type' => 'application/x-www-form-urlencoded; charset=UTF-8',
  'referer' => 'http://www.boot.com/admin/login/login.html',
  'accept-encoding' => 'gzip, deflate',
  'accept-language' => 'zh-CN,zh;q=0.8',
  'cookie' => '__guid=173887013.170161160317234850.1507710865047.4536; PHPSESSID=3m62bcpahs0n3qt2j5e3mc3112; monitor_count=2',
)
[ info ] [ PARAM ] array (
  'user' => 'admin',
  'pass' => 'admin',
)
[ info ] [ RUN ] app\admin\controller\Login->login[ C:\Users\Administrator\Desktop\Project\boot_cms\application\admin\controller\Login.php ]
[ info ] [ DB ] INIT mysql
[ info ] [ SESSION ] INIT array (
  'id' => '',
  'var_session_id' => '',
  'prefix' => 'think',
  'type' => '',
  'auto_start' => true,
)
[ info ] [ LOG ] INIT File
[ sql ] [ DB ] CONNECT:[ UseTime:0.010000s ] mysql:dbname=boot-cms;host=127.0.0.1;port=3306;charset=utf8
[ sql ] [ SQL ] SHOW COLUMNS FROM `boot_admin` [ RunTime:0.108007s ]
[ sql ] [ SQL ] SELECT * FROM `boot_admin` WHERE  `user` = 'admin'  AND `pass` = '59b1a6e5c491fac9e6bbe9ee127cf64088728601' LIMIT 1 [ RunTime:0.054003s ]
---------------------------------------------------------------
[ 2017-10-11T16:34:35+08:00 ] 127.0.0.1 127.0.0.1 GET /admin/index/index.html
[ info ] www.boot.com/admin/index/index.html [运行时间：0.129007s][吞吐率：7.75req/s] [内存消耗：2,883.85kb] [文件加载：57]
[ info ] [ LANG ] C:\Users\Administrator\Desktop\Project\boot_cms\thinkphp\lang\zh-cn.php
[ info ] [ ROUTE ] array (
  'type' => 'module',
  'module' => 
  array (
    0 => 'admin',
    1 => 'index',
    2 => 'index',
  ),
)
[ info ] [ HEADER ] array (
  'host' => 'www.boot.com',
  'connection' => 'keep-alive',
  'upgrade-insecure-requests' => '1',
  'user-agent' => 'Mozilla/5.0 (Windows NT 6.1; WOW64) AppleWebKit/537.36 (KHTML, like Gecko) Chrome/55.0.2883.87 Safari/537.36',
  'accept' => 'text/html,application/xhtml+xml,application/xml;q=0.9,image/webp,*/*;q=0.8',
  'referer' => 'http://www.boot.com/admin/login/login.html',
  'accept-encoding' => 'gzip, deflate, sdch',
  'accept-language' => 'zh-CN,zh;q=0.8',
  'cookie' => '__guid=173887013.170161160317234850.1507710865047.4536; PHPSESSID=3m62bcpahs0n3qt2j5e3mc3112; monitor_count=2',
)
[ info ] [ PARAM ] array (
)
[ info ] [ SESSION ] INIT array (
  'id' => '',
  'var_session_id' => '',
  'prefix' => 'think',
  'type' => '',
  'auto_start' => true,
)
[ info ] [ DB ] INIT mysql
[ info ] [ RUN ] app\admin\controller\Index->index[ C:\Users\Administrator\Desktop\Project\boot_cms\application\admin\controller\Index.php ]
[ info ] [ VIEW ] C:\Users\Administrator\Desktop\Project\boot_cms\public/../application/admin\view\index.html [ array (
  0 => 'admin_nickname',
  1 => 'menu',
) ]
[ info ] [ LOG ] INIT File
[ sql ] [ DB ] CONNECT:[ UseTime:0.011000s ] mysql:dbname=boot-cms;host=127.0.0.1;port=3306;charset=utf8
[ sql ] [ SQL ] SHOW COLUMNS FROM `boot_admin_nav` [ RunTime:0.027002s ]
[ sql ] [ SQL ] SELECT * FROM `boot_admin_nav` ORDER BY `sort` [ RunTime:0.001000s ]
---------------------------------------------------------------
[ 2017-10-11T16:34:35+08:00 ] 127.0.0.1 127.0.0.1 GET /admin/index/home.html
[ info ] www.boot.com/admin/index/home.html [运行时间：0.215012s][吞吐率：4.65req/s] [内存消耗：2,870.98kb] [文件加载：58]
[ info ] [ LANG ] C:\Users\Administrator\Desktop\Project\boot_cms\thinkphp\lang\zh-cn.php
[ info ] [ ROUTE ] array (
  'type' => 'module',
  'module' => 
  array (
    0 => 'admin',
    1 => 'index',
    2 => 'home',
  ),
)
[ info ] [ HEADER ] array (
  'host' => 'www.boot.com',
  'connection' => 'keep-alive',
  'upgrade-insecure-requests' => '1',
  'user-agent' => 'Mozilla/5.0 (Windows NT 6.1; WOW64) AppleWebKit/537.36 (KHTML, like Gecko) Chrome/55.0.2883.87 Safari/537.36',
  'accept' => 'text/html,application/xhtml+xml,application/xml;q=0.9,image/webp,*/*;q=0.8',
  'referer' => 'http://www.boot.com/admin/index/index.html',
  'accept-encoding' => 'gzip, deflate, sdch',
  'accept-language' => 'zh-CN,zh;q=0.8',
  'cookie' => '__guid=173887013.170161160317234850.1507710865047.4536; PHPSESSID=3m62bcpahs0n3qt2j5e3mc3112; monitor_count=3',
)
[ info ] [ PARAM ] array (
)
[ info ] [ SESSION ] INIT array (
  'id' => '',
  'var_session_id' => '',
  'prefix' => 'think',
  'type' => '',
  'auto_start' => true,
)
[ info ] [ DB ] INIT mysql
[ info ] [ RUN ] app\admin\controller\Index->home[ C:\Users\Administrator\Desktop\Project\boot_cms\application\admin\controller\Index.php ]
[ info ] [ VIEW ] C:\Users\Administrator\Desktop\Project\boot_cms\public/../application/admin\view\index\home.html [ array (
  0 => 'admin_nickname',
  1 => 'menu',
  2 => 'NewMessage',
) ]
[ info ] [ LOG ] INIT File
[ sql ] [ DB ] CONNECT:[ UseTime:0.010001s ] mysql:dbname=boot-cms;host=127.0.0.1;port=3306;charset=utf8
[ sql ] [ SQL ] SHOW COLUMNS FROM `boot_admin_nav` [ RunTime:0.003000s ]
[ sql ] [ SQL ] SELECT * FROM `boot_admin_nav` ORDER BY `sort` [ RunTime:0.000000s ]
[ sql ] [ SQL ] SHOW COLUMNS FROM `boot_words` [ RunTime:0.081005s ]
[ sql ] [ SQL ] SELECT `content`,`ip`,`update_time`,`id`,`nick_name` FROM `boot_words` ORDER BY id desc [ RunTime:0.000000s ]
---------------------------------------------------------------
[ 2017-10-11T16:34:38+08:00 ] 127.0.0.1 127.0.0.1 GET /admin/message/list_message?v=4.0
[ info ] www.boot.com/admin/message/list_message?v=4.0 [运行时间：0.140008s][吞吐率：7.14req/s] [内存消耗：3,046.82kb] [文件加载：62]
[ info ] [ LANG ] C:\Users\Administrator\Desktop\Project\boot_cms\thinkphp\lang\zh-cn.php
[ info ] [ ROUTE ] array (
  'type' => 'module',
  'module' => 
  array (
    0 => 'admin',
    1 => 'message',
    2 => 'list_message',
  ),
)
[ info ] [ HEADER ] array (
  'host' => 'www.boot.com',
  'connection' => 'keep-alive',
  'upgrade-insecure-requests' => '1',
  'user-agent' => 'Mozilla/5.0 (Windows NT 6.1; WOW64) AppleWebKit/537.36 (KHTML, like Gecko) Chrome/55.0.2883.87 Safari/537.36',
  'accept' => 'text/html,application/xhtml+xml,application/xml;q=0.9,image/webp,*/*;q=0.8',
  'referer' => 'http://www.boot.com/admin/index/index.html',
  'accept-encoding' => 'gzip, deflate, sdch',
  'accept-language' => 'zh-CN,zh;q=0.8',
  'cookie' => '__guid=173887013.170161160317234850.1507710865047.4536; PHPSESSID=3m62bcpahs0n3qt2j5e3mc3112; monitor_count=3',
)
[ info ] [ PARAM ] array (
  'v' => '4.0',
)
[ info ] [ SESSION ] INIT array (
  'id' => '',
  'var_session_id' => '',
  'prefix' => 'think',
  'type' => '',
  'auto_start' => true,
)
[ info ] [ DB ] INIT mysql
[ info ] [ RUN ] app\admin\controller\Message->list_message[ C:\Users\Administrator\Desktop\Project\boot_cms\application\admin\controller\Message.php ]
[ info ] [ VIEW ] C:\Users\Administrator\Desktop\Project\boot_cms\public/../application/admin\view\message\list_message.html [ array (
  0 => 'admin_nickname',
  1 => 'menu',
  2 => 'page',
  3 => 'list',
) ]
[ info ] [ LOG ] INIT File
[ sql ] [ DB ] CONNECT:[ UseTime:0.010000s ] mysql:dbname=boot-cms;host=127.0.0.1;port=3306;charset=utf8
[ sql ] [ SQL ] SHOW COLUMNS FROM `boot_admin_nav` [ RunTime:0.003000s ]
[ sql ] [ SQL ] SELECT * FROM `boot_admin_nav` ORDER BY `sort` [ RunTime:0.000000s ]
[ sql ] [ SQL ] SHOW COLUMNS FROM `boot_words` [ RunTime:0.002001s ]
[ sql ] [ SQL ] SELECT COUNT(*) AS tp_count FROM `boot_words` LIMIT 1 [ RunTime:0.009000s ]
[ sql ] [ SQL ] SELECT *,`id` FROM `boot_words` ORDER BY id desc LIMIT 0,10 [ RunTime:0.000000s ]
---------------------------------------------------------------
[ 2017-10-11T16:34:40+08:00 ] 127.0.0.1 127.0.0.1 GET /admin/nav/list_nav?v=4.0
[ info ] www.boot.com/admin/nav/list_nav?v=4.0 [运行时间：0.113007s][吞吐率：8.85req/s] [内存消耗：2,990.35kb] [文件加载：58]
[ info ] [ LANG ] C:\Users\Administrator\Desktop\Project\boot_cms\thinkphp\lang\zh-cn.php
[ info ] [ ROUTE ] array (
  'type' => 'module',
  'module' => 
  array (
    0 => 'admin',
    1 => 'nav',
    2 => 'list_nav',
  ),
)
[ info ] [ HEADER ] array (
  'host' => 'www.boot.com',
  'connection' => 'keep-alive',
  'upgrade-insecure-requests' => '1',
  'user-agent' => 'Mozilla/5.0 (Windows NT 6.1; WOW64) AppleWebKit/537.36 (KHTML, like Gecko) Chrome/55.0.2883.87 Safari/537.36',
  'accept' => 'text/html,application/xhtml+xml,application/xml;q=0.9,image/webp,*/*;q=0.8',
  'referer' => 'http://www.boot.com/admin/index/index.html',
  'accept-encoding' => 'gzip, deflate, sdch',
  'accept-language' => 'zh-CN,zh;q=0.8',
  'cookie' => '__guid=173887013.170161160317234850.1507710865047.4536; PHPSESSID=3m62bcpahs0n3qt2j5e3mc3112; monitor_count=3',
)
[ info ] [ PARAM ] array (
  'v' => '4.0',
)
[ info ] [ SESSION ] INIT array (
  'id' => '',
  'var_session_id' => '',
  'prefix' => 'think',
  'type' => '',
  'auto_start' => true,
)
[ info ] [ DB ] INIT mysql
[ info ] [ RUN ] app\admin\controller\Nav->list_nav[ C:\Users\Administrator\Desktop\Project\boot_cms\application\admin\controller\Nav.php ]
[ info ] [ VIEW ] C:\Users\Administrator\Desktop\Project\boot_cms\public/../application/admin\view\nav\list_nav.html [ array (
  0 => 'admin_nickname',
  1 => 'menu',
  2 => 'list',
) ]
[ info ] [ LOG ] INIT File
[ sql ] [ DB ] CONNECT:[ UseTime:0.011001s ] mysql:dbname=boot-cms;host=127.0.0.1;port=3306;charset=utf8
[ sql ] [ SQL ] SHOW COLUMNS FROM `boot_admin_nav` [ RunTime:0.003000s ]
[ sql ] [ SQL ] SELECT * FROM `boot_admin_nav` ORDER BY `sort` [ RunTime:0.000000s ]
[ sql ] [ SQL ] SHOW COLUMNS FROM `boot_nav_cate` [ RunTime:0.002000s ]
[ sql ] [ SQL ] SELECT `id`,`name`,`status`,`order`,`p_id`,`create_time`,`update_time`,`content`,`is_page`,`link` FROM `boot_nav_cate` [ RunTime:0.007000s ]
---------------------------------------------------------------
[ 2017-10-11T16:34:42+08:00 ] 127.0.0.1 127.0.0.1 GET /admin/menu/list_menu?v=4.0
[ info ] www.boot.com/admin/menu/list_menu?v=4.0 [运行时间：0.082004s][吞吐率：12.19req/s] [内存消耗：2,984.31kb] [文件加载：57]
[ info ] [ LANG ] C:\Users\Administrator\Desktop\Project\boot_cms\thinkphp\lang\zh-cn.php
[ info ] [ ROUTE ] array (
  'type' => 'module',
  'module' => 
  array (
    0 => 'admin',
    1 => 'menu',
    2 => 'list_menu',
  ),
)
[ info ] [ HEADER ] array (
  'host' => 'www.boot.com',
  'connection' => 'keep-alive',
  'upgrade-insecure-requests' => '1',
  'user-agent' => 'Mozilla/5.0 (Windows NT 6.1; WOW64) AppleWebKit/537.36 (KHTML, like Gecko) Chrome/55.0.2883.87 Safari/537.36',
  'accept' => 'text/html,application/xhtml+xml,application/xml;q=0.9,image/webp,*/*;q=0.8',
  'referer' => 'http://www.boot.com/admin/index/index.html',
  'accept-encoding' => 'gzip, deflate, sdch',
  'accept-language' => 'zh-CN,zh;q=0.8',
  'cookie' => '__guid=173887013.170161160317234850.1507710865047.4536; PHPSESSID=3m62bcpahs0n3qt2j5e3mc3112; monitor_count=3',
)
[ info ] [ PARAM ] array (
  'v' => '4.0',
)
[ info ] [ SESSION ] INIT array (
  'id' => '',
  'var_session_id' => '',
  'prefix' => 'think',
  'type' => '',
  'auto_start' => true,
)
[ info ] [ DB ] INIT mysql
[ info ] [ RUN ] app\admin\controller\Menu->list_menu[ C:\Users\Administrator\Desktop\Project\boot_cms\application\admin\controller\Menu.php ]
[ info ] [ VIEW ] C:\Users\Administrator\Desktop\Project\boot_cms\public/../application/admin\view\menu\list_menu.html [ array (
  0 => 'admin_nickname',
  1 => 'menu',
  2 => 'listRule',
  3 => 'list',
) ]
[ info ] [ LOG ] INIT File
[ sql ] [ DB ] CONNECT:[ UseTime:0.010000s ] mysql:dbname=boot-cms;host=127.0.0.1;port=3306;charset=utf8
[ sql ] [ SQL ] SHOW COLUMNS FROM `boot_admin_nav` [ RunTime:0.003000s ]
[ sql ] [ SQL ] SELECT * FROM `boot_admin_nav` ORDER BY `sort` [ RunTime:0.000000s ]
[ sql ] [ SQL ] SELECT * FROM `boot_admin_nav` ORDER BY `sort` [ RunTime:0.001000s ]
---------------------------------------------------------------
[ 2017-10-11T16:34:46+08:00 ] 127.0.0.1 127.0.0.1 GET /admin/article/list_article?v=4.0
[ info ] www.boot.com/admin/article/list_article?v=4.0 [运行时间：0.152008s][吞吐率：6.58req/s] [内存消耗：3,115.00kb] [文件加载：61]
[ info ] [ LANG ] C:\Users\Administrator\Desktop\Project\boot_cms\thinkphp\lang\zh-cn.php
[ info ] [ ROUTE ] array (
  'type' => 'module',
  'module' => 
  array (
    0 => 'admin',
    1 => 'article',
    2 => 'list_article',
  ),
)
[ info ] [ HEADER ] array (
  'host' => 'www.boot.com',
  'connection' => 'keep-alive',
  'upgrade-insecure-requests' => '1',
  'user-agent' => 'Mozilla/5.0 (Windows NT 6.1; WOW64) AppleWebKit/537.36 (KHTML, like Gecko) Chrome/55.0.2883.87 Safari/537.36',
  'accept' => 'text/html,application/xhtml+xml,application/xml;q=0.9,image/webp,*/*;q=0.8',
  'referer' => 'http://www.boot.com/admin/index/index.html',
  'accept-encoding' => 'gzip, deflate, sdch',
  'accept-language' => 'zh-CN,zh;q=0.8',
  'cookie' => '__guid=173887013.170161160317234850.1507710865047.4536; PHPSESSID=3m62bcpahs0n3qt2j5e3mc3112; monitor_count=3',
)
[ info ] [ PARAM ] array (
  'v' => '4.0',
)
[ info ] [ SESSION ] INIT array (
  'id' => '',
  'var_session_id' => '',
  'prefix' => 'think',
  'type' => '',
  'auto_start' => true,
)
[ info ] [ DB ] INIT mysql
[ info ] [ RUN ] app\admin\controller\Article->list_article[ C:\Users\Administrator\Desktop\Project\boot_cms\application\admin\controller\Article.php ]
[ info ] [ VIEW ] C:\Users\Administrator\Desktop\Project\boot_cms\public/../application/admin\view\article\list_article.html [ array (
  0 => 'admin_nickname',
  1 => 'menu',
  2 => 'list',
  3 => 'page',
) ]
[ info ] [ LOG ] INIT File
[ sql ] [ DB ] CONNECT:[ UseTime:0.010001s ] mysql:dbname=boot-cms;host=127.0.0.1;port=3306;charset=utf8
[ sql ] [ SQL ] SHOW COLUMNS FROM `boot_admin_nav` [ RunTime:0.003000s ]
[ sql ] [ SQL ] SELECT * FROM `boot_admin_nav` ORDER BY `sort` [ RunTime:0.000000s ]
[ sql ] [ SQL ] SHOW COLUMNS FROM `boot_article` [ RunTime:0.030001s ]
[ sql ] [ SQL ] SELECT COUNT(*) AS tp_count FROM `boot_article` `a` INNER JOIN `boot_article_cate` `b` ON `a`.`cate_id`=`b`.`id` LIMIT 1 [ RunTime:0.025002s ]
[ sql ] [ SQL ] SELECT `a`.*,`b`.`name` FROM `boot_article` `a` INNER JOIN `boot_article_cate` `b` ON `a`.`cate_id`=`b`.`id` ORDER BY a.id desc LIMIT 0,10 [ RunTime:0.000000s ]
---------------------------------------------------------------
[ 2017-10-11T16:34:47+08:00 ] 127.0.0.1 127.0.0.1 GET /admin/article/list_cate?v=4.0
[ info ] www.boot.com/admin/article/list_cate?v=4.0 [运行时间：0.124007s][吞吐率：8.06req/s] [内存消耗：3,040.06kb] [文件加载：61]
[ info ] [ LANG ] C:\Users\Administrator\Desktop\Project\boot_cms\thinkphp\lang\zh-cn.php
[ info ] [ ROUTE ] array (
  'type' => 'module',
  'module' => 
  array (
    0 => 'admin',
    1 => 'article',
    2 => 'list_cate',
  ),
)
[ info ] [ HEADER ] array (
  'host' => 'www.boot.com',
  'connection' => 'keep-alive',
  'upgrade-insecure-requests' => '1',
  'user-agent' => 'Mozilla/5.0 (Windows NT 6.1; WOW64) AppleWebKit/537.36 (KHTML, like Gecko) Chrome/55.0.2883.87 Safari/537.36',
  'accept' => 'text/html,application/xhtml+xml,application/xml;q=0.9,image/webp,*/*;q=0.8',
  'referer' => 'http://www.boot.com/admin/index/index.html',
  'accept-encoding' => 'gzip, deflate, sdch',
  'accept-language' => 'zh-CN,zh;q=0.8',
  'cookie' => '__guid=173887013.170161160317234850.1507710865047.4536; PHPSESSID=3m62bcpahs0n3qt2j5e3mc3112; monitor_count=3',
)
[ info ] [ PARAM ] array (
  'v' => '4.0',
)
[ info ] [ SESSION ] INIT array (
  'id' => '',
  'var_session_id' => '',
  'prefix' => 'think',
  'type' => '',
  'auto_start' => true,
)
[ info ] [ DB ] INIT mysql
[ info ] [ RUN ] app\admin\controller\Article->list_cate[ C:\Users\Administrator\Desktop\Project\boot_cms\application\admin\controller\Article.php ]
[ info ] [ VIEW ] C:\Users\Administrator\Desktop\Project\boot_cms\public/../application/admin\view\article\list_cate.html [ array (
  0 => 'admin_nickname',
  1 => 'menu',
  2 => 'list',
  3 => 'page',
) ]
[ info ] [ LOG ] INIT File
[ sql ] [ DB ] CONNECT:[ UseTime:0.010000s ] mysql:dbname=boot-cms;host=127.0.0.1;port=3306;charset=utf8
[ sql ] [ SQL ] SHOW COLUMNS FROM `boot_admin_nav` [ RunTime:0.003001s ]
[ sql ] [ SQL ] SELECT * FROM `boot_admin_nav` ORDER BY `sort` [ RunTime:0.000000s ]
[ sql ] [ SQL ] SHOW COLUMNS FROM `boot_article_cate` [ RunTime:0.002000s ]
[ sql ] [ SQL ] SELECT COUNT(*) AS tp_count FROM `boot_article_cate` LIMIT 1 [ RunTime:0.001000s ]
[ sql ] [ SQL ] SELECT `id`,`name`,`create_time`,`update_time`,`status`,`order` FROM `boot_article_cate` ORDER BY id desc LIMIT 0,10 [ RunTime:0.000000s ]
---------------------------------------------------------------
[ 2017-10-11T16:34:47+08:00 ] 127.0.0.1 127.0.0.1 GET /admin/advert/list_advert?v=4.0
[ info ] www.boot.com/admin/advert/list_advert?v=4.0 [运行时间：0.128007s][吞吐率：7.81req/s] [内存消耗：3,050.20kb] [文件加载：61]
[ info ] [ LANG ] C:\Users\Administrator\Desktop\Project\boot_cms\thinkphp\lang\zh-cn.php
[ info ] [ ROUTE ] array (
  'type' => 'module',
  'module' => 
  array (
    0 => 'admin',
    1 => 'advert',
    2 => 'list_advert',
  ),
)
[ info ] [ HEADER ] array (
  'host' => 'www.boot.com',
  'connection' => 'keep-alive',
  'upgrade-insecure-requests' => '1',
  'user-agent' => 'Mozilla/5.0 (Windows NT 6.1; WOW64) AppleWebKit/537.36 (KHTML, like Gecko) Chrome/55.0.2883.87 Safari/537.36',
  'accept' => 'text/html,application/xhtml+xml,application/xml;q=0.9,image/webp,*/*;q=0.8',
  'referer' => 'http://www.boot.com/admin/index/index.html',
  'accept-encoding' => 'gzip, deflate, sdch',
  'accept-language' => 'zh-CN,zh;q=0.8',
  'cookie' => '__guid=173887013.170161160317234850.1507710865047.4536; PHPSESSID=3m62bcpahs0n3qt2j5e3mc3112; monitor_count=3',
)
[ info ] [ PARAM ] array (
  'v' => '4.0',
)
[ info ] [ SESSION ] INIT array (
  'id' => '',
  'var_session_id' => '',
  'prefix' => 'think',
  'type' => '',
  'auto_start' => true,
)
[ info ] [ DB ] INIT mysql
[ info ] [ RUN ] app\admin\controller\Advert->list_advert[ C:\Users\Administrator\Desktop\Project\boot_cms\application\admin\controller\Advert.php ]
[ info ] [ VIEW ] C:\Users\Administrator\Desktop\Project\boot_cms\public/../application/admin\view\advert\list_advert.html [ array (
  0 => 'admin_nickname',
  1 => 'menu',
  2 => 'list',
  3 => 'page',
) ]
[ info ] [ LOG ] INIT File
[ sql ] [ DB ] CONNECT:[ UseTime:0.010000s ] mysql:dbname=boot-cms;host=127.0.0.1;port=3306;charset=utf8
[ sql ] [ SQL ] SHOW COLUMNS FROM `boot_admin_nav` [ RunTime:0.004000s ]
[ sql ] [ SQL ] SELECT * FROM `boot_admin_nav` ORDER BY `sort` [ RunTime:0.000000s ]
[ sql ] [ SQL ] SHOW COLUMNS FROM `boot_advert` [ RunTime:0.023002s ]
[ sql ] [ SQL ] SELECT COUNT(*) AS tp_count FROM `boot_advert` `a` INNER JOIN `boot_advert_cate` `b` ON `a`.`cate_id`=`b`.`id` LIMIT 1 [ RunTime:0.011000s ]
[ sql ] [ SQL ] SELECT `a`.*,`b`.`name` FROM `boot_advert` `a` INNER JOIN `boot_advert_cate` `b` ON `a`.`cate_id`=`b`.`id` ORDER BY a.id desc LIMIT 0,10 [ RunTime:0.001000s ]
---------------------------------------------------------------
[ 2017-10-11T16:34:48+08:00 ] 127.0.0.1 127.0.0.1 GET /admin/advert/list_cate?v=4.0
[ info ] www.boot.com/admin/advert/list_cate?v=4.0 [运行时间：0.076004s][吞吐率：13.16req/s] [内存消耗：3,042.48kb] [文件加载：61]
[ info ] [ LANG ] C:\Users\Administrator\Desktop\Project\boot_cms\thinkphp\lang\zh-cn.php
[ info ] [ ROUTE ] array (
  'type' => 'module',
  'module' => 
  array (
    0 => 'admin',
    1 => 'advert',
    2 => 'list_cate',
  ),
)
[ info ] [ HEADER ] array (
  'host' => 'www.boot.com',
  'connection' => 'keep-alive',
  'upgrade-insecure-requests' => '1',
  'user-agent' => 'Mozilla/5.0 (Windows NT 6.1; WOW64) AppleWebKit/537.36 (KHTML, like Gecko) Chrome/55.0.2883.87 Safari/537.36',
  'accept' => 'text/html,application/xhtml+xml,application/xml;q=0.9,image/webp,*/*;q=0.8',
  'referer' => 'http://www.boot.com/admin/index/index.html',
  'accept-encoding' => 'gzip, deflate, sdch',
  'accept-language' => 'zh-CN,zh;q=0.8',
  'cookie' => '__guid=173887013.170161160317234850.1507710865047.4536; PHPSESSID=3m62bcpahs0n3qt2j5e3mc3112; monitor_count=3',
)
[ info ] [ PARAM ] array (
  'v' => '4.0',
)
[ info ] [ SESSION ] INIT array (
  'id' => '',
  'var_session_id' => '',
  'prefix' => 'think',
  'type' => '',
  'auto_start' => true,
)
[ info ] [ DB ] INIT mysql
[ info ] [ RUN ] app\admin\controller\Advert->list_cate[ C:\Users\Administrator\Desktop\Project\boot_cms\application\admin\controller\Advert.php ]
[ info ] [ VIEW ] C:\Users\Administrator\Desktop\Project\boot_cms\public/../application/admin\view\advert\list_cate.html [ array (
  0 => 'admin_nickname',
  1 => 'menu',
  2 => 'list',
  3 => 'page',
) ]
[ info ] [ LOG ] INIT File
[ sql ] [ DB ] CONNECT:[ UseTime:0.001000s ] mysql:dbname=boot-cms;host=127.0.0.1;port=3306;charset=utf8
[ sql ] [ SQL ] SHOW COLUMNS FROM `boot_admin_nav` [ RunTime:0.002000s ]
[ sql ] [ SQL ] SELECT * FROM `boot_admin_nav` ORDER BY `sort` [ RunTime:0.000000s ]
[ sql ] [ SQL ] SHOW COLUMNS FROM `boot_advert_cate` [ RunTime:0.003001s ]
[ sql ] [ SQL ] SELECT COUNT(*) AS tp_count FROM `boot_advert_cate` LIMIT 1 [ RunTime:0.000000s ]
[ sql ] [ SQL ] SELECT `id`,`name`,`create_time`,`update_time`,`status`,`order` FROM `boot_advert_cate` ORDER BY id desc LIMIT 0,10 [ RunTime:0.000000s ]
---------------------------------------------------------------
[ 2017-10-11T16:34:49+08:00 ] 127.0.0.1 127.0.0.1 GET /admin/member/list_member?v=4.0
[ info ] www.boot.com/admin/member/list_member?v=4.0 [运行时间：0.193012s][吞吐率：5.18req/s] [内存消耗：3,056.63kb] [文件加载：61]
[ info ] [ LANG ] C:\Users\Administrator\Desktop\Project\boot_cms\thinkphp\lang\zh-cn.php
[ info ] [ ROUTE ] array (
  'type' => 'module',
  'module' => 
  array (
    0 => 'admin',
    1 => 'member',
    2 => 'list_member',
  ),
)
[ info ] [ HEADER ] array (
  'host' => 'www.boot.com',
  'connection' => 'keep-alive',
  'upgrade-insecure-requests' => '1',
  'user-agent' => 'Mozilla/5.0 (Windows NT 6.1; WOW64) AppleWebKit/537.36 (KHTML, like Gecko) Chrome/55.0.2883.87 Safari/537.36',
  'accept' => 'text/html,application/xhtml+xml,application/xml;q=0.9,image/webp,*/*;q=0.8',
  'referer' => 'http://www.boot.com/admin/index/index.html',
  'accept-encoding' => 'gzip, deflate, sdch',
  'accept-language' => 'zh-CN,zh;q=0.8',
  'cookie' => '__guid=173887013.170161160317234850.1507710865047.4536; PHPSESSID=3m62bcpahs0n3qt2j5e3mc3112; monitor_count=3',
)
[ info ] [ PARAM ] array (
  'v' => '4.0',
)
[ info ] [ SESSION ] INIT array (
  'id' => '',
  'var_session_id' => '',
  'prefix' => 'think',
  'type' => '',
  'auto_start' => true,
)
[ info ] [ DB ] INIT mysql
[ info ] [ RUN ] app\admin\controller\Member->list_member[ C:\Users\Administrator\Desktop\Project\boot_cms\application\admin\controller\Member.php ]
[ info ] [ VIEW ] C:\Users\Administrator\Desktop\Project\boot_cms\public/../application/admin\view\member\list_member.html [ array (
  0 => 'admin_nickname',
  1 => 'menu',
  2 => 'list',
  3 => 'page',
) ]
[ info ] [ LOG ] INIT File
[ sql ] [ DB ] CONNECT:[ UseTime:0.011001s ] mysql:dbname=boot-cms;host=127.0.0.1;port=3306;charset=utf8
[ sql ] [ SQL ] SHOW COLUMNS FROM `boot_admin_nav` [ RunTime:0.003000s ]
[ sql ] [ SQL ] SELECT * FROM `boot_admin_nav` ORDER BY `sort` [ RunTime:0.000000s ]
[ sql ] [ SQL ] SHOW COLUMNS FROM `boot_member` [ RunTime:0.035002s ]
[ sql ] [ SQL ] SELECT COUNT(*) AS tp_count FROM `boot_member` `a` INNER JOIN `boot_member_cate` `b` ON `a`.`cate_id`=`b`.`id` LIMIT 1 [ RunTime:0.026002s ]
[ sql ] [ SQL ] SELECT `a`.*,`b`.`name` FROM `boot_member` `a` INNER JOIN `boot_member_cate` `b` ON `a`.`cate_id`=`b`.`id` ORDER BY a.id desc LIMIT 0,10 [ RunTime:0.001000s ]
---------------------------------------------------------------
[ 2017-10-11T16:34:50+08:00 ] 127.0.0.1 127.0.0.1 GET /admin/member/list_cate?v=4.0
[ info ] www.boot.com/admin/member/list_cate?v=4.0 [运行时间：0.105006s][吞吐率：9.52req/s] [内存消耗：3,041.28kb] [文件加载：61]
[ info ] [ LANG ] C:\Users\Administrator\Desktop\Project\boot_cms\thinkphp\lang\zh-cn.php
[ info ] [ ROUTE ] array (
  'type' => 'module',
  'module' => 
  array (
    0 => 'admin',
    1 => 'member',
    2 => 'list_cate',
  ),
)
[ info ] [ HEADER ] array (
  'host' => 'www.boot.com',
  'connection' => 'keep-alive',
  'upgrade-insecure-requests' => '1',
  'user-agent' => 'Mozilla/5.0 (Windows NT 6.1; WOW64) AppleWebKit/537.36 (KHTML, like Gecko) Chrome/55.0.2883.87 Safari/537.36',
  'accept' => 'text/html,application/xhtml+xml,application/xml;q=0.9,image/webp,*/*;q=0.8',
  'referer' => 'http://www.boot.com/admin/index/index.html',
  'accept-encoding' => 'gzip, deflate, sdch',
  'accept-language' => 'zh-CN,zh;q=0.8',
  'cookie' => '__guid=173887013.170161160317234850.1507710865047.4536; PHPSESSID=3m62bcpahs0n3qt2j5e3mc3112; monitor_count=3',
)
[ info ] [ PARAM ] array (
  'v' => '4.0',
)
[ info ] [ SESSION ] INIT array (
  'id' => '',
  'var_session_id' => '',
  'prefix' => 'think',
  'type' => '',
  'auto_start' => true,
)
[ info ] [ DB ] INIT mysql
[ info ] [ RUN ] app\admin\controller\Member->list_cate[ C:\Users\Administrator\Desktop\Project\boot_cms\application\admin\controller\Member.php ]
[ info ] [ VIEW ] C:\Users\Administrator\Desktop\Project\boot_cms\public/../application/admin\view\member\list_cate.html [ array (
  0 => 'admin_nickname',
  1 => 'menu',
  2 => 'list',
  3 => 'page',
) ]
[ info ] [ LOG ] INIT File
[ sql ] [ DB ] CONNECT:[ UseTime:0.011000s ] mysql:dbname=boot-cms;host=127.0.0.1;port=3306;charset=utf8
[ sql ] [ SQL ] SHOW COLUMNS FROM `boot_admin_nav` [ RunTime:0.003001s ]
[ sql ] [ SQL ] SELECT * FROM `boot_admin_nav` ORDER BY `sort` [ RunTime:0.001000s ]
[ sql ] [ SQL ] SHOW COLUMNS FROM `boot_member_cate` [ RunTime:0.003000s ]
[ sql ] [ SQL ] SELECT COUNT(*) AS tp_count FROM `boot_member_cate` LIMIT 1 [ RunTime:0.000000s ]
[ sql ] [ SQL ] SELECT `id`,`name`,`create_time`,`update_time`,`status`,`order` FROM `boot_member_cate` ORDER BY id desc LIMIT 0,10 [ RunTime:0.000000s ]
---------------------------------------------------------------
[ 2017-10-11T16:34:53+08:00 ] 127.0.0.1 127.0.0.1 GET /admin/auth/list_menu?v=4.0
[ info ] www.boot.com/admin/auth/list_menu?v=4.0 [运行时间：0.186010s][吞吐率：5.38req/s] [内存消耗：3,374.88kb] [文件加载：58]
[ info ] [ LANG ] C:\Users\Administrator\Desktop\Project\boot_cms\thinkphp\lang\zh-cn.php
[ info ] [ ROUTE ] array (
  'type' => 'module',
  'module' => 
  array (
    0 => 'admin',
    1 => 'auth',
    2 => 'list_menu',
  ),
)
[ info ] [ HEADER ] array (
  'host' => 'www.boot.com',
  'connection' => 'keep-alive',
  'upgrade-insecure-requests' => '1',
  'user-agent' => 'Mozilla/5.0 (Windows NT 6.1; WOW64) AppleWebKit/537.36 (KHTML, like Gecko) Chrome/55.0.2883.87 Safari/537.36',
  'accept' => 'text/html,application/xhtml+xml,application/xml;q=0.9,image/webp,*/*;q=0.8',
  'referer' => 'http://www.boot.com/admin/index/index.html',
  'accept-encoding' => 'gzip, deflate, sdch',
  'accept-language' => 'zh-CN,zh;q=0.8',
  'cookie' => '__guid=173887013.170161160317234850.1507710865047.4536; PHPSESSID=3m62bcpahs0n3qt2j5e3mc3112; monitor_count=3',
)
[ info ] [ PARAM ] array (
  'v' => '4.0',
)
[ info ] [ SESSION ] INIT array (
  'id' => '',
  'var_session_id' => '',
  'prefix' => 'think',
  'type' => '',
  'auto_start' => true,
)
[ info ] [ DB ] INIT mysql
[ info ] [ RUN ] app\admin\controller\Auth->list_menu[ C:\Users\Administrator\Desktop\Project\boot_cms\application\admin\controller\Auth.php ]
[ info ] [ VIEW ] C:\Users\Administrator\Desktop\Project\boot_cms\public/../application/admin\view\auth\list_menu.html [ array (
  0 => 'admin_nickname',
  1 => 'menu',
  2 => 'listRule',
  3 => 'list',
) ]
[ info ] [ LOG ] INIT File
[ sql ] [ DB ] CONNECT:[ UseTime:0.001000s ] mysql:dbname=boot-cms;host=127.0.0.1;port=3306;charset=utf8
[ sql ] [ SQL ] SHOW COLUMNS FROM `boot_admin_nav` [ RunTime:0.003000s ]
[ sql ] [ SQL ] SELECT * FROM `boot_admin_nav` ORDER BY `sort` [ RunTime:0.001000s ]
[ sql ] [ SQL ] SHOW COLUMNS FROM `boot_auth_rule` [ RunTime:0.026002s ]
[ sql ] [ SQL ] SELECT * FROM `boot_auth_rule` ORDER BY sort desc [ RunTime:0.012001s ]
---------------------------------------------------------------
[ 2017-10-11T16:34:54+08:00 ] 127.0.0.1 127.0.0.1 GET /admin/auth/list_user?v=4.0
[ info ] www.boot.com/admin/auth/list_user?v=4.0 [运行时间：0.165009s][吞吐率：6.06req/s] [内存消耗：3,019.69kb] [文件加载：59]
[ info ] [ LANG ] C:\Users\Administrator\Desktop\Project\boot_cms\thinkphp\lang\zh-cn.php
[ info ] [ ROUTE ] array (
  'type' => 'module',
  'module' => 
  array (
    0 => 'admin',
    1 => 'auth',
    2 => 'list_user',
  ),
)
[ info ] [ HEADER ] array (
  'host' => 'www.boot.com',
  'connection' => 'keep-alive',
  'upgrade-insecure-requests' => '1',
  'user-agent' => 'Mozilla/5.0 (Windows NT 6.1; WOW64) AppleWebKit/537.36 (KHTML, like Gecko) Chrome/55.0.2883.87 Safari/537.36',
  'accept' => 'text/html,application/xhtml+xml,application/xml;q=0.9,image/webp,*/*;q=0.8',
  'referer' => 'http://www.boot.com/admin/index/index.html',
  'accept-encoding' => 'gzip, deflate, sdch',
  'accept-language' => 'zh-CN,zh;q=0.8',
  'cookie' => '__guid=173887013.170161160317234850.1507710865047.4536; PHPSESSID=3m62bcpahs0n3qt2j5e3mc3112; monitor_count=3',
)
[ info ] [ PARAM ] array (
  'v' => '4.0',
)
[ info ] [ SESSION ] INIT array (
  'id' => '',
  'var_session_id' => '',
  'prefix' => 'think',
  'type' => '',
  'auto_start' => true,
)
[ info ] [ DB ] INIT mysql
[ info ] [ RUN ] app\admin\controller\Auth->list_user[ C:\Users\Administrator\Desktop\Project\boot_cms\application\admin\controller\Auth.php ]
[ info ] [ VIEW ] C:\Users\Administrator\Desktop\Project\boot_cms\public/../application/admin\view\auth\list_user.html [ array (
  0 => 'admin_nickname',
  1 => 'menu',
  2 => 'list',
  3 => 'group',
) ]
[ info ] [ LOG ] INIT File
[ sql ] [ DB ] CONNECT:[ UseTime:0.010001s ] mysql:dbname=boot-cms;host=127.0.0.1;port=3306;charset=utf8
[ sql ] [ SQL ] SHOW COLUMNS FROM `boot_admin_nav` [ RunTime:0.003000s ]
[ sql ] [ SQL ] SELECT * FROM `boot_admin_nav` ORDER BY `sort` [ RunTime:0.001000s ]
[ sql ] [ SQL ] SHOW COLUMNS FROM `boot_admin` [ RunTime:0.003000s ]
[ sql ] [ SQL ] SELECT `a`.*,`c`.`title` FROM `boot_admin` `a` LEFT JOIN `boot_auth_group_access` `b` ON `a`.`id`=`b`.`uid` LEFT JOIN `boot_auth_group` `c` ON `b`.`group_id`=`c`.`id` [ RunTime:0.048003s ]
[ sql ] [ SQL ] SHOW COLUMNS FROM `boot_auth_group` [ RunTime:0.005000s ]
[ sql ] [ SQL ] SELECT * FROM `boot_auth_group` ORDER BY create_time desc [ RunTime:0.000000s ]
---------------------------------------------------------------
[ 2017-10-11T16:34:55+08:00 ] 127.0.0.1 127.0.0.1 GET /admin/auth/list_group?v=4.0
[ info ] www.boot.com/admin/auth/list_group?v=4.0 [运行时间：0.159009s][吞吐率：6.29req/s] [内存消耗：3,118.48kb] [文件加载：60]
[ info ] [ LANG ] C:\Users\Administrator\Desktop\Project\boot_cms\thinkphp\lang\zh-cn.php
[ info ] [ ROUTE ] array (
  'type' => 'module',
  'module' => 
  array (
    0 => 'admin',
    1 => 'auth',
    2 => 'list_group',
  ),
)
[ info ] [ HEADER ] array (
  'host' => 'www.boot.com',
  'connection' => 'keep-alive',
  'upgrade-insecure-requests' => '1',
  'user-agent' => 'Mozilla/5.0 (Windows NT 6.1; WOW64) AppleWebKit/537.36 (KHTML, like Gecko) Chrome/55.0.2883.87 Safari/537.36',
  'accept' => 'text/html,application/xhtml+xml,application/xml;q=0.9,image/webp,*/*;q=0.8',
  'referer' => 'http://www.boot.com/admin/index/index.html',
  'accept-encoding' => 'gzip, deflate, sdch',
  'accept-language' => 'zh-CN,zh;q=0.8',
  'cookie' => '__guid=173887013.170161160317234850.1507710865047.4536; PHPSESSID=3m62bcpahs0n3qt2j5e3mc3112; monitor_count=3',
)
[ info ] [ PARAM ] array (
  'v' => '4.0',
)
[ info ] [ SESSION ] INIT array (
  'id' => '',
  'var_session_id' => '',
  'prefix' => 'think',
  'type' => '',
  'auto_start' => true,
)
[ info ] [ DB ] INIT mysql
[ info ] [ RUN ] app\admin\controller\Auth->list_group[ C:\Users\Administrator\Desktop\Project\boot_cms\application\admin\controller\Auth.php ]
[ info ] [ VIEW ] C:\Users\Administrator\Desktop\Project\boot_cms\public/../application/admin\view\auth\list_group.html [ array (
  0 => 'admin_nickname',
  1 => 'menu',
  2 => 'list',
) ]
[ info ] [ LOG ] INIT File
[ sql ] [ DB ] CONNECT:[ UseTime:0.010001s ] mysql:dbname=boot-cms;host=127.0.0.1;port=3306;charset=utf8
[ sql ] [ SQL ] SHOW COLUMNS FROM `boot_admin_nav` [ RunTime:0.003000s ]
[ sql ] [ SQL ] SELECT * FROM `boot_admin_nav` ORDER BY `sort` [ RunTime:0.000000s ]
[ sql ] [ SQL ] SHOW COLUMNS FROM `boot_auth_group` [ RunTime:0.002000s ]
[ sql ] [ SQL ] SELECT * FROM `boot_auth_group` ORDER BY create_time desc [ RunTime:0.000000s ]
---------------------------------------------------------------
[ 2017-10-11T16:34:55+08:00 ] 127.0.0.1 127.0.0.1 GET /static/layerTree/lay/css/layui.css
[ info ] www.boot.com/static/layerTree/lay/css/layui.css [运行时间：0.022002s][吞吐率：45.45req/s] [内存消耗：1,435.79kb] [文件加载：40]
[ info ] [ LANG ] C:\Users\Administrator\Desktop\Project\boot_cms\thinkphp\lang\zh-cn.php
[ info ] [ ROUTE ] array (
  'type' => 'module',
  'module' => 
  array (
    0 => 'static',
    1 => 'layerTree',
    2 => 'lay',
  ),
)
[ info ] [ HEADER ] array (
  'host' => 'www.boot.com',
  'connection' => 'keep-alive',
  'user-agent' => 'Mozilla/5.0 (Windows NT 6.1; WOW64) AppleWebKit/537.36 (KHTML, like Gecko) Chrome/55.0.2883.87 Safari/537.36',
  'accept' => 'text/css,*/*;q=0.1',
  'referer' => 'http://www.boot.com/admin/auth/list_group?v=4.0',
  'accept-encoding' => 'gzip, deflate, sdch',
  'accept-language' => 'zh-CN,zh;q=0.8',
  'cookie' => '__guid=173887013.170161160317234850.1507710865047.4536; PHPSESSID=3m62bcpahs0n3qt2j5e3mc3112; monitor_count=3',
)
[ info ] [ PARAM ] array (
  'css' => 'layui.css',
)
[ info ] [ LOG ] INIT File
---------------------------------------------------------------
[ 2017-10-11T16:35:00+08:00 ] 127.0.0.1 127.0.0.1 GET /admin/config/administrator?v=4.0
[ info ] www.boot.com/admin/config/administrator?v=4.0 [运行时间：0.088005s][吞吐率：11.36req/s] [内存消耗：2,940.22kb] [文件加载：58]
[ info ] [ LANG ] C:\Users\Administrator\Desktop\Project\boot_cms\thinkphp\lang\zh-cn.php
[ info ] [ ROUTE ] array (
  'type' => 'module',
  'module' => 
  array (
    0 => 'admin',
    1 => 'config',
    2 => 'administrator',
  ),
)
[ info ] [ HEADER ] array (
  'host' => 'www.boot.com',
  'connection' => 'keep-alive',
  'upgrade-insecure-requests' => '1',
  'user-agent' => 'Mozilla/5.0 (Windows NT 6.1; WOW64) AppleWebKit/537.36 (KHTML, like Gecko) Chrome/55.0.2883.87 Safari/537.36',
  'accept' => 'text/html,application/xhtml+xml,application/xml;q=0.9,image/webp,*/*;q=0.8',
  'referer' => 'http://www.boot.com/admin/index/index.html',
  'accept-encoding' => 'gzip, deflate, sdch',
  'accept-language' => 'zh-CN,zh;q=0.8',
  'cookie' => '__guid=173887013.170161160317234850.1507710865047.4536; PHPSESSID=3m62bcpahs0n3qt2j5e3mc3112; monitor_count=3',
)
[ info ] [ PARAM ] array (
  'v' => '4.0',
)
[ info ] [ SESSION ] INIT array (
  'id' => '',
  'var_session_id' => '',
  'prefix' => 'think',
  'type' => '',
  'auto_start' => true,
)
[ info ] [ DB ] INIT mysql
[ info ] [ RUN ] app\admin\controller\Config->administrator[ C:\Users\Administrator\Desktop\Project\boot_cms\application\admin\controller\Config.php ]
[ info ] [ VIEW ] C:\Users\Administrator\Desktop\Project\boot_cms\public/../application/admin\view\config\administrator.html [ array (
  0 => 'admin_nickname',
  1 => 'menu',
  2 => 'user',
) ]
[ info ] [ LOG ] INIT File
[ sql ] [ DB ] CONNECT:[ UseTime:0.011001s ] mysql:dbname=boot-cms;host=127.0.0.1;port=3306;charset=utf8
[ sql ] [ SQL ] SHOW COLUMNS FROM `boot_admin_nav` [ RunTime:0.003000s ]
[ sql ] [ SQL ] SELECT * FROM `boot_admin_nav` ORDER BY `sort` [ RunTime:0.000000s ]
[ sql ] [ SQL ] SHOW COLUMNS FROM `boot_admin` [ RunTime:0.002000s ]
[ sql ] [ SQL ] SELECT `a`.*,`c`.`title`,`b`.`group_id` FROM `boot_admin` `a` LEFT JOIN `boot_auth_group_access` `b` ON `a`.`id`=`b`.`uid` LEFT JOIN `boot_auth_group` `c` ON `b`.`group_id`=`c`.`id` WHERE  `a`.`id` = 1 LIMIT 1 [ RunTime:0.000000s ]
---------------------------------------------------------------
[ 2017-10-11T16:35:01+08:00 ] 127.0.0.1 127.0.0.1 GET /admin/config/email?v=4.0
[ info ] www.boot.com/admin/config/email?v=4.0 [运行时间：0.091005s][吞吐率：10.99req/s] [内存消耗：2,910.68kb] [文件加载：58]
[ info ] [ LANG ] C:\Users\Administrator\Desktop\Project\boot_cms\thinkphp\lang\zh-cn.php
[ info ] [ ROUTE ] array (
  'type' => 'module',
  'module' => 
  array (
    0 => 'admin',
    1 => 'config',
    2 => 'email',
  ),
)
[ info ] [ HEADER ] array (
  'host' => 'www.boot.com',
  'connection' => 'keep-alive',
  'upgrade-insecure-requests' => '1',
  'user-agent' => 'Mozilla/5.0 (Windows NT 6.1; WOW64) AppleWebKit/537.36 (KHTML, like Gecko) Chrome/55.0.2883.87 Safari/537.36',
  'accept' => 'text/html,application/xhtml+xml,application/xml;q=0.9,image/webp,*/*;q=0.8',
  'referer' => 'http://www.boot.com/admin/index/index.html',
  'accept-encoding' => 'gzip, deflate, sdch',
  'accept-language' => 'zh-CN,zh;q=0.8',
  'cookie' => '__guid=173887013.170161160317234850.1507710865047.4536; PHPSESSID=3m62bcpahs0n3qt2j5e3mc3112; monitor_count=3',
)
[ info ] [ PARAM ] array (
  'v' => '4.0',
)
[ info ] [ SESSION ] INIT array (
  'id' => '',
  'var_session_id' => '',
  'prefix' => 'think',
  'type' => '',
  'auto_start' => true,
)
[ info ] [ DB ] INIT mysql
[ info ] [ RUN ] app\admin\controller\Config->email[ C:\Users\Administrator\Desktop\Project\boot_cms\application\admin\controller\Config.php ]
[ info ] [ VIEW ] C:\Users\Administrator\Desktop\Project\boot_cms\public/../application/admin\view\config\email.html [ array (
  0 => 'admin_nickname',
  1 => 'menu',
  2 => 'config',
) ]
[ info ] [ LOG ] INIT File
[ sql ] [ DB ] CONNECT:[ UseTime:0.011001s ] mysql:dbname=boot-cms;host=127.0.0.1;port=3306;charset=utf8
[ sql ] [ SQL ] SHOW COLUMNS FROM `boot_admin_nav` [ RunTime:0.003000s ]
[ sql ] [ SQL ] SELECT * FROM `boot_admin_nav` ORDER BY `sort` [ RunTime:0.001000s ]
[ sql ] [ SQL ] SHOW COLUMNS FROM `boot_config` [ RunTime:0.019001s ]
[ sql ] [ SQL ] SELECT * FROM `boot_config` [ RunTime:0.006001s ]
---------------------------------------------------------------
[ 2017-10-11T16:35:02+08:00 ] 127.0.0.1 127.0.0.1 GET /admin/config/sms?v=4.0
[ info ] www.boot.com/admin/config/sms?v=4.0 [运行时间：0.071004s][吞吐率：14.08req/s] [内存消耗：2,910.67kb] [文件加载：58]
[ info ] [ LANG ] C:\Users\Administrator\Desktop\Project\boot_cms\thinkphp\lang\zh-cn.php
[ info ] [ ROUTE ] array (
  'type' => 'module',
  'module' => 
  array (
    0 => 'admin',
    1 => 'config',
    2 => 'sms',
  ),
)
[ info ] [ HEADER ] array (
  'host' => 'www.boot.com',
  'connection' => 'keep-alive',
  'upgrade-insecure-requests' => '1',
  'user-agent' => 'Mozilla/5.0 (Windows NT 6.1; WOW64) AppleWebKit/537.36 (KHTML, like Gecko) Chrome/55.0.2883.87 Safari/537.36',
  'accept' => 'text/html,application/xhtml+xml,application/xml;q=0.9,image/webp,*/*;q=0.8',
  'referer' => 'http://www.boot.com/admin/index/index.html',
  'accept-encoding' => 'gzip, deflate, sdch',
  'accept-language' => 'zh-CN,zh;q=0.8',
  'cookie' => '__guid=173887013.170161160317234850.1507710865047.4536; PHPSESSID=3m62bcpahs0n3qt2j5e3mc3112; monitor_count=3',
)
[ info ] [ PARAM ] array (
  'v' => '4.0',
)
[ info ] [ SESSION ] INIT array (
  'id' => '',
  'var_session_id' => '',
  'prefix' => 'think',
  'type' => '',
  'auto_start' => true,
)
[ info ] [ DB ] INIT mysql
[ info ] [ RUN ] app\admin\controller\Config->sms[ C:\Users\Administrator\Desktop\Project\boot_cms\application\admin\controller\Config.php ]
[ info ] [ VIEW ] C:\Users\Administrator\Desktop\Project\boot_cms\public/../application/admin\view\config\sms.html [ array (
  0 => 'admin_nickname',
  1 => 'menu',
  2 => 'config',
) ]
[ info ] [ LOG ] INIT File
[ sql ] [ DB ] CONNECT:[ UseTime:0.010001s ] mysql:dbname=boot-cms;host=127.0.0.1;port=3306;charset=utf8
[ sql ] [ SQL ] SHOW COLUMNS FROM `boot_admin_nav` [ RunTime:0.003000s ]
[ sql ] [ SQL ] SELECT * FROM `boot_admin_nav` ORDER BY `sort` [ RunTime:0.000000s ]
[ sql ] [ SQL ] SHOW COLUMNS FROM `boot_config` [ RunTime:0.002000s ]
[ sql ] [ SQL ] SELECT * FROM `boot_config` [ RunTime:0.000000s ]
---------------------------------------------------------------
[ 2017-10-11T16:35:03+08:00 ] 127.0.0.1 127.0.0.1 GET /admin/config/seo?v=4.0
[ info ] www.boot.com/admin/config/seo?v=4.0 [运行时间：0.068004s][吞吐率：14.70req/s] [内存消耗：2,910.70kb] [文件加载：58]
[ info ] [ LANG ] C:\Users\Administrator\Desktop\Project\boot_cms\thinkphp\lang\zh-cn.php
[ info ] [ ROUTE ] array (
  'type' => 'module',
  'module' => 
  array (
    0 => 'admin',
    1 => 'config',
    2 => 'seo',
  ),
)
[ info ] [ HEADER ] array (
  'host' => 'www.boot.com',
  'connection' => 'keep-alive',
  'upgrade-insecure-requests' => '1',
  'user-agent' => 'Mozilla/5.0 (Windows NT 6.1; WOW64) AppleWebKit/537.36 (KHTML, like Gecko) Chrome/55.0.2883.87 Safari/537.36',
  'accept' => 'text/html,application/xhtml+xml,application/xml;q=0.9,image/webp,*/*;q=0.8',
  'referer' => 'http://www.boot.com/admin/index/index.html',
  'accept-encoding' => 'gzip, deflate, sdch',
  'accept-language' => 'zh-CN,zh;q=0.8',
  'cookie' => '__guid=173887013.170161160317234850.1507710865047.4536; PHPSESSID=3m62bcpahs0n3qt2j5e3mc3112; monitor_count=3',
)
[ info ] [ PARAM ] array (
  'v' => '4.0',
)
[ info ] [ SESSION ] INIT array (
  'id' => '',
  'var_session_id' => '',
  'prefix' => 'think',
  'type' => '',
  'auto_start' => true,
)
[ info ] [ DB ] INIT mysql
[ info ] [ RUN ] app\admin\controller\Config->seo[ C:\Users\Administrator\Desktop\Project\boot_cms\application\admin\controller\Config.php ]
[ info ] [ VIEW ] C:\Users\Administrator\Desktop\Project\boot_cms\public/../application/admin\view\config\seo.html [ array (
  0 => 'admin_nickname',
  1 => 'menu',
  2 => 'config',
) ]
[ info ] [ LOG ] INIT File
[ sql ] [ DB ] CONNECT:[ UseTime:0.001000s ] mysql:dbname=boot-cms;host=127.0.0.1;port=3306;charset=utf8
[ sql ] [ SQL ] SHOW COLUMNS FROM `boot_admin_nav` [ RunTime:0.003000s ]
[ sql ] [ SQL ] SELECT * FROM `boot_admin_nav` ORDER BY `sort` [ RunTime:0.000000s ]
[ sql ] [ SQL ] SHOW COLUMNS FROM `boot_config` [ RunTime:0.002000s ]
[ sql ] [ SQL ] SELECT * FROM `boot_config` [ RunTime:0.000000s ]
---------------------------------------------------------------
[ 2017-10-11T16:35:06+08:00 ] 127.0.0.1 127.0.0.1 GET /admin/index/index.html
[ info ] www.boot.com/admin/index/index.html [运行时间：0.061004s][吞吐率：16.39req/s] [内存消耗：2,884.10kb] [文件加载：57]
[ info ] [ LANG ] C:\Users\Administrator\Desktop\Project\boot_cms\thinkphp\lang\zh-cn.php
[ info ] [ ROUTE ] array (
  'type' => 'module',
  'module' => 
  array (
    0 => 'admin',
    1 => 'index',
    2 => 'index',
  ),
)
[ info ] [ HEADER ] array (
  'host' => 'www.boot.com',
  'connection' => 'keep-alive',
  'cache-control' => 'max-age=0',
  'upgrade-insecure-requests' => '1',
  'user-agent' => 'Mozilla/5.0 (Windows NT 6.1; WOW64) AppleWebKit/537.36 (KHTML, like Gecko) Chrome/55.0.2883.87 Safari/537.36',
  'accept' => 'text/html,application/xhtml+xml,application/xml;q=0.9,image/webp,*/*;q=0.8',
  'referer' => 'http://www.boot.com/admin/login/login.html',
  'accept-encoding' => 'gzip, deflate, sdch',
  'accept-language' => 'zh-CN,zh;q=0.8',
  'cookie' => '__guid=173887013.170161160317234850.1507710865047.4536; PHPSESSID=3m62bcpahs0n3qt2j5e3mc3112; monitor_count=3',
)
[ info ] [ PARAM ] array (
)
[ info ] [ SESSION ] INIT array (
  'id' => '',
  'var_session_id' => '',
  'prefix' => 'think',
  'type' => '',
  'auto_start' => true,
)
[ info ] [ DB ] INIT mysql
[ info ] [ RUN ] app\admin\controller\Index->index[ C:\Users\Administrator\Desktop\Project\boot_cms\application\admin\controller\Index.php ]
[ info ] [ VIEW ] C:\Users\Administrator\Desktop\Project\boot_cms\public/../application/admin\view\index.html [ array (
  0 => 'admin_nickname',
  1 => 'menu',
) ]
[ info ] [ LOG ] INIT File
[ sql ] [ DB ] CONNECT:[ UseTime:0.010000s ] mysql:dbname=boot-cms;host=127.0.0.1;port=3306;charset=utf8
[ sql ] [ SQL ] SHOW COLUMNS FROM `boot_admin_nav` [ RunTime:0.003001s ]
[ sql ] [ SQL ] SELECT * FROM `boot_admin_nav` ORDER BY `sort` [ RunTime:0.000000s ]
---------------------------------------------------------------
[ 2017-10-11T16:35:06+08:00 ] 127.0.0.1 127.0.0.1 GET /admin/index/home.html
[ info ] www.boot.com/admin/index/home.html [运行时间：0.046003s][吞吐率：21.74req/s] [内存消耗：2,870.98kb] [文件加载：58]
[ info ] [ LANG ] C:\Users\Administrator\Desktop\Project\boot_cms\thinkphp\lang\zh-cn.php
[ info ] [ ROUTE ] array (
  'type' => 'module',
  'module' => 
  array (
    0 => 'admin',
    1 => 'index',
    2 => 'home',
  ),
)
[ info ] [ HEADER ] array (
  'host' => 'www.boot.com',
  'connection' => 'keep-alive',
  'upgrade-insecure-requests' => '1',
  'user-agent' => 'Mozilla/5.0 (Windows NT 6.1; WOW64) AppleWebKit/537.36 (KHTML, like Gecko) Chrome/55.0.2883.87 Safari/537.36',
  'accept' => 'text/html,application/xhtml+xml,application/xml;q=0.9,image/webp,*/*;q=0.8',
  'referer' => 'http://www.boot.com/admin/index/index.html',
  'accept-encoding' => 'gzip, deflate, sdch',
  'accept-language' => 'zh-CN,zh;q=0.8',
  'cookie' => '__guid=173887013.170161160317234850.1507710865047.4536; PHPSESSID=3m62bcpahs0n3qt2j5e3mc3112; monitor_count=4',
)
[ info ] [ PARAM ] array (
)
[ info ] [ SESSION ] INIT array (
  'id' => '',
  'var_session_id' => '',
  'prefix' => 'think',
  'type' => '',
  'auto_start' => true,
)
[ info ] [ DB ] INIT mysql
[ info ] [ RUN ] app\admin\controller\Index->home[ C:\Users\Administrator\Desktop\Project\boot_cms\application\admin\controller\Index.php ]
[ info ] [ VIEW ] C:\Users\Administrator\Desktop\Project\boot_cms\public/../application/admin\view\index\home.html [ array (
  0 => 'admin_nickname',
  1 => 'menu',
  2 => 'NewMessage',
) ]
[ info ] [ LOG ] INIT File
[ sql ] [ DB ] CONNECT:[ UseTime:0.000000s ] mysql:dbname=boot-cms;host=127.0.0.1;port=3306;charset=utf8
[ sql ] [ SQL ] SHOW COLUMNS FROM `boot_admin_nav` [ RunTime:0.002000s ]
[ sql ] [ SQL ] SELECT * FROM `boot_admin_nav` ORDER BY `sort` [ RunTime:0.000000s ]
[ sql ] [ SQL ] SHOW COLUMNS FROM `boot_words` [ RunTime:0.002001s ]
[ sql ] [ SQL ] SELECT `content`,`ip`,`update_time`,`id`,`nick_name` FROM `boot_words` ORDER BY id desc [ RunTime:0.000000s ]
---------------------------------------------------------------
[ 2017-10-11T16:35:08+08:00 ] 127.0.0.1 127.0.0.1 GET /admin/message/list_message?v=4.0
[ info ] www.boot.com/admin/message/list_message?v=4.0 [运行时间：0.062003s][吞吐率：16.13req/s] [内存消耗：3,046.82kb] [文件加载：62]
[ info ] [ LANG ] C:\Users\Administrator\Desktop\Project\boot_cms\thinkphp\lang\zh-cn.php
[ info ] [ ROUTE ] array (
  'type' => 'module',
  'module' => 
  array (
    0 => 'admin',
    1 => 'message',
    2 => 'list_message',
  ),
)
[ info ] [ HEADER ] array (
  'host' => 'www.boot.com',
  'connection' => 'keep-alive',
  'upgrade-insecure-requests' => '1',
  'user-agent' => 'Mozilla/5.0 (Windows NT 6.1; WOW64) AppleWebKit/537.36 (KHTML, like Gecko) Chrome/55.0.2883.87 Safari/537.36',
  'accept' => 'text/html,application/xhtml+xml,application/xml;q=0.9,image/webp,*/*;q=0.8',
  'referer' => 'http://www.boot.com/admin/index/index.html',
  'accept-encoding' => 'gzip, deflate, sdch',
  'accept-language' => 'zh-CN,zh;q=0.8',
  'cookie' => '__guid=173887013.170161160317234850.1507710865047.4536; PHPSESSID=3m62bcpahs0n3qt2j5e3mc3112; monitor_count=4',
)
[ info ] [ PARAM ] array (
  'v' => '4.0',
)
[ info ] [ SESSION ] INIT array (
  'id' => '',
  'var_session_id' => '',
  'prefix' => 'think',
  'type' => '',
  'auto_start' => true,
)
[ info ] [ DB ] INIT mysql
[ info ] [ RUN ] app\admin\controller\Message->list_message[ C:\Users\Administrator\Desktop\Project\boot_cms\application\admin\controller\Message.php ]
[ info ] [ VIEW ] C:\Users\Administrator\Desktop\Project\boot_cms\public/../application/admin\view\message\list_message.html [ array (
  0 => 'admin_nickname',
  1 => 'menu',
  2 => 'page',
  3 => 'list',
) ]
[ info ] [ LOG ] INIT File
[ sql ] [ DB ] CONNECT:[ UseTime:0.001000s ] mysql:dbname=boot-cms;host=127.0.0.1;port=3306;charset=utf8
[ sql ] [ SQL ] SHOW COLUMNS FROM `boot_admin_nav` [ RunTime:0.003001s ]
[ sql ] [ SQL ] SELECT * FROM `boot_admin_nav` ORDER BY `sort` [ RunTime:0.001000s ]
[ sql ] [ SQL ] SHOW COLUMNS FROM `boot_words` [ RunTime:0.002000s ]
[ sql ] [ SQL ] SELECT COUNT(*) AS tp_count FROM `boot_words` LIMIT 1 [ RunTime:0.000000s ]
[ sql ] [ SQL ] SELECT *,`id` FROM `boot_words` ORDER BY id desc LIMIT 0,10 [ RunTime:0.001000s ]
---------------------------------------------------------------
[ 2017-10-11T16:35:11+08:00 ] 127.0.0.1 127.0.0.1 GET /admin/nav/list_nav?v=4.0
[ info ] www.boot.com/admin/nav/list_nav?v=4.0 [运行时间：0.067004s][吞吐率：14.92req/s] [内存消耗：2,990.35kb] [文件加载：58]
[ info ] [ LANG ] C:\Users\Administrator\Desktop\Project\boot_cms\thinkphp\lang\zh-cn.php
[ info ] [ ROUTE ] array (
  'type' => 'module',
  'module' => 
  array (
    0 => 'admin',
    1 => 'nav',
    2 => 'list_nav',
  ),
)
[ info ] [ HEADER ] array (
  'host' => 'www.boot.com',
  'connection' => 'keep-alive',
  'upgrade-insecure-requests' => '1',
  'user-agent' => 'Mozilla/5.0 (Windows NT 6.1; WOW64) AppleWebKit/537.36 (KHTML, like Gecko) Chrome/55.0.2883.87 Safari/537.36',
  'accept' => 'text/html,application/xhtml+xml,application/xml;q=0.9,image/webp,*/*;q=0.8',
  'referer' => 'http://www.boot.com/admin/index/index.html',
  'accept-encoding' => 'gzip, deflate, sdch',
  'accept-language' => 'zh-CN,zh;q=0.8',
  'cookie' => '__guid=173887013.170161160317234850.1507710865047.4536; PHPSESSID=3m62bcpahs0n3qt2j5e3mc3112; monitor_count=4',
)
[ info ] [ PARAM ] array (
  'v' => '4.0',
)
[ info ] [ SESSION ] INIT array (
  'id' => '',
  'var_session_id' => '',
  'prefix' => 'think',
  'type' => '',
  'auto_start' => true,
)
[ info ] [ DB ] INIT mysql
[ info ] [ RUN ] app\admin\controller\Nav->list_nav[ C:\Users\Administrator\Desktop\Project\boot_cms\application\admin\controller\Nav.php ]
[ info ] [ VIEW ] C:\Users\Administrator\Desktop\Project\boot_cms\public/../application/admin\view\nav\list_nav.html [ array (
  0 => 'admin_nickname',
  1 => 'menu',
  2 => 'list',
) ]
[ info ] [ LOG ] INIT File
[ sql ] [ DB ] CONNECT:[ UseTime:0.010001s ] mysql:dbname=boot-cms;host=127.0.0.1;port=3306;charset=utf8
[ sql ] [ SQL ] SHOW COLUMNS FROM `boot_admin_nav` [ RunTime:0.003000s ]
[ sql ] [ SQL ] SELECT * FROM `boot_admin_nav` ORDER BY `sort` [ RunTime:0.001000s ]
[ sql ] [ SQL ] SHOW COLUMNS FROM `boot_nav_cate` [ RunTime:0.002000s ]
[ sql ] [ SQL ] SELECT `id`,`name`,`status`,`order`,`p_id`,`create_time`,`update_time`,`content`,`is_page`,`link` FROM `boot_nav_cate` [ RunTime:0.000000s ]
---------------------------------------------------------------
[ 2017-10-11T16:35:14+08:00 ] 127.0.0.1 127.0.0.1 GET /admin/menu/list_menu?v=4.0
[ info ] www.boot.com/admin/menu/list_menu?v=4.0 [运行时间：0.071004s][吞吐率：14.08req/s] [内存消耗：2,984.31kb] [文件加载：57]
[ info ] [ LANG ] C:\Users\Administrator\Desktop\Project\boot_cms\thinkphp\lang\zh-cn.php
[ info ] [ ROUTE ] array (
  'type' => 'module',
  'module' => 
  array (
    0 => 'admin',
    1 => 'menu',
    2 => 'list_menu',
  ),
)
[ info ] [ HEADER ] array (
  'host' => 'www.boot.com',
  'connection' => 'keep-alive',
  'upgrade-insecure-requests' => '1',
  'user-agent' => 'Mozilla/5.0 (Windows NT 6.1; WOW64) AppleWebKit/537.36 (KHTML, like Gecko) Chrome/55.0.2883.87 Safari/537.36',
  'accept' => 'text/html,application/xhtml+xml,application/xml;q=0.9,image/webp,*/*;q=0.8',
  'referer' => 'http://www.boot.com/admin/index/index.html',
  'accept-encoding' => 'gzip, deflate, sdch',
  'accept-language' => 'zh-CN,zh;q=0.8',
  'cookie' => '__guid=173887013.170161160317234850.1507710865047.4536; PHPSESSID=3m62bcpahs0n3qt2j5e3mc3112; monitor_count=4',
)
[ info ] [ PARAM ] array (
  'v' => '4.0',
)
[ info ] [ SESSION ] INIT array (
  'id' => '',
  'var_session_id' => '',
  'prefix' => 'think',
  'type' => '',
  'auto_start' => true,
)
[ info ] [ DB ] INIT mysql
[ info ] [ RUN ] app\admin\controller\Menu->list_menu[ C:\Users\Administrator\Desktop\Project\boot_cms\application\admin\controller\Menu.php ]
[ info ] [ VIEW ] C:\Users\Administrator\Desktop\Project\boot_cms\public/../application/admin\view\menu\list_menu.html [ array (
  0 => 'admin_nickname',
  1 => 'menu',
  2 => 'listRule',
  3 => 'list',
) ]
[ info ] [ LOG ] INIT File
[ sql ] [ DB ] CONNECT:[ UseTime:0.001000s ] mysql:dbname=boot-cms;host=127.0.0.1;port=3306;charset=utf8
[ sql ] [ SQL ] SHOW COLUMNS FROM `boot_admin_nav` [ RunTime:0.002000s ]
[ sql ] [ SQL ] SELECT * FROM `boot_admin_nav` ORDER BY `sort` [ RunTime:0.000000s ]
[ sql ] [ SQL ] SELECT * FROM `boot_admin_nav` ORDER BY `sort` [ RunTime:0.000000s ]
---------------------------------------------------------------
[ 2017-10-11T16:35:15+08:00 ] 127.0.0.1 127.0.0.1 GET /admin/article/list_article?v=4.0
[ info ] www.boot.com/admin/article/list_article?v=4.0 [运行时间：0.060004s][吞吐率：16.67req/s] [内存消耗：3,115.00kb] [文件加载：61]
[ info ] [ LANG ] C:\Users\Administrator\Desktop\Project\boot_cms\thinkphp\lang\zh-cn.php
[ info ] [ ROUTE ] array (
  'type' => 'module',
  'module' => 
  array (
    0 => 'admin',
    1 => 'article',
    2 => 'list_article',
  ),
)
[ info ] [ HEADER ] array (
  'host' => 'www.boot.com',
  'connection' => 'keep-alive',
  'upgrade-insecure-requests' => '1',
  'user-agent' => 'Mozilla/5.0 (Windows NT 6.1; WOW64) AppleWebKit/537.36 (KHTML, like Gecko) Chrome/55.0.2883.87 Safari/537.36',
  'accept' => 'text/html,application/xhtml+xml,application/xml;q=0.9,image/webp,*/*;q=0.8',
  'referer' => 'http://www.boot.com/admin/index/index.html',
  'accept-encoding' => 'gzip, deflate, sdch',
  'accept-language' => 'zh-CN,zh;q=0.8',
  'cookie' => '__guid=173887013.170161160317234850.1507710865047.4536; PHPSESSID=3m62bcpahs0n3qt2j5e3mc3112; monitor_count=4',
)
[ info ] [ PARAM ] array (
  'v' => '4.0',
)
[ info ] [ SESSION ] INIT array (
  'id' => '',
  'var_session_id' => '',
  'prefix' => 'think',
  'type' => '',
  'auto_start' => true,
)
[ info ] [ DB ] INIT mysql
[ info ] [ RUN ] app\admin\controller\Article->list_article[ C:\Users\Administrator\Desktop\Project\boot_cms\application\admin\controller\Article.php ]
[ info ] [ VIEW ] C:\Users\Administrator\Desktop\Project\boot_cms\public/../application/admin\view\article\list_article.html [ array (
  0 => 'admin_nickname',
  1 => 'menu',
  2 => 'list',
  3 => 'page',
) ]
[ info ] [ LOG ] INIT File
[ sql ] [ DB ] CONNECT:[ UseTime:0.010001s ] mysql:dbname=boot-cms;host=127.0.0.1;port=3306;charset=utf8
[ sql ] [ SQL ] SHOW COLUMNS FROM `boot_admin_nav` [ RunTime:0.003000s ]
[ sql ] [ SQL ] SELECT * FROM `boot_admin_nav` ORDER BY `sort` [ RunTime:0.000000s ]
[ sql ] [ SQL ] SHOW COLUMNS FROM `boot_article` [ RunTime:0.002001s ]
[ sql ] [ SQL ] SELECT COUNT(*) AS tp_count FROM `boot_article` `a` INNER JOIN `boot_article_cate` `b` ON `a`.`cate_id`=`b`.`id` LIMIT 1 [ RunTime:0.000000s ]
[ sql ] [ SQL ] SELECT `a`.*,`b`.`name` FROM `boot_article` `a` INNER JOIN `boot_article_cate` `b` ON `a`.`cate_id`=`b`.`id` ORDER BY a.id desc LIMIT 0,10 [ RunTime:0.000000s ]
---------------------------------------------------------------
[ 2017-10-11T16:35:20+08:00 ] 127.0.0.1 127.0.0.1 GET /admin/article/list_cate?v=4.0
[ info ] www.boot.com/admin/article/list_cate?v=4.0 [运行时间：0.059004s][吞吐率：16.95req/s] [内存消耗：3,040.06kb] [文件加载：61]
[ info ] [ LANG ] C:\Users\Administrator\Desktop\Project\boot_cms\thinkphp\lang\zh-cn.php
[ info ] [ ROUTE ] array (
  'type' => 'module',
  'module' => 
  array (
    0 => 'admin',
    1 => 'article',
    2 => 'list_cate',
  ),
)
[ info ] [ HEADER ] array (
  'host' => 'www.boot.com',
  'connection' => 'keep-alive',
  'upgrade-insecure-requests' => '1',
  'user-agent' => 'Mozilla/5.0 (Windows NT 6.1; WOW64) AppleWebKit/537.36 (KHTML, like Gecko) Chrome/55.0.2883.87 Safari/537.36',
  'accept' => 'text/html,application/xhtml+xml,application/xml;q=0.9,image/webp,*/*;q=0.8',
  'referer' => 'http://www.boot.com/admin/index/index.html',
  'accept-encoding' => 'gzip, deflate, sdch',
  'accept-language' => 'zh-CN,zh;q=0.8',
  'cookie' => '__guid=173887013.170161160317234850.1507710865047.4536; PHPSESSID=3m62bcpahs0n3qt2j5e3mc3112; monitor_count=4',
)
[ info ] [ PARAM ] array (
  'v' => '4.0',
)
[ info ] [ SESSION ] INIT array (
  'id' => '',
  'var_session_id' => '',
  'prefix' => 'think',
  'type' => '',
  'auto_start' => true,
)
[ info ] [ DB ] INIT mysql
[ info ] [ RUN ] app\admin\controller\Article->list_cate[ C:\Users\Administrator\Desktop\Project\boot_cms\application\admin\controller\Article.php ]
[ info ] [ VIEW ] C:\Users\Administrator\Desktop\Project\boot_cms\public/../application/admin\view\article\list_cate.html [ array (
  0 => 'admin_nickname',
  1 => 'menu',
  2 => 'list',
  3 => 'page',
) ]
[ info ] [ LOG ] INIT File
[ sql ] [ DB ] CONNECT:[ UseTime:0.001000s ] mysql:dbname=boot-cms;host=127.0.0.1;port=3306;charset=utf8
[ sql ] [ SQL ] SHOW COLUMNS FROM `boot_admin_nav` [ RunTime:0.003000s ]
[ sql ] [ SQL ] SELECT * FROM `boot_admin_nav` ORDER BY `sort` [ RunTime:0.000000s ]
[ sql ] [ SQL ] SHOW COLUMNS FROM `boot_article_cate` [ RunTime:0.002000s ]
[ sql ] [ SQL ] SELECT COUNT(*) AS tp_count FROM `boot_article_cate` LIMIT 1 [ RunTime:0.000000s ]
[ sql ] [ SQL ] SELECT `id`,`name`,`create_time`,`update_time`,`status`,`order` FROM `boot_article_cate` ORDER BY id desc LIMIT 0,10 [ RunTime:0.000000s ]
---------------------------------------------------------------
[ 2017-10-11T16:35:22+08:00 ] 127.0.0.1 127.0.0.1 GET /admin/advert/list_advert?v=4.0
[ info ] www.boot.com/admin/advert/list_advert?v=4.0 [运行时间：0.064004s][吞吐率：15.62req/s] [内存消耗：3,050.20kb] [文件加载：61]
[ info ] [ LANG ] C:\Users\Administrator\Desktop\Project\boot_cms\thinkphp\lang\zh-cn.php
[ info ] [ ROUTE ] array (
  'type' => 'module',
  'module' => 
  array (
    0 => 'admin',
    1 => 'advert',
    2 => 'list_advert',
  ),
)
[ info ] [ HEADER ] array (
  'host' => 'www.boot.com',
  'connection' => 'keep-alive',
  'upgrade-insecure-requests' => '1',
  'user-agent' => 'Mozilla/5.0 (Windows NT 6.1; WOW64) AppleWebKit/537.36 (KHTML, like Gecko) Chrome/55.0.2883.87 Safari/537.36',
  'accept' => 'text/html,application/xhtml+xml,application/xml;q=0.9,image/webp,*/*;q=0.8',
  'referer' => 'http://www.boot.com/admin/index/index.html',
  'accept-encoding' => 'gzip, deflate, sdch',
  'accept-language' => 'zh-CN,zh;q=0.8',
  'cookie' => '__guid=173887013.170161160317234850.1507710865047.4536; PHPSESSID=3m62bcpahs0n3qt2j5e3mc3112; monitor_count=4',
)
[ info ] [ PARAM ] array (
  'v' => '4.0',
)
[ info ] [ SESSION ] INIT array (
  'id' => '',
  'var_session_id' => '',
  'prefix' => 'think',
  'type' => '',
  'auto_start' => true,
)
[ info ] [ DB ] INIT mysql
[ info ] [ RUN ] app\admin\controller\Advert->list_advert[ C:\Users\Administrator\Desktop\Project\boot_cms\application\admin\controller\Advert.php ]
[ info ] [ VIEW ] C:\Users\Administrator\Desktop\Project\boot_cms\public/../application/admin\view\advert\list_advert.html [ array (
  0 => 'admin_nickname',
  1 => 'menu',
  2 => 'list',
  3 => 'page',
) ]
[ info ] [ LOG ] INIT File
[ sql ] [ DB ] CONNECT:[ UseTime:0.000000s ] mysql:dbname=boot-cms;host=127.0.0.1;port=3306;charset=utf8
[ sql ] [ SQL ] SHOW COLUMNS FROM `boot_admin_nav` [ RunTime:0.003000s ]
[ sql ] [ SQL ] SELECT * FROM `boot_admin_nav` ORDER BY `sort` [ RunTime:0.000000s ]
[ sql ] [ SQL ] SHOW COLUMNS FROM `boot_advert` [ RunTime:0.003000s ]
[ sql ] [ SQL ] SELECT COUNT(*) AS tp_count FROM `boot_advert` `a` INNER JOIN `boot_advert_cate` `b` ON `a`.`cate_id`=`b`.`id` LIMIT 1 [ RunTime:0.000000s ]
[ sql ] [ SQL ] SELECT `a`.*,`b`.`name` FROM `boot_advert` `a` INNER JOIN `boot_advert_cate` `b` ON `a`.`cate_id`=`b`.`id` ORDER BY a.id desc LIMIT 0,10 [ RunTime:0.001000s ]
---------------------------------------------------------------
[ 2017-10-11T16:35:23+08:00 ] 127.0.0.1 127.0.0.1 GET /admin/advert/list_cate?v=4.0
[ info ] www.boot.com/admin/advert/list_cate?v=4.0 [运行时间：0.055003s][吞吐率：18.18req/s] [内存消耗：3,042.48kb] [文件加载：61]
[ info ] [ LANG ] C:\Users\Administrator\Desktop\Project\boot_cms\thinkphp\lang\zh-cn.php
[ info ] [ ROUTE ] array (
  'type' => 'module',
  'module' => 
  array (
    0 => 'admin',
    1 => 'advert',
    2 => 'list_cate',
  ),
)
[ info ] [ HEADER ] array (
  'host' => 'www.boot.com',
  'connection' => 'keep-alive',
  'upgrade-insecure-requests' => '1',
  'user-agent' => 'Mozilla/5.0 (Windows NT 6.1; WOW64) AppleWebKit/537.36 (KHTML, like Gecko) Chrome/55.0.2883.87 Safari/537.36',
  'accept' => 'text/html,application/xhtml+xml,application/xml;q=0.9,image/webp,*/*;q=0.8',
  'referer' => 'http://www.boot.com/admin/index/index.html',
  'accept-encoding' => 'gzip, deflate, sdch',
  'accept-language' => 'zh-CN,zh;q=0.8',
  'cookie' => '__guid=173887013.170161160317234850.1507710865047.4536; PHPSESSID=3m62bcpahs0n3qt2j5e3mc3112; monitor_count=4',
)
[ info ] [ PARAM ] array (
  'v' => '4.0',
)
[ info ] [ SESSION ] INIT array (
  'id' => '',
  'var_session_id' => '',
  'prefix' => 'think',
  'type' => '',
  'auto_start' => true,
)
[ info ] [ DB ] INIT mysql
[ info ] [ RUN ] app\admin\controller\Advert->list_cate[ C:\Users\Administrator\Desktop\Project\boot_cms\application\admin\controller\Advert.php ]
[ info ] [ VIEW ] C:\Users\Administrator\Desktop\Project\boot_cms\public/../application/admin\view\advert\list_cate.html [ array (
  0 => 'admin_nickname',
  1 => 'menu',
  2 => 'list',
  3 => 'page',
) ]
[ info ] [ LOG ] INIT File
[ sql ] [ DB ] CONNECT:[ UseTime:0.001000s ] mysql:dbname=boot-cms;host=127.0.0.1;port=3306;charset=utf8
[ sql ] [ SQL ] SHOW COLUMNS FROM `boot_admin_nav` [ RunTime:0.003001s ]
[ sql ] [ SQL ] SELECT * FROM `boot_admin_nav` ORDER BY `sort` [ RunTime:0.000000s ]
[ sql ] [ SQL ] SHOW COLUMNS FROM `boot_advert_cate` [ RunTime:0.003000s ]
[ sql ] [ SQL ] SELECT COUNT(*) AS tp_count FROM `boot_advert_cate` LIMIT 1 [ RunTime:0.000000s ]
[ sql ] [ SQL ] SELECT `id`,`name`,`create_time`,`update_time`,`status`,`order` FROM `boot_advert_cate` ORDER BY id desc LIMIT 0,10 [ RunTime:0.000000s ]
---------------------------------------------------------------
[ 2017-10-11T16:35:24+08:00 ] 127.0.0.1 127.0.0.1 GET /admin/member/list_member?v=4.0
[ info ] www.boot.com/admin/member/list_member?v=4.0 [运行时间：0.065004s][吞吐率：15.38req/s] [内存消耗：3,056.63kb] [文件加载：61]
[ info ] [ LANG ] C:\Users\Administrator\Desktop\Project\boot_cms\thinkphp\lang\zh-cn.php
[ info ] [ ROUTE ] array (
  'type' => 'module',
  'module' => 
  array (
    0 => 'admin',
    1 => 'member',
    2 => 'list_member',
  ),
)
[ info ] [ HEADER ] array (
  'host' => 'www.boot.com',
  'connection' => 'keep-alive',
  'upgrade-insecure-requests' => '1',
  'user-agent' => 'Mozilla/5.0 (Windows NT 6.1; WOW64) AppleWebKit/537.36 (KHTML, like Gecko) Chrome/55.0.2883.87 Safari/537.36',
  'accept' => 'text/html,application/xhtml+xml,application/xml;q=0.9,image/webp,*/*;q=0.8',
  'referer' => 'http://www.boot.com/admin/index/index.html',
  'accept-encoding' => 'gzip, deflate, sdch',
  'accept-language' => 'zh-CN,zh;q=0.8',
  'cookie' => '__guid=173887013.170161160317234850.1507710865047.4536; PHPSESSID=3m62bcpahs0n3qt2j5e3mc3112; monitor_count=4',
)
[ info ] [ PARAM ] array (
  'v' => '4.0',
)
[ info ] [ SESSION ] INIT array (
  'id' => '',
  'var_session_id' => '',
  'prefix' => 'think',
  'type' => '',
  'auto_start' => true,
)
[ info ] [ DB ] INIT mysql
[ info ] [ RUN ] app\admin\controller\Member->list_member[ C:\Users\Administrator\Desktop\Project\boot_cms\application\admin\controller\Member.php ]
[ info ] [ VIEW ] C:\Users\Administrator\Desktop\Project\boot_cms\public/../application/admin\view\member\list_member.html [ array (
  0 => 'admin_nickname',
  1 => 'menu',
  2 => 'list',
  3 => 'page',
) ]
[ info ] [ LOG ] INIT File
[ sql ] [ DB ] CONNECT:[ UseTime:0.010001s ] mysql:dbname=boot-cms;host=127.0.0.1;port=3306;charset=utf8
[ sql ] [ SQL ] SHOW COLUMNS FROM `boot_admin_nav` [ RunTime:0.003000s ]
[ sql ] [ SQL ] SELECT * FROM `boot_admin_nav` ORDER BY `sort` [ RunTime:0.000000s ]
[ sql ] [ SQL ] SHOW COLUMNS FROM `boot_member` [ RunTime:0.002000s ]
[ sql ] [ SQL ] SELECT COUNT(*) AS tp_count FROM `boot_member` `a` INNER JOIN `boot_member_cate` `b` ON `a`.`cate_id`=`b`.`id` LIMIT 1 [ RunTime:0.001000s ]
[ sql ] [ SQL ] SELECT `a`.*,`b`.`name` FROM `boot_member` `a` INNER JOIN `boot_member_cate` `b` ON `a`.`cate_id`=`b`.`id` ORDER BY a.id desc LIMIT 0,10 [ RunTime:0.000000s ]
---------------------------------------------------------------
[ 2017-10-11T16:35:26+08:00 ] 127.0.0.1 127.0.0.1 GET /admin/member/list_cate?v=4.0
[ info ] www.boot.com/admin/member/list_cate?v=4.0 [运行时间：0.064004s][吞吐率：15.62req/s] [内存消耗：3,041.45kb] [文件加载：61]
[ info ] [ LANG ] C:\Users\Administrator\Desktop\Project\boot_cms\thinkphp\lang\zh-cn.php
[ info ] [ ROUTE ] array (
  'type' => 'module',
  'module' => 
  array (
    0 => 'admin',
    1 => 'member',
    2 => 'list_cate',
  ),
)
[ info ] [ HEADER ] array (
  'host' => 'www.boot.com',
  'connection' => 'keep-alive',
  'upgrade-insecure-requests' => '1',
  'user-agent' => 'Mozilla/5.0 (Windows NT 6.1; WOW64) AppleWebKit/537.36 (KHTML, like Gecko) Chrome/55.0.2883.87 Safari/537.36',
  'accept' => 'text/html,application/xhtml+xml,application/xml;q=0.9,image/webp,*/*;q=0.8',
  'referer' => 'http://www.boot.com/admin/index/index.html',
  'accept-encoding' => 'gzip, deflate, sdch',
  'accept-language' => 'zh-CN,zh;q=0.8',
  'cookie' => '__guid=173887013.170161160317234850.1507710865047.4536; PHPSESSID=3m62bcpahs0n3qt2j5e3mc3112; monitor_count=4',
)
[ info ] [ PARAM ] array (
  'v' => '4.0',
)
[ info ] [ SESSION ] INIT array (
  'id' => '',
  'var_session_id' => '',
  'prefix' => 'think',
  'type' => '',
  'auto_start' => true,
)
[ info ] [ DB ] INIT mysql
[ info ] [ RUN ] app\admin\controller\Member->list_cate[ C:\Users\Administrator\Desktop\Project\boot_cms\application\admin\controller\Member.php ]
[ info ] [ VIEW ] C:\Users\Administrator\Desktop\Project\boot_cms\public/../application/admin\view\member\list_cate.html [ array (
  0 => 'admin_nickname',
  1 => 'menu',
  2 => 'list',
  3 => 'page',
) ]
[ info ] [ LOG ] INIT File
[ sql ] [ DB ] CONNECT:[ UseTime:0.010001s ] mysql:dbname=boot-cms;host=127.0.0.1;port=3306;charset=utf8
[ sql ] [ SQL ] SHOW COLUMNS FROM `boot_admin_nav` [ RunTime:0.003000s ]
[ sql ] [ SQL ] SELECT * FROM `boot_admin_nav` ORDER BY `sort` [ RunTime:0.000000s ]
[ sql ] [ SQL ] SHOW COLUMNS FROM `boot_member_cate` [ RunTime:0.003000s ]
[ sql ] [ SQL ] SELECT COUNT(*) AS tp_count FROM `boot_member_cate` LIMIT 1 [ RunTime:0.000000s ]
[ sql ] [ SQL ] SELECT `id`,`name`,`create_time`,`update_time`,`status`,`order` FROM `boot_member_cate` ORDER BY id desc LIMIT 0,10 [ RunTime:0.000000s ]
---------------------------------------------------------------
[ 2017-10-11T16:35:28+08:00 ] 127.0.0.1 127.0.0.1 GET /admin/auth/list_menu?v=4.0
[ info ] www.boot.com/admin/auth/list_menu?v=4.0 [运行时间：0.097006s][吞吐率：10.31req/s] [内存消耗：3,374.88kb] [文件加载：58]
[ info ] [ LANG ] C:\Users\Administrator\Desktop\Project\boot_cms\thinkphp\lang\zh-cn.php
[ info ] [ ROUTE ] array (
  'type' => 'module',
  'module' => 
  array (
    0 => 'admin',
    1 => 'auth',
    2 => 'list_menu',
  ),
)
[ info ] [ HEADER ] array (
  'host' => 'www.boot.com',
  'connection' => 'keep-alive',
  'upgrade-insecure-requests' => '1',
  'user-agent' => 'Mozilla/5.0 (Windows NT 6.1; WOW64) AppleWebKit/537.36 (KHTML, like Gecko) Chrome/55.0.2883.87 Safari/537.36',
  'accept' => 'text/html,application/xhtml+xml,application/xml;q=0.9,image/webp,*/*;q=0.8',
  'referer' => 'http://www.boot.com/admin/index/index.html',
  'accept-encoding' => 'gzip, deflate, sdch',
  'accept-language' => 'zh-CN,zh;q=0.8',
  'cookie' => '__guid=173887013.170161160317234850.1507710865047.4536; PHPSESSID=3m62bcpahs0n3qt2j5e3mc3112; monitor_count=4',
)
[ info ] [ PARAM ] array (
  'v' => '4.0',
)
[ info ] [ SESSION ] INIT array (
  'id' => '',
  'var_session_id' => '',
  'prefix' => 'think',
  'type' => '',
  'auto_start' => true,
)
[ info ] [ DB ] INIT mysql
[ info ] [ RUN ] app\admin\controller\Auth->list_menu[ C:\Users\Administrator\Desktop\Project\boot_cms\application\admin\controller\Auth.php ]
[ info ] [ VIEW ] C:\Users\Administrator\Desktop\Project\boot_cms\public/../application/admin\view\auth\list_menu.html [ array (
  0 => 'admin_nickname',
  1 => 'menu',
  2 => 'listRule',
  3 => 'list',
) ]
[ info ] [ LOG ] INIT File
[ sql ] [ DB ] CONNECT:[ UseTime:0.000000s ] mysql:dbname=boot-cms;host=127.0.0.1;port=3306;charset=utf8
[ sql ] [ SQL ] SHOW COLUMNS FROM `boot_admin_nav` [ RunTime:0.002000s ]
[ sql ] [ SQL ] SELECT * FROM `boot_admin_nav` ORDER BY `sort` [ RunTime:0.001000s ]
[ sql ] [ SQL ] SHOW COLUMNS FROM `boot_auth_rule` [ RunTime:0.002000s ]
[ sql ] [ SQL ] SELECT * FROM `boot_auth_rule` ORDER BY sort desc [ RunTime:0.000000s ]
---------------------------------------------------------------
[ 2017-10-11T16:35:29+08:00 ] 127.0.0.1 127.0.0.1 GET /admin/auth/list_user?v=4.0
[ info ] www.boot.com/admin/auth/list_user?v=4.0 [运行时间：0.070004s][吞吐率：14.28req/s] [内存消耗：3,019.69kb] [文件加载：59]
[ info ] [ LANG ] C:\Users\Administrator\Desktop\Project\boot_cms\thinkphp\lang\zh-cn.php
[ info ] [ ROUTE ] array (
  'type' => 'module',
  'module' => 
  array (
    0 => 'admin',
    1 => 'auth',
    2 => 'list_user',
  ),
)
[ info ] [ HEADER ] array (
  'host' => 'www.boot.com',
  'connection' => 'keep-alive',
  'upgrade-insecure-requests' => '1',
  'user-agent' => 'Mozilla/5.0 (Windows NT 6.1; WOW64) AppleWebKit/537.36 (KHTML, like Gecko) Chrome/55.0.2883.87 Safari/537.36',
  'accept' => 'text/html,application/xhtml+xml,application/xml;q=0.9,image/webp,*/*;q=0.8',
  'referer' => 'http://www.boot.com/admin/index/index.html',
  'accept-encoding' => 'gzip, deflate, sdch',
  'accept-language' => 'zh-CN,zh;q=0.8',
  'cookie' => '__guid=173887013.170161160317234850.1507710865047.4536; PHPSESSID=3m62bcpahs0n3qt2j5e3mc3112; monitor_count=4',
)
[ info ] [ PARAM ] array (
  'v' => '4.0',
)
[ info ] [ SESSION ] INIT array (
  'id' => '',
  'var_session_id' => '',
  'prefix' => 'think',
  'type' => '',
  'auto_start' => true,
)
[ info ] [ DB ] INIT mysql
[ info ] [ RUN ] app\admin\controller\Auth->list_user[ C:\Users\Administrator\Desktop\Project\boot_cms\application\admin\controller\Auth.php ]
[ info ] [ VIEW ] C:\Users\Administrator\Desktop\Project\boot_cms\public/../application/admin\view\auth\list_user.html [ array (
  0 => 'admin_nickname',
  1 => 'menu',
  2 => 'list',
  3 => 'group',
) ]
[ info ] [ LOG ] INIT File
[ sql ] [ DB ] CONNECT:[ UseTime:0.010000s ] mysql:dbname=boot-cms;host=127.0.0.1;port=3306;charset=utf8
[ sql ] [ SQL ] SHOW COLUMNS FROM `boot_admin_nav` [ RunTime:0.003000s ]
[ sql ] [ SQL ] SELECT * FROM `boot_admin_nav` ORDER BY `sort` [ RunTime:0.000000s ]
[ sql ] [ SQL ] SHOW COLUMNS FROM `boot_admin` [ RunTime:0.002000s ]
[ sql ] [ SQL ] SELECT `a`.*,`c`.`title` FROM `boot_admin` `a` LEFT JOIN `boot_auth_group_access` `b` ON `a`.`id`=`b`.`uid` LEFT JOIN `boot_auth_group` `c` ON `b`.`group_id`=`c`.`id` [ RunTime:0.000000s ]
[ sql ] [ SQL ] SHOW COLUMNS FROM `boot_auth_group` [ RunTime:0.003000s ]
[ sql ] [ SQL ] SELECT * FROM `boot_auth_group` ORDER BY create_time desc [ RunTime:0.000000s ]
---------------------------------------------------------------
[ 2017-10-11T16:35:29+08:00 ] 127.0.0.1 127.0.0.1 GET /admin/auth/list_group?v=4.0
[ info ] www.boot.com/admin/auth/list_group?v=4.0 [运行时间：0.065003s][吞吐率：15.38req/s] [内存消耗：2,956.70kb] [文件加载：58]
[ info ] [ LANG ] C:\Users\Administrator\Desktop\Project\boot_cms\thinkphp\lang\zh-cn.php
[ info ] [ ROUTE ] array (
  'type' => 'module',
  'module' => 
  array (
    0 => 'admin',
    1 => 'auth',
    2 => 'list_group',
  ),
)
[ info ] [ HEADER ] array (
  'host' => 'www.boot.com',
  'connection' => 'keep-alive',
  'upgrade-insecure-requests' => '1',
  'user-agent' => 'Mozilla/5.0 (Windows NT 6.1; WOW64) AppleWebKit/537.36 (KHTML, like Gecko) Chrome/55.0.2883.87 Safari/537.36',
  'accept' => 'text/html,application/xhtml+xml,application/xml;q=0.9,image/webp,*/*;q=0.8',
  'referer' => 'http://www.boot.com/admin/index/index.html',
  'accept-encoding' => 'gzip, deflate, sdch',
  'accept-language' => 'zh-CN,zh;q=0.8',
  'cookie' => '__guid=173887013.170161160317234850.1507710865047.4536; PHPSESSID=3m62bcpahs0n3qt2j5e3mc3112; monitor_count=4',
)
[ info ] [ PARAM ] array (
  'v' => '4.0',
)
[ info ] [ SESSION ] INIT array (
  'id' => '',
  'var_session_id' => '',
  'prefix' => 'think',
  'type' => '',
  'auto_start' => true,
)
[ info ] [ DB ] INIT mysql
[ info ] [ RUN ] app\admin\controller\Auth->list_group[ C:\Users\Administrator\Desktop\Project\boot_cms\application\admin\controller\Auth.php ]
[ info ] [ VIEW ] C:\Users\Administrator\Desktop\Project\boot_cms\public/../application/admin\view\auth\list_group.html [ array (
  0 => 'admin_nickname',
  1 => 'menu',
  2 => 'list',
) ]
[ info ] [ LOG ] INIT File
[ sql ] [ DB ] CONNECT:[ UseTime:0.010001s ] mysql:dbname=boot-cms;host=127.0.0.1;port=3306;charset=utf8
[ sql ] [ SQL ] SHOW COLUMNS FROM `boot_admin_nav` [ RunTime:0.002000s ]
[ sql ] [ SQL ] SELECT * FROM `boot_admin_nav` ORDER BY `sort` [ RunTime:0.000000s ]
[ sql ] [ SQL ] SHOW COLUMNS FROM `boot_auth_group` [ RunTime:0.002000s ]
[ sql ] [ SQL ] SELECT * FROM `boot_auth_group` ORDER BY create_time desc [ RunTime:0.000000s ]
---------------------------------------------------------------
[ 2017-10-11T16:35:29+08:00 ] 127.0.0.1 127.0.0.1 GET /static/layerTree/lay/css/layui.css
[ info ] www.boot.com/static/layerTree/lay/css/layui.css [运行时间：0.021001s][吞吐率：47.62req/s] [内存消耗：1,435.79kb] [文件加载：40]
[ info ] [ LANG ] C:\Users\Administrator\Desktop\Project\boot_cms\thinkphp\lang\zh-cn.php
[ info ] [ ROUTE ] array (
  'type' => 'module',
  'module' => 
  array (
    0 => 'static',
    1 => 'layerTree',
    2 => 'lay',
  ),
)
[ info ] [ HEADER ] array (
  'host' => 'www.boot.com',
  'connection' => 'keep-alive',
  'user-agent' => 'Mozilla/5.0 (Windows NT 6.1; WOW64) AppleWebKit/537.36 (KHTML, like Gecko) Chrome/55.0.2883.87 Safari/537.36',
  'accept' => 'text/css,*/*;q=0.1',
  'referer' => 'http://www.boot.com/admin/auth/list_group?v=4.0',
  'accept-encoding' => 'gzip, deflate, sdch',
  'accept-language' => 'zh-CN,zh;q=0.8',
  'cookie' => '__guid=173887013.170161160317234850.1507710865047.4536; PHPSESSID=3m62bcpahs0n3qt2j5e3mc3112; monitor_count=4',
)
[ info ] [ PARAM ] array (
  'css' => 'layui.css',
)
[ info ] [ LOG ] INIT File
---------------------------------------------------------------
[ 2017-10-11T16:35:31+08:00 ] 127.0.0.1 127.0.0.1 GET /admin/config/administrator?v=4.0
[ info ] www.boot.com/admin/config/administrator?v=4.0 [运行时间：0.068004s][吞吐率：14.70req/s] [内存消耗：2,940.22kb] [文件加载：58]
[ info ] [ LANG ] C:\Users\Administrator\Desktop\Project\boot_cms\thinkphp\lang\zh-cn.php
[ info ] [ ROUTE ] array (
  'type' => 'module',
  'module' => 
  array (
    0 => 'admin',
    1 => 'config',
    2 => 'administrator',
  ),
)
[ info ] [ HEADER ] array (
  'host' => 'www.boot.com',
  'connection' => 'keep-alive',
  'upgrade-insecure-requests' => '1',
  'user-agent' => 'Mozilla/5.0 (Windows NT 6.1; WOW64) AppleWebKit/537.36 (KHTML, like Gecko) Chrome/55.0.2883.87 Safari/537.36',
  'accept' => 'text/html,application/xhtml+xml,application/xml;q=0.9,image/webp,*/*;q=0.8',
  'referer' => 'http://www.boot.com/admin/index/index.html',
  'accept-encoding' => 'gzip, deflate, sdch',
  'accept-language' => 'zh-CN,zh;q=0.8',
  'cookie' => '__guid=173887013.170161160317234850.1507710865047.4536; PHPSESSID=3m62bcpahs0n3qt2j5e3mc3112; monitor_count=4',
)
[ info ] [ PARAM ] array (
  'v' => '4.0',
)
[ info ] [ SESSION ] INIT array (
  'id' => '',
  'var_session_id' => '',
  'prefix' => 'think',
  'type' => '',
  'auto_start' => true,
)
[ info ] [ DB ] INIT mysql
[ info ] [ RUN ] app\admin\controller\Config->administrator[ C:\Users\Administrator\Desktop\Project\boot_cms\application\admin\controller\Config.php ]
[ info ] [ VIEW ] C:\Users\Administrator\Desktop\Project\boot_cms\public/../application/admin\view\config\administrator.html [ array (
  0 => 'admin_nickname',
  1 => 'menu',
  2 => 'user',
) ]
[ info ] [ LOG ] INIT File
[ sql ] [ DB ] CONNECT:[ UseTime:0.011000s ] mysql:dbname=boot-cms;host=127.0.0.1;port=3306;charset=utf8
[ sql ] [ SQL ] SHOW COLUMNS FROM `boot_admin_nav` [ RunTime:0.003001s ]
[ sql ] [ SQL ] SELECT * FROM `boot_admin_nav` ORDER BY `sort` [ RunTime:0.000000s ]
[ sql ] [ SQL ] SHOW COLUMNS FROM `boot_admin` [ RunTime:0.003000s ]
[ sql ] [ SQL ] SELECT `a`.*,`c`.`title`,`b`.`group_id` FROM `boot_admin` `a` LEFT JOIN `boot_auth_group_access` `b` ON `a`.`id`=`b`.`uid` LEFT JOIN `boot_auth_group` `c` ON `b`.`group_id`=`c`.`id` WHERE  `a`.`id` = 1 LIMIT 1 [ RunTime:0.000000s ]
---------------------------------------------------------------
[ 2017-10-11T16:35:32+08:00 ] 127.0.0.1 127.0.0.1 GET /admin/config/email?v=4.0
[ info ] www.boot.com/admin/config/email?v=4.0 [运行时间：0.077005s][吞吐率：12.99req/s] [内存消耗：2,910.68kb] [文件加载：58]
[ info ] [ LANG ] C:\Users\Administrator\Desktop\Project\boot_cms\thinkphp\lang\zh-cn.php
[ info ] [ ROUTE ] array (
  'type' => 'module',
  'module' => 
  array (
    0 => 'admin',
    1 => 'config',
    2 => 'email',
  ),
)
[ info ] [ HEADER ] array (
  'host' => 'www.boot.com',
  'connection' => 'keep-alive',
  'upgrade-insecure-requests' => '1',
  'user-agent' => 'Mozilla/5.0 (Windows NT 6.1; WOW64) AppleWebKit/537.36 (KHTML, like Gecko) Chrome/55.0.2883.87 Safari/537.36',
  'accept' => 'text/html,application/xhtml+xml,application/xml;q=0.9,image/webp,*/*;q=0.8',
  'referer' => 'http://www.boot.com/admin/index/index.html',
  'accept-encoding' => 'gzip, deflate, sdch',
  'accept-language' => 'zh-CN,zh;q=0.8',
  'cookie' => '__guid=173887013.170161160317234850.1507710865047.4536; PHPSESSID=3m62bcpahs0n3qt2j5e3mc3112; monitor_count=4',
)
[ info ] [ PARAM ] array (
  'v' => '4.0',
)
[ info ] [ SESSION ] INIT array (
  'id' => '',
  'var_session_id' => '',
  'prefix' => 'think',
  'type' => '',
  'auto_start' => true,
)
[ info ] [ DB ] INIT mysql
[ info ] [ RUN ] app\admin\controller\Config->email[ C:\Users\Administrator\Desktop\Project\boot_cms\application\admin\controller\Config.php ]
[ info ] [ VIEW ] C:\Users\Administrator\Desktop\Project\boot_cms\public/../application/admin\view\config\email.html [ array (
  0 => 'admin_nickname',
  1 => 'menu',
  2 => 'config',
) ]
[ info ] [ LOG ] INIT File
[ sql ] [ DB ] CONNECT:[ UseTime:0.010001s ] mysql:dbname=boot-cms;host=127.0.0.1;port=3306;charset=utf8
[ sql ] [ SQL ] SHOW COLUMNS FROM `boot_admin_nav` [ RunTime:0.003000s ]
[ sql ] [ SQL ] SELECT * FROM `boot_admin_nav` ORDER BY `sort` [ RunTime:0.000000s ]
[ sql ] [ SQL ] SHOW COLUMNS FROM `boot_config` [ RunTime:0.003000s ]
[ sql ] [ SQL ] SELECT * FROM `boot_config` [ RunTime:0.000000s ]
---------------------------------------------------------------
[ 2017-10-11T16:35:33+08:00 ] 127.0.0.1 127.0.0.1 GET /admin/config/sms?v=4.0
[ info ] www.boot.com/admin/config/sms?v=4.0 [运行时间：0.068004s][吞吐率：14.71req/s] [内存消耗：2,910.67kb] [文件加载：58]
[ info ] [ LANG ] C:\Users\Administrator\Desktop\Project\boot_cms\thinkphp\lang\zh-cn.php
[ info ] [ ROUTE ] array (
  'type' => 'module',
  'module' => 
  array (
    0 => 'admin',
    1 => 'config',
    2 => 'sms',
  ),
)
[ info ] [ HEADER ] array (
  'host' => 'www.boot.com',
  'connection' => 'keep-alive',
  'upgrade-insecure-requests' => '1',
  'user-agent' => 'Mozilla/5.0 (Windows NT 6.1; WOW64) AppleWebKit/537.36 (KHTML, like Gecko) Chrome/55.0.2883.87 Safari/537.36',
  'accept' => 'text/html,application/xhtml+xml,application/xml;q=0.9,image/webp,*/*;q=0.8',
  'referer' => 'http://www.boot.com/admin/index/index.html',
  'accept-encoding' => 'gzip, deflate, sdch',
  'accept-language' => 'zh-CN,zh;q=0.8',
  'cookie' => '__guid=173887013.170161160317234850.1507710865047.4536; PHPSESSID=3m62bcpahs0n3qt2j5e3mc3112; monitor_count=4',
)
[ info ] [ PARAM ] array (
  'v' => '4.0',
)
[ info ] [ SESSION ] INIT array (
  'id' => '',
  'var_session_id' => '',
  'prefix' => 'think',
  'type' => '',
  'auto_start' => true,
)
[ info ] [ DB ] INIT mysql
[ info ] [ RUN ] app\admin\controller\Config->sms[ C:\Users\Administrator\Desktop\Project\boot_cms\application\admin\controller\Config.php ]
[ info ] [ VIEW ] C:\Users\Administrator\Desktop\Project\boot_cms\public/../application/admin\view\config\sms.html [ array (
  0 => 'admin_nickname',
  1 => 'menu',
  2 => 'config',
) ]
[ info ] [ LOG ] INIT File
[ sql ] [ DB ] CONNECT:[ UseTime:0.001000s ] mysql:dbname=boot-cms;host=127.0.0.1;port=3306;charset=utf8
[ sql ] [ SQL ] SHOW COLUMNS FROM `boot_admin_nav` [ RunTime:0.002000s ]
[ sql ] [ SQL ] SELECT * FROM `boot_admin_nav` ORDER BY `sort` [ RunTime:0.000000s ]
[ sql ] [ SQL ] SHOW COLUMNS FROM `boot_config` [ RunTime:0.002000s ]
[ sql ] [ SQL ] SELECT * FROM `boot_config` [ RunTime:0.000000s ]
---------------------------------------------------------------
[ 2017-10-11T16:35:34+08:00 ] 127.0.0.1 127.0.0.1 GET /admin/config/seo?v=4.0
[ info ] www.boot.com/admin/config/seo?v=4.0 [运行时间：0.079005s][吞吐率：12.66req/s] [内存消耗：2,910.70kb] [文件加载：58]
[ info ] [ LANG ] C:\Users\Administrator\Desktop\Project\boot_cms\thinkphp\lang\zh-cn.php
[ info ] [ ROUTE ] array (
  'type' => 'module',
  'module' => 
  array (
    0 => 'admin',
    1 => 'config',
    2 => 'seo',
  ),
)
[ info ] [ HEADER ] array (
  'host' => 'www.boot.com',
  'connection' => 'keep-alive',
  'upgrade-insecure-requests' => '1',
  'user-agent' => 'Mozilla/5.0 (Windows NT 6.1; WOW64) AppleWebKit/537.36 (KHTML, like Gecko) Chrome/55.0.2883.87 Safari/537.36',
  'accept' => 'text/html,application/xhtml+xml,application/xml;q=0.9,image/webp,*/*;q=0.8',
  'referer' => 'http://www.boot.com/admin/index/index.html',
  'accept-encoding' => 'gzip, deflate, sdch',
  'accept-language' => 'zh-CN,zh;q=0.8',
  'cookie' => '__guid=173887013.170161160317234850.1507710865047.4536; PHPSESSID=3m62bcpahs0n3qt2j5e3mc3112; monitor_count=4',
)
[ info ] [ PARAM ] array (
  'v' => '4.0',
)
[ info ] [ SESSION ] INIT array (
  'id' => '',
  'var_session_id' => '',
  'prefix' => 'think',
  'type' => '',
  'auto_start' => true,
)
[ info ] [ DB ] INIT mysql
[ info ] [ RUN ] app\admin\controller\Config->seo[ C:\Users\Administrator\Desktop\Project\boot_cms\application\admin\controller\Config.php ]
[ info ] [ VIEW ] C:\Users\Administrator\Desktop\Project\boot_cms\public/../application/admin\view\config\seo.html [ array (
  0 => 'admin_nickname',
  1 => 'menu',
  2 => 'config',
) ]
[ info ] [ LOG ] INIT File
[ sql ] [ DB ] CONNECT:[ UseTime:0.010001s ] mysql:dbname=boot-cms;host=127.0.0.1;port=3306;charset=utf8
[ sql ] [ SQL ] SHOW COLUMNS FROM `boot_admin_nav` [ RunTime:0.003000s ]
[ sql ] [ SQL ] SELECT * FROM `boot_admin_nav` ORDER BY `sort` [ RunTime:0.000000s ]
[ sql ] [ SQL ] SHOW COLUMNS FROM `boot_config` [ RunTime:0.003000s ]
[ sql ] [ SQL ] SELECT * FROM `boot_config` [ RunTime:0.000000s ]
---------------------------------------------------------------
[ 2017-10-11T16:35:35+08:00 ] 127.0.0.1 127.0.0.1 GET /admin/index/index.html
[ info ] www.boot.com/admin/index/index.html [运行时间：0.060004s][吞吐率：16.67req/s] [内存消耗：2,884.10kb] [文件加载：57]
[ info ] [ LANG ] C:\Users\Administrator\Desktop\Project\boot_cms\thinkphp\lang\zh-cn.php
[ info ] [ ROUTE ] array (
  'type' => 'module',
  'module' => 
  array (
    0 => 'admin',
    1 => 'index',
    2 => 'index',
  ),
)
[ info ] [ HEADER ] array (
  'host' => 'www.boot.com',
  'connection' => 'keep-alive',
  'cache-control' => 'max-age=0',
  'upgrade-insecure-requests' => '1',
  'user-agent' => 'Mozilla/5.0 (Windows NT 6.1; WOW64) AppleWebKit/537.36 (KHTML, like Gecko) Chrome/55.0.2883.87 Safari/537.36',
  'accept' => 'text/html,application/xhtml+xml,application/xml;q=0.9,image/webp,*/*;q=0.8',
  'referer' => 'http://www.boot.com/admin/login/login.html',
  'accept-encoding' => 'gzip, deflate, sdch',
  'accept-language' => 'zh-CN,zh;q=0.8',
  'cookie' => '__guid=173887013.170161160317234850.1507710865047.4536; PHPSESSID=3m62bcpahs0n3qt2j5e3mc3112; monitor_count=4',
)
[ info ] [ PARAM ] array (
)
[ info ] [ SESSION ] INIT array (
  'id' => '',
  'var_session_id' => '',
  'prefix' => 'think',
  'type' => '',
  'auto_start' => true,
)
[ info ] [ DB ] INIT mysql
[ info ] [ RUN ] app\admin\controller\Index->index[ C:\Users\Administrator\Desktop\Project\boot_cms\application\admin\controller\Index.php ]
[ info ] [ VIEW ] C:\Users\Administrator\Desktop\Project\boot_cms\public/../application/admin\view\index.html [ array (
  0 => 'admin_nickname',
  1 => 'menu',
) ]
[ info ] [ LOG ] INIT File
[ sql ] [ DB ] CONNECT:[ UseTime:0.010000s ] mysql:dbname=boot-cms;host=127.0.0.1;port=3306;charset=utf8
[ sql ] [ SQL ] SHOW COLUMNS FROM `boot_admin_nav` [ RunTime:0.003000s ]
[ sql ] [ SQL ] SELECT * FROM `boot_admin_nav` ORDER BY `sort` [ RunTime:0.000000s ]
---------------------------------------------------------------
[ 2017-10-11T16:35:35+08:00 ] 127.0.0.1 127.0.0.1 GET /admin/index/home.html
[ info ] www.boot.com/admin/index/home.html [运行时间：0.045003s][吞吐率：22.22req/s] [内存消耗：2,870.98kb] [文件加载：58]
[ info ] [ LANG ] C:\Users\Administrator\Desktop\Project\boot_cms\thinkphp\lang\zh-cn.php
[ info ] [ ROUTE ] array (
  'type' => 'module',
  'module' => 
  array (
    0 => 'admin',
    1 => 'index',
    2 => 'home',
  ),
)
[ info ] [ HEADER ] array (
  'host' => 'www.boot.com',
  'connection' => 'keep-alive',
  'upgrade-insecure-requests' => '1',
  'user-agent' => 'Mozilla/5.0 (Windows NT 6.1; WOW64) AppleWebKit/537.36 (KHTML, like Gecko) Chrome/55.0.2883.87 Safari/537.36',
  'accept' => 'text/html,application/xhtml+xml,application/xml;q=0.9,image/webp,*/*;q=0.8',
  'referer' => 'http://www.boot.com/admin/index/index.html',
  'accept-encoding' => 'gzip, deflate, sdch',
  'accept-language' => 'zh-CN,zh;q=0.8',
  'cookie' => '__guid=173887013.170161160317234850.1507710865047.4536; PHPSESSID=3m62bcpahs0n3qt2j5e3mc3112; monitor_count=5',
)
[ info ] [ PARAM ] array (
)
[ info ] [ SESSION ] INIT array (
  'id' => '',
  'var_session_id' => '',
  'prefix' => 'think',
  'type' => '',
  'auto_start' => true,
)
[ info ] [ DB ] INIT mysql
[ info ] [ RUN ] app\admin\controller\Index->home[ C:\Users\Administrator\Desktop\Project\boot_cms\application\admin\controller\Index.php ]
[ info ] [ VIEW ] C:\Users\Administrator\Desktop\Project\boot_cms\public/../application/admin\view\index\home.html [ array (
  0 => 'admin_nickname',
  1 => 'menu',
  2 => 'NewMessage',
) ]
[ info ] [ LOG ] INIT File
[ sql ] [ DB ] CONNECT:[ UseTime:0.001000s ] mysql:dbname=boot-cms;host=127.0.0.1;port=3306;charset=utf8
[ sql ] [ SQL ] SHOW COLUMNS FROM `boot_admin_nav` [ RunTime:0.002000s ]
[ sql ] [ SQL ] SELECT * FROM `boot_admin_nav` ORDER BY `sort` [ RunTime:0.000000s ]
[ sql ] [ SQL ] SHOW COLUMNS FROM `boot_words` [ RunTime:0.002000s ]
[ sql ] [ SQL ] SELECT `content`,`ip`,`update_time`,`id`,`nick_name` FROM `boot_words` ORDER BY id desc [ RunTime:0.000000s ]
