---------------------------------------------------------------
[ 2017-12-11T14:58:50+08:00 ] 127.0.0.1 127.0.0.1 GET /favicon.ico
[ info ] www.boot.com/favicon.ico [运行时间：0.932053s][吞吐率：1.07req/s] [内存消耗：1,434.90kb] [文件加载：40]
[ info ] [ LANG ] C:\Users\Administrator\Desktop\Project\boot_cms\thinkphp\lang\zh-cn.php
[ info ] [ ROUTE ] array (
  'type' => 'module',
  'module' => 
  array (
    0 => 'favicon.ico',
    1 => NULL,
    2 => NULL,
  ),
)
[ info ] [ HEADER ] array (
  'host' => 'www.boot.com',
  'connection' => 'keep-alive',
  'user-agent' => 'Mozilla/5.0 (Windows NT 6.1; WOW64) AppleWebKit/537.36 (KHTML, like Gecko) Chrome/55.0.2883.87 Safari/537.36',
  'accept-encoding' => 'gzip, deflate, sdch',
  'accept-language' => 'zh-CN,zh;q=0.8',
)
[ info ] [ PARAM ] array (
)
[ info ] [ LOG ] INIT File
---------------------------------------------------------------
[ 2017-12-11T14:58:50+08:00 ] 127.0.0.1 127.0.0.1 GET /
[ info ] www.boot.com/ [运行时间：1.265072s][吞吐率：0.79req/s] [内存消耗：2,779.22kb] [文件加载：55]
[ info ] [ LANG ] C:\Users\Administrator\Desktop\Project\boot_cms\thinkphp\lang\zh-cn.php
[ info ] [ ROUTE ] array (
  'type' => 'module',
  'module' => 
  array (
    0 => '',
    1 => NULL,
    2 => NULL,
  ),
)
[ info ] [ HEADER ] array (
  'host' => 'www.boot.com',
  'connection' => 'keep-alive',
  'upgrade-insecure-requests' => '1',
  'user-agent' => 'Mozilla/5.0 (Windows NT 6.1; WOW64) AppleWebKit/537.36 (KHTML, like Gecko) Chrome/55.0.2883.87 Safari/537.36',
  'accept' => 'text/html,application/xhtml+xml,application/xml;q=0.9,image/webp,*/*;q=0.8',
  'accept-encoding' => 'gzip, deflate, sdch',
  'accept-language' => 'zh-CN,zh;q=0.8',
)
[ info ] [ PARAM ] array (
)
[ info ] [ DB ] INIT mysql
[ info ] [ RUN ] app\index\controller\Index->index[ C:\Users\Administrator\Desktop\Project\boot_cms\application\index\controller\Index.php ]
[ info ] [ VIEW ] C:\Users\Administrator\Desktop\Project\boot_cms\public/../application/index\view\index\index.html [ array (
  0 => 'Menu',
) ]
[ info ] [ LOG ] INIT File
[ sql ] [ DB ] CONNECT:[ UseTime:0.002000s ] mysql:dbname=boot-cms;host=127.0.0.1;port=3306;charset=utf8
[ sql ] [ SQL ] SHOW COLUMNS FROM `boot_menu_home` [ RunTime:0.058003s ]
[ sql ] [ SQL ] SELECT `id`,`name`,`status`,`order`,`p_id`,`template_link`,`template_cate` FROM `boot_menu_home` WHERE  `status` = 1 [ RunTime:0.001000s ]
---------------------------------------------------------------
[ 2017-12-11T14:58:52+08:00 ] 127.0.0.1 127.0.0.1 GET /favicon.ico
[ info ] www.boot.com/favicon.ico [运行时间：0.022001s][吞吐率：45.45req/s] [内存消耗：1,435.90kb] [文件加载：40]
[ info ] [ LANG ] C:\Users\Administrator\Desktop\Project\boot_cms\thinkphp\lang\zh-cn.php
[ info ] [ ROUTE ] array (
  'type' => 'module',
  'module' => 
  array (
    0 => 'favicon.ico',
    1 => NULL,
    2 => NULL,
  ),
)
[ info ] [ HEADER ] array (
  'host' => 'www.boot.com',
  'connection' => 'keep-alive',
  'user-agent' => 'Mozilla/5.0 (Windows NT 6.1; WOW64) AppleWebKit/537.36 (KHTML, like Gecko) Chrome/55.0.2883.87 Safari/537.36',
  'accept' => 'image/webp,image/*,*/*;q=0.8',
  'referer' => 'http://www.boot.com/',
  'accept-encoding' => 'gzip, deflate, sdch',
  'accept-language' => 'zh-CN,zh;q=0.8',
  'cookie' => '__guid=173887013.2001852503040195600.1512975530944.0728; monitor_count=1',
)
[ info ] [ PARAM ] array (
)
[ info ] [ LOG ] INIT File
---------------------------------------------------------------
[ 2017-12-11T14:58:58+08:00 ] 127.0.0.1 127.0.0.1 GET /admin
[ info ] www.boot.com/admin [运行时间：0.134008s][吞吐率：7.46req/s] [内存消耗：1,774.72kb] [文件加载：48]
[ info ] [ LANG ] C:\Users\Administrator\Desktop\Project\boot_cms\thinkphp\lang\zh-cn.php
[ info ] [ ROUTE ] array (
  'type' => 'module',
  'module' => 
  array (
    0 => 'admin',
    1 => NULL,
    2 => NULL,
  ),
)
[ info ] [ HEADER ] array (
  'host' => 'www.boot.com',
  'connection' => 'keep-alive',
  'upgrade-insecure-requests' => '1',
  'user-agent' => 'Mozilla/5.0 (Windows NT 6.1; WOW64) AppleWebKit/537.36 (KHTML, like Gecko) Chrome/55.0.2883.87 Safari/537.36',
  'accept' => 'text/html,application/xhtml+xml,application/xml;q=0.9,image/webp,*/*;q=0.8',
  'accept-encoding' => 'gzip, deflate, sdch',
  'accept-language' => 'zh-CN,zh;q=0.8',
  'cookie' => '__guid=173887013.2001852503040195600.1512975530944.0728; monitor_count=1',
)
[ info ] [ PARAM ] array (
)
[ info ] [ SESSION ] INIT array (
  'id' => '',
  'var_session_id' => '',
  'prefix' => 'think',
  'type' => '',
  'auto_start' => true,
)
[ info ] [ LOG ] INIT File
---------------------------------------------------------------
[ 2017-12-11T14:58:58+08:00 ] 127.0.0.1 127.0.0.1 GET /admin/login/login.html
[ info ] www.boot.com/admin/login/login.html [运行时间：0.097005s][吞吐率：10.31req/s] [内存消耗：1,749.85kb] [文件加载：46]
[ info ] [ LANG ] C:\Users\Administrator\Desktop\Project\boot_cms\thinkphp\lang\zh-cn.php
[ info ] [ ROUTE ] array (
  'type' => 'module',
  'module' => 
  array (
    0 => 'admin',
    1 => 'login',
    2 => 'login',
  ),
)
[ info ] [ HEADER ] array (
  'host' => 'www.boot.com',
  'connection' => 'keep-alive',
  'upgrade-insecure-requests' => '1',
  'user-agent' => 'Mozilla/5.0 (Windows NT 6.1; WOW64) AppleWebKit/537.36 (KHTML, like Gecko) Chrome/55.0.2883.87 Safari/537.36',
  'accept' => 'text/html,application/xhtml+xml,application/xml;q=0.9,image/webp,*/*;q=0.8',
  'accept-encoding' => 'gzip, deflate, sdch',
  'accept-language' => 'zh-CN,zh;q=0.8',
  'cookie' => '__guid=173887013.2001852503040195600.1512975530944.0728; monitor_count=1; PHPSESSID=2p71r0fj66h71m2tuasbkvo987',
)
[ info ] [ PARAM ] array (
)
[ info ] [ RUN ] app\admin\controller\Login->login[ C:\Users\Administrator\Desktop\Project\boot_cms\application\admin\controller\Login.php ]
[ info ] [ VIEW ] C:\Users\Administrator\Desktop\Project\boot_cms\public/../application/admin\view\login.html [ array (
) ]
[ info ] [ LOG ] INIT File
---------------------------------------------------------------
[ 2017-12-11T14:59:01+08:00 ] 127.0.0.1 127.0.0.1 POST /admin/login/login.html
[ info ] www.boot.com/admin/login/login.html [运行时间：0.127007s][吞吐率：7.87req/s] [内存消耗：2,496.11kb] [文件加载：53]
[ info ] [ LANG ] C:\Users\Administrator\Desktop\Project\boot_cms\thinkphp\lang\zh-cn.php
[ info ] [ ROUTE ] array (
  'type' => 'module',
  'module' => 
  array (
    0 => 'admin',
    1 => 'login',
    2 => 'login',
  ),
)
[ info ] [ HEADER ] array (
  'host' => 'www.boot.com',
  'connection' => 'keep-alive',
  'content-length' => '21',
  'accept' => 'application/json, text/javascript, */*; q=0.01',
  'origin' => 'http://www.boot.com',
  'x-requested-with' => 'XMLHttpRequest',
  'user-agent' => 'Mozilla/5.0 (Windows NT 6.1; WOW64) AppleWebKit/537.36 (KHTML, like Gecko) Chrome/55.0.2883.87 Safari/537.36',
  'content-type' => 'application/x-www-form-urlencoded; charset=UTF-8',
  'referer' => 'http://www.boot.com/admin/login/login.html',
  'accept-encoding' => 'gzip, deflate',
  'accept-language' => 'zh-CN,zh;q=0.8',
  'cookie' => '__guid=173887013.2001852503040195600.1512975530944.0728; PHPSESSID=2p71r0fj66h71m2tuasbkvo987; monitor_count=2',
)
[ info ] [ PARAM ] array (
  'user' => 'admin',
  'pass' => 'admin',
)
[ info ] [ RUN ] app\admin\controller\Login->login[ C:\Users\Administrator\Desktop\Project\boot_cms\application\admin\controller\Login.php ]
[ info ] [ DB ] INIT mysql
[ info ] [ SESSION ] INIT array (
  'id' => '',
  'var_session_id' => '',
  'prefix' => 'think',
  'type' => '',
  'auto_start' => true,
)
[ info ] [ LOG ] INIT File
[ sql ] [ DB ] CONNECT:[ UseTime:0.010001s ] mysql:dbname=boot-cms;host=127.0.0.1;port=3306;charset=utf8
[ sql ] [ SQL ] SHOW COLUMNS FROM `boot_admin` [ RunTime:0.049003s ]
[ sql ] [ SQL ] SELECT * FROM `boot_admin` WHERE  `user` = 'admin'  AND `pass` = '59b1a6e5c491fac9e6bbe9ee127cf64088728601' LIMIT 1 [ RunTime:0.005000s ]
---------------------------------------------------------------
[ 2017-12-11T14:59:04+08:00 ] 127.0.0.1 127.0.0.1 GET /admin/index/index.html
[ info ] www.boot.com/admin/index/index.html [运行时间：0.210012s][吞吐率：4.76req/s] [内存消耗：2,889.10kb] [文件加载：57]
[ info ] [ LANG ] C:\Users\Administrator\Desktop\Project\boot_cms\thinkphp\lang\zh-cn.php
[ info ] [ ROUTE ] array (
  'type' => 'module',
  'module' => 
  array (
    0 => 'admin',
    1 => 'index',
    2 => 'index',
  ),
)
[ info ] [ HEADER ] array (
  'host' => 'www.boot.com',
  'connection' => 'keep-alive',
  'upgrade-insecure-requests' => '1',
  'user-agent' => 'Mozilla/5.0 (Windows NT 6.1; WOW64) AppleWebKit/537.36 (KHTML, like Gecko) Chrome/55.0.2883.87 Safari/537.36',
  'accept' => 'text/html,application/xhtml+xml,application/xml;q=0.9,image/webp,*/*;q=0.8',
  'referer' => 'http://www.boot.com/admin/login/login.html',
  'accept-encoding' => 'gzip, deflate, sdch',
  'accept-language' => 'zh-CN,zh;q=0.8',
  'cookie' => '__guid=173887013.2001852503040195600.1512975530944.0728; PHPSESSID=2p71r0fj66h71m2tuasbkvo987; monitor_count=2',
)
[ info ] [ PARAM ] array (
)
[ info ] [ SESSION ] INIT array (
  'id' => '',
  'var_session_id' => '',
  'prefix' => 'think',
  'type' => '',
  'auto_start' => true,
)
[ info ] [ DB ] INIT mysql
[ info ] [ RUN ] app\admin\controller\Index->index[ C:\Users\Administrator\Desktop\Project\boot_cms\application\admin\controller\Index.php ]
[ info ] [ VIEW ] C:\Users\Administrator\Desktop\Project\boot_cms\public/../application/admin\view\index.html [ array (
  0 => 'admin_nickname',
  1 => 'menu',
) ]
[ info ] [ LOG ] INIT File
[ sql ] [ DB ] CONNECT:[ UseTime:0.011001s ] mysql:dbname=boot-cms;host=127.0.0.1;port=3306;charset=utf8
[ sql ] [ SQL ] SHOW COLUMNS FROM `boot_menu_admin` [ RunTime:0.031002s ]
[ sql ] [ SQL ] SELECT * FROM `boot_menu_admin` ORDER BY `sort` [ RunTime:0.001000s ]
---------------------------------------------------------------
[ 2017-12-11T14:59:04+08:00 ] 127.0.0.1 127.0.0.1 GET /admin/index/home.html
[ info ] www.boot.com/admin/index/home.html [运行时间：0.282016s][吞吐率：3.55req/s] [内存消耗：2,871.02kb] [文件加载：58]
[ info ] [ LANG ] C:\Users\Administrator\Desktop\Project\boot_cms\thinkphp\lang\zh-cn.php
[ info ] [ ROUTE ] array (
  'type' => 'module',
  'module' => 
  array (
    0 => 'admin',
    1 => 'index',
    2 => 'home',
  ),
)
[ info ] [ HEADER ] array (
  'host' => 'www.boot.com',
  'connection' => 'keep-alive',
  'upgrade-insecure-requests' => '1',
  'user-agent' => 'Mozilla/5.0 (Windows NT 6.1; WOW64) AppleWebKit/537.36 (KHTML, like Gecko) Chrome/55.0.2883.87 Safari/537.36',
  'accept' => 'text/html,application/xhtml+xml,application/xml;q=0.9,image/webp,*/*;q=0.8',
  'referer' => 'http://www.boot.com/admin/index/index.html',
  'accept-encoding' => 'gzip, deflate, sdch',
  'accept-language' => 'zh-CN,zh;q=0.8',
  'cookie' => '__guid=173887013.2001852503040195600.1512975530944.0728; PHPSESSID=2p71r0fj66h71m2tuasbkvo987; monitor_count=3',
)
[ info ] [ PARAM ] array (
)
[ info ] [ SESSION ] INIT array (
  'id' => '',
  'var_session_id' => '',
  'prefix' => 'think',
  'type' => '',
  'auto_start' => true,
)
[ info ] [ DB ] INIT mysql
[ info ] [ RUN ] app\admin\controller\Index->home[ C:\Users\Administrator\Desktop\Project\boot_cms\application\admin\controller\Index.php ]
[ info ] [ VIEW ] C:\Users\Administrator\Desktop\Project\boot_cms\public/../application/admin\view\index\home.html [ array (
  0 => 'admin_nickname',
  1 => 'menu',
  2 => 'NewMessage',
) ]
[ info ] [ LOG ] INIT File
[ sql ] [ DB ] CONNECT:[ UseTime:0.001000s ] mysql:dbname=boot-cms;host=127.0.0.1;port=3306;charset=utf8
[ sql ] [ SQL ] SHOW COLUMNS FROM `boot_menu_admin` [ RunTime:0.002000s ]
[ sql ] [ SQL ] SELECT * FROM `boot_menu_admin` ORDER BY `sort` [ RunTime:0.001000s ]
[ sql ] [ SQL ] SHOW COLUMNS FROM `boot_message` [ RunTime:0.116007s ]
[ sql ] [ SQL ] SELECT `content`,`ip`,`update_time`,`id`,`nick_name` FROM `boot_message` ORDER BY id desc [ RunTime:0.000000s ]
---------------------------------------------------------------
[ 2017-12-11T14:59:09+08:00 ] 127.0.0.1 127.0.0.1 GET /admin/message/list_message?v=4.0
[ info ] www.boot.com/admin/message/list_message?v=4.0 [运行时间：0.161010s][吞吐率：6.21req/s] [内存消耗：3,046.13kb] [文件加载：62]
[ info ] [ LANG ] C:\Users\Administrator\Desktop\Project\boot_cms\thinkphp\lang\zh-cn.php
[ info ] [ ROUTE ] array (
  'type' => 'module',
  'module' => 
  array (
    0 => 'admin',
    1 => 'message',
    2 => 'list_message',
  ),
)
[ info ] [ HEADER ] array (
  'host' => 'www.boot.com',
  'connection' => 'keep-alive',
  'upgrade-insecure-requests' => '1',
  'user-agent' => 'Mozilla/5.0 (Windows NT 6.1; WOW64) AppleWebKit/537.36 (KHTML, like Gecko) Chrome/55.0.2883.87 Safari/537.36',
  'accept' => 'text/html,application/xhtml+xml,application/xml;q=0.9,image/webp,*/*;q=0.8',
  'referer' => 'http://www.boot.com/admin/index/index.html',
  'accept-encoding' => 'gzip, deflate, sdch',
  'accept-language' => 'zh-CN,zh;q=0.8',
  'cookie' => '__guid=173887013.2001852503040195600.1512975530944.0728; PHPSESSID=2p71r0fj66h71m2tuasbkvo987; monitor_count=3',
)
[ info ] [ PARAM ] array (
  'v' => '4.0',
)
[ info ] [ SESSION ] INIT array (
  'id' => '',
  'var_session_id' => '',
  'prefix' => 'think',
  'type' => '',
  'auto_start' => true,
)
[ info ] [ DB ] INIT mysql
[ info ] [ RUN ] app\admin\controller\Message->list_message[ C:\Users\Administrator\Desktop\Project\boot_cms\application\admin\controller\Message.php ]
[ info ] [ VIEW ] C:\Users\Administrator\Desktop\Project\boot_cms\public/../application/admin\view\message\list_message.html [ array (
  0 => 'admin_nickname',
  1 => 'menu',
  2 => 'page',
  3 => 'list',
) ]
[ info ] [ LOG ] INIT File
[ sql ] [ DB ] CONNECT:[ UseTime:0.010000s ] mysql:dbname=boot-cms;host=127.0.0.1;port=3306;charset=utf8
[ sql ] [ SQL ] SHOW COLUMNS FROM `boot_menu_admin` [ RunTime:0.003000s ]
[ sql ] [ SQL ] SELECT * FROM `boot_menu_admin` ORDER BY `sort` [ RunTime:0.000000s ]
[ sql ] [ SQL ] SHOW COLUMNS FROM `boot_message` [ RunTime:0.005000s ]
[ sql ] [ SQL ] SELECT COUNT(*) AS tp_count FROM `boot_message` LIMIT 1 [ RunTime:0.000000s ]
[ sql ] [ SQL ] SELECT *,`id` FROM `boot_message` ORDER BY id desc LIMIT 0,10 [ RunTime:0.000000s ]
---------------------------------------------------------------
[ 2017-12-11T14:59:11+08:00 ] 127.0.0.1 127.0.0.1 GET /admin/index/index.html
[ info ] www.boot.com/admin/index/index.html [运行时间：0.066003s][吞吐率：15.15req/s] [内存消耗：2,889.23kb] [文件加载：57]
[ info ] [ LANG ] C:\Users\Administrator\Desktop\Project\boot_cms\thinkphp\lang\zh-cn.php
[ info ] [ ROUTE ] array (
  'type' => 'module',
  'module' => 
  array (
    0 => 'admin',
    1 => 'index',
    2 => 'index',
  ),
)
[ info ] [ HEADER ] array (
  'host' => 'www.boot.com',
  'connection' => 'keep-alive',
  'cache-control' => 'max-age=0',
  'upgrade-insecure-requests' => '1',
  'user-agent' => 'Mozilla/5.0 (Windows NT 6.1; WOW64) AppleWebKit/537.36 (KHTML, like Gecko) Chrome/55.0.2883.87 Safari/537.36',
  'accept' => 'text/html,application/xhtml+xml,application/xml;q=0.9,image/webp,*/*;q=0.8',
  'referer' => 'http://www.boot.com/admin/login/login.html',
  'accept-encoding' => 'gzip, deflate, sdch',
  'accept-language' => 'zh-CN,zh;q=0.8',
  'cookie' => '__guid=173887013.2001852503040195600.1512975530944.0728; PHPSESSID=2p71r0fj66h71m2tuasbkvo987; monitor_count=3',
)
[ info ] [ PARAM ] array (
)
[ info ] [ SESSION ] INIT array (
  'id' => '',
  'var_session_id' => '',
  'prefix' => 'think',
  'type' => '',
  'auto_start' => true,
)
[ info ] [ DB ] INIT mysql
[ info ] [ RUN ] app\admin\controller\Index->index[ C:\Users\Administrator\Desktop\Project\boot_cms\application\admin\controller\Index.php ]
[ info ] [ VIEW ] C:\Users\Administrator\Desktop\Project\boot_cms\public/../application/admin\view\index.html [ array (
  0 => 'admin_nickname',
  1 => 'menu',
) ]
[ info ] [ LOG ] INIT File
[ sql ] [ DB ] CONNECT:[ UseTime:0.011001s ] mysql:dbname=boot-cms;host=127.0.0.1;port=3306;charset=utf8
[ sql ] [ SQL ] SHOW COLUMNS FROM `boot_menu_admin` [ RunTime:0.003000s ]
[ sql ] [ SQL ] SELECT * FROM `boot_menu_admin` ORDER BY `sort` [ RunTime:0.001000s ]
---------------------------------------------------------------
[ 2017-12-11T14:59:11+08:00 ] 127.0.0.1 127.0.0.1 GET /admin/index/home.html
[ info ] www.boot.com/admin/index/home.html [运行时间：0.055003s][吞吐率：18.18req/s] [内存消耗：2,871.02kb] [文件加载：58]
[ info ] [ LANG ] C:\Users\Administrator\Desktop\Project\boot_cms\thinkphp\lang\zh-cn.php
[ info ] [ ROUTE ] array (
  'type' => 'module',
  'module' => 
  array (
    0 => 'admin',
    1 => 'index',
    2 => 'home',
  ),
)
[ info ] [ HEADER ] array (
  'host' => 'www.boot.com',
  'connection' => 'keep-alive',
  'upgrade-insecure-requests' => '1',
  'user-agent' => 'Mozilla/5.0 (Windows NT 6.1; WOW64) AppleWebKit/537.36 (KHTML, like Gecko) Chrome/55.0.2883.87 Safari/537.36',
  'accept' => 'text/html,application/xhtml+xml,application/xml;q=0.9,image/webp,*/*;q=0.8',
  'referer' => 'http://www.boot.com/admin/index/index.html',
  'accept-encoding' => 'gzip, deflate, sdch',
  'accept-language' => 'zh-CN,zh;q=0.8',
  'cookie' => '__guid=173887013.2001852503040195600.1512975530944.0728; PHPSESSID=2p71r0fj66h71m2tuasbkvo987; monitor_count=4',
)
[ info ] [ PARAM ] array (
)
[ info ] [ SESSION ] INIT array (
  'id' => '',
  'var_session_id' => '',
  'prefix' => 'think',
  'type' => '',
  'auto_start' => true,
)
[ info ] [ DB ] INIT mysql
[ info ] [ RUN ] app\admin\controller\Index->home[ C:\Users\Administrator\Desktop\Project\boot_cms\application\admin\controller\Index.php ]
[ info ] [ VIEW ] C:\Users\Administrator\Desktop\Project\boot_cms\public/../application/admin\view\index\home.html [ array (
  0 => 'admin_nickname',
  1 => 'menu',
  2 => 'NewMessage',
) ]
[ info ] [ LOG ] INIT File
[ sql ] [ DB ] CONNECT:[ UseTime:0.010001s ] mysql:dbname=boot-cms;host=127.0.0.1;port=3306;charset=utf8
[ sql ] [ SQL ] SHOW COLUMNS FROM `boot_menu_admin` [ RunTime:0.003000s ]
[ sql ] [ SQL ] SELECT * FROM `boot_menu_admin` ORDER BY `sort` [ RunTime:0.000000s ]
[ sql ] [ SQL ] SHOW COLUMNS FROM `boot_message` [ RunTime:0.002000s ]
[ sql ] [ SQL ] SELECT `content`,`ip`,`update_time`,`id`,`nick_name` FROM `boot_message` ORDER BY id desc [ RunTime:0.001000s ]
---------------------------------------------------------------
[ 2017-12-11T15:05:44+08:00 ] 127.0.0.1 127.0.0.1 GET /admin/member/list_cate?v=4.0
[ info ] www.boot.com/admin/member/list_cate?v=4.0 [运行时间：0.410023s][吞吐率：2.44req/s] [内存消耗：1,795.12kb] [文件加载：48]
[ info ] [ LANG ] C:\Users\Administrator\Desktop\Project\boot_cms\thinkphp\lang\zh-cn.php
[ info ] [ ROUTE ] array (
  'type' => 'module',
  'module' => 
  array (
    0 => 'admin',
    1 => 'member',
    2 => 'list_cate',
  ),
)
[ info ] [ HEADER ] array (
  'host' => 'www.boot.com',
  'connection' => 'keep-alive',
  'upgrade-insecure-requests' => '1',
  'user-agent' => 'Mozilla/5.0 (Windows NT 6.1; WOW64) AppleWebKit/537.36 (KHTML, like Gecko) Chrome/55.0.2883.87 Safari/537.36',
  'accept' => 'text/html,application/xhtml+xml,application/xml;q=0.9,image/webp,*/*;q=0.8',
  'referer' => 'http://www.boot.com/admin/index/index.html',
  'accept-encoding' => 'gzip, deflate, sdch',
  'accept-language' => 'zh-CN,zh;q=0.8',
)
[ info ] [ PARAM ] array (
  'v' => '4.0',
)
[ info ] [ SESSION ] INIT array (
  'id' => '',
  'var_session_id' => '',
  'prefix' => 'think',
  'type' => '',
  'auto_start' => true,
)
[ info ] [ LOG ] INIT File
---------------------------------------------------------------
[ 2017-12-11T15:05:44+08:00 ] 127.0.0.1 127.0.0.1 GET /admin/login/login.html
[ info ] www.boot.com/admin/login/login.html [运行时间：0.030001s][吞吐率：33.33req/s] [内存消耗：1,749.87kb] [文件加载：46]
[ info ] [ LANG ] C:\Users\Administrator\Desktop\Project\boot_cms\thinkphp\lang\zh-cn.php
[ info ] [ ROUTE ] array (
  'type' => 'module',
  'module' => 
  array (
    0 => 'admin',
    1 => 'login',
    2 => 'login',
  ),
)
[ info ] [ HEADER ] array (
  'host' => 'www.boot.com',
  'connection' => 'keep-alive',
  'upgrade-insecure-requests' => '1',
  'user-agent' => 'Mozilla/5.0 (Windows NT 6.1; WOW64) AppleWebKit/537.36 (KHTML, like Gecko) Chrome/55.0.2883.87 Safari/537.36',
  'accept' => 'text/html,application/xhtml+xml,application/xml;q=0.9,image/webp,*/*;q=0.8',
  'referer' => 'http://www.boot.com/admin/index/index.html',
  'accept-encoding' => 'gzip, deflate, sdch',
  'accept-language' => 'zh-CN,zh;q=0.8',
  'cookie' => 'PHPSESSID=gn1t2l90etvl9o9krhldi1dm60',
)
[ info ] [ PARAM ] array (
)
[ info ] [ RUN ] app\admin\controller\Login->login[ C:\Users\Administrator\Desktop\Project\boot_cms\application\admin\controller\Login.php ]
[ info ] [ VIEW ] C:\Users\Administrator\Desktop\Project\boot_cms\public/../application/admin\view\login.html [ array (
) ]
[ info ] [ LOG ] INIT File
---------------------------------------------------------------
[ 2017-12-11T15:05:49+08:00 ] 127.0.0.1 127.0.0.1 POST /admin/login/login.html
[ info ] www.boot.com/admin/login/login.html [运行时间：0.356020s][吞吐率：2.81req/s] [内存消耗：2,495.85kb] [文件加载：53]
[ info ] [ LANG ] C:\Users\Administrator\Desktop\Project\boot_cms\thinkphp\lang\zh-cn.php
[ info ] [ ROUTE ] array (
  'type' => 'module',
  'module' => 
  array (
    0 => 'admin',
    1 => 'login',
    2 => 'login',
  ),
)
[ info ] [ HEADER ] array (
  'host' => 'www.boot.com',
  'connection' => 'keep-alive',
  'content-length' => '21',
  'accept' => 'application/json, text/javascript, */*; q=0.01',
  'origin' => 'http://www.boot.com',
  'x-requested-with' => 'XMLHttpRequest',
  'user-agent' => 'Mozilla/5.0 (Windows NT 6.1; WOW64) AppleWebKit/537.36 (KHTML, like Gecko) Chrome/55.0.2883.87 Safari/537.36',
  'content-type' => 'application/x-www-form-urlencoded; charset=UTF-8',
  'referer' => 'http://www.boot.com/admin/login/login.html',
  'accept-encoding' => 'gzip, deflate',
  'accept-language' => 'zh-CN,zh;q=0.8',
  'cookie' => 'PHPSESSID=gn1t2l90etvl9o9krhldi1dm60',
)
[ info ] [ PARAM ] array (
  'user' => 'admin',
  'pass' => 'admin',
)
[ info ] [ RUN ] app\admin\controller\Login->login[ C:\Users\Administrator\Desktop\Project\boot_cms\application\admin\controller\Login.php ]
[ info ] [ DB ] INIT mysql
[ info ] [ SESSION ] INIT array (
  'id' => '',
  'var_session_id' => '',
  'prefix' => 'think',
  'type' => '',
  'auto_start' => true,
)
[ info ] [ LOG ] INIT File
[ sql ] [ DB ] CONNECT:[ UseTime:0.011000s ] mysql:dbname=boot-cms;host=127.0.0.1;port=3306;charset=utf8
[ sql ] [ SQL ] SHOW COLUMNS FROM `boot_admin` [ RunTime:0.301017s ]
[ sql ] [ SQL ] SELECT * FROM `boot_admin` WHERE  `user` = 'admin'  AND `pass` = '59b1a6e5c491fac9e6bbe9ee127cf64088728601' LIMIT 1 [ RunTime:0.000000s ]
---------------------------------------------------------------
[ 2017-12-11T15:05:51+08:00 ] 127.0.0.1 127.0.0.1 GET /admin/index/index.html
[ info ] www.boot.com/admin/index/index.html [运行时间：0.041003s][吞吐率：24.39req/s] [内存消耗：2,888.93kb] [文件加载：57]
[ info ] [ LANG ] C:\Users\Administrator\Desktop\Project\boot_cms\thinkphp\lang\zh-cn.php
[ info ] [ ROUTE ] array (
  'type' => 'module',
  'module' => 
  array (
    0 => 'admin',
    1 => 'index',
    2 => 'index',
  ),
)
[ info ] [ HEADER ] array (
  'host' => 'www.boot.com',
  'connection' => 'keep-alive',
  'upgrade-insecure-requests' => '1',
  'user-agent' => 'Mozilla/5.0 (Windows NT 6.1; WOW64) AppleWebKit/537.36 (KHTML, like Gecko) Chrome/55.0.2883.87 Safari/537.36',
  'accept' => 'text/html,application/xhtml+xml,application/xml;q=0.9,image/webp,*/*;q=0.8',
  'referer' => 'http://www.boot.com/admin/login/login.html',
  'accept-encoding' => 'gzip, deflate, sdch',
  'accept-language' => 'zh-CN,zh;q=0.8',
  'cookie' => 'PHPSESSID=gn1t2l90etvl9o9krhldi1dm60',
)
[ info ] [ PARAM ] array (
)
[ info ] [ SESSION ] INIT array (
  'id' => '',
  'var_session_id' => '',
  'prefix' => 'think',
  'type' => '',
  'auto_start' => true,
)
[ info ] [ DB ] INIT mysql
[ info ] [ RUN ] app\admin\controller\Index->index[ C:\Users\Administrator\Desktop\Project\boot_cms\application\admin\controller\Index.php ]
[ info ] [ VIEW ] C:\Users\Administrator\Desktop\Project\boot_cms\public/../application/admin\view\index.html [ array (
  0 => 'admin_nickname',
  1 => 'menu',
) ]
[ info ] [ LOG ] INIT File
[ sql ] [ DB ] CONNECT:[ UseTime:0.001000s ] mysql:dbname=boot-cms;host=127.0.0.1;port=3306;charset=utf8
[ sql ] [ SQL ] SHOW COLUMNS FROM `boot_menu_admin` [ RunTime:0.002000s ]
[ sql ] [ SQL ] SELECT * FROM `boot_menu_admin` ORDER BY `sort` [ RunTime:0.000000s ]
---------------------------------------------------------------
[ 2017-12-11T15:05:51+08:00 ] 127.0.0.1 127.0.0.1 GET /admin/index/home.html
[ info ] www.boot.com/admin/index/home.html [运行时间：0.047003s][吞吐率：21.28req/s] [内存消耗：2,870.89kb] [文件加载：58]
[ info ] [ LANG ] C:\Users\Administrator\Desktop\Project\boot_cms\thinkphp\lang\zh-cn.php
[ info ] [ ROUTE ] array (
  'type' => 'module',
  'module' => 
  array (
    0 => 'admin',
    1 => 'index',
    2 => 'home',
  ),
)
[ info ] [ HEADER ] array (
  'host' => 'www.boot.com',
  'connection' => 'keep-alive',
  'upgrade-insecure-requests' => '1',
  'user-agent' => 'Mozilla/5.0 (Windows NT 6.1; WOW64) AppleWebKit/537.36 (KHTML, like Gecko) Chrome/55.0.2883.87 Safari/537.36',
  'accept' => 'text/html,application/xhtml+xml,application/xml;q=0.9,image/webp,*/*;q=0.8',
  'referer' => 'http://www.boot.com/admin/index/index.html',
  'accept-encoding' => 'gzip, deflate, sdch',
  'accept-language' => 'zh-CN,zh;q=0.8',
  'cookie' => 'PHPSESSID=gn1t2l90etvl9o9krhldi1dm60',
)
[ info ] [ PARAM ] array (
)
[ info ] [ SESSION ] INIT array (
  'id' => '',
  'var_session_id' => '',
  'prefix' => 'think',
  'type' => '',
  'auto_start' => true,
)
[ info ] [ DB ] INIT mysql
[ info ] [ RUN ] app\admin\controller\Index->home[ C:\Users\Administrator\Desktop\Project\boot_cms\application\admin\controller\Index.php ]
[ info ] [ VIEW ] C:\Users\Administrator\Desktop\Project\boot_cms\public/../application/admin\view\index\home.html [ array (
  0 => 'admin_nickname',
  1 => 'menu',
  2 => 'NewMessage',
) ]
[ info ] [ LOG ] INIT File
[ sql ] [ DB ] CONNECT:[ UseTime:0.001000s ] mysql:dbname=boot-cms;host=127.0.0.1;port=3306;charset=utf8
[ sql ] [ SQL ] SHOW COLUMNS FROM `boot_menu_admin` [ RunTime:0.002000s ]
[ sql ] [ SQL ] SELECT * FROM `boot_menu_admin` ORDER BY `sort` [ RunTime:0.000000s ]
[ sql ] [ SQL ] SHOW COLUMNS FROM `boot_message` [ RunTime:0.002000s ]
[ sql ] [ SQL ] SELECT `content`,`ip`,`update_time`,`id`,`nick_name` FROM `boot_message` ORDER BY id desc [ RunTime:0.001000s ]
---------------------------------------------------------------
[ 2017-12-11T15:05:52+08:00 ] 127.0.0.1 127.0.0.1 GET /admin/index/index.html
[ info ] www.boot.com/admin/index/index.html [运行时间：0.063003s][吞吐率：15.87req/s] [内存消耗：2,889.11kb] [文件加载：57]
[ info ] [ LANG ] C:\Users\Administrator\Desktop\Project\boot_cms\thinkphp\lang\zh-cn.php
[ info ] [ ROUTE ] array (
  'type' => 'module',
  'module' => 
  array (
    0 => 'admin',
    1 => 'index',
    2 => 'index',
  ),
)
[ info ] [ HEADER ] array (
  'host' => 'www.boot.com',
  'connection' => 'keep-alive',
  'cache-control' => 'max-age=0',
  'upgrade-insecure-requests' => '1',
  'user-agent' => 'Mozilla/5.0 (Windows NT 6.1; WOW64) AppleWebKit/537.36 (KHTML, like Gecko) Chrome/55.0.2883.87 Safari/537.36',
  'accept' => 'text/html,application/xhtml+xml,application/xml;q=0.9,image/webp,*/*;q=0.8',
  'referer' => 'http://www.boot.com/admin/login/login.html',
  'accept-encoding' => 'gzip, deflate, sdch',
  'accept-language' => 'zh-CN,zh;q=0.8',
  'cookie' => 'PHPSESSID=gn1t2l90etvl9o9krhldi1dm60',
)
[ info ] [ PARAM ] array (
)
[ info ] [ SESSION ] INIT array (
  'id' => '',
  'var_session_id' => '',
  'prefix' => 'think',
  'type' => '',
  'auto_start' => true,
)
[ info ] [ DB ] INIT mysql
[ info ] [ RUN ] app\admin\controller\Index->index[ C:\Users\Administrator\Desktop\Project\boot_cms\application\admin\controller\Index.php ]
[ info ] [ VIEW ] C:\Users\Administrator\Desktop\Project\boot_cms\public/../application/admin\view\index.html [ array (
  0 => 'admin_nickname',
  1 => 'menu',
) ]
[ info ] [ LOG ] INIT File
[ sql ] [ DB ] CONNECT:[ UseTime:0.010001s ] mysql:dbname=boot-cms;host=127.0.0.1;port=3306;charset=utf8
[ sql ] [ SQL ] SHOW COLUMNS FROM `boot_menu_admin` [ RunTime:0.003000s ]
[ sql ] [ SQL ] SELECT * FROM `boot_menu_admin` ORDER BY `sort` [ RunTime:0.000000s ]
---------------------------------------------------------------
[ 2017-12-11T15:05:52+08:00 ] 127.0.0.1 127.0.0.1 GET /admin/index/home.html
[ info ] www.boot.com/admin/index/home.html [运行时间：0.053003s][吞吐率：18.87req/s] [内存消耗：2,871.02kb] [文件加载：58]
[ info ] [ LANG ] C:\Users\Administrator\Desktop\Project\boot_cms\thinkphp\lang\zh-cn.php
[ info ] [ ROUTE ] array (
  'type' => 'module',
  'module' => 
  array (
    0 => 'admin',
    1 => 'index',
    2 => 'home',
  ),
)
[ info ] [ HEADER ] array (
  'host' => 'www.boot.com',
  'connection' => 'keep-alive',
  'upgrade-insecure-requests' => '1',
  'user-agent' => 'Mozilla/5.0 (Windows NT 6.1; WOW64) AppleWebKit/537.36 (KHTML, like Gecko) Chrome/55.0.2883.87 Safari/537.36',
  'accept' => 'text/html,application/xhtml+xml,application/xml;q=0.9,image/webp,*/*;q=0.8',
  'referer' => 'http://www.boot.com/admin/index/index.html',
  'accept-encoding' => 'gzip, deflate, sdch',
  'accept-language' => 'zh-CN,zh;q=0.8',
  'cookie' => 'PHPSESSID=gn1t2l90etvl9o9krhldi1dm60; __guid=173887013.4330829085493927000.1512975952515.9014; monitor_count=1',
)
[ info ] [ PARAM ] array (
)
[ info ] [ SESSION ] INIT array (
  'id' => '',
  'var_session_id' => '',
  'prefix' => 'think',
  'type' => '',
  'auto_start' => true,
)
[ info ] [ DB ] INIT mysql
[ info ] [ RUN ] app\admin\controller\Index->home[ C:\Users\Administrator\Desktop\Project\boot_cms\application\admin\controller\Index.php ]
[ info ] [ VIEW ] C:\Users\Administrator\Desktop\Project\boot_cms\public/../application/admin\view\index\home.html [ array (
  0 => 'admin_nickname',
  1 => 'menu',
  2 => 'NewMessage',
) ]
[ info ] [ LOG ] INIT File
[ sql ] [ DB ] CONNECT:[ UseTime:0.010001s ] mysql:dbname=boot-cms;host=127.0.0.1;port=3306;charset=utf8
[ sql ] [ SQL ] SHOW COLUMNS FROM `boot_menu_admin` [ RunTime:0.003000s ]
[ sql ] [ SQL ] SELECT * FROM `boot_menu_admin` ORDER BY `sort` [ RunTime:0.000000s ]
[ sql ] [ SQL ] SHOW COLUMNS FROM `boot_message` [ RunTime:0.002000s ]
[ sql ] [ SQL ] SELECT `content`,`ip`,`update_time`,`id`,`nick_name` FROM `boot_message` ORDER BY id desc [ RunTime:0.001000s ]
---------------------------------------------------------------
[ 2017-12-11T15:05:58+08:00 ] 127.0.0.1 127.0.0.1 GET /admin/member/list_cate?v=4.0
[ info ] www.boot.com/admin/member/list_cate?v=4.0 [运行时间：2.338134s][吞吐率：0.43req/s] [内存消耗：3,045.25kb] [文件加载：61]
[ info ] [ LANG ] C:\Users\Administrator\Desktop\Project\boot_cms\thinkphp\lang\zh-cn.php
[ info ] [ ROUTE ] array (
  'type' => 'module',
  'module' => 
  array (
    0 => 'admin',
    1 => 'member',
    2 => 'list_cate',
  ),
)
[ info ] [ HEADER ] array (
  'host' => 'www.boot.com',
  'connection' => 'keep-alive',
  'upgrade-insecure-requests' => '1',
  'user-agent' => 'Mozilla/5.0 (Windows NT 6.1; WOW64) AppleWebKit/537.36 (KHTML, like Gecko) Chrome/55.0.2883.87 Safari/537.36',
  'accept' => 'text/html,application/xhtml+xml,application/xml;q=0.9,image/webp,*/*;q=0.8',
  'referer' => 'http://www.boot.com/admin/index/index.html',
  'accept-encoding' => 'gzip, deflate, sdch',
  'accept-language' => 'zh-CN,zh;q=0.8',
  'cookie' => 'PHPSESSID=gn1t2l90etvl9o9krhldi1dm60; __guid=173887013.4330829085493927000.1512975952515.9014; monitor_count=1',
)
[ info ] [ PARAM ] array (
  'v' => '4.0',
)
[ info ] [ SESSION ] INIT array (
  'id' => '',
  'var_session_id' => '',
  'prefix' => 'think',
  'type' => '',
  'auto_start' => true,
)
[ info ] [ DB ] INIT mysql
[ info ] [ RUN ] app\admin\controller\Member->list_cate[ C:\Users\Administrator\Desktop\Project\boot_cms\application\admin\controller\Member.php ]
[ info ] [ VIEW ] C:\Users\Administrator\Desktop\Project\boot_cms\public/../application/admin\view\member\list_cate.html [ array (
  0 => 'admin_nickname',
  1 => 'menu',
  2 => 'list',
  3 => 'page',
) ]
[ info ] [ LOG ] INIT File
[ sql ] [ DB ] CONNECT:[ UseTime:0.001000s ] mysql:dbname=boot-cms;host=127.0.0.1;port=3306;charset=utf8
[ sql ] [ SQL ] SHOW COLUMNS FROM `boot_menu_admin` [ RunTime:0.003000s ]
[ sql ] [ SQL ] SELECT * FROM `boot_menu_admin` ORDER BY `sort` [ RunTime:0.000000s ]
[ sql ] [ SQL ] SHOW COLUMNS FROM `boot_member_cate` [ RunTime:1.532088s ]
[ sql ] [ SQL ] SELECT COUNT(*) AS tp_count FROM `boot_member_cate` LIMIT 1 [ RunTime:0.000000s ]
[ sql ] [ SQL ] SELECT `id`,`name`,`create_time`,`update_time`,`status`,`order` FROM `boot_member_cate` ORDER BY id desc LIMIT 0,10 [ RunTime:0.000000s ]
---------------------------------------------------------------
[ 2017-12-11T15:06:02+08:00 ] 127.0.0.1 127.0.0.1 GET /admin/member/list_member?v=4.0
[ info ] www.boot.com/admin/member/list_member?v=4.0 [运行时间：0.153009s][吞吐率：6.54req/s] [内存消耗：3,045.37kb] [文件加载：61]
[ info ] [ LANG ] C:\Users\Administrator\Desktop\Project\boot_cms\thinkphp\lang\zh-cn.php
[ info ] [ ROUTE ] array (
  'type' => 'module',
  'module' => 
  array (
    0 => 'admin',
    1 => 'member',
    2 => 'list_member',
  ),
)
[ info ] [ HEADER ] array (
  'host' => 'www.boot.com',
  'connection' => 'keep-alive',
  'upgrade-insecure-requests' => '1',
  'user-agent' => 'Mozilla/5.0 (Windows NT 6.1; WOW64) AppleWebKit/537.36 (KHTML, like Gecko) Chrome/55.0.2883.87 Safari/537.36',
  'accept' => 'text/html,application/xhtml+xml,application/xml;q=0.9,image/webp,*/*;q=0.8',
  'referer' => 'http://www.boot.com/admin/index/index.html',
  'accept-encoding' => 'gzip, deflate, sdch',
  'accept-language' => 'zh-CN,zh;q=0.8',
  'cookie' => 'PHPSESSID=gn1t2l90etvl9o9krhldi1dm60; __guid=173887013.4330829085493927000.1512975952515.9014; monitor_count=1',
)
[ info ] [ PARAM ] array (
  'v' => '4.0',
)
[ info ] [ SESSION ] INIT array (
  'id' => '',
  'var_session_id' => '',
  'prefix' => 'think',
  'type' => '',
  'auto_start' => true,
)
[ info ] [ DB ] INIT mysql
[ info ] [ RUN ] app\admin\controller\Member->list_member[ C:\Users\Administrator\Desktop\Project\boot_cms\application\admin\controller\Member.php ]
[ info ] [ VIEW ] C:\Users\Administrator\Desktop\Project\boot_cms\public/../application/admin\view\member\list_member.html [ array (
  0 => 'admin_nickname',
  1 => 'menu',
  2 => 'list',
  3 => 'page',
) ]
[ info ] [ LOG ] INIT File
[ sql ] [ DB ] CONNECT:[ UseTime:0.010000s ] mysql:dbname=boot-cms;host=127.0.0.1;port=3306;charset=utf8
[ sql ] [ SQL ] SHOW COLUMNS FROM `boot_menu_admin` [ RunTime:0.003001s ]
[ sql ] [ SQL ] SELECT * FROM `boot_menu_admin` ORDER BY `sort` [ RunTime:0.001000s ]
[ sql ] [ SQL ] SHOW COLUMNS FROM `boot_member` [ RunTime:0.027001s ]
[ sql ] [ SQL ] SELECT COUNT(*) AS tp_count FROM `boot_member` `a` INNER JOIN `boot_member_cate` `b` ON `a`.`cate_id`=`b`.`id` LIMIT 1 [ RunTime:0.010001s ]
[ sql ] [ SQL ] SELECT `a`.*,`b`.`name` FROM `boot_member` `a` INNER JOIN `boot_member_cate` `b` ON `a`.`cate_id`=`b`.`id` ORDER BY a.id desc LIMIT 0,10 [ RunTime:0.000000s ]
---------------------------------------------------------------
[ 2017-12-11T15:29:40+08:00 ] 127.0.0.1 127.0.0.1 GET /admin/auth/list_menu?v=4.0
[ info ] www.boot.com/admin/auth/list_menu?v=4.0 [运行时间：0.203012s][吞吐率：4.93req/s] [内存消耗：3,379.16kb] [文件加载：58]
[ info ] [ LANG ] C:\Users\Administrator\Desktop\Project\boot_cms\thinkphp\lang\zh-cn.php
[ info ] [ ROUTE ] array (
  'type' => 'module',
  'module' => 
  array (
    0 => 'admin',
    1 => 'auth',
    2 => 'list_menu',
  ),
)
[ info ] [ HEADER ] array (
  'host' => 'www.boot.com',
  'connection' => 'keep-alive',
  'upgrade-insecure-requests' => '1',
  'user-agent' => 'Mozilla/5.0 (Windows NT 6.1; WOW64) AppleWebKit/537.36 (KHTML, like Gecko) Chrome/55.0.2883.87 Safari/537.36',
  'accept' => 'text/html,application/xhtml+xml,application/xml;q=0.9,image/webp,*/*;q=0.8',
  'referer' => 'http://www.boot.com/admin/index/index.html',
  'accept-encoding' => 'gzip, deflate, sdch',
  'accept-language' => 'zh-CN,zh;q=0.8',
  'cookie' => 'PHPSESSID=gn1t2l90etvl9o9krhldi1dm60; __guid=173887013.4330829085493927000.1512975952515.9014; monitor_count=1',
)
[ info ] [ PARAM ] array (
  'v' => '4.0',
)
[ info ] [ SESSION ] INIT array (
  'id' => '',
  'var_session_id' => '',
  'prefix' => 'think',
  'type' => '',
  'auto_start' => true,
)
[ info ] [ DB ] INIT mysql
[ info ] [ RUN ] app\admin\controller\Auth->list_menu[ C:\Users\Administrator\Desktop\Project\boot_cms\application\admin\controller\Auth.php ]
[ info ] [ VIEW ] C:\Users\Administrator\Desktop\Project\boot_cms\public/../application/admin\view\auth\list_menu.html [ array (
  0 => 'admin_nickname',
  1 => 'menu',
  2 => 'listRule',
  3 => 'list',
) ]
[ info ] [ LOG ] INIT File
[ sql ] [ DB ] CONNECT:[ UseTime:0.002000s ] mysql:dbname=boot-cms;host=127.0.0.1;port=3306;charset=utf8
[ sql ] [ SQL ] SHOW COLUMNS FROM `boot_menu_admin` [ RunTime:0.003001s ]
[ sql ] [ SQL ] SELECT * FROM `boot_menu_admin` ORDER BY `sort` [ RunTime:0.000000s ]
[ sql ] [ SQL ] SHOW COLUMNS FROM `boot_auth_rule` [ RunTime:0.035002s ]
[ sql ] [ SQL ] SELECT * FROM `boot_auth_rule` ORDER BY sort desc [ RunTime:0.013001s ]
