---------------------------------------------------------------
[ 2017-12-13T15:02:54+08:00 ] 127.0.0.1 127.0.0.1 GET /
[ info ] www.boot.com/ [运行时间：3.125179s][吞吐率：0.32req/s] [内存消耗：2,777.59kb] [文件加载：55]
[ info ] [ LANG ] C:\Users\Administrator\Desktop\Project\boot_cms\thinkphp\lang\zh-cn.php
[ info ] [ ROUTE ] array (
  'type' => 'module',
  'module' => 
  array (
    0 => '',
    1 => NULL,
    2 => NULL,
  ),
)
[ info ] [ HEADER ] array (
  'host' => 'www.boot.com',
  'accept' => '*/*',
)
[ info ] [ PARAM ] array (
)
[ info ] [ DB ] INIT mysql
[ info ] [ RUN ] app\index\controller\Index->index[ C:\Users\Administrator\Desktop\Project\boot_cms\application\index\controller\Index.php ]
[ info ] [ VIEW ] C:\Users\Administrator\Desktop\Project\boot_cms\public/../application/index\view\index\index.html [ array (
  0 => 'Menu',
) ]
[ info ] [ LOG ] INIT File
[ sql ] [ DB ] CONNECT:[ UseTime:0.010000s ] mysql:dbname=boot-cms;host=127.0.0.1;port=3306;charset=utf8
[ sql ] [ SQL ] SHOW COLUMNS FROM `boot_menu_home` [ RunTime:0.074004s ]
[ sql ] [ SQL ] SELECT `id`,`name`,`status`,`order`,`p_id`,`template_link`,`template_cate` FROM `boot_menu_home` WHERE  `status` = 1 [ RunTime:0.001001s ]
---------------------------------------------------------------
[ 2017-12-13T15:02:55+08:00 ] 127.0.0.1 127.0.0.1 GET HTTP://www.boot.com/
[ info ] www.boot.comHTTP://www.boot.com/ [运行时间：0.072004s][吞吐率：13.89req/s] [内存消耗：2,777.91kb] [文件加载：55]
[ info ] [ LANG ] C:\Users\Administrator\Desktop\Project\boot_cms\thinkphp\lang\zh-cn.php
[ info ] [ ROUTE ] array (
  'type' => 'module',
  'module' => 
  array (
    0 => '',
    1 => NULL,
    2 => NULL,
  ),
)
[ info ] [ HEADER ] array (
  'host' => 'www.boot.com',
  'accept' => '*/*',
  'proxy-connection' => 'Keep-Alive',
)
[ info ] [ PARAM ] array (
)
[ info ] [ DB ] INIT mysql
[ info ] [ RUN ] app\index\controller\Index->index[ C:\Users\Administrator\Desktop\Project\boot_cms\application\index\controller\Index.php ]
[ info ] [ VIEW ] C:\Users\Administrator\Desktop\Project\boot_cms\public/../application/index\view\index\index.html [ array (
  0 => 'Menu',
) ]
[ info ] [ LOG ] INIT File
[ sql ] [ DB ] CONNECT:[ UseTime:0.001000s ] mysql:dbname=boot-cms;host=127.0.0.1;port=3306;charset=utf8
[ sql ] [ SQL ] SHOW COLUMNS FROM `boot_menu_home` [ RunTime:0.023002s ]
[ sql ] [ SQL ] SELECT `id`,`name`,`status`,`order`,`p_id`,`template_link`,`template_cate` FROM `boot_menu_home` WHERE  `status` = 1 [ RunTime:0.000000s ]
