---------------------------------------------------------------
[ 2017-07-14T23:33:08+08:00 ] 127.0.0.1 127.0.0.1 GET /
[ info ] www.blog.com/ [运行时间：1.224430s][吞吐率：0.82req/s] [内存消耗：2,972.68kb] [文件加载：60]
[ info ] [ LANG ] C:\Users\starwork\Desktop\Project\blog\thinkphp\lang\zh-cn.php
[ info ] [ ROUTE ] array (
  'type' => 'module',
  'module' => 
  array (
    0 => '',
    1 => NULL,
    2 => NULL,
  ),
)
[ info ] [ HEADER ] array (
  'host' => 'www.blog.com',
  'connection' => 'keep-alive',
  'accept' => 'text/html,application/xhtml+xml,application/xml;q=0.9,image/webp,*/*;q=0.8',
  'upgrade-insecure-requests' => '1',
  'user-agent' => 'Mozilla/5.0 (Windows NT 10.0; WOW64) AppleWebKit/537.36 (KHTML, like Gecko) Chrome/45.0.2454.101 Safari/537.36',
  'accept-encoding' => 'gzip, deflate, sdch',
  'accept-language' => 'zh-CN,zh;q=0.8',
  'cookie' => 'UM_distinctid=15d375b5acf2bc-01548684a-3b664008-100200-15d375b5ad05e9; CNZZDATA1262804087=141709437-1499870171-http%253A%252F%252Fwww.blog.com%252F%7C1499907831',
)
[ info ] [ PARAM ] array (
)
[ info ] [ DB ] INIT mysql
[ info ] [ RUN ] app\index\controller\Index->index[ C:\Users\starwork\Desktop\Project\blog\application\index\controller\Index.php ]
[ info ] [ VIEW ] C:\Users\starwork\Desktop\Project\blog\public/../application/index\view\index\index.html [ array (
  0 => 'nav',
  1 => 'HowArticle',
  2 => 'page',
  3 => 'list',
  4 => 'TuiList',
  5 => 'id',
) ]
[ info ] [ LOG ] INIT File
[ sql ] [ DB ] CONNECT:[ UseTime:0.004992s ] mysql:dbname=blog;host=127.0.0.1;port=3306;charset=utf8
[ sql ] [ SQL ] SHOW COLUMNS FROM `laozhang_nav_cate` [ RunTime:0.084787s ]
[ sql ] [ SQL ] SELECT `id`,`cate_name`,`status`,`order`,`p_id`,`link` FROM `laozhang_nav_cate` WHERE  `status` = 1 [ RunTime:0.000696s ]
[ sql ] [ SQL ] SHOW COLUMNS FROM `laozhang_article` [ RunTime:0.082904s ]
[ sql ] [ SQL ] SELECT `title`,`id`,`update_time`,`photo` FROM `laozhang_article` ORDER BY views desc LIMIT 3 [ RunTime:0.000488s ]
[ sql ] [ SQL ] SELECT COUNT(*) AS tp_count FROM `laozhang_article` WHERE  `status` = 1 LIMIT 1 [ RunTime:0.000345s ]
[ sql ] [ SQL ] SELECT `id`,`title`,`description`,`views`,`update_time`,`photo`,`author` FROM `laozhang_article` WHERE  `status` = 1 ORDER BY id desc LIMIT 0,9 [ RunTime:0.000508s ]
[ sql ] [ SQL ] SELECT `id`,`title`,`description`,`views`,`update_time`,`photo`,`author` FROM `laozhang_article` WHERE  `status` = 1  AND `is_tui` = 1 LIMIT 1 [ RunTime:0.000439s ]
---------------------------------------------------------------
[ 2017-07-14T23:33:09+08:00 ] 127.0.0.1 127.0.0.1 GET /static/index/css/magnific-popup.css
[ info ] www.blog.com/static/index/css/magnific-popup.css [运行时间：0.255262s][吞吐率：3.92req/s] [内存消耗：1,431.81kb] [文件加载：40]
[ info ] [ LANG ] C:\Users\starwork\Desktop\Project\blog\thinkphp\lang\zh-cn.php
[ info ] [ ROUTE ] array (
  'type' => 'module',
  'module' => 
  array (
    0 => 'static',
    1 => 'index',
    2 => 'css',
  ),
)
[ info ] [ HEADER ] array (
  'host' => 'www.blog.com',
  'connection' => 'keep-alive',
  'accept' => 'text/css,*/*;q=0.1',
  'user-agent' => 'Mozilla/5.0 (Windows NT 10.0; WOW64) AppleWebKit/537.36 (KHTML, like Gecko) Chrome/45.0.2454.101 Safari/537.36',
  'referer' => 'http://www.blog.com/',
  'accept-encoding' => 'gzip, deflate, sdch',
  'accept-language' => 'zh-CN,zh;q=0.8',
  'cookie' => 'UM_distinctid=15d375b5acf2bc-01548684a-3b664008-100200-15d375b5ad05e9; CNZZDATA1262804087=141709437-1499870171-http%253A%252F%252Fwww.blog.com%252F%7C1499907831',
)
[ info ] [ PARAM ] array (
)
[ info ] [ LOG ] INIT File
---------------------------------------------------------------
[ 2017-07-14T23:33:15+08:00 ] 127.0.0.1 127.0.0.1 GET /index/Index/index
[ info ] www.blog.com/index/Index/index [运行时间：0.074890s][吞吐率：13.35req/s] [内存消耗：2,973.13kb] [文件加载：60]
[ info ] [ LANG ] C:\Users\starwork\Desktop\Project\blog\thinkphp\lang\zh-cn.php
[ info ] [ ROUTE ] array (
  'type' => 'module',
  'module' => 
  array (
    0 => 'index',
    1 => 'Index',
    2 => 'index',
  ),
)
[ info ] [ HEADER ] array (
  'host' => 'www.blog.com',
  'connection' => 'keep-alive',
  'accept' => 'text/html,application/xhtml+xml,application/xml;q=0.9,image/webp,*/*;q=0.8',
  'upgrade-insecure-requests' => '1',
  'user-agent' => 'Mozilla/5.0 (Windows NT 10.0; WOW64) AppleWebKit/537.36 (KHTML, like Gecko) Chrome/45.0.2454.101 Safari/537.36',
  'referer' => 'http://www.blog.com/',
  'accept-encoding' => 'gzip, deflate, sdch',
  'accept-language' => 'zh-CN,zh;q=0.8',
  'cookie' => 'UM_distinctid=15d375b5acf2bc-01548684a-3b664008-100200-15d375b5ad05e9; CNZZDATA1262804087=141709437-1499870171-http%253A%252F%252Fwww.blog.com%252F%7C1500046388',
)
[ info ] [ PARAM ] array (
)
[ info ] [ DB ] INIT mysql
[ info ] [ RUN ] app\index\controller\Index->index[ C:\Users\starwork\Desktop\Project\blog\application\index\controller\Index.php ]
[ info ] [ VIEW ] C:\Users\starwork\Desktop\Project\blog\public/../application/index\view\index\index.html [ array (
  0 => 'nav',
  1 => 'HowArticle',
  2 => 'page',
  3 => 'list',
  4 => 'TuiList',
  5 => 'id',
) ]
[ info ] [ LOG ] INIT File
[ sql ] [ DB ] CONNECT:[ UseTime:0.001202s ] mysql:dbname=blog;host=127.0.0.1;port=3306;charset=utf8
[ sql ] [ SQL ] SHOW COLUMNS FROM `laozhang_nav_cate` [ RunTime:0.015709s ]
[ sql ] [ SQL ] SELECT `id`,`cate_name`,`status`,`order`,`p_id`,`link` FROM `laozhang_nav_cate` WHERE  `status` = 1 [ RunTime:0.000637s ]
[ sql ] [ SQL ] SHOW COLUMNS FROM `laozhang_article` [ RunTime:0.011431s ]
[ sql ] [ SQL ] SELECT `title`,`id`,`update_time`,`photo` FROM `laozhang_article` ORDER BY views desc LIMIT 3 [ RunTime:0.000512s ]
[ sql ] [ SQL ] SELECT COUNT(*) AS tp_count FROM `laozhang_article` WHERE  `status` = 1 LIMIT 1 [ RunTime:0.000445s ]
[ sql ] [ SQL ] SELECT `id`,`title`,`description`,`views`,`update_time`,`photo`,`author` FROM `laozhang_article` WHERE  `status` = 1 ORDER BY id desc LIMIT 0,9 [ RunTime:0.000497s ]
[ sql ] [ SQL ] SELECT `id`,`title`,`description`,`views`,`update_time`,`photo`,`author` FROM `laozhang_article` WHERE  `status` = 1  AND `is_tui` = 1 LIMIT 1 [ RunTime:0.000469s ]
---------------------------------------------------------------
[ 2017-07-14T23:33:15+08:00 ] 127.0.0.1 127.0.0.1 GET /static/index/css/magnific-popup.css
[ info ] www.blog.com/static/index/css/magnific-popup.css [运行时间：0.028304s][吞吐率：35.33req/s] [内存消耗：1,431.89kb] [文件加载：40]
[ info ] [ LANG ] C:\Users\starwork\Desktop\Project\blog\thinkphp\lang\zh-cn.php
[ info ] [ ROUTE ] array (
  'type' => 'module',
  'module' => 
  array (
    0 => 'static',
    1 => 'index',
    2 => 'css',
  ),
)
[ info ] [ HEADER ] array (
  'host' => 'www.blog.com',
  'connection' => 'keep-alive',
  'accept' => 'text/css,*/*;q=0.1',
  'user-agent' => 'Mozilla/5.0 (Windows NT 10.0; WOW64) AppleWebKit/537.36 (KHTML, like Gecko) Chrome/45.0.2454.101 Safari/537.36',
  'referer' => 'http://www.blog.com/index/Index/index',
  'accept-encoding' => 'gzip, deflate, sdch',
  'accept-language' => 'zh-CN,zh;q=0.8',
  'cookie' => 'UM_distinctid=15d375b5acf2bc-01548684a-3b664008-100200-15d375b5ad05e9; CNZZDATA1262804087=141709437-1499870171-http%253A%252F%252Fwww.blog.com%252F%7C1500046388',
)
[ info ] [ PARAM ] array (
)
[ info ] [ LOG ] INIT File
---------------------------------------------------------------
[ 2017-07-14T23:33:31+08:00 ] 127.0.0.1 127.0.0.1 GET /admin
[ info ] www.blog.com/admin [运行时间：0.159798s][吞吐率：6.26req/s] [内存消耗：1,754.36kb] [文件加载：48]
[ info ] [ LANG ] C:\Users\starwork\Desktop\Project\blog\thinkphp\lang\zh-cn.php
[ info ] [ ROUTE ] array (
  'type' => 'module',
  'module' => 
  array (
    0 => 'admin',
    1 => NULL,
    2 => NULL,
  ),
)
[ info ] [ HEADER ] array (
  'host' => 'www.blog.com',
  'connection' => 'keep-alive',
  'accept' => 'text/html,application/xhtml+xml,application/xml;q=0.9,image/webp,*/*;q=0.8',
  'upgrade-insecure-requests' => '1',
  'user-agent' => 'Mozilla/5.0 (Windows NT 10.0; WOW64) AppleWebKit/537.36 (KHTML, like Gecko) Chrome/45.0.2454.101 Safari/537.36',
  'accept-encoding' => 'gzip, deflate, sdch',
  'accept-language' => 'zh-CN,zh;q=0.8',
  'cookie' => 'UM_distinctid=15d375b5acf2bc-01548684a-3b664008-100200-15d375b5ad05e9; CNZZDATA1262804087=141709437-1499870171-http%253A%252F%252Fwww.blog.com%252F%7C1500046388',
)
[ info ] [ PARAM ] array (
)
[ info ] [ SESSION ] INIT array (
  'id' => '',
  'var_session_id' => '',
  'prefix' => 'think',
  'type' => '',
  'auto_start' => true,
)
[ info ] [ VIEW ] C:\Users\starwork\Desktop\Project\blog\thinkphp\tpl\dispatch_jump.tpl [ array (
  0 => 'code',
  1 => 'msg',
  2 => 'data',
  3 => 'url',
  4 => 'wait',
) ]
[ info ] [ LOG ] INIT File
---------------------------------------------------------------
[ 2017-07-14T23:33:34+08:00 ] 127.0.0.1 127.0.0.1 GET /admin/login/login.html
[ info ] www.blog.com/admin/login/login.html [运行时间：0.146402s][吞吐率：6.83req/s] [内存消耗：1,741.05kb] [文件加载：46]
[ info ] [ LANG ] C:\Users\starwork\Desktop\Project\blog\thinkphp\lang\zh-cn.php
[ info ] [ ROUTE ] array (
  'type' => 'module',
  'module' => 
  array (
    0 => 'admin',
    1 => 'login',
    2 => 'login',
  ),
)
[ info ] [ HEADER ] array (
  'host' => 'www.blog.com',
  'connection' => 'keep-alive',
  'accept' => 'text/html,application/xhtml+xml,application/xml;q=0.9,image/webp,*/*;q=0.8',
  'upgrade-insecure-requests' => '1',
  'user-agent' => 'Mozilla/5.0 (Windows NT 10.0; WOW64) AppleWebKit/537.36 (KHTML, like Gecko) Chrome/45.0.2454.101 Safari/537.36',
  'referer' => 'http://www.blog.com/admin',
  'accept-encoding' => 'gzip, deflate, sdch',
  'accept-language' => 'zh-CN,zh;q=0.8',
  'cookie' => 'UM_distinctid=15d375b5acf2bc-01548684a-3b664008-100200-15d375b5ad05e9; CNZZDATA1262804087=141709437-1499870171-http%253A%252F%252Fwww.blog.com%252F%7C1500046388; PHPSESSID=8bqv62b3lo8fnichtnlpj3re53',
)
[ info ] [ PARAM ] array (
)
[ info ] [ RUN ] app\admin\controller\Login->login[ C:\Users\starwork\Desktop\Project\blog\application\admin\controller\Login.php ]
[ info ] [ VIEW ] C:\Users\starwork\Desktop\Project\blog\public/../application/admin\view\login.html [ array (
) ]
[ info ] [ LOG ] INIT File
---------------------------------------------------------------
[ 2017-07-14T23:33:37+08:00 ] 127.0.0.1 127.0.0.1 POST /admin/login/dologin.html
[ info ] www.blog.com/admin/login/dologin.html [运行时间：0.037360s][吞吐率：26.77req/s] [内存消耗：1,750.10kb] [文件加载：46]
[ info ] [ LANG ] C:\Users\starwork\Desktop\Project\blog\thinkphp\lang\zh-cn.php
[ info ] [ ROUTE ] array (
  'type' => 'module',
  'module' => 
  array (
    0 => 'admin',
    1 => 'login',
    2 => 'dologin',
  ),
)
[ info ] [ HEADER ] array (
  'host' => 'www.blog.com',
  'connection' => 'keep-alive',
  'content-length' => '25',
  'accept' => 'application/json, text/javascript, */*; q=0.01',
  'origin' => 'http://www.blog.com',
  'x-requested-with' => 'XMLHttpRequest',
  'user-agent' => 'Mozilla/5.0 (Windows NT 10.0; WOW64) AppleWebKit/537.36 (KHTML, like Gecko) Chrome/45.0.2454.101 Safari/537.36',
  'content-type' => 'application/x-www-form-urlencoded; charset=UTF-8',
  'referer' => 'http://www.blog.com/admin/login/login.html',
  'accept-encoding' => 'gzip, deflate',
  'accept-language' => 'zh-CN,zh;q=0.8',
  'cookie' => 'UM_distinctid=15d375b5acf2bc-01548684a-3b664008-100200-15d375b5ad05e9; CNZZDATA1262804087=141709437-1499870171-http%253A%252F%252Fwww.blog.com%252F%7C1500046388; PHPSESSID=8bqv62b3lo8fnichtnlpj3re53',
)
[ info ] [ PARAM ] array (
  'username' => '123',
  'password' => '123',
)
[ info ] [ RUN ] app\admin\controller\Login->doLogin[ C:\Users\starwork\Desktop\Project\blog\application\admin\controller\Login.php ]
[ info ] [ SESSION ] INIT array (
  'id' => '',
  'var_session_id' => '',
  'prefix' => 'think',
  'type' => '',
  'auto_start' => true,
)
[ info ] [ LOG ] INIT File
---------------------------------------------------------------
[ 2017-07-14T23:33:39+08:00 ] 127.0.0.1 127.0.0.1 GET /admin/index/index.html
[ info ] www.blog.com/admin/index/index.html [运行时间：0.061601s][吞吐率：16.23req/s] [内存消耗：1,749.71kb] [文件加载：47]
[ info ] [ LANG ] C:\Users\starwork\Desktop\Project\blog\thinkphp\lang\zh-cn.php
[ info ] [ ROUTE ] array (
  'type' => 'module',
  'module' => 
  array (
    0 => 'admin',
    1 => 'index',
    2 => 'index',
  ),
)
[ info ] [ HEADER ] array (
  'host' => 'www.blog.com',
  'connection' => 'keep-alive',
  'accept' => 'text/html,application/xhtml+xml,application/xml;q=0.9,image/webp,*/*;q=0.8',
  'upgrade-insecure-requests' => '1',
  'user-agent' => 'Mozilla/5.0 (Windows NT 10.0; WOW64) AppleWebKit/537.36 (KHTML, like Gecko) Chrome/45.0.2454.101 Safari/537.36',
  'referer' => 'http://www.blog.com/admin/login/login.html',
  'accept-encoding' => 'gzip, deflate, sdch',
  'accept-language' => 'zh-CN,zh;q=0.8',
  'cookie' => 'UM_distinctid=15d375b5acf2bc-01548684a-3b664008-100200-15d375b5ad05e9; CNZZDATA1262804087=141709437-1499870171-http%253A%252F%252Fwww.blog.com%252F%7C1500046388; PHPSESSID=8bqv62b3lo8fnichtnlpj3re53',
)
[ info ] [ PARAM ] array (
)
[ info ] [ SESSION ] INIT array (
  'id' => '',
  'var_session_id' => '',
  'prefix' => 'think',
  'type' => '',
  'auto_start' => true,
)
[ info ] [ RUN ] app\admin\controller\Index->index[ C:\Users\starwork\Desktop\Project\blog\application\admin\controller\Index.php ]
[ info ] [ VIEW ] C:\Users\starwork\Desktop\Project\blog\public/../application/admin\view\index.html [ array (
) ]
[ info ] [ LOG ] INIT File
---------------------------------------------------------------
[ 2017-07-14T23:33:39+08:00 ] 127.0.0.1 127.0.0.1 GET /admin/index/home.html
[ info ] www.blog.com/admin/index/home.html [运行时间：0.279164s][吞吐率：3.58req/s] [内存消耗：2,794.63kb] [文件加载：56]
[ info ] [ LANG ] C:\Users\starwork\Desktop\Project\blog\thinkphp\lang\zh-cn.php
[ info ] [ ROUTE ] array (
  'type' => 'module',
  'module' => 
  array (
    0 => 'admin',
    1 => 'index',
    2 => 'home',
  ),
)
[ info ] [ HEADER ] array (
  'host' => 'www.blog.com',
  'connection' => 'keep-alive',
  'accept' => 'text/html,application/xhtml+xml,application/xml;q=0.9,image/webp,*/*;q=0.8',
  'upgrade-insecure-requests' => '1',
  'user-agent' => 'Mozilla/5.0 (Windows NT 10.0; WOW64) AppleWebKit/537.36 (KHTML, like Gecko) Chrome/45.0.2454.101 Safari/537.36',
  'referer' => 'http://www.blog.com/admin/index/index.html',
  'accept-encoding' => 'gzip, deflate, sdch',
  'accept-language' => 'zh-CN,zh;q=0.8',
  'cookie' => 'UM_distinctid=15d375b5acf2bc-01548684a-3b664008-100200-15d375b5ad05e9; CNZZDATA1262804087=141709437-1499870171-http%253A%252F%252Fwww.blog.com%252F%7C1500046388; PHPSESSID=8bqv62b3lo8fnichtnlpj3re53',
)
[ info ] [ PARAM ] array (
)
[ info ] [ SESSION ] INIT array (
  'id' => '',
  'var_session_id' => '',
  'prefix' => 'think',
  'type' => '',
  'auto_start' => true,
)
[ info ] [ RUN ] app\admin\controller\Index->home[ C:\Users\starwork\Desktop\Project\blog\application\admin\controller\Index.php ]
[ info ] [ DB ] INIT mysql
[ info ] [ VIEW ] C:\Users\starwork\Desktop\Project\blog\public/../application/admin\view\index\home.html [ array (
  0 => 'NewMessage',
) ]
[ info ] [ LOG ] INIT File
[ sql ] [ DB ] CONNECT:[ UseTime:0.001430s ] mysql:dbname=blog;host=127.0.0.1;port=3306;charset=utf8
[ sql ] [ SQL ] SHOW COLUMNS FROM `laozhang_words` [ RunTime:0.139132s ]
[ sql ] [ SQL ] SELECT `content`,`ip`,`update_time`,`id`,`nick_name` FROM `laozhang_words` ORDER BY id desc [ RunTime:0.000443s ]
---------------------------------------------------------------
[ 2017-07-14T23:33:44+08:00 ] 127.0.0.1 127.0.0.1 GET /admin/message/listmessage.html?v=4.0
[ info ] www.blog.com/admin/message/listmessage.html?v=4.0 [运行时间：0.083862s][吞吐率：11.92req/s] [内存消耗：2,977.19kb] [文件加载：60]
[ info ] [ LANG ] C:\Users\starwork\Desktop\Project\blog\thinkphp\lang\zh-cn.php
[ info ] [ ROUTE ] array (
  'type' => 'module',
  'module' => 
  array (
    0 => 'admin',
    1 => 'message',
    2 => 'listmessage',
  ),
)
[ info ] [ HEADER ] array (
  'host' => 'www.blog.com',
  'connection' => 'keep-alive',
  'accept' => 'text/html,application/xhtml+xml,application/xml;q=0.9,image/webp,*/*;q=0.8',
  'upgrade-insecure-requests' => '1',
  'user-agent' => 'Mozilla/5.0 (Windows NT 10.0; WOW64) AppleWebKit/537.36 (KHTML, like Gecko) Chrome/45.0.2454.101 Safari/537.36',
  'referer' => 'http://www.blog.com/admin/index/index.html',
  'accept-encoding' => 'gzip, deflate, sdch',
  'accept-language' => 'zh-CN,zh;q=0.8',
  'cookie' => 'UM_distinctid=15d375b5acf2bc-01548684a-3b664008-100200-15d375b5ad05e9; CNZZDATA1262804087=141709437-1499870171-http%253A%252F%252Fwww.blog.com%252F%7C1500046388; PHPSESSID=8bqv62b3lo8fnichtnlpj3re53',
)
[ info ] [ PARAM ] array (
  'v' => '4.0',
)
[ info ] [ SESSION ] INIT array (
  'id' => '',
  'var_session_id' => '',
  'prefix' => 'think',
  'type' => '',
  'auto_start' => true,
)
[ info ] [ RUN ] app\admin\controller\Message->listMessage[ C:\Users\starwork\Desktop\Project\blog\application\admin\controller\Message.php ]
[ info ] [ DB ] INIT mysql
[ info ] [ VIEW ] C:\Users\starwork\Desktop\Project\blog\public/../application/admin\view\message\listmessage.html [ array (
  0 => 'page',
  1 => 'list',
) ]
[ info ] [ LOG ] INIT File
[ sql ] [ DB ] CONNECT:[ UseTime:0.001235s ] mysql:dbname=blog;host=127.0.0.1;port=3306;charset=utf8
[ sql ] [ SQL ] SHOW COLUMNS FROM `laozhang_words` [ RunTime:0.015966s ]
[ sql ] [ SQL ] SELECT COUNT(*) AS tp_count FROM `laozhang_words` LIMIT 1 [ RunTime:0.000308s ]
[ sql ] [ SQL ] SELECT *,`id` FROM `laozhang_words` ORDER BY id desc LIMIT 0,10 [ RunTime:0.000566s ]
---------------------------------------------------------------
[ 2017-07-14T23:33:47+08:00 ] 127.0.0.1 127.0.0.1 GET /admin/message/statusmessage.html?id=9
[ info ] www.blog.com/admin/message/statusmessage.html?id=9 [运行时间：0.111015s][吞吐率：9.01req/s] [内存消耗：2,849.59kb] [文件加载：58]
[ info ] [ LANG ] C:\Users\starwork\Desktop\Project\blog\thinkphp\lang\zh-cn.php
[ info ] [ ROUTE ] array (
  'type' => 'module',
  'module' => 
  array (
    0 => 'admin',
    1 => 'message',
    2 => 'statusmessage',
  ),
)
[ info ] [ HEADER ] array (
  'host' => 'www.blog.com',
  'connection' => 'keep-alive',
  'accept' => 'application/json, text/javascript, */*; q=0.01',
  'x-requested-with' => 'XMLHttpRequest',
  'user-agent' => 'Mozilla/5.0 (Windows NT 10.0; WOW64) AppleWebKit/537.36 (KHTML, like Gecko) Chrome/45.0.2454.101 Safari/537.36',
  'referer' => 'http://www.blog.com/admin/message/listmessage.html?v=4.0',
  'accept-encoding' => 'gzip, deflate, sdch',
  'accept-language' => 'zh-CN,zh;q=0.8',
  'cookie' => 'UM_distinctid=15d375b5acf2bc-01548684a-3b664008-100200-15d375b5ad05e9; CNZZDATA1262804087=141709437-1499870171-http%253A%252F%252Fwww.blog.com%252F%7C1500046388; PHPSESSID=8bqv62b3lo8fnichtnlpj3re53',
)
[ info ] [ PARAM ] array (
  'id' => '9',
)
[ info ] [ SESSION ] INIT array (
  'id' => '',
  'var_session_id' => '',
  'prefix' => 'think',
  'type' => '',
  'auto_start' => true,
)
[ info ] [ RUN ] app\admin\controller\Message->statusMessage[ C:\Users\starwork\Desktop\Project\blog\application\admin\controller\Message.php ]
[ info ] [ DB ] INIT mysql
[ info ] [ CACHE ] INIT File
[ info ] [ LOG ] INIT File
[ sql ] [ DB ] CONNECT:[ UseTime:0.001413s ] mysql:dbname=blog;host=127.0.0.1;port=3306;charset=utf8
[ sql ] [ SQL ] SHOW COLUMNS FROM `laozhang_words` [ RunTime:0.013007s ]
[ sql ] [ SQL ] SELECT * FROM `laozhang_words` WHERE  `id` = 9 LIMIT 1 [ RunTime:0.000532s ]
[ sql ] [ SQL ] UPDATE `laozhang_words`  SET `is_ok`=1,`update_time`=1500046427  WHERE  `id` = 9 [ RunTime:0.000496s ]
---------------------------------------------------------------
[ 2017-07-14T23:33:48+08:00 ] 127.0.0.1 127.0.0.1 GET /admin/message/listmessage.html?v=4.0
[ info ] www.blog.com/admin/message/listmessage.html?v=4.0 [运行时间：0.066940s][吞吐率：14.94req/s] [内存消耗：2,977.39kb] [文件加载：60]
[ info ] [ LANG ] C:\Users\starwork\Desktop\Project\blog\thinkphp\lang\zh-cn.php
[ info ] [ ROUTE ] array (
  'type' => 'module',
  'module' => 
  array (
    0 => 'admin',
    1 => 'message',
    2 => 'listmessage',
  ),
)
[ info ] [ HEADER ] array (
  'host' => 'www.blog.com',
  'connection' => 'keep-alive',
  'cache-control' => 'max-age=0',
  'accept' => 'text/html,application/xhtml+xml,application/xml;q=0.9,image/webp,*/*;q=0.8',
  'upgrade-insecure-requests' => '1',
  'user-agent' => 'Mozilla/5.0 (Windows NT 10.0; WOW64) AppleWebKit/537.36 (KHTML, like Gecko) Chrome/45.0.2454.101 Safari/537.36',
  'referer' => 'http://www.blog.com/admin/index/index.html',
  'accept-encoding' => 'gzip, deflate, sdch',
  'accept-language' => 'zh-CN,zh;q=0.8',
  'cookie' => 'UM_distinctid=15d375b5acf2bc-01548684a-3b664008-100200-15d375b5ad05e9; CNZZDATA1262804087=141709437-1499870171-http%253A%252F%252Fwww.blog.com%252F%7C1500046388; PHPSESSID=8bqv62b3lo8fnichtnlpj3re53',
)
[ info ] [ PARAM ] array (
  'v' => '4.0',
)
[ info ] [ SESSION ] INIT array (
  'id' => '',
  'var_session_id' => '',
  'prefix' => 'think',
  'type' => '',
  'auto_start' => true,
)
[ info ] [ RUN ] app\admin\controller\Message->listMessage[ C:\Users\starwork\Desktop\Project\blog\application\admin\controller\Message.php ]
[ info ] [ DB ] INIT mysql
[ info ] [ VIEW ] C:\Users\starwork\Desktop\Project\blog\public/../application/admin\view\message\listmessage.html [ array (
  0 => 'page',
  1 => 'list',
) ]
[ info ] [ LOG ] INIT File
[ sql ] [ DB ] CONNECT:[ UseTime:0.001443s ] mysql:dbname=blog;host=127.0.0.1;port=3306;charset=utf8
[ sql ] [ SQL ] SHOW COLUMNS FROM `laozhang_words` [ RunTime:0.013930s ]
[ sql ] [ SQL ] SELECT COUNT(*) AS tp_count FROM `laozhang_words` LIMIT 1 [ RunTime:0.000351s ]
[ sql ] [ SQL ] SELECT *,`id` FROM `laozhang_words` ORDER BY id desc LIMIT 0,10 [ RunTime:0.000640s ]
---------------------------------------------------------------
[ 2017-07-14T23:33:51+08:00 ] 127.0.0.1 127.0.0.1 GET /admin/nav/listnav.html?v=4.0
[ info ] www.blog.com/admin/nav/listnav.html?v=4.0 [运行时间：0.167582s][吞吐率：5.97req/s] [内存消耗：2,888.40kb] [文件加载：56]
[ info ] [ LANG ] C:\Users\starwork\Desktop\Project\blog\thinkphp\lang\zh-cn.php
[ info ] [ ROUTE ] array (
  'type' => 'module',
  'module' => 
  array (
    0 => 'admin',
    1 => 'nav',
    2 => 'listnav',
  ),
)
[ info ] [ HEADER ] array (
  'host' => 'www.blog.com',
  'connection' => 'keep-alive',
  'accept' => 'text/html,application/xhtml+xml,application/xml;q=0.9,image/webp,*/*;q=0.8',
  'upgrade-insecure-requests' => '1',
  'user-agent' => 'Mozilla/5.0 (Windows NT 10.0; WOW64) AppleWebKit/537.36 (KHTML, like Gecko) Chrome/45.0.2454.101 Safari/537.36',
  'referer' => 'http://www.blog.com/admin/index/index.html',
  'accept-encoding' => 'gzip, deflate, sdch',
  'accept-language' => 'zh-CN,zh;q=0.8',
  'cookie' => 'UM_distinctid=15d375b5acf2bc-01548684a-3b664008-100200-15d375b5ad05e9; CNZZDATA1262804087=141709437-1499870171-http%253A%252F%252Fwww.blog.com%252F%7C1500046388; PHPSESSID=8bqv62b3lo8fnichtnlpj3re53',
)
[ info ] [ PARAM ] array (
  'v' => '4.0',
)
[ info ] [ SESSION ] INIT array (
  'id' => '',
  'var_session_id' => '',
  'prefix' => 'think',
  'type' => '',
  'auto_start' => true,
)
[ info ] [ RUN ] app\admin\controller\Nav->listNav[ C:\Users\starwork\Desktop\Project\blog\application\admin\controller\Nav.php ]
[ info ] [ DB ] INIT mysql
[ info ] [ VIEW ] C:\Users\starwork\Desktop\Project\blog\public/../application/admin\view\nav\listnav.html [ array (
  0 => 'list',
) ]
[ info ] [ LOG ] INIT File
[ sql ] [ DB ] CONNECT:[ UseTime:0.001222s ] mysql:dbname=blog;host=127.0.0.1;port=3306;charset=utf8
[ sql ] [ SQL ] SHOW COLUMNS FROM `laozhang_nav_cate` [ RunTime:0.014585s ]
[ sql ] [ SQL ] SELECT `id`,`cate_name`,`status`,`order`,`p_id`,`create_time`,`update_time`,`content`,`is_page`,`link` FROM `laozhang_nav_cate` [ RunTime:0.000520s ]
---------------------------------------------------------------
[ 2017-07-14T23:33:55+08:00 ] 127.0.0.1 127.0.0.1 GET /admin/article/listcate.html?v=4.0
[ info ] www.blog.com/admin/article/listcate.html?v=4.0 [运行时间：0.267166s][吞吐率：3.74req/s] [内存消耗：2,953.09kb] [文件加载：59]
[ info ] [ LANG ] C:\Users\starwork\Desktop\Project\blog\thinkphp\lang\zh-cn.php
[ info ] [ ROUTE ] array (
  'type' => 'module',
  'module' => 
  array (
    0 => 'admin',
    1 => 'article',
    2 => 'listcate',
  ),
)
[ info ] [ HEADER ] array (
  'host' => 'www.blog.com',
  'connection' => 'keep-alive',
  'accept' => 'text/html,application/xhtml+xml,application/xml;q=0.9,image/webp,*/*;q=0.8',
  'upgrade-insecure-requests' => '1',
  'user-agent' => 'Mozilla/5.0 (Windows NT 10.0; WOW64) AppleWebKit/537.36 (KHTML, like Gecko) Chrome/45.0.2454.101 Safari/537.36',
  'referer' => 'http://www.blog.com/admin/index/index.html',
  'accept-encoding' => 'gzip, deflate, sdch',
  'accept-language' => 'zh-CN,zh;q=0.8',
  'cookie' => 'UM_distinctid=15d375b5acf2bc-01548684a-3b664008-100200-15d375b5ad05e9; CNZZDATA1262804087=141709437-1499870171-http%253A%252F%252Fwww.blog.com%252F%7C1500046388; PHPSESSID=8bqv62b3lo8fnichtnlpj3re53',
)
[ info ] [ PARAM ] array (
  'v' => '4.0',
)
[ info ] [ SESSION ] INIT array (
  'id' => '',
  'var_session_id' => '',
  'prefix' => 'think',
  'type' => '',
  'auto_start' => true,
)
[ info ] [ RUN ] app\admin\controller\Article->listCate[ C:\Users\starwork\Desktop\Project\blog\application\admin\controller\Article.php ]
[ info ] [ DB ] INIT mysql
[ info ] [ VIEW ] C:\Users\starwork\Desktop\Project\blog\public/../application/admin\view\article\listcate.html [ array (
  0 => 'list',
  1 => 'page',
) ]
[ info ] [ LOG ] INIT File
[ sql ] [ DB ] CONNECT:[ UseTime:0.002821s ] mysql:dbname=blog;host=127.0.0.1;port=3306;charset=utf8
[ sql ] [ SQL ] SHOW COLUMNS FROM `laozhang_article_cate` [ RunTime:0.098375s ]
[ sql ] [ SQL ] SELECT COUNT(*) AS tp_count FROM `laozhang_article_cate` LIMIT 1 [ RunTime:0.000409s ]
[ sql ] [ SQL ] SELECT `id`,`cate_name`,`create_time`,`update_time`,`status`,`order` FROM `laozhang_article_cate` ORDER BY id desc LIMIT 0,10 [ RunTime:0.000551s ]
---------------------------------------------------------------
[ 2017-07-14T23:33:58+08:00 ] 127.0.0.1 127.0.0.1 GET /admin/article/listarticle.html?v=4.0
[ info ] www.blog.com/admin/article/listarticle.html?v=4.0 [运行时间：0.120226s][吞吐率：8.32req/s] [内存消耗：2,989.38kb] [文件加载：59]
[ info ] [ LANG ] C:\Users\starwork\Desktop\Project\blog\thinkphp\lang\zh-cn.php
[ info ] [ ROUTE ] array (
  'type' => 'module',
  'module' => 
  array (
    0 => 'admin',
    1 => 'article',
    2 => 'listarticle',
  ),
)
[ info ] [ HEADER ] array (
  'host' => 'www.blog.com',
  'connection' => 'keep-alive',
  'accept' => 'text/html,application/xhtml+xml,application/xml;q=0.9,image/webp,*/*;q=0.8',
  'upgrade-insecure-requests' => '1',
  'user-agent' => 'Mozilla/5.0 (Windows NT 10.0; WOW64) AppleWebKit/537.36 (KHTML, like Gecko) Chrome/45.0.2454.101 Safari/537.36',
  'referer' => 'http://www.blog.com/admin/index/index.html',
  'accept-encoding' => 'gzip, deflate, sdch',
  'accept-language' => 'zh-CN,zh;q=0.8',
  'cookie' => 'UM_distinctid=15d375b5acf2bc-01548684a-3b664008-100200-15d375b5ad05e9; CNZZDATA1262804087=141709437-1499870171-http%253A%252F%252Fwww.blog.com%252F%7C1500046388; PHPSESSID=8bqv62b3lo8fnichtnlpj3re53',
)
[ info ] [ PARAM ] array (
  'v' => '4.0',
)
[ info ] [ SESSION ] INIT array (
  'id' => '',
  'var_session_id' => '',
  'prefix' => 'think',
  'type' => '',
  'auto_start' => true,
)
[ info ] [ RUN ] app\admin\controller\Article->listArticle[ C:\Users\starwork\Desktop\Project\blog\application\admin\controller\Article.php ]
[ info ] [ DB ] INIT mysql
[ info ] [ VIEW ] C:\Users\starwork\Desktop\Project\blog\public/../application/admin\view\article\listarticle.html [ array (
  0 => 'list',
  1 => 'page',
) ]
[ info ] [ LOG ] INIT File
[ sql ] [ DB ] CONNECT:[ UseTime:0.001418s ] mysql:dbname=blog;host=127.0.0.1;port=3306;charset=utf8
[ sql ] [ SQL ] SHOW COLUMNS FROM `laozhang_article` [ RunTime:0.016174s ]
[ sql ] [ SQL ] SELECT COUNT(*) AS tp_count FROM `laozhang_article` `a` INNER JOIN `laozhang_article_cate` `b` ON `a`.`cate_id`=`b`.`id` LIMIT 1 [ RunTime:0.000471s ]
[ sql ] [ SQL ] SELECT `a`.*,`b`.`cate_name` FROM `laozhang_article` `a` INNER JOIN `laozhang_article_cate` `b` ON `a`.`cate_id`=`b`.`id` ORDER BY a.id desc LIMIT 0,10 [ RunTime:0.000648s ]
---------------------------------------------------------------
[ 2017-07-14T23:34:00+08:00 ] 127.0.0.1 127.0.0.1 GET /admin/article/istuiarticle.html?id=20012
[ info ] www.blog.com/admin/article/istuiarticle.html?id=20012 [运行时间：0.111643s][吞吐率：8.96req/s] [内存消耗：2,869.61kb] [文件加载：58]
[ info ] [ LANG ] C:\Users\starwork\Desktop\Project\blog\thinkphp\lang\zh-cn.php
[ info ] [ ROUTE ] array (
  'type' => 'module',
  'module' => 
  array (
    0 => 'admin',
    1 => 'article',
    2 => 'istuiarticle',
  ),
)
[ info ] [ HEADER ] array (
  'host' => 'www.blog.com',
  'connection' => 'keep-alive',
  'accept' => 'application/json, text/javascript, */*; q=0.01',
  'x-requested-with' => 'XMLHttpRequest',
  'user-agent' => 'Mozilla/5.0 (Windows NT 10.0; WOW64) AppleWebKit/537.36 (KHTML, like Gecko) Chrome/45.0.2454.101 Safari/537.36',
  'referer' => 'http://www.blog.com/admin/article/listarticle.html?v=4.0',
  'accept-encoding' => 'gzip, deflate, sdch',
  'accept-language' => 'zh-CN,zh;q=0.8',
  'cookie' => 'UM_distinctid=15d375b5acf2bc-01548684a-3b664008-100200-15d375b5ad05e9; CNZZDATA1262804087=141709437-1499870171-http%253A%252F%252Fwww.blog.com%252F%7C1500046388; PHPSESSID=8bqv62b3lo8fnichtnlpj3re53',
)
[ info ] [ PARAM ] array (
  'id' => '20012',
)
[ info ] [ SESSION ] INIT array (
  'id' => '',
  'var_session_id' => '',
  'prefix' => 'think',
  'type' => '',
  'auto_start' => true,
)
[ info ] [ RUN ] app\admin\controller\Article->isTuiArticle[ C:\Users\starwork\Desktop\Project\blog\application\admin\controller\Article.php ]
[ info ] [ DB ] INIT mysql
[ info ] [ CACHE ] INIT File
[ info ] [ LOG ] INIT File
[ sql ] [ DB ] CONNECT:[ UseTime:0.001371s ] mysql:dbname=blog;host=127.0.0.1;port=3306;charset=utf8
[ sql ] [ SQL ] SHOW COLUMNS FROM `laozhang_article` [ RunTime:0.063141s ]
[ sql ] [ SQL ] SELECT * FROM `laozhang_article` WHERE  `id` = 20012 LIMIT 1 [ RunTime:0.000688s ]
[ sql ] [ SQL ] UPDATE `laozhang_article`  SET `is_tui`=1,`update_time`=1500046440  WHERE  `id` = 20012 [ RunTime:0.000347s ]
---------------------------------------------------------------
[ 2017-07-14T23:34:01+08:00 ] 127.0.0.1 127.0.0.1 GET /admin/article/listarticle.html?v=4.0
[ info ] www.blog.com/admin/article/listarticle.html?v=4.0 [运行时间：0.071693s][吞吐率：13.95req/s] [内存消耗：2,989.62kb] [文件加载：59]
[ info ] [ LANG ] C:\Users\starwork\Desktop\Project\blog\thinkphp\lang\zh-cn.php
[ info ] [ ROUTE ] array (
  'type' => 'module',
  'module' => 
  array (
    0 => 'admin',
    1 => 'article',
    2 => 'listarticle',
  ),
)
[ info ] [ HEADER ] array (
  'host' => 'www.blog.com',
  'connection' => 'keep-alive',
  'cache-control' => 'max-age=0',
  'accept' => 'text/html,application/xhtml+xml,application/xml;q=0.9,image/webp,*/*;q=0.8',
  'upgrade-insecure-requests' => '1',
  'user-agent' => 'Mozilla/5.0 (Windows NT 10.0; WOW64) AppleWebKit/537.36 (KHTML, like Gecko) Chrome/45.0.2454.101 Safari/537.36',
  'referer' => 'http://www.blog.com/admin/index/index.html',
  'accept-encoding' => 'gzip, deflate, sdch',
  'accept-language' => 'zh-CN,zh;q=0.8',
  'cookie' => 'UM_distinctid=15d375b5acf2bc-01548684a-3b664008-100200-15d375b5ad05e9; CNZZDATA1262804087=141709437-1499870171-http%253A%252F%252Fwww.blog.com%252F%7C1500046388; PHPSESSID=8bqv62b3lo8fnichtnlpj3re53',
)
[ info ] [ PARAM ] array (
  'v' => '4.0',
)
[ info ] [ SESSION ] INIT array (
  'id' => '',
  'var_session_id' => '',
  'prefix' => 'think',
  'type' => '',
  'auto_start' => true,
)
[ info ] [ RUN ] app\admin\controller\Article->listArticle[ C:\Users\starwork\Desktop\Project\blog\application\admin\controller\Article.php ]
[ info ] [ DB ] INIT mysql
[ info ] [ VIEW ] C:\Users\starwork\Desktop\Project\blog\public/../application/admin\view\article\listarticle.html [ array (
  0 => 'list',
  1 => 'page',
) ]
[ info ] [ LOG ] INIT File
[ sql ] [ DB ] CONNECT:[ UseTime:0.001185s ] mysql:dbname=blog;host=127.0.0.1;port=3306;charset=utf8
[ sql ] [ SQL ] SHOW COLUMNS FROM `laozhang_article` [ RunTime:0.014004s ]
[ sql ] [ SQL ] SELECT COUNT(*) AS tp_count FROM `laozhang_article` `a` INNER JOIN `laozhang_article_cate` `b` ON `a`.`cate_id`=`b`.`id` LIMIT 1 [ RunTime:0.000391s ]
[ sql ] [ SQL ] SELECT `a`.*,`b`.`cate_name` FROM `laozhang_article` `a` INNER JOIN `laozhang_article_cate` `b` ON `a`.`cate_id`=`b`.`id` ORDER BY a.id desc LIMIT 0,10 [ RunTime:0.000554s ]
---------------------------------------------------------------
[ 2017-07-14T23:34:02+08:00 ] 127.0.0.1 127.0.0.1 GET /index/Index/index
[ info ] www.blog.com/index/Index/index [运行时间：0.078057s][吞吐率：12.81req/s] [内存消耗：2,978.04kb] [文件加载：60]
[ info ] [ LANG ] C:\Users\starwork\Desktop\Project\blog\thinkphp\lang\zh-cn.php
[ info ] [ ROUTE ] array (
  'type' => 'module',
  'module' => 
  array (
    0 => 'index',
    1 => 'Index',
    2 => 'index',
  ),
)
[ info ] [ HEADER ] array (
  'host' => 'www.blog.com',
  'connection' => 'keep-alive',
  'cache-control' => 'max-age=0',
  'accept' => 'text/html,application/xhtml+xml,application/xml;q=0.9,image/webp,*/*;q=0.8',
  'upgrade-insecure-requests' => '1',
  'user-agent' => 'Mozilla/5.0 (Windows NT 10.0; WOW64) AppleWebKit/537.36 (KHTML, like Gecko) Chrome/45.0.2454.101 Safari/537.36',
  'referer' => 'http://www.blog.com/',
  'accept-encoding' => 'gzip, deflate, sdch',
  'accept-language' => 'zh-CN,zh;q=0.8',
  'cookie' => 'UM_distinctid=15d375b5acf2bc-01548684a-3b664008-100200-15d375b5ad05e9; CNZZDATA1262804087=141709437-1499870171-http%253A%252F%252Fwww.blog.com%252F%7C1500046388; PHPSESSID=8bqv62b3lo8fnichtnlpj3re53',
)
[ info ] [ PARAM ] array (
)
[ info ] [ DB ] INIT mysql
[ info ] [ RUN ] app\index\controller\Index->index[ C:\Users\starwork\Desktop\Project\blog\application\index\controller\Index.php ]
[ info ] [ VIEW ] C:\Users\starwork\Desktop\Project\blog\public/../application/index\view\index\index.html [ array (
  0 => 'nav',
  1 => 'HowArticle',
  2 => 'page',
  3 => 'list',
  4 => 'TuiList',
  5 => 'id',
) ]
[ info ] [ LOG ] INIT File
[ sql ] [ DB ] CONNECT:[ UseTime:0.001558s ] mysql:dbname=blog;host=127.0.0.1;port=3306;charset=utf8
[ sql ] [ SQL ] SHOW COLUMNS FROM `laozhang_nav_cate` [ RunTime:0.014640s ]
[ sql ] [ SQL ] SELECT `id`,`cate_name`,`status`,`order`,`p_id`,`link` FROM `laozhang_nav_cate` WHERE  `status` = 1 [ RunTime:0.000681s ]
[ sql ] [ SQL ] SHOW COLUMNS FROM `laozhang_article` [ RunTime:0.011666s ]
[ sql ] [ SQL ] SELECT `title`,`id`,`update_time`,`photo` FROM `laozhang_article` ORDER BY views desc LIMIT 3 [ RunTime:0.000431s ]
[ sql ] [ SQL ] SELECT COUNT(*) AS tp_count FROM `laozhang_article` WHERE  `status` = 1 LIMIT 1 [ RunTime:0.000324s ]
[ sql ] [ SQL ] SELECT `id`,`title`,`description`,`views`,`update_time`,`photo`,`author` FROM `laozhang_article` WHERE  `status` = 1 ORDER BY id desc LIMIT 0,9 [ RunTime:0.000382s ]
[ sql ] [ SQL ] SELECT `id`,`title`,`description`,`views`,`update_time`,`photo`,`author` FROM `laozhang_article` WHERE  `status` = 1  AND `is_tui` = 1 LIMIT 1 [ RunTime:0.000376s ]
---------------------------------------------------------------
[ 2017-07-14T23:34:02+08:00 ] 127.0.0.1 127.0.0.1 GET /static/index/css/magnific-popup.css
[ info ] www.blog.com/static/index/css/magnific-popup.css [运行时间：0.031636s][吞吐率：31.61req/s] [内存消耗：1,432.31kb] [文件加载：40]
[ info ] [ LANG ] C:\Users\starwork\Desktop\Project\blog\thinkphp\lang\zh-cn.php
[ info ] [ ROUTE ] array (
  'type' => 'module',
  'module' => 
  array (
    0 => 'static',
    1 => 'index',
    2 => 'css',
  ),
)
[ info ] [ HEADER ] array (
  'host' => 'www.blog.com',
  'connection' => 'keep-alive',
  'cache-control' => 'max-age=0',
  'accept' => 'text/css,*/*;q=0.1',
  'user-agent' => 'Mozilla/5.0 (Windows NT 10.0; WOW64) AppleWebKit/537.36 (KHTML, like Gecko) Chrome/45.0.2454.101 Safari/537.36',
  'referer' => 'http://www.blog.com/index/Index/index',
  'accept-encoding' => 'gzip, deflate, sdch',
  'accept-language' => 'zh-CN,zh;q=0.8',
  'cookie' => 'UM_distinctid=15d375b5acf2bc-01548684a-3b664008-100200-15d375b5ad05e9; CNZZDATA1262804087=141709437-1499870171-http%253A%252F%252Fwww.blog.com%252F%7C1500046388; PHPSESSID=8bqv62b3lo8fnichtnlpj3re53',
)
[ info ] [ PARAM ] array (
)
[ info ] [ LOG ] INIT File
