---------------------------------------------------------------
[ 2017-07-24T09:59:51+08:00 ] 127.0.0.1 127.0.0.1 GET /
[ info ] www.blog.com/ [运行时间：0.610035s][吞吐率：1.64req/s] [内存消耗：2,418.32kb] [文件加载：60]
[ info ] [ LANG ] C:\Users\Administrator\Desktop\Project\blog\thinkphp\lang\zh-cn.php
[ info ] [ ROUTE ] array (
  'type' => 'module',
  'module' => 
  array (
    0 => '',
    1 => NULL,
    2 => NULL,
  ),
)
[ info ] [ HEADER ] array (
  'accept-language' => 'zh-CN,zh;q=0.8',
  'accept-encoding' => 'gzip, deflate, sdch',
  'accept' => 'text/html,application/xhtml+xml,application/xml;q=0.9,image/webp,*/*;q=0.8',
  'user-agent' => 'Mozilla/5.0 (Windows NT 6.1; WOW64) AppleWebKit/537.36 (KHTML, like Gecko) Chrome/55.0.2883.87 Safari/537.36',
  'upgrade-insecure-requests' => '1',
  'connection' => 'close',
  'host' => 'www.blog.com',
)
[ info ] [ PARAM ] array (
)
[ info ] [ DB ] INIT mysql
[ info ] [ RUN ] app\index\controller\Index->index[ C:\Users\Administrator\Desktop\Project\blog\application\index\controller\Index.php ]
[ info ] [ VIEW ] C:\Users\Administrator\Desktop\Project\blog\public/../application/index\view\index\index.html [ array (
  0 => 'nav',
  1 => 'HowArticle',
  2 => 'page',
  3 => 'list',
  4 => 'TuiList',
  5 => 'id',
) ]
[ info ] [ LOG ] INIT File
[ sql ] [ DB ] CONNECT:[ UseTime:0.007001s ] mysql:dbname=blog;host=127.0.0.1;port=3306;charset=utf8
[ sql ] [ SQL ] SHOW COLUMNS FROM `laozhang_nav_cate` [ RunTime:0.061003s ]
[ sql ] [ SQL ] SELECT `id`,`cate_name`,`status`,`order`,`p_id`,`link` FROM `laozhang_nav_cate` WHERE  `status` = 1 [ RunTime:0.002000s ]
[ sql ] [ SQL ] SHOW COLUMNS FROM `laozhang_article` [ RunTime:0.031002s ]
[ sql ] [ SQL ] SELECT `title`,`id`,`update_time`,`photo` FROM `laozhang_article` ORDER BY views desc LIMIT 3 [ RunTime:0.018001s ]
[ sql ] [ SQL ] SELECT COUNT(*) AS tp_count FROM `laozhang_article` WHERE  `status` = 1 LIMIT 1 [ RunTime:0.001000s ]
[ sql ] [ SQL ] SELECT `id`,`title`,`description`,`views`,`update_time`,`photo`,`author` FROM `laozhang_article` WHERE  `status` = 1 ORDER BY id desc LIMIT 0,9 [ RunTime:0.000000s ]
[ sql ] [ SQL ] SELECT `id`,`title`,`description`,`views`,`update_time`,`photo`,`author` FROM `laozhang_article` WHERE  `status` = 1  AND `is_tui` = 1 LIMIT 1 [ RunTime:0.000000s ]
---------------------------------------------------------------
[ 2017-07-24T10:00:01+08:00 ] 127.0.0.1 127.0.0.1 GET /
[ info ] www.blog.com/ [运行时间：0.087004s][吞吐率：11.49req/s] [内存消耗：2,418.77kb] [文件加载：60]
[ info ] [ LANG ] C:\Users\Administrator\Desktop\Project\blog\thinkphp\lang\zh-cn.php
[ info ] [ ROUTE ] array (
  'type' => 'module',
  'module' => 
  array (
    0 => '',
    1 => NULL,
    2 => NULL,
  ),
)
[ info ] [ HEADER ] array (
  'cookie' => 'UM_distinctid=15d725276970-0895737095c882-6b1b1279-1fa400-15d72527698139; CNZZDATA1262804087=2045573913-1500861595-%7C1500861595',
  'accept-language' => 'zh-CN,zh;q=0.8',
  'accept-encoding' => 'gzip, deflate, sdch',
  'accept' => 'text/html,application/xhtml+xml,application/xml;q=0.9,image/webp,*/*;q=0.8',
  'user-agent' => 'Mozilla/5.0 (Windows NT 6.1; WOW64) AppleWebKit/537.36 (KHTML, like Gecko) Chrome/55.0.2883.87 Safari/537.36',
  'upgrade-insecure-requests' => '1',
  'connection' => 'close',
  'host' => 'www.blog.com',
)
[ info ] [ PARAM ] array (
)
[ info ] [ DB ] INIT mysql
[ info ] [ RUN ] app\index\controller\Index->index[ C:\Users\Administrator\Desktop\Project\blog\application\index\controller\Index.php ]
[ info ] [ VIEW ] C:\Users\Administrator\Desktop\Project\blog\public/../application/index\view\index\index.html [ array (
  0 => 'nav',
  1 => 'HowArticle',
  2 => 'page',
  3 => 'list',
  4 => 'TuiList',
  5 => 'id',
) ]
[ info ] [ LOG ] INIT File
[ sql ] [ DB ] CONNECT:[ UseTime:0.011000s ] mysql:dbname=blog;host=127.0.0.1;port=3306;charset=utf8
[ sql ] [ SQL ] SHOW COLUMNS FROM `laozhang_nav_cate` [ RunTime:0.014001s ]
[ sql ] [ SQL ] SELECT `id`,`cate_name`,`status`,`order`,`p_id`,`link` FROM `laozhang_nav_cate` WHERE  `status` = 1 [ RunTime:0.001000s ]
[ sql ] [ SQL ] SHOW COLUMNS FROM `laozhang_article` [ RunTime:0.014001s ]
[ sql ] [ SQL ] SELECT `title`,`id`,`update_time`,`photo` FROM `laozhang_article` ORDER BY views desc LIMIT 3 [ RunTime:0.000000s ]
[ sql ] [ SQL ] SELECT COUNT(*) AS tp_count FROM `laozhang_article` WHERE  `status` = 1 LIMIT 1 [ RunTime:0.001000s ]
[ sql ] [ SQL ] SELECT `id`,`title`,`description`,`views`,`update_time`,`photo`,`author` FROM `laozhang_article` WHERE  `status` = 1 ORDER BY id desc LIMIT 0,9 [ RunTime:0.000000s ]
[ sql ] [ SQL ] SELECT `id`,`title`,`description`,`views`,`update_time`,`photo`,`author` FROM `laozhang_article` WHERE  `status` = 1  AND `is_tui` = 1 LIMIT 1 [ RunTime:0.000000s ]
---------------------------------------------------------------
[ 2017-07-24T10:00:19+08:00 ] 127.0.0.1 127.0.0.1 GET /index/article/index/id/20021.html
[ info ] www.blog.com/index/article/index/id/20021.html [运行时间：0.102005s][吞吐率：9.80req/s] [内存消耗：2,878.22kb] [文件加载：57]
[ info ] [ LANG ] C:\Users\Administrator\Desktop\Project\blog\thinkphp\lang\zh-cn.php
[ info ] [ ROUTE ] array (
  'type' => 'module',
  'module' => 
  array (
    0 => 'index',
    1 => 'article',
    2 => 'index',
  ),
)
[ info ] [ HEADER ] array (
  'host' => 'www.blog.com',
  'connection' => 'keep-alive',
  'cache-control' => 'max-age=0',
  'upgrade-insecure-requests' => '1',
  'user-agent' => 'Mozilla/5.0 (Windows NT 6.1; WOW64) AppleWebKit/537.36 (KHTML, like Gecko) Chrome/55.0.2883.87 Safari/537.36',
  'accept' => 'text/html,application/xhtml+xml,application/xml;q=0.9,image/webp,*/*;q=0.8',
  'referer' => 'http://www.blog.com/',
  'accept-encoding' => 'gzip, deflate, sdch',
  'accept-language' => 'zh-CN,zh;q=0.8',
  'cookie' => 'UM_distinctid=15d725276970-0895737095c882-6b1b1279-1fa400-15d72527698139; CNZZDATA1262804087=2045573913-1500861595-%7C1500861595',
)
[ info ] [ PARAM ] array (
  'id' => '20021',
)
[ info ] [ DB ] INIT mysql
[ info ] [ RUN ] app\index\controller\Article->index[ C:\Users\Administrator\Desktop\Project\blog\application\index\controller\Article.php ]
[ info ] [ VIEW ] C:\Users\Administrator\Desktop\Project\blog\public/../application/index\view\article\index.html [ array (
  0 => 'nav',
  1 => 'HowArticle',
  2 => 'article',
) ]
[ info ] [ LOG ] INIT File
[ sql ] [ DB ] CONNECT:[ UseTime:0.011001s ] mysql:dbname=blog;host=127.0.0.1;port=3306;charset=utf8
[ sql ] [ SQL ] SHOW COLUMNS FROM `laozhang_nav_cate` [ RunTime:0.006001s ]
[ sql ] [ SQL ] SELECT `id`,`cate_name`,`status`,`order`,`p_id`,`link` FROM `laozhang_nav_cate` WHERE  `status` = 1 [ RunTime:0.000000s ]
[ sql ] [ SQL ] SHOW COLUMNS FROM `laozhang_article` [ RunTime:0.005000s ]
[ sql ] [ SQL ] SELECT `title`,`id`,`update_time`,`photo` FROM `laozhang_article` ORDER BY views desc LIMIT 3 [ RunTime:0.001000s ]
[ sql ] [ SQL ] SELECT * FROM `laozhang_article` WHERE  `id` = 20021 LIMIT 1 [ RunTime:0.000000s ]
---------------------------------------------------------------
[ 2017-07-24T10:00:20+08:00 ] 127.0.0.1 127.0.0.1 GET /static/index/css/magnific-popup.css
[ info ] www.blog.com/static/index/css/magnific-popup.css [运行时间：0.069004s][吞吐率：14.49req/s] [内存消耗：1,435.30kb] [文件加载：40]
[ info ] [ LANG ] C:\Users\Administrator\Desktop\Project\blog\thinkphp\lang\zh-cn.php
[ info ] [ ROUTE ] array (
  'type' => 'module',
  'module' => 
  array (
    0 => 'static',
    1 => 'index',
    2 => 'css',
  ),
)
[ info ] [ HEADER ] array (
  'host' => 'www.blog.com',
  'connection' => 'keep-alive',
  'user-agent' => 'Mozilla/5.0 (Windows NT 6.1; WOW64) AppleWebKit/537.36 (KHTML, like Gecko) Chrome/55.0.2883.87 Safari/537.36',
  'accept' => 'text/css,*/*;q=0.1',
  'referer' => 'http://www.blog.com/index/article/index/id/20021.html',
  'accept-encoding' => 'gzip, deflate, sdch',
  'accept-language' => 'zh-CN,zh;q=0.8',
  'cookie' => 'UM_distinctid=15d725276970-0895737095c882-6b1b1279-1fa400-15d72527698139; CNZZDATA1262804087=2045573913-1500861595-%7C1500861595',
)
[ info ] [ PARAM ] array (
)
[ info ] [ LOG ] INIT File
---------------------------------------------------------------
[ 2017-07-24T10:00:23+08:00 ] 127.0.0.1 127.0.0.1 GET /admin
[ info ] www.blog.com/admin [运行时间：0.061003s][吞吐率：16.39req/s] [内存消耗：1,757.88kb] [文件加载：48]
[ info ] [ LANG ] C:\Users\Administrator\Desktop\Project\blog\thinkphp\lang\zh-cn.php
[ info ] [ ROUTE ] array (
  'type' => 'module',
  'module' => 
  array (
    0 => 'admin',
    1 => NULL,
    2 => NULL,
  ),
)
[ info ] [ HEADER ] array (
  'host' => 'www.blog.com',
  'connection' => 'keep-alive',
  'upgrade-insecure-requests' => '1',
  'user-agent' => 'Mozilla/5.0 (Windows NT 6.1; WOW64) AppleWebKit/537.36 (KHTML, like Gecko) Chrome/55.0.2883.87 Safari/537.36',
  'accept' => 'text/html,application/xhtml+xml,application/xml;q=0.9,image/webp,*/*;q=0.8',
  'accept-encoding' => 'gzip, deflate, sdch',
  'accept-language' => 'zh-CN,zh;q=0.8',
  'cookie' => 'UM_distinctid=15d725276970-0895737095c882-6b1b1279-1fa400-15d72527698139; CNZZDATA1262804087=2045573913-1500861595-%7C1500861595',
)
[ info ] [ PARAM ] array (
)
[ info ] [ SESSION ] INIT array (
  'id' => '',
  'var_session_id' => '',
  'prefix' => 'think',
  'type' => '',
  'auto_start' => true,
)
[ info ] [ VIEW ] C:\Users\Administrator\Desktop\Project\blog\thinkphp\tpl\dispatch_jump.tpl [ array (
  0 => 'code',
  1 => 'msg',
  2 => 'data',
  3 => 'url',
  4 => 'wait',
) ]
[ info ] [ LOG ] INIT File
---------------------------------------------------------------
[ 2017-07-24T10:00:26+08:00 ] 127.0.0.1 127.0.0.1 GET /admin/login/login.html
[ info ] www.blog.com/admin/login/login.html [运行时间：0.046002s][吞吐率：21.74req/s] [内存消耗：1,744.52kb] [文件加载：46]
[ info ] [ LANG ] C:\Users\Administrator\Desktop\Project\blog\thinkphp\lang\zh-cn.php
[ info ] [ ROUTE ] array (
  'type' => 'module',
  'module' => 
  array (
    0 => 'admin',
    1 => 'login',
    2 => 'login',
  ),
)
[ info ] [ HEADER ] array (
  'host' => 'www.blog.com',
  'connection' => 'keep-alive',
  'upgrade-insecure-requests' => '1',
  'user-agent' => 'Mozilla/5.0 (Windows NT 6.1; WOW64) AppleWebKit/537.36 (KHTML, like Gecko) Chrome/55.0.2883.87 Safari/537.36',
  'accept' => 'text/html,application/xhtml+xml,application/xml;q=0.9,image/webp,*/*;q=0.8',
  'referer' => 'http://www.blog.com/admin',
  'accept-encoding' => 'gzip, deflate, sdch',
  'accept-language' => 'zh-CN,zh;q=0.8',
  'cookie' => 'UM_distinctid=15d725276970-0895737095c882-6b1b1279-1fa400-15d72527698139; CNZZDATA1262804087=2045573913-1500861595-%7C1500861595; PHPSESSID=gd8osct777asfij0kujgp8pil1',
)
[ info ] [ PARAM ] array (
)
[ info ] [ RUN ] app\admin\controller\Login->login[ C:\Users\Administrator\Desktop\Project\blog\application\admin\controller\Login.php ]
[ info ] [ VIEW ] C:\Users\Administrator\Desktop\Project\blog\public/../application/admin\view\login.html [ array (
) ]
[ info ] [ LOG ] INIT File
---------------------------------------------------------------
[ 2017-07-24T10:00:30+08:00 ] 127.0.0.1 127.0.0.1 POST /admin/login/dologin.html
[ info ] www.blog.com/admin/login/dologin.html [运行时间：0.339019s][吞吐率：2.95req/s] [内存消耗：1,753.56kb] [文件加载：46]
[ info ] [ LANG ] C:\Users\Administrator\Desktop\Project\blog\thinkphp\lang\zh-cn.php
[ info ] [ ROUTE ] array (
  'type' => 'module',
  'module' => 
  array (
    0 => 'admin',
    1 => 'login',
    2 => 'dologin',
  ),
)
[ info ] [ HEADER ] array (
  'host' => 'www.blog.com',
  'connection' => 'keep-alive',
  'content-length' => '23',
  'accept' => 'application/json, text/javascript, */*; q=0.01',
  'origin' => 'http://www.blog.com',
  'x-requested-with' => 'XMLHttpRequest',
  'user-agent' => 'Mozilla/5.0 (Windows NT 6.1; WOW64) AppleWebKit/537.36 (KHTML, like Gecko) Chrome/55.0.2883.87 Safari/537.36',
  'content-type' => 'application/x-www-form-urlencoded; charset=UTF-8',
  'referer' => 'http://www.blog.com/admin/login/login.html',
  'accept-encoding' => 'gzip, deflate',
  'accept-language' => 'zh-CN,zh;q=0.8',
  'cookie' => 'UM_distinctid=15d725276970-0895737095c882-6b1b1279-1fa400-15d72527698139; CNZZDATA1262804087=2045573913-1500861595-%7C1500861595; PHPSESSID=gd8osct777asfij0kujgp8pil1',
)
[ info ] [ PARAM ] array (
  'username' => 'ad',
  'password' => '23',
)
[ info ] [ RUN ] app\admin\controller\Login->doLogin[ C:\Users\Administrator\Desktop\Project\blog\application\admin\controller\Login.php ]
[ info ] [ SESSION ] INIT array (
  'id' => '',
  'var_session_id' => '',
  'prefix' => 'think',
  'type' => '',
  'auto_start' => true,
)
[ info ] [ LOG ] INIT File
---------------------------------------------------------------
[ 2017-07-24T10:00:32+08:00 ] 127.0.0.1 127.0.0.1 GET /admin/index/index.html
[ info ] www.blog.com/admin/index/index.html [运行时间：0.064004s][吞吐率：15.62req/s] [内存消耗：1,753.16kb] [文件加载：47]
[ info ] [ LANG ] C:\Users\Administrator\Desktop\Project\blog\thinkphp\lang\zh-cn.php
[ info ] [ ROUTE ] array (
  'type' => 'module',
  'module' => 
  array (
    0 => 'admin',
    1 => 'index',
    2 => 'index',
  ),
)
[ info ] [ HEADER ] array (
  'host' => 'www.blog.com',
  'connection' => 'keep-alive',
  'upgrade-insecure-requests' => '1',
  'user-agent' => 'Mozilla/5.0 (Windows NT 6.1; WOW64) AppleWebKit/537.36 (KHTML, like Gecko) Chrome/55.0.2883.87 Safari/537.36',
  'accept' => 'text/html,application/xhtml+xml,application/xml;q=0.9,image/webp,*/*;q=0.8',
  'referer' => 'http://www.blog.com/admin/login/login.html',
  'accept-encoding' => 'gzip, deflate, sdch',
  'accept-language' => 'zh-CN,zh;q=0.8',
  'cookie' => 'UM_distinctid=15d725276970-0895737095c882-6b1b1279-1fa400-15d72527698139; CNZZDATA1262804087=2045573913-1500861595-%7C1500861595; PHPSESSID=gd8osct777asfij0kujgp8pil1',
)
[ info ] [ PARAM ] array (
)
[ info ] [ SESSION ] INIT array (
  'id' => '',
  'var_session_id' => '',
  'prefix' => 'think',
  'type' => '',
  'auto_start' => true,
)
[ info ] [ RUN ] app\admin\controller\Index->index[ C:\Users\Administrator\Desktop\Project\blog\application\admin\controller\Index.php ]
[ info ] [ VIEW ] C:\Users\Administrator\Desktop\Project\blog\public/../application/admin\view\index.html [ array (
) ]
[ info ] [ LOG ] INIT File
---------------------------------------------------------------
[ 2017-07-24T10:00:32+08:00 ] 127.0.0.1 127.0.0.1 GET /admin/index/home.html
[ info ] www.blog.com/admin/index/home.html [运行时间：0.106006s][吞吐率：9.43req/s] [内存消耗：2,768.95kb] [文件加载：56]
[ info ] [ LANG ] C:\Users\Administrator\Desktop\Project\blog\thinkphp\lang\zh-cn.php
[ info ] [ ROUTE ] array (
  'type' => 'module',
  'module' => 
  array (
    0 => 'admin',
    1 => 'index',
    2 => 'home',
  ),
)
[ info ] [ HEADER ] array (
  'host' => 'www.blog.com',
  'connection' => 'keep-alive',
  'upgrade-insecure-requests' => '1',
  'user-agent' => 'Mozilla/5.0 (Windows NT 6.1; WOW64) AppleWebKit/537.36 (KHTML, like Gecko) Chrome/55.0.2883.87 Safari/537.36',
  'accept' => 'text/html,application/xhtml+xml,application/xml;q=0.9,image/webp,*/*;q=0.8',
  'referer' => 'http://www.blog.com/admin/index/index.html',
  'accept-encoding' => 'gzip, deflate, sdch',
  'accept-language' => 'zh-CN,zh;q=0.8',
  'cookie' => 'UM_distinctid=15d725276970-0895737095c882-6b1b1279-1fa400-15d72527698139; CNZZDATA1262804087=2045573913-1500861595-%7C1500861595; PHPSESSID=gd8osct777asfij0kujgp8pil1',
)
[ info ] [ PARAM ] array (
)
[ info ] [ SESSION ] INIT array (
  'id' => '',
  'var_session_id' => '',
  'prefix' => 'think',
  'type' => '',
  'auto_start' => true,
)
[ info ] [ RUN ] app\admin\controller\Index->home[ C:\Users\Administrator\Desktop\Project\blog\application\admin\controller\Index.php ]
[ info ] [ DB ] INIT mysql
[ info ] [ VIEW ] C:\Users\Administrator\Desktop\Project\blog\public/../application/admin\view\index\home.html [ array (
  0 => 'NewMessage',
) ]
[ info ] [ LOG ] INIT File
[ sql ] [ DB ] CONNECT:[ UseTime:0.001001s ] mysql:dbname=blog;host=127.0.0.1;port=3306;charset=utf8
[ sql ] [ SQL ] SHOW COLUMNS FROM `laozhang_words` [ RunTime:0.030001s ]
[ sql ] [ SQL ] SELECT `content`,`ip`,`update_time`,`id`,`nick_name` FROM `laozhang_words` ORDER BY id desc [ RunTime:0.001000s ]
---------------------------------------------------------------
[ 2017-07-24T10:00:36+08:00 ] 127.0.0.1 127.0.0.1 GET /admin/advert/listadvert.html?v=4.0
[ info ] www.blog.com/admin/advert/listadvert.html?v=4.0 [运行时间：0.150008s][吞吐率：6.67req/s] [内存消耗：2,939.63kb] [文件加载：59]
[ info ] [ LANG ] C:\Users\Administrator\Desktop\Project\blog\thinkphp\lang\zh-cn.php
[ info ] [ ROUTE ] array (
  'type' => 'module',
  'module' => 
  array (
    0 => 'admin',
    1 => 'advert',
    2 => 'listadvert',
  ),
)
[ info ] [ HEADER ] array (
  'host' => 'www.blog.com',
  'connection' => 'keep-alive',
  'upgrade-insecure-requests' => '1',
  'user-agent' => 'Mozilla/5.0 (Windows NT 6.1; WOW64) AppleWebKit/537.36 (KHTML, like Gecko) Chrome/55.0.2883.87 Safari/537.36',
  'accept' => 'text/html,application/xhtml+xml,application/xml;q=0.9,image/webp,*/*;q=0.8',
  'referer' => 'http://www.blog.com/admin/index/index.html',
  'accept-encoding' => 'gzip, deflate, sdch',
  'accept-language' => 'zh-CN,zh;q=0.8',
  'cookie' => 'UM_distinctid=15d725276970-0895737095c882-6b1b1279-1fa400-15d72527698139; CNZZDATA1262804087=2045573913-1500861595-%7C1500861595; PHPSESSID=gd8osct777asfij0kujgp8pil1',
)
[ info ] [ PARAM ] array (
  'v' => '4.0',
)
[ info ] [ SESSION ] INIT array (
  'id' => '',
  'var_session_id' => '',
  'prefix' => 'think',
  'type' => '',
  'auto_start' => true,
)
[ info ] [ RUN ] app\admin\controller\Advert->listAdvert[ C:\Users\Administrator\Desktop\Project\blog\application\admin\controller\Advert.php ]
[ info ] [ DB ] INIT mysql
[ info ] [ VIEW ] C:\Users\Administrator\Desktop\Project\blog\public/../application/admin\view\advert\listadvert.html [ array (
  0 => 'list',
  1 => 'page',
) ]
[ info ] [ LOG ] INIT File
[ sql ] [ DB ] CONNECT:[ UseTime:0.010001s ] mysql:dbname=blog;host=127.0.0.1;port=3306;charset=utf8
[ sql ] [ SQL ] SHOW COLUMNS FROM `laozhang_advert` [ RunTime:0.027001s ]
[ sql ] [ SQL ] SELECT COUNT(*) AS tp_count FROM `laozhang_advert` `a` INNER JOIN `laozhang_advert_cate` `b` ON `a`.`cate_id`=`b`.`id` LIMIT 1 [ RunTime:0.017001s ]
[ sql ] [ SQL ] SELECT `a`.*,`b`.`cate_name` FROM `laozhang_advert` `a` INNER JOIN `laozhang_advert_cate` `b` ON `a`.`cate_id`=`b`.`id` ORDER BY a.id desc LIMIT 0,10 [ RunTime:0.000000s ]
---------------------------------------------------------------
[ 2017-07-24T10:00:37+08:00 ] 127.0.0.1 127.0.0.1 GET /admin/advert/listcate.html?v=4.0
[ info ] www.blog.com/admin/advert/listcate.html?v=4.0 [运行时间：0.081005s][吞吐率：12.34req/s] [内存消耗：2,940.63kb] [文件加载：59]
[ info ] [ LANG ] C:\Users\Administrator\Desktop\Project\blog\thinkphp\lang\zh-cn.php
[ info ] [ ROUTE ] array (
  'type' => 'module',
  'module' => 
  array (
    0 => 'admin',
    1 => 'advert',
    2 => 'listcate',
  ),
)
[ info ] [ HEADER ] array (
  'host' => 'www.blog.com',
  'connection' => 'keep-alive',
  'upgrade-insecure-requests' => '1',
  'user-agent' => 'Mozilla/5.0 (Windows NT 6.1; WOW64) AppleWebKit/537.36 (KHTML, like Gecko) Chrome/55.0.2883.87 Safari/537.36',
  'accept' => 'text/html,application/xhtml+xml,application/xml;q=0.9,image/webp,*/*;q=0.8',
  'referer' => 'http://www.blog.com/admin/index/index.html',
  'accept-encoding' => 'gzip, deflate, sdch',
  'accept-language' => 'zh-CN,zh;q=0.8',
  'cookie' => 'UM_distinctid=15d725276970-0895737095c882-6b1b1279-1fa400-15d72527698139; CNZZDATA1262804087=2045573913-1500861595-%7C1500861595; PHPSESSID=gd8osct777asfij0kujgp8pil1',
)
[ info ] [ PARAM ] array (
  'v' => '4.0',
)
[ info ] [ SESSION ] INIT array (
  'id' => '',
  'var_session_id' => '',
  'prefix' => 'think',
  'type' => '',
  'auto_start' => true,
)
[ info ] [ RUN ] app\admin\controller\Advert->listCate[ C:\Users\Administrator\Desktop\Project\blog\application\admin\controller\Advert.php ]
[ info ] [ DB ] INIT mysql
[ info ] [ VIEW ] C:\Users\Administrator\Desktop\Project\blog\public/../application/admin\view\advert\listcate.html [ array (
  0 => 'list',
  1 => 'page',
) ]
[ info ] [ LOG ] INIT File
[ sql ] [ DB ] CONNECT:[ UseTime:0.010000s ] mysql:dbname=blog;host=127.0.0.1;port=3306;charset=utf8
[ sql ] [ SQL ] SHOW COLUMNS FROM `laozhang_advert_cate` [ RunTime:0.003000s ]
[ sql ] [ SQL ] SELECT COUNT(*) AS tp_count FROM `laozhang_advert_cate` LIMIT 1 [ RunTime:0.000000s ]
[ sql ] [ SQL ] SELECT `id`,`cate_name`,`create_time`,`update_time`,`status`,`order` FROM `laozhang_advert_cate` ORDER BY id desc LIMIT 0,10 [ RunTime:0.000000s ]
---------------------------------------------------------------
[ 2017-07-24T10:00:44+08:00 ] 127.0.0.1 127.0.0.1 GET /admin/advert/insertcate.html
[ info ] www.blog.com/admin/advert/insertcate.html [运行时间：0.057003s][吞吐率：17.54req/s] [内存消耗：1,770.72kb] [文件加载：47]
[ info ] [ LANG ] C:\Users\Administrator\Desktop\Project\blog\thinkphp\lang\zh-cn.php
[ info ] [ ROUTE ] array (
  'type' => 'module',
  'module' => 
  array (
    0 => 'admin',
    1 => 'advert',
    2 => 'insertcate',
  ),
)
[ info ] [ HEADER ] array (
  'host' => 'www.blog.com',
  'connection' => 'keep-alive',
  'upgrade-insecure-requests' => '1',
  'user-agent' => 'Mozilla/5.0 (Windows NT 6.1; WOW64) AppleWebKit/537.36 (KHTML, like Gecko) Chrome/55.0.2883.87 Safari/537.36',
  'accept' => 'text/html,application/xhtml+xml,application/xml;q=0.9,image/webp,*/*;q=0.8',
  'referer' => 'http://www.blog.com/admin/advert/listcate.html?v=4.0',
  'accept-encoding' => 'gzip, deflate, sdch',
  'accept-language' => 'zh-CN,zh;q=0.8',
  'cookie' => 'UM_distinctid=15d725276970-0895737095c882-6b1b1279-1fa400-15d72527698139; CNZZDATA1262804087=2045573913-1500861595-%7C1500861595; PHPSESSID=gd8osct777asfij0kujgp8pil1',
)
[ info ] [ PARAM ] array (
)
[ info ] [ SESSION ] INIT array (
  'id' => '',
  'var_session_id' => '',
  'prefix' => 'think',
  'type' => '',
  'auto_start' => true,
)
[ info ] [ RUN ] app\admin\controller\Advert->insertCate[ C:\Users\Administrator\Desktop\Project\blog\application\admin\controller\Advert.php ]
[ info ] [ VIEW ] C:\Users\Administrator\Desktop\Project\blog\public/../application/admin\view\advert\insertcate.html [ array (
) ]
[ info ] [ LOG ] INIT File
---------------------------------------------------------------
[ 2017-07-24T10:00:47+08:00 ] 127.0.0.1 127.0.0.1 GET /admin/advert/listadvert.html?v=4.0
[ info ] www.blog.com/admin/advert/listadvert.html?v=4.0 [运行时间：0.057003s][吞吐率：17.54req/s] [内存消耗：2,939.63kb] [文件加载：59]
[ info ] [ LANG ] C:\Users\Administrator\Desktop\Project\blog\thinkphp\lang\zh-cn.php
[ info ] [ ROUTE ] array (
  'type' => 'module',
  'module' => 
  array (
    0 => 'admin',
    1 => 'advert',
    2 => 'listadvert',
  ),
)
[ info ] [ HEADER ] array (
  'host' => 'www.blog.com',
  'connection' => 'keep-alive',
  'upgrade-insecure-requests' => '1',
  'user-agent' => 'Mozilla/5.0 (Windows NT 6.1; WOW64) AppleWebKit/537.36 (KHTML, like Gecko) Chrome/55.0.2883.87 Safari/537.36',
  'accept' => 'text/html,application/xhtml+xml,application/xml;q=0.9,image/webp,*/*;q=0.8',
  'referer' => 'http://www.blog.com/admin/index/index.html',
  'accept-encoding' => 'gzip, deflate, sdch',
  'accept-language' => 'zh-CN,zh;q=0.8',
  'cookie' => 'UM_distinctid=15d725276970-0895737095c882-6b1b1279-1fa400-15d72527698139; CNZZDATA1262804087=2045573913-1500861595-%7C1500861595; PHPSESSID=gd8osct777asfij0kujgp8pil1',
)
[ info ] [ PARAM ] array (
  'v' => '4.0',
)
[ info ] [ SESSION ] INIT array (
  'id' => '',
  'var_session_id' => '',
  'prefix' => 'think',
  'type' => '',
  'auto_start' => true,
)
[ info ] [ RUN ] app\admin\controller\Advert->listAdvert[ C:\Users\Administrator\Desktop\Project\blog\application\admin\controller\Advert.php ]
[ info ] [ DB ] INIT mysql
[ info ] [ VIEW ] C:\Users\Administrator\Desktop\Project\blog\public/../application/admin\view\advert\listadvert.html [ array (
  0 => 'list',
  1 => 'page',
) ]
[ info ] [ LOG ] INIT File
[ sql ] [ DB ] CONNECT:[ UseTime:0.010001s ] mysql:dbname=blog;host=127.0.0.1;port=3306;charset=utf8
[ sql ] [ SQL ] SHOW COLUMNS FROM `laozhang_advert` [ RunTime:0.003000s ]
[ sql ] [ SQL ] SELECT COUNT(*) AS tp_count FROM `laozhang_advert` `a` INNER JOIN `laozhang_advert_cate` `b` ON `a`.`cate_id`=`b`.`id` LIMIT 1 [ RunTime:0.000000s ]
[ sql ] [ SQL ] SELECT `a`.*,`b`.`cate_name` FROM `laozhang_advert` `a` INNER JOIN `laozhang_advert_cate` `b` ON `a`.`cate_id`=`b`.`id` ORDER BY a.id desc LIMIT 0,10 [ RunTime:0.000000s ]
---------------------------------------------------------------
[ 2017-07-24T10:00:48+08:00 ] 127.0.0.1 127.0.0.1 GET /admin/advert/insertadvert.html
[ info ] www.blog.com/admin/advert/insertadvert.html [运行时间：0.087005s][吞吐率：11.49req/s] [内存消耗：2,827.36kb] [文件加载：56]
[ info ] [ LANG ] C:\Users\Administrator\Desktop\Project\blog\thinkphp\lang\zh-cn.php
[ info ] [ ROUTE ] array (
  'type' => 'module',
  'module' => 
  array (
    0 => 'admin',
    1 => 'advert',
    2 => 'insertadvert',
  ),
)
[ info ] [ HEADER ] array (
  'host' => 'www.blog.com',
  'connection' => 'keep-alive',
  'upgrade-insecure-requests' => '1',
  'user-agent' => 'Mozilla/5.0 (Windows NT 6.1; WOW64) AppleWebKit/537.36 (KHTML, like Gecko) Chrome/55.0.2883.87 Safari/537.36',
  'accept' => 'text/html,application/xhtml+xml,application/xml;q=0.9,image/webp,*/*;q=0.8',
  'referer' => 'http://www.blog.com/admin/advert/listadvert.html?v=4.0',
  'accept-encoding' => 'gzip, deflate, sdch',
  'accept-language' => 'zh-CN,zh;q=0.8',
  'cookie' => 'UM_distinctid=15d725276970-0895737095c882-6b1b1279-1fa400-15d72527698139; CNZZDATA1262804087=2045573913-1500861595-%7C1500861595; PHPSESSID=gd8osct777asfij0kujgp8pil1',
)
[ info ] [ PARAM ] array (
)
[ info ] [ SESSION ] INIT array (
  'id' => '',
  'var_session_id' => '',
  'prefix' => 'think',
  'type' => '',
  'auto_start' => true,
)
[ info ] [ RUN ] app\admin\controller\Advert->insertAdvert[ C:\Users\Administrator\Desktop\Project\blog\application\admin\controller\Advert.php ]
[ info ] [ DB ] INIT mysql
[ info ] [ VIEW ] C:\Users\Administrator\Desktop\Project\blog\public/../application/admin\view\advert\insertadvert.html [ array (
  0 => 'list',
) ]
[ info ] [ LOG ] INIT File
[ sql ] [ DB ] CONNECT:[ UseTime:0.010001s ] mysql:dbname=blog;host=127.0.0.1;port=3306;charset=utf8
[ sql ] [ SQL ] SHOW COLUMNS FROM `laozhang_advert_cate` [ RunTime:0.003000s ]
[ sql ] [ SQL ] SELECT `id`,`cate_name` FROM `laozhang_advert_cate` [ RunTime:0.000000s ]
---------------------------------------------------------------
[ 2017-07-24T10:01:08+08:00 ] 127.0.0.1 127.0.0.1 GET /admin/article/listarticle.html?v=4.0
[ info ] www.blog.com/admin/article/listarticle.html?v=4.0 [运行时间：0.130008s][吞吐率：7.69req/s] [内存消耗：3,201.62kb] [文件加载：59]
[ info ] [ LANG ] C:\Users\Administrator\Desktop\Project\blog\thinkphp\lang\zh-cn.php
[ info ] [ ROUTE ] array (
  'type' => 'module',
  'module' => 
  array (
    0 => 'admin',
    1 => 'article',
    2 => 'listarticle',
  ),
)
[ info ] [ HEADER ] array (
  'host' => 'www.blog.com',
  'connection' => 'keep-alive',
  'upgrade-insecure-requests' => '1',
  'user-agent' => 'Mozilla/5.0 (Windows NT 6.1; WOW64) AppleWebKit/537.36 (KHTML, like Gecko) Chrome/55.0.2883.87 Safari/537.36',
  'accept' => 'text/html,application/xhtml+xml,application/xml;q=0.9,image/webp,*/*;q=0.8',
  'referer' => 'http://www.blog.com/admin/index/index.html',
  'accept-encoding' => 'gzip, deflate, sdch',
  'accept-language' => 'zh-CN,zh;q=0.8',
  'cookie' => 'UM_distinctid=15d725276970-0895737095c882-6b1b1279-1fa400-15d72527698139; CNZZDATA1262804087=2045573913-1500861595-%7C1500861595; PHPSESSID=gd8osct777asfij0kujgp8pil1',
)
[ info ] [ PARAM ] array (
  'v' => '4.0',
)
[ info ] [ SESSION ] INIT array (
  'id' => '',
  'var_session_id' => '',
  'prefix' => 'think',
  'type' => '',
  'auto_start' => true,
)
[ info ] [ RUN ] app\admin\controller\Article->listArticle[ C:\Users\Administrator\Desktop\Project\blog\application\admin\controller\Article.php ]
[ info ] [ DB ] INIT mysql
[ info ] [ VIEW ] C:\Users\Administrator\Desktop\Project\blog\public/../application/admin\view\article\listarticle.html [ array (
  0 => 'list',
  1 => 'page',
) ]
[ info ] [ LOG ] INIT File
[ sql ] [ DB ] CONNECT:[ UseTime:0.001000s ] mysql:dbname=blog;host=127.0.0.1;port=3306;charset=utf8
[ sql ] [ SQL ] SHOW COLUMNS FROM `laozhang_article` [ RunTime:0.020001s ]
[ sql ] [ SQL ] SELECT COUNT(*) AS tp_count FROM `laozhang_article` `a` INNER JOIN `laozhang_article_cate` `b` ON `a`.`cate_id`=`b`.`id` LIMIT 1 [ RunTime:0.027001s ]
[ sql ] [ SQL ] SELECT `a`.*,`b`.`cate_name` FROM `laozhang_article` `a` INNER JOIN `laozhang_article_cate` `b` ON `a`.`cate_id`=`b`.`id` ORDER BY a.id desc LIMIT 0,10 [ RunTime:0.001001s ]
---------------------------------------------------------------
[ 2017-07-24T10:01:15+08:00 ] 127.0.0.1 127.0.0.1 GET /admin/article/listcate.html?v=4.0
[ info ] www.blog.com/admin/article/listcate.html?v=4.0 [运行时间：0.070004s][吞吐率：14.28req/s] [内存消耗：2,956.74kb] [文件加载：59]
[ info ] [ LANG ] C:\Users\Administrator\Desktop\Project\blog\thinkphp\lang\zh-cn.php
[ info ] [ ROUTE ] array (
  'type' => 'module',
  'module' => 
  array (
    0 => 'admin',
    1 => 'article',
    2 => 'listcate',
  ),
)
[ info ] [ HEADER ] array (
  'host' => 'www.blog.com',
  'connection' => 'keep-alive',
  'upgrade-insecure-requests' => '1',
  'user-agent' => 'Mozilla/5.0 (Windows NT 6.1; WOW64) AppleWebKit/537.36 (KHTML, like Gecko) Chrome/55.0.2883.87 Safari/537.36',
  'accept' => 'text/html,application/xhtml+xml,application/xml;q=0.9,image/webp,*/*;q=0.8',
  'referer' => 'http://www.blog.com/admin/index/index.html',
  'accept-encoding' => 'gzip, deflate, sdch',
  'accept-language' => 'zh-CN,zh;q=0.8',
  'cookie' => 'UM_distinctid=15d725276970-0895737095c882-6b1b1279-1fa400-15d72527698139; CNZZDATA1262804087=2045573913-1500861595-%7C1500861595; PHPSESSID=gd8osct777asfij0kujgp8pil1',
)
[ info ] [ PARAM ] array (
  'v' => '4.0',
)
[ info ] [ SESSION ] INIT array (
  'id' => '',
  'var_session_id' => '',
  'prefix' => 'think',
  'type' => '',
  'auto_start' => true,
)
[ info ] [ RUN ] app\admin\controller\Article->listCate[ C:\Users\Administrator\Desktop\Project\blog\application\admin\controller\Article.php ]
[ info ] [ DB ] INIT mysql
[ info ] [ VIEW ] C:\Users\Administrator\Desktop\Project\blog\public/../application/admin\view\article\listcate.html [ array (
  0 => 'list',
  1 => 'page',
) ]
[ info ] [ LOG ] INIT File
[ sql ] [ DB ] CONNECT:[ UseTime:0.010000s ] mysql:dbname=blog;host=127.0.0.1;port=3306;charset=utf8
[ sql ] [ SQL ] SHOW COLUMNS FROM `laozhang_article_cate` [ RunTime:0.003001s ]
[ sql ] [ SQL ] SELECT COUNT(*) AS tp_count FROM `laozhang_article_cate` LIMIT 1 [ RunTime:0.000000s ]
[ sql ] [ SQL ] SELECT `id`,`cate_name`,`create_time`,`update_time`,`status`,`order` FROM `laozhang_article_cate` ORDER BY id desc LIMIT 0,10 [ RunTime:0.000000s ]
---------------------------------------------------------------
[ 2017-07-24T10:01:22+08:00 ] 127.0.0.1 127.0.0.1 GET /admin/nav/listnav.html?v=4.0
[ info ] www.blog.com/admin/nav/listnav.html?v=4.0 [运行时间：0.070004s][吞吐率：14.28req/s] [内存消耗：2,897.99kb] [文件加载：56]
[ info ] [ LANG ] C:\Users\Administrator\Desktop\Project\blog\thinkphp\lang\zh-cn.php
[ info ] [ ROUTE ] array (
  'type' => 'module',
  'module' => 
  array (
    0 => 'admin',
    1 => 'nav',
    2 => 'listnav',
  ),
)
[ info ] [ HEADER ] array (
  'host' => 'www.blog.com',
  'connection' => 'keep-alive',
  'upgrade-insecure-requests' => '1',
  'user-agent' => 'Mozilla/5.0 (Windows NT 6.1; WOW64) AppleWebKit/537.36 (KHTML, like Gecko) Chrome/55.0.2883.87 Safari/537.36',
  'accept' => 'text/html,application/xhtml+xml,application/xml;q=0.9,image/webp,*/*;q=0.8',
  'referer' => 'http://www.blog.com/admin/index/index.html',
  'accept-encoding' => 'gzip, deflate, sdch',
  'accept-language' => 'zh-CN,zh;q=0.8',
  'cookie' => 'UM_distinctid=15d725276970-0895737095c882-6b1b1279-1fa400-15d72527698139; CNZZDATA1262804087=2045573913-1500861595-%7C1500861595; PHPSESSID=gd8osct777asfij0kujgp8pil1',
)
[ info ] [ PARAM ] array (
  'v' => '4.0',
)
[ info ] [ SESSION ] INIT array (
  'id' => '',
  'var_session_id' => '',
  'prefix' => 'think',
  'type' => '',
  'auto_start' => true,
)
[ info ] [ RUN ] app\admin\controller\Nav->listNav[ C:\Users\Administrator\Desktop\Project\blog\application\admin\controller\Nav.php ]
[ info ] [ DB ] INIT mysql
[ info ] [ VIEW ] C:\Users\Administrator\Desktop\Project\blog\public/../application/admin\view\nav\listnav.html [ array (
  0 => 'list',
) ]
[ info ] [ LOG ] INIT File
[ sql ] [ DB ] CONNECT:[ UseTime:0.011000s ] mysql:dbname=blog;host=127.0.0.1;port=3306;charset=utf8
[ sql ] [ SQL ] SHOW COLUMNS FROM `laozhang_nav_cate` [ RunTime:0.003000s ]
[ sql ] [ SQL ] SELECT `id`,`cate_name`,`status`,`order`,`p_id`,`create_time`,`update_time`,`content`,`is_page`,`link` FROM `laozhang_nav_cate` [ RunTime:0.000000s ]
---------------------------------------------------------------
[ 2017-07-24T10:01:28+08:00 ] 127.0.0.1 127.0.0.1 GET /admin/message/listmessage.html?v=4.0
[ info ] www.blog.com/admin/message/listmessage.html?v=4.0 [运行时间：0.062003s][吞吐率：16.13req/s] [内存消耗：2,964.71kb] [文件加载：60]
[ info ] [ LANG ] C:\Users\Administrator\Desktop\Project\blog\thinkphp\lang\zh-cn.php
[ info ] [ ROUTE ] array (
  'type' => 'module',
  'module' => 
  array (
    0 => 'admin',
    1 => 'message',
    2 => 'listmessage',
  ),
)
[ info ] [ HEADER ] array (
  'host' => 'www.blog.com',
  'connection' => 'keep-alive',
  'upgrade-insecure-requests' => '1',
  'user-agent' => 'Mozilla/5.0 (Windows NT 6.1; WOW64) AppleWebKit/537.36 (KHTML, like Gecko) Chrome/55.0.2883.87 Safari/537.36',
  'accept' => 'text/html,application/xhtml+xml,application/xml;q=0.9,image/webp,*/*;q=0.8',
  'referer' => 'http://www.blog.com/admin/index/index.html',
  'accept-encoding' => 'gzip, deflate, sdch',
  'accept-language' => 'zh-CN,zh;q=0.8',
  'cookie' => 'UM_distinctid=15d725276970-0895737095c882-6b1b1279-1fa400-15d72527698139; CNZZDATA1262804087=2045573913-1500861595-%7C1500861595; PHPSESSID=gd8osct777asfij0kujgp8pil1',
)
[ info ] [ PARAM ] array (
  'v' => '4.0',
)
[ info ] [ SESSION ] INIT array (
  'id' => '',
  'var_session_id' => '',
  'prefix' => 'think',
  'type' => '',
  'auto_start' => true,
)
[ info ] [ RUN ] app\admin\controller\Message->listMessage[ C:\Users\Administrator\Desktop\Project\blog\application\admin\controller\Message.php ]
[ info ] [ DB ] INIT mysql
[ info ] [ VIEW ] C:\Users\Administrator\Desktop\Project\blog\public/../application/admin\view\message\listmessage.html [ array (
  0 => 'page',
  1 => 'list',
) ]
[ info ] [ LOG ] INIT File
[ sql ] [ DB ] CONNECT:[ UseTime:0.000000s ] mysql:dbname=blog;host=127.0.0.1;port=3306;charset=utf8
[ sql ] [ SQL ] SHOW COLUMNS FROM `laozhang_words` [ RunTime:0.002000s ]
[ sql ] [ SQL ] SELECT COUNT(*) AS tp_count FROM `laozhang_words` LIMIT 1 [ RunTime:0.000000s ]
[ sql ] [ SQL ] SELECT *,`id` FROM `laozhang_words` ORDER BY id desc LIMIT 0,10 [ RunTime:0.000000s ]
